Info: Starting: Create block symbol file (.bsf)
Info: ip-generate --project-directory=D:/project/qsys_ip_segled/qsys/hardware/ --output-directory=D:/project/qsys_ip_segled/qsys/hardware/system_qsys/ --report-file=bsf:D:/project/qsys_ip_segled/qsys/hardware/system_qsys.bsf --system-info=DEVICE_FAMILY="Cyclone IV E" --system-info=DEVICE=EP4CE10F17C8 --system-info=DEVICE_SPEEDGRADE=8 --component-file=D:/project/qsys_ip_segled/qsys/hardware/system_qsys.qsys
Progress: Loading hardware/system_qsys.qsys
Progress: Reading input file
Progress: Adding clk [clock_source 13.1]
Progress: Parameterizing module clk
Progress: Adding nios2 [altera_nios2_qsys 13.1]
Progress: Parameterizing module nios2
Progress: Adding ram [altera_avalon_onchip_memory2 13.1]
Progress: Parameterizing module ram
Progress: Adding jtag_uart [altera_avalon_jtag_uart 13.1]
Progress: Parameterizing module jtag_uart
Progress: Adding sysid_qsys [altera_avalon_sysid_qsys 13.1]
Progress: Parameterizing module sysid_qsys
Progress: Adding segled_controller [segled_controller 1.0]
Progress: Parameterizing module segled_controller
Progress: Building connections
Progress: Parameterizing connections
Progress: Validating
Progress: Done reading input file
Info: system_qsys.sysid_qsys: System ID is not assigned automatically. Edit the System ID parameter to provide a unique ID
Info: system_qsys.sysid_qsys: Time stamp will be automatically updated when this component is generated.
Info: ip-generate succeeded.
Info: Finished: Create block symbol file (.bsf)
Info: 
Info: Starting: Create HDL design files for synthesis
Info: ip-generate --project-directory=D:/project/qsys_ip_segled/qsys/hardware/ --output-directory=D:/project/qsys_ip_segled/qsys/hardware/system_qsys/synthesis/ --file-set=QUARTUS_SYNTH --report-file=html:D:/project/qsys_ip_segled/qsys/hardware/system_qsys.html --report-file=sopcinfo:D:/project/qsys_ip_segled/qsys/hardware/system_qsys.sopcinfo --report-file=cmp:D:/project/qsys_ip_segled/qsys/hardware/system_qsys.cmp --report-file=qip:D:/project/qsys_ip_segled/qsys/hardware/system_qsys/synthesis/system_qsys.qip --report-file=svd --report-file=regmap:D:/project/qsys_ip_segled/qsys/hardware/system_qsys/synthesis/system_qsys.regmap --report-file=debuginfo:D:/project/qsys_ip_segled/qsys/hardware/system_qsys/synthesis/system_qsys.debuginfo --system-info=DEVICE_FAMILY="Cyclone IV E" --system-info=DEVICE=EP4CE10F17C8 --system-info=DEVICE_SPEEDGRADE=8 --component-file=D:/project/qsys_ip_segled/qsys/hardware/system_qsys.qsys --language=VERILOG
Progress: Loading hardware/system_qsys.qsys
Progress: Reading input file
Progress: Adding clk [clock_source 13.1]
Progress: Parameterizing module clk
Progress: Adding nios2 [altera_nios2_qsys 13.1]
Progress: Parameterizing module nios2
Progress: Adding ram [altera_avalon_onchip_memory2 13.1]
Progress: Parameterizing module ram
Progress: Adding jtag_uart [altera_avalon_jtag_uart 13.1]
Progress: Parameterizing module jtag_uart
Progress: Adding sysid_qsys [altera_avalon_sysid_qsys 13.1]
Progress: Parameterizing module sysid_qsys
Progress: Adding segled_controller [segled_controller 1.0]
Progress: Parameterizing module segled_controller
Progress: Building connections
Progress: Parameterizing connections
Progress: Validating
Progress: Done reading input file
Info: system_qsys.sysid_qsys: System ID is not assigned automatically. Edit the System ID parameter to provide a unique ID
Info: system_qsys.sysid_qsys: Time stamp will be automatically updated when this component is generated.
Info: system_qsys: Generating system_qsys "system_qsys" for QUARTUS_SYNTH
Info: pipeline_bridge_swap_transform: After transform: 6 modules, 23 connections
Info: No custom instruction connections, skipping transform 
Info: merlin_initial_interconnect_transform: After transform: 6 modules, 22 connections
Info: merlin_translator_transform: After transform: 13 modules, 50 connections
Info: merlin_domain_transform: After transform: 26 modules, 136 connections
Info: merlin_router_transform: After transform: 33 modules, 164 connections
Info: merlin_traffic_limiter_transform: After transform: 35 modules, 174 connections
Info: merlin_network_to_switch_transform: After transform: 48 modules, 209 connections
Info: limiter_update_transform: After transform: 48 modules, 211 connections
Info: merlin_clock_and_reset_bridge_transform: After transform: 50 modules, 260 connections
Info: merlin_hierarchy_transform: After transform: 7 modules, 26 connections
Info: merlin_mm_transform: After transform: 7 modules, 26 connections
Info: merlin_interrupt_mapper_transform: After transform: 8 modules, 30 connections
Info: reset_adaptation_transform: After transform: 10 modules, 32 connections
Info: nios2: Starting RTL generation for module 'system_qsys_nios2'
Info: nios2:   Generation command is [exec D:/altera/13.1/quartus/bin/eperlcmd.exe -I D:/altera/13.1/quartus/bin/perl/lib -I D:/altera/13.1/quartus/sopc_builder/bin/europa -I D:/altera/13.1/quartus/sopc_builder/bin/perl_lib -I D:/altera/13.1/quartus/sopc_builder/bin -I D:/altera/13.1/quartus/../ip/altera/nios2_ip/altera_nios2/cpu_lib -I D:/altera/13.1/quartus/../ip/altera/nios2_ip/altera_nios2/nios_lib -I D:/altera/13.1/quartus/../ip/altera/nios2_ip/altera_nios2 -I D:/altera/13.1/quartus/../ip/altera/nios2_ip/altera_nios2 -- D:/altera/13.1/quartus/../ip/altera/nios2_ip/altera_nios2/generate_rtl.epl --name=system_qsys_nios2 --dir=C:/Users/ADMINI~1/AppData/Local/Temp/alt8009_510019447379895726.dir/0001_nios2_gen/ --quartus_dir=D:/altera/13.1/quartus --verilog --config=C:/Users/ADMINI~1/AppData/Local/Temp/alt8009_510019447379895726.dir/0001_nios2_gen//system_qsys_nios2_processor_configuration.pl  --do_build_sim=0  ]
Info: nios2: # 2019.04.23 11:24:23 (*) Starting Nios II generation
Info: nios2: # 2019.04.23 11:24:23 (*)   Checking for plaintext license.
Info: nios2: # 2019.04.23 11:24:24 (*)   Plaintext license not found.
Info: nios2: # 2019.04.23 11:24:24 (*)   Checking for encrypted license (non-evaluation).
Info: nios2: # 2019.04.23 11:24:25 (*)   Encrypted license found.  SOF will not be time-limited.
Info: nios2: # 2019.04.23 11:24:25 (*)   Elaborating CPU configuration settings
Info: nios2: # 2019.04.23 11:24:25 (*)   Creating all objects for CPU
Info: nios2: # 2019.04.23 11:24:25 (*)     Testbench
Info: nios2: # 2019.04.23 11:24:26 (*)     Instruction decoding
Info: nios2: # 2019.04.23 11:24:26 (*)       Instruction fields
Info: nios2: # 2019.04.23 11:24:26 (*)       Instruction decodes
Info: nios2: # 2019.04.23 11:24:26 (*)       Signals for RTL simulation waveforms
Info: nios2: # 2019.04.23 11:24:26 (*)       Instruction controls
Info: nios2: # 2019.04.23 11:24:26 (*)     Pipeline frontend
Info: nios2: # 2019.04.23 11:24:26 (*)     Pipeline backend
Info: nios2: # 2019.04.23 11:24:28 (*)   Generating RTL from CPU objects
Info: nios2: # 2019.04.23 11:24:31 (*)   Creating encrypted RTL
Info: nios2: # 2019.04.23 11:24:31 (*) Done Nios II generation
Info: nios2: Done RTL generation for module 'system_qsys_nios2'
Info: nios2: "system_qsys" instantiated altera_nios2_qsys "nios2"
Info: ram: Starting RTL generation for module 'system_qsys_ram'
Info: ram:   Generation command is [exec D:/altera/13.1/quartus/bin/perl/bin/perl.exe -I D:/altera/13.1/quartus/bin/perl/lib -I D:/altera/13.1/quartus/sopc_builder/bin/europa -I D:/altera/13.1/quartus/sopc_builder/bin/perl_lib -I D:/altera/13.1/quartus/sopc_builder/bin -I D:/altera/13.1/quartus/../ip/altera/sopc_builder_ip/common -I D:/altera/13.1/quartus/../ip/altera/sopc_builder_ip/altera_avalon_onchip_memory2 -- D:/altera/13.1/quartus/../ip/altera/sopc_builder_ip/altera_avalon_onchip_memory2/generate_rtl.pl --name=system_qsys_ram --dir=C:/Users/ADMINI~1/AppData/Local/Temp/alt8009_510019447379895726.dir/0002_ram_gen/ --quartus_dir=D:/altera/13.1/quartus --verilog --config=C:/Users/ADMINI~1/AppData/Local/Temp/alt8009_510019447379895726.dir/0002_ram_gen//system_qsys_ram_component_configuration.pl  --do_build_sim=0  ]
Info: ram: Done RTL generation for module 'system_qsys_ram'
Info: ram: "system_qsys" instantiated altera_avalon_onchip_memory2 "ram"
Info: jtag_uart: Starting RTL generation for module 'system_qsys_jtag_uart'
Info: jtag_uart:   Generation command is [exec D:/altera/13.1/quartus/bin/perl/bin/perl.exe -I D:/altera/13.1/quartus/bin/perl/lib -I D:/altera/13.1/quartus/sopc_builder/bin/europa -I D:/altera/13.1/quartus/sopc_builder/bin/perl_lib -I D:/altera/13.1/quartus/sopc_builder/bin -I D:/altera/13.1/quartus/../ip/altera/sopc_builder_ip/common -I D:/altera/13.1/quartus/../ip/altera/sopc_builder_ip/altera_avalon_jtag_uart -- D:/altera/13.1/quartus/../ip/altera/sopc_builder_ip/altera_avalon_jtag_uart/generate_rtl.pl --name=system_qsys_jtag_uart --dir=C:/Users/ADMINI~1/AppData/Local/Temp/alt8009_510019447379895726.dir/0003_jtag_uart_gen/ --quartus_dir=D:/altera/13.1/quartus --verilog --config=C:/Users/ADMINI~1/AppData/Local/Temp/alt8009_510019447379895726.dir/0003_jtag_uart_gen//system_qsys_jtag_uart_component_configuration.pl  --do_build_sim=0  ]
Info: jtag_uart: Done RTL generation for module 'system_qsys_jtag_uart'
Info: jtag_uart: "system_qsys" instantiated altera_avalon_jtag_uart "jtag_uart"
Info: sysid_qsys: "system_qsys" instantiated altera_avalon_sysid_qsys "sysid_qsys"
Info: segled_controller: "system_qsys" instantiated segled_controller "segled_controller"
Info: pipeline_bridge_swap_transform: After transform: 44 modules, 148 connections
Info: No custom instruction connections, skipping transform 
Info: merlin_initial_interconnect_transform: After transform: 0 modules, 0 connections
Info: No Avalon connections, skipping transform 
Info: merlin_hierarchy_transform: After transform: 44 modules, 148 connections
Info: merlin_initial_interconnect_transform: After transform: 0 modules, 0 connections
Info: No Avalon connections, skipping transform 
Info: merlin_hierarchy_transform: After transform: 44 modules, 148 connections
Info: merlin_initial_interconnect_transform: After transform: 0 modules, 0 connections
Info: No Avalon connections, skipping transform 
Info: merlin_hierarchy_transform: After transform: 44 modules, 148 connections
Info: merlin_initial_interconnect_transform: After transform: 0 modules, 0 connections
Info: No Avalon connections, skipping transform 
Info: merlin_hierarchy_transform: After transform: 44 modules, 148 connections
Info: merlin_initial_interconnect_transform: After transform: 0 modules, 0 connections
Info: No Avalon connections, skipping transform 
Info: merlin_hierarchy_transform: After transform: 44 modules, 148 connections
Info: merlin_initial_interconnect_transform: After transform: 0 modules, 0 connections
Info: No Avalon connections, skipping transform 
Info: merlin_hierarchy_transform: After transform: 44 modules, 148 connections
Info: merlin_initial_interconnect_transform: After transform: 0 modules, 0 connections
Info: No Avalon connections, skipping transform 
Info: merlin_hierarchy_transform: After transform: 44 modules, 148 connections
Info: mm_interconnect_0: "system_qsys" instantiated altera_merlin_interconnect_wrapper "mm_interconnect_0"
Info: irq_mapper: "system_qsys" instantiated altera_irq_mapper "irq_mapper"
Info: rst_controller: "system_qsys" instantiated altera_reset_controller "rst_controller"
Info: nios2_instruction_master_translator: "mm_interconnect_0" instantiated altera_merlin_master_translator "nios2_instruction_master_translator"
Info: nios2_jtag_debug_module_translator: "mm_interconnect_0" instantiated altera_merlin_slave_translator "nios2_jtag_debug_module_translator"
Info: nios2_instruction_master_translator_avalon_universal_master_0_agent: "mm_interconnect_0" instantiated altera_merlin_master_agent "nios2_instruction_master_translator_avalon_universal_master_0_agent"
Info: nios2_jtag_debug_module_translator_avalon_universal_slave_0_agent: "mm_interconnect_0" instantiated altera_merlin_slave_agent "nios2_jtag_debug_module_translator_avalon_universal_slave_0_agent"
Info: nios2_jtag_debug_module_translator_avalon_universal_slave_0_agent_rsp_fifo: "mm_interconnect_0" instantiated altera_avalon_sc_fifo "nios2_jtag_debug_module_translator_avalon_universal_slave_0_agent_rsp_fifo"
Info: addr_router: "mm_interconnect_0" instantiated altera_merlin_router "addr_router"
Info: addr_router_001: "mm_interconnect_0" instantiated altera_merlin_router "addr_router_001"
Info: id_router: "mm_interconnect_0" instantiated altera_merlin_router "id_router"
Info: id_router_002: "mm_interconnect_0" instantiated altera_merlin_router "id_router_002"
Info: limiter: "mm_interconnect_0" instantiated altera_merlin_traffic_limiter "limiter"
Info: Reusing file D:/project/qsys_ip_segled/qsys/hardware/system_qsys/synthesis/submodules/altera_avalon_sc_fifo.v
Info: cmd_xbar_demux: "mm_interconnect_0" instantiated altera_merlin_demultiplexer "cmd_xbar_demux"
Info: cmd_xbar_demux_001: "mm_interconnect_0" instantiated altera_merlin_demultiplexer "cmd_xbar_demux_001"
Info: cmd_xbar_mux: "mm_interconnect_0" instantiated altera_merlin_multiplexer "cmd_xbar_mux"
Info: cmd_xbar_mux_002: "mm_interconnect_0" instantiated altera_merlin_multiplexer "cmd_xbar_mux_002"
Info: Reusing file D:/project/qsys_ip_segled/qsys/hardware/system_qsys/synthesis/submodules/altera_merlin_arbitrator.sv
Info: rsp_xbar_demux: "mm_interconnect_0" instantiated altera_merlin_demultiplexer "rsp_xbar_demux"
Info: rsp_xbar_demux_002: "mm_interconnect_0" instantiated altera_merlin_demultiplexer "rsp_xbar_demux_002"
Info: rsp_xbar_mux: "mm_interconnect_0" instantiated altera_merlin_multiplexer "rsp_xbar_mux"
Info: Reusing file D:/project/qsys_ip_segled/qsys/hardware/system_qsys/synthesis/submodules/altera_merlin_arbitrator.sv
Info: rsp_xbar_mux_001: "mm_interconnect_0" instantiated altera_merlin_multiplexer "rsp_xbar_mux_001"
Info: Reusing file D:/project/qsys_ip_segled/qsys/hardware/system_qsys/synthesis/submodules/altera_merlin_arbitrator.sv
Info: system_qsys: Done "system_qsys" with 27 modules, 50 files, 1192526 bytes
Info: ip-generate succeeded.
Info: Finished: Create HDL design files for synthesis
