
**** Build of configuration Nios II for project hello_wrold ****

make all 
Info: Building D:/project/1_qsys_hello_world/qsys/software/hello_wrold_bsp/
make --no-print-directory -C D:/project/1_qsys_hello_world/qsys/software/hello_wrold_bsp/
[BSP build complete]
[hello_wrold build complete]

**** Build Finished ****

**** Build of configuration Nios II for project hello_wrold_bsp ****

make all 
[BSP build complete]

**** Build Finished ****

**** Build of configuration Nios II for project hello_wrold ****

make all 
Info: Building D:/project/1_qsys_hello_world/qsys/software/hello_wrold_bsp/
make --no-print-directory -C D:/project/1_qsys_hello_world/qsys/software/hello_wrold_bsp/
[BSP build complete]
[hello_wrold build complete]

**** Build Finished ****

**** Build of configuration Nios II for project hello_wrold ****

make all 
Info: Building D:/project/1_qsys_hello_world/qsys/software/hello_wrold_bsp/
make --no-print-directory -C D:/project/1_qsys_hello_world/qsys/software/hello_wrold_bsp/
[BSP build complete]
[hello_wrold build complete]

**** Build Finished ****

**** Build of configuration Nios II for project hello_wrold ****

make all 
Info: Building D:/project/1_qsys_hello_world/qsys/software/hello_wrold_bsp/
make --no-print-directory -C D:/project/1_qsys_hello_world/qsys/software/hello_wrold_bsp/
[BSP build complete]
[hello_wrold build complete]

**** Build Finished ****

**** Build of configuration Nios II for project hello_wrold ****

make all 
Info: Building D:/project/1_qsys_hello_world/qsys/software/hello_wrold_bsp/
make --no-print-directory -C D:/project/1_qsys_hello_world/qsys/software/hello_wrold_bsp/
[BSP build complete]
[hello_wrold build complete]

**** Build Finished ****

**** Build of configuration Nios II for project hello_wrold ****

make all 
Info: Building D:/project/1_qsys_hello_world/qsys/software/hello_wrold_bsp/
make --no-print-directory -C D:/project/1_qsys_hello_world/qsys/software/hello_wrold_bsp/
[BSP build complete]
[hello_wrold build complete]

**** Build Finished ****

**** Build of configuration Nios II for project hello_wrold ****

make all 
Info: Building D:/project/1_qsys_hello_world/qsys/software/hello_wrold_bsp/
make --no-print-directory -C D:/project/1_qsys_hello_world/qsys/software/hello_wrold_bsp/
[BSP build complete]
[hello_wrold build complete]

**** Build Finished ****
