Flow report for qsys_epcs
Sun Feb 24 13:50:46 2019
Quartus II 64-Bit Version 13.1.0 Build 162 10/23/2013 SJ Full Version


---------------------
; Table of Contents ;
---------------------
  1. Legal Notice
  2. Flow Summary
  3. Flow Settings
  4. Flow Non-Default Global Settings
  5. Flow Elapsed Time
  6. Flow OS Summary
  7. Flow Log
  8. Flow Messages
  9. Flow Suppressed Messages



----------------
; Legal Notice ;
----------------
Copyright (C) 1991-2013 Altera Corporation
Your use of Altera Corporation's design tools, logic functions 
and other software and tools, and its AMPP partner logic 
functions, and any output files from any of the foregoing 
(including device programming or simulation files), and any 
associated documentation or information are expressly subject 
to the terms and conditions of the Altera Program License 
Subscription Agreement, Altera MegaCore Function License 
Agreement, or other applicable license agreement, including, 
without limitation, that your use is for the sole purpose of 
programming logic devices manufactured by Altera and sold by 
Altera or its authorized distributors.  Please refer to the 
applicable agreement for further details.



+----------------------------------------------------------------------------------+
; Flow Summary                                                                     ;
+------------------------------------+---------------------------------------------+
; Flow Status                        ; Successful - Sun Feb 24 13:50:46 2019       ;
; Quartus II 64-Bit Version          ; 13.1.0 Build 162 10/23/2013 SJ Full Version ;
; Revision Name                      ; qsys_epcs                                   ;
; Top-level Entity Name              ; qsys_epcs_rw                                ;
; Family                             ; Cyclone IV E                                ;
; Device                             ; EP4CE10F17C8                                ;
; Timing Models                      ; Final                                       ;
; Total logic elements               ; 3,535 / 10,320 ( 34 % )                     ;
;     Total combinational functions  ; 3,229 / 10,320 ( 31 % )                     ;
;     Dedicated logic registers      ; 2,007 / 10,320 ( 19 % )                     ;
; Total registers                    ; 2007                                        ;
; Total pins                         ; 6 / 180 ( 3 % )                             ;
; Total virtual pins                 ; 0                                           ;
; Total memory bits                  ; 317,312 / 423,936 ( 75 % )                  ;
; Embedded Multiplier 9-bit elements ; 4 / 46 ( 9 % )                              ;
; Total PLLs                         ; 0 / 2 ( 0 % )                               ;
+------------------------------------+---------------------------------------------+


+-----------------------------------------+
; Flow Settings                           ;
+-------------------+---------------------+
; Option            ; Setting             ;
+-------------------+---------------------+
; Start date & time ; 02/24/2019 13:49:49 ;
; Main task         ; Compilation         ;
; Revision Name     ; qsys_epcs           ;
+-------------------+---------------------+


+-------------------------------------------------------------------------------------------------------------------------------------------------------------------------------------+
; Flow Non-Default Global Settings                                                                                                                                                    ;
+-------------------------------------+-------------------------------------------------------------+---------------+------------------------------------------------+----------------+
; Assignment Name                     ; Value                                                       ; Default Value ; Entity Name                                    ; Section Id     ;
+-------------------------------------+-------------------------------------------------------------+---------------+------------------------------------------------+----------------+
; COMPILER_SIGNATURE_ID               ; 88147556840677.155098738904968                              ; --            ; --                                             ; --             ;
; EDA_OUTPUT_DATA_FORMAT              ; Vhdl                                                        ; --            ; --                                             ; eda_simulation ;
; EDA_SIMULATION_TOOL                 ; ModelSim-Altera (VHDL)                                      ; <None>        ; --                                             ; --             ;
; IP_TOOL_ENV                         ; Qsys                                                        ; --            ; altera_avalon_sc_fifo                          ; --             ;
; IP_TOOL_ENV                         ; Qsys                                                        ; --            ; altera_merlin_master_agent                     ; --             ;
; IP_TOOL_ENV                         ; Qsys                                                        ; --            ; altera_merlin_master_translator                ; --             ;
; IP_TOOL_ENV                         ; Qsys                                                        ; --            ; altera_merlin_slave_agent                      ; --             ;
; IP_TOOL_ENV                         ; Qsys                                                        ; --            ; altera_merlin_slave_translator                 ; --             ;
; IP_TOOL_ENV                         ; Qsys                                                        ; --            ; altera_merlin_traffic_limiter                  ; --             ;
; IP_TOOL_ENV                         ; Qsys                                                        ; --            ; altera_reset_controller                        ; --             ;
; IP_TOOL_ENV                         ; Qsys                                                        ; --            ; --                                             ; --             ;
; IP_TOOL_ENV                         ; Qsys                                                        ; --            ; qsys_epcs_epcs_flash                           ; --             ;
; IP_TOOL_ENV                         ; Qsys                                                        ; --            ; qsys_epcs_irq_mapper                           ; --             ;
; IP_TOOL_ENV                         ; Qsys                                                        ; --            ; qsys_epcs_jtag_uart                            ; --             ;
; IP_TOOL_ENV                         ; Qsys                                                        ; --            ; qsys_epcs_mm_interconnect_0                    ; --             ;
; IP_TOOL_ENV                         ; Qsys                                                        ; --            ; qsys_epcs_mm_interconnect_0_addr_router        ; --             ;
; IP_TOOL_ENV                         ; Qsys                                                        ; --            ; qsys_epcs_mm_interconnect_0_addr_router_001    ; --             ;
; IP_TOOL_ENV                         ; Qsys                                                        ; --            ; qsys_epcs_mm_interconnect_0_cmd_xbar_demux     ; --             ;
; IP_TOOL_ENV                         ; Qsys                                                        ; --            ; qsys_epcs_mm_interconnect_0_cmd_xbar_demux_001 ; --             ;
; IP_TOOL_ENV                         ; Qsys                                                        ; --            ; qsys_epcs_mm_interconnect_0_cmd_xbar_mux       ; --             ;
; IP_TOOL_ENV                         ; Qsys                                                        ; --            ; qsys_epcs_mm_interconnect_0_cmd_xbar_mux_003   ; --             ;
; IP_TOOL_ENV                         ; Qsys                                                        ; --            ; qsys_epcs_mm_interconnect_0_id_router          ; --             ;
; IP_TOOL_ENV                         ; Qsys                                                        ; --            ; qsys_epcs_mm_interconnect_0_id_router_003      ; --             ;
; IP_TOOL_ENV                         ; Qsys                                                        ; --            ; qsys_epcs_mm_interconnect_0_rsp_xbar_demux     ; --             ;
; IP_TOOL_ENV                         ; Qsys                                                        ; --            ; qsys_epcs_mm_interconnect_0_rsp_xbar_demux_003 ; --             ;
; IP_TOOL_ENV                         ; Qsys                                                        ; --            ; qsys_epcs_mm_interconnect_0_rsp_xbar_mux       ; --             ;
; IP_TOOL_ENV                         ; Qsys                                                        ; --            ; qsys_epcs_mm_interconnect_0_rsp_xbar_mux_001   ; --             ;
; IP_TOOL_ENV                         ; Qsys                                                        ; --            ; qsys_epcs_nios2                                ; --             ;
; IP_TOOL_ENV                         ; Qsys                                                        ; --            ; qsys_epcs_onchip_ram                           ; --             ;
; IP_TOOL_ENV                         ; Qsys                                                        ; --            ; qsys_epcs_sysid_qsys                           ; --             ;
; IP_TOOL_NAME                        ; altera_avalon_sc_fifo                                       ; --            ; altera_avalon_sc_fifo                          ; --             ;
; IP_TOOL_NAME                        ; altera_merlin_master_agent                                  ; --            ; altera_merlin_master_agent                     ; --             ;
; IP_TOOL_NAME                        ; altera_merlin_master_translator                             ; --            ; altera_merlin_master_translator                ; --             ;
; IP_TOOL_NAME                        ; altera_merlin_slave_agent                                   ; --            ; altera_merlin_slave_agent                      ; --             ;
; IP_TOOL_NAME                        ; altera_merlin_slave_translator                              ; --            ; altera_merlin_slave_translator                 ; --             ;
; IP_TOOL_NAME                        ; altera_merlin_traffic_limiter                               ; --            ; altera_merlin_traffic_limiter                  ; --             ;
; IP_TOOL_NAME                        ; altera_reset_controller                                     ; --            ; altera_reset_controller                        ; --             ;
; IP_TOOL_NAME                        ; Qsys                                                        ; --            ; --                                             ; --             ;
; IP_TOOL_NAME                        ; altera_avalon_epcs_flash_controller                         ; --            ; qsys_epcs_epcs_flash                           ; --             ;
; IP_TOOL_NAME                        ; altera_irq_mapper                                           ; --            ; qsys_epcs_irq_mapper                           ; --             ;
; IP_TOOL_NAME                        ; altera_avalon_jtag_uart                                     ; --            ; qsys_epcs_jtag_uart                            ; --             ;
; IP_TOOL_NAME                        ; altera_merlin_interconnect_wrapper                          ; --            ; qsys_epcs_mm_interconnect_0                    ; --             ;
; IP_TOOL_NAME                        ; altera_merlin_router                                        ; --            ; qsys_epcs_mm_interconnect_0_addr_router        ; --             ;
; IP_TOOL_NAME                        ; altera_merlin_router                                        ; --            ; qsys_epcs_mm_interconnect_0_addr_router_001    ; --             ;
; IP_TOOL_NAME                        ; altera_merlin_demultiplexer                                 ; --            ; qsys_epcs_mm_interconnect_0_cmd_xbar_demux     ; --             ;
; IP_TOOL_NAME                        ; altera_merlin_demultiplexer                                 ; --            ; qsys_epcs_mm_interconnect_0_cmd_xbar_demux_001 ; --             ;
; IP_TOOL_NAME                        ; altera_merlin_multiplexer                                   ; --            ; qsys_epcs_mm_interconnect_0_cmd_xbar_mux       ; --             ;
; IP_TOOL_NAME                        ; altera_merlin_multiplexer                                   ; --            ; qsys_epcs_mm_interconnect_0_cmd_xbar_mux_003   ; --             ;
; IP_TOOL_NAME                        ; altera_merlin_router                                        ; --            ; qsys_epcs_mm_interconnect_0_id_router          ; --             ;
; IP_TOOL_NAME                        ; altera_merlin_router                                        ; --            ; qsys_epcs_mm_interconnect_0_id_router_003      ; --             ;
; IP_TOOL_NAME                        ; altera_merlin_demultiplexer                                 ; --            ; qsys_epcs_mm_interconnect_0_rsp_xbar_demux     ; --             ;
; IP_TOOL_NAME                        ; altera_merlin_demultiplexer                                 ; --            ; qsys_epcs_mm_interconnect_0_rsp_xbar_demux_003 ; --             ;
; IP_TOOL_NAME                        ; altera_merlin_multiplexer                                   ; --            ; qsys_epcs_mm_interconnect_0_rsp_xbar_mux       ; --             ;
; IP_TOOL_NAME                        ; altera_merlin_multiplexer                                   ; --            ; qsys_epcs_mm_interconnect_0_rsp_xbar_mux_001   ; --             ;
; IP_TOOL_NAME                        ; altera_nios2_qsys                                           ; --            ; qsys_epcs_nios2                                ; --             ;
; IP_TOOL_NAME                        ; altera_avalon_onchip_memory2                                ; --            ; qsys_epcs_onchip_ram                           ; --             ;
; IP_TOOL_NAME                        ; altera_avalon_sysid_qsys                                    ; --            ; qsys_epcs_sysid_qsys                           ; --             ;
; IP_TOOL_VERSION                     ; 13.1                                                        ; --            ; altera_avalon_sc_fifo                          ; --             ;
; IP_TOOL_VERSION                     ; 13.1                                                        ; --            ; altera_merlin_master_agent                     ; --             ;
; IP_TOOL_VERSION                     ; 13.1                                                        ; --            ; altera_merlin_master_translator                ; --             ;
; IP_TOOL_VERSION                     ; 13.1                                                        ; --            ; altera_merlin_slave_agent                      ; --             ;
; IP_TOOL_VERSION                     ; 13.1                                                        ; --            ; altera_merlin_slave_translator                 ; --             ;
; IP_TOOL_VERSION                     ; 13.1                                                        ; --            ; altera_merlin_traffic_limiter                  ; --             ;
; IP_TOOL_VERSION                     ; 13.1                                                        ; --            ; altera_reset_controller                        ; --             ;
; IP_TOOL_VERSION                     ; 13.1                                                        ; --            ; --                                             ; --             ;
; IP_TOOL_VERSION                     ; 13.1                                                        ; --            ; qsys_epcs_epcs_flash                           ; --             ;
; IP_TOOL_VERSION                     ; 13.1                                                        ; --            ; qsys_epcs_irq_mapper                           ; --             ;
; IP_TOOL_VERSION                     ; 13.1                                                        ; --            ; qsys_epcs_jtag_uart                            ; --             ;
; IP_TOOL_VERSION                     ; 13.1                                                        ; --            ; qsys_epcs_mm_interconnect_0                    ; --             ;
; IP_TOOL_VERSION                     ; 13.1                                                        ; --            ; qsys_epcs_mm_interconnect_0_addr_router        ; --             ;
; IP_TOOL_VERSION                     ; 13.1                                                        ; --            ; qsys_epcs_mm_interconnect_0_addr_router_001    ; --             ;
; IP_TOOL_VERSION                     ; 13.1                                                        ; --            ; qsys_epcs_mm_interconnect_0_cmd_xbar_demux     ; --             ;
; IP_TOOL_VERSION                     ; 13.1                                                        ; --            ; qsys_epcs_mm_interconnect_0_cmd_xbar_demux_001 ; --             ;
; IP_TOOL_VERSION                     ; 13.1                                                        ; --            ; qsys_epcs_mm_interconnect_0_cmd_xbar_mux       ; --             ;
; IP_TOOL_VERSION                     ; 13.1                                                        ; --            ; qsys_epcs_mm_interconnect_0_cmd_xbar_mux_003   ; --             ;
; IP_TOOL_VERSION                     ; 13.1                                                        ; --            ; qsys_epcs_mm_interconnect_0_id_router          ; --             ;
; IP_TOOL_VERSION                     ; 13.1                                                        ; --            ; qsys_epcs_mm_interconnect_0_id_router_003      ; --             ;
; IP_TOOL_VERSION                     ; 13.1                                                        ; --            ; qsys_epcs_mm_interconnect_0_rsp_xbar_demux     ; --             ;
; IP_TOOL_VERSION                     ; 13.1                                                        ; --            ; qsys_epcs_mm_interconnect_0_rsp_xbar_demux_003 ; --             ;
; IP_TOOL_VERSION                     ; 13.1                                                        ; --            ; qsys_epcs_mm_interconnect_0_rsp_xbar_mux       ; --             ;
; IP_TOOL_VERSION                     ; 13.1                                                        ; --            ; qsys_epcs_mm_interconnect_0_rsp_xbar_mux_001   ; --             ;
; IP_TOOL_VERSION                     ; 13.1                                                        ; --            ; qsys_epcs_nios2                                ; --             ;
; IP_TOOL_VERSION                     ; 13.1                                                        ; --            ; qsys_epcs_onchip_ram                           ; --             ;
; IP_TOOL_VERSION                     ; 13.1                                                        ; --            ; qsys_epcs_sysid_qsys                           ; --             ;
; MAX_CORE_JUNCTION_TEMP              ; 85                                                          ; --            ; --                                             ; --             ;
; MIN_CORE_JUNCTION_TEMP              ; 0                                                           ; --            ; --                                             ; --             ;
; MISC_FILE                           ; ../qsys/hardware/synthesis/../qsys_epcs.cmp                 ; --            ; --                                             ; --             ;
; MISC_FILE                           ; ../qsys/hardware/synthesis/../qsys_epcs.qsys                ; --            ; --                                             ; --             ;
; OUTPUT_IO_TIMING_FAR_END_VMEAS      ; Half Signal Swing                                           ; --            ; --                                             ; --             ;
; OUTPUT_IO_TIMING_FAR_END_VMEAS      ; Half Signal Swing                                           ; --            ; --                                             ; --             ;
; OUTPUT_IO_TIMING_NEAR_END_VMEAS     ; Half Vccio                                                  ; --            ; --                                             ; --             ;
; OUTPUT_IO_TIMING_NEAR_END_VMEAS     ; Half Vccio                                                  ; --            ; --                                             ; --             ;
; PARTITION_COLOR                     ; 16764057                                                    ; --            ; qsys_epcs_rw                                   ; Top            ;
; PARTITION_FITTER_PRESERVATION_LEVEL ; PLACEMENT_AND_ROUTING                                       ; --            ; qsys_epcs_rw                                   ; Top            ;
; PARTITION_NETLIST_TYPE              ; SOURCE                                                      ; --            ; qsys_epcs_rw                                   ; Top            ;
; POWER_BOARD_THERMAL_MODEL           ; None (CONSERVATIVE)                                         ; --            ; --                                             ; --             ;
; POWER_PRESET_COOLING_SOLUTION       ; 23 MM HEAT SINK WITH 200 LFPM AIRFLOW                       ; --            ; --                                             ; --             ;
; PROJECT_OUTPUT_DIRECTORY            ; output_files                                                ; --            ; --                                             ; --             ;
; SLD_FILE                            ; ../qsys/hardware/synthesis/qsys_epcs.regmap                 ; --            ; --                                             ; --             ;
; SLD_FILE                            ; ../qsys/hardware/synthesis/qsys_epcs.debuginfo              ; --            ; --                                             ; --             ;
; SLD_INFO                            ; QSYS_NAME qsys_epcs HAS_SOPCINFO 1 GENERATION_ID 1550980342 ; --            ; --                                             ; --             ;
; SOPCINFO_FILE                       ; ../qsys/hardware/synthesis/../qsys_epcs.sopcinfo            ; --            ; --                                             ; --             ;
; SYNTHESIS_ONLY_QIP                  ; On                                                          ; --            ; --                                             ; --             ;
; TOP_LEVEL_ENTITY                    ; qsys_epcs_rw                                                ; qsys_epcs     ; --                                             ; --             ;
+-------------------------------------+-------------------------------------------------------------+---------------+------------------------------------------------+----------------+


+-------------------------------------------------------------------------------------------------------------------------------+
; Flow Elapsed Time                                                                                                             ;
+---------------------------+--------------+-------------------------+---------------------+------------------------------------+
; Module Name               ; Elapsed Time ; Average Processors Used ; Peak Virtual Memory ; Total CPU Time (on all processors) ;
+---------------------------+--------------+-------------------------+---------------------+------------------------------------+
; Analysis & Synthesis      ; 00:00:18     ; 1.0                     ; 645 MB              ; 00:00:17                           ;
; Fitter                    ; 00:00:20     ; 1.7                     ; 1207 MB             ; 00:00:19                           ;
; Assembler                 ; 00:00:02     ; 1.0                     ; 463 MB              ; 00:00:02                           ;
; TimeQuest Timing Analyzer ; 00:00:04     ; 1.0                     ; 569 MB              ; 00:00:04                           ;
; EDA Netlist Writer        ; 00:00:05     ; 1.0                     ; 463 MB              ; 00:00:04                           ;
; Total                     ; 00:00:49     ; --                      ; --                  ; 00:00:46                           ;
+---------------------------+--------------+-------------------------+---------------------+------------------------------------+


+----------------------------------------------------------------------------------------+
; Flow OS Summary                                                                        ;
+---------------------------+------------------+-----------+------------+----------------+
; Module Name               ; Machine Hostname ; OS Name   ; OS Version ; Processor type ;
+---------------------------+------------------+-----------+------------+----------------+
; Analysis & Synthesis      ; USER-20180403QA  ; Windows 7 ; 6.1        ; x86_64         ;
; Fitter                    ; USER-20180403QA  ; Windows 7 ; 6.1        ; x86_64         ;
; Assembler                 ; USER-20180403QA  ; Windows 7 ; 6.1        ; x86_64         ;
; TimeQuest Timing Analyzer ; USER-20180403QA  ; Windows 7 ; 6.1        ; x86_64         ;
; EDA Netlist Writer        ; USER-20180403QA  ; Windows 7 ; 6.1        ; x86_64         ;
+---------------------------+------------------+-----------+------------+----------------+


------------
; Flow Log ;
------------
quartus_map --read_settings_files=on --write_settings_files=off qsys_epcs -c qsys_epcs
quartus_fit --read_settings_files=off --write_settings_files=off qsys_epcs -c qsys_epcs
quartus_asm --read_settings_files=off --write_settings_files=off qsys_epcs -c qsys_epcs
quartus_sta qsys_epcs -c qsys_epcs
quartus_eda --read_settings_files=off --write_settings_files=off qsys_epcs -c qsys_epcs



