
**** Build of configuration Nios II for project UART ****

make all 
Info: Building D:/work/UART/qsys/software/UART_bsp/
make --no-print-directory -C D:/work/UART/qsys/software/UART_bsp/
[BSP build complete]
[UART build complete]

**** Build Finished ****

**** Build of configuration Nios II for project UART ****

make all 
Info: Building D:/work/UART/qsys/software/UART_bsp/
make --no-print-directory -C D:/work/UART/qsys/software/UART_bsp/
[BSP build complete]
[UART build complete]

**** Build Finished ****

**** Build of configuration Nios II for project UART ****

make all 
Info: Building D:/work/UART/qsys/software/UART_bsp/
make --no-print-directory -C D:/work/UART/qsys/software/UART_bsp/
[BSP build complete]
[UART build complete]

**** Build Finished ****

**** Build of configuration Nios II for project UART ****

make all 
Info: Building D:/work/UART/qsys/software/UART_bsp/
make --no-print-directory -C D:/work/UART/qsys/software/UART_bsp/
[BSP build complete]
[UART build complete]

**** Build Finished ****

**** Build of configuration Nios II for project UART ****

make all 
Info: Building D:/work/UART/qsys/software/UART_bsp/
make --no-print-directory -C D:/work/UART/qsys/software/UART_bsp/
[BSP build complete]
[UART build complete]

**** Build Finished ****

**** Build of configuration Nios II for project UART ****

make all 
Info: Building D:/work/UART/qsys/software/UART_bsp/
make --no-print-directory -C D:/work/UART/qsys/software/UART_bsp/
[BSP build complete]
[UART build complete]

**** Build Finished ****
