Flow report for ov5640_mcu_lcd
Wed May 08 11:54:47 2019
Quartus II 64-Bit Version 13.1.0 Build 162 10/23/2013 SJ Full Version


---------------------
; Table of Contents ;
---------------------
  1. Legal Notice
  2. Flow Summary
  3. Flow Settings
  4. Flow Non-Default Global Settings
  5. Flow Elapsed Time
  6. Flow OS Summary
  7. Flow Log
  8. Flow Messages
  9. Flow Suppressed Messages



----------------
; Legal Notice ;
----------------
Copyright (C) 1991-2013 Altera Corporation
Your use of Altera Corporation's design tools, logic functions 
and other software and tools, and its AMPP partner logic 
functions, and any output files from any of the foregoing 
(including device programming or simulation files), and any 
associated documentation or information are expressly subject 
to the terms and conditions of the Altera Program License 
Subscription Agreement, Altera MegaCore Function License 
Agreement, or other applicable license agreement, including, 
without limitation, that your use is for the sole purpose of 
programming logic devices manufactured by Altera and sold by 
Altera or its authorized distributors.  Please refer to the 
applicable agreement for further details.



+----------------------------------------------------------------------------------+
; Flow Summary                                                                     ;
+------------------------------------+---------------------------------------------+
; Flow Status                        ; Successful - Wed May 08 11:54:38 2019       ;
; Quartus II 64-Bit Version          ; 13.1.0 Build 162 10/23/2013 SJ Full Version ;
; Revision Name                      ; ov5640_mcu_lcd                              ;
; Top-level Entity Name              ; ov5640_mcu_lcd                              ;
; Family                             ; Cyclone IV E                                ;
; Device                             ; EP4CE10F17C8                                ;
; Timing Models                      ; Final                                       ;
; Total logic elements               ; 5,540 / 10,320 ( 54 % )                     ;
;     Total combinational functions  ; 4,842 / 10,320 ( 47 % )                     ;
;     Dedicated logic registers      ; 3,164 / 10,320 ( 31 % )                     ;
; Total registers                    ; 3233                                        ;
; Total pins                         ; 82 / 180 ( 46 % )                           ;
; Total virtual pins                 ; 0                                           ;
; Total memory bits                  ; 81,664 / 423,936 ( 19 % )                   ;
; Embedded Multiplier 9-bit elements ; 4 / 46 ( 9 % )                              ;
; Total PLLs                         ; 1 / 2 ( 50 % )                              ;
+------------------------------------+---------------------------------------------+


+-----------------------------------------+
; Flow Settings                           ;
+-------------------+---------------------+
; Option            ; Setting             ;
+-------------------+---------------------+
; Start date & time ; 05/08/2019 11:53:11 ;
; Main task         ; Compilation         ;
; Revision Name     ; ov5640_mcu_lcd      ;
+-------------------+---------------------+


+-----------------------------------------------------------------------------------------------------------------------------------------------------------------------+
; Flow Non-Default Global Settings                                                                                                                                      ;
+-------------------------------------+--------------------------------------------------------+---------------+-------------------------------------------+------------+
; Assignment Name                     ; Value                                                  ; Default Value ; Entity Name                               ; Section Id ;
+-------------------------------------+--------------------------------------------------------+---------------+-------------------------------------------+------------+
; COMPILER_SIGNATURE_ID               ; 88147556840705.155728759109260                         ; --            ; --                                        ; --         ;
; ENABLE_SIGNALTAP                    ; Off                                                    ; --            ; --                                        ; --         ;
; IP_TOOL_ENV                         ; Qsys                                                   ; --            ; altera_avalon_sc_fifo                     ; --         ;
; IP_TOOL_ENV                         ; Qsys                                                   ; --            ; altera_merlin_burst_adapter               ; --         ;
; IP_TOOL_ENV                         ; Qsys                                                   ; --            ; altera_merlin_master_agent                ; --         ;
; IP_TOOL_ENV                         ; Qsys                                                   ; --            ; altera_merlin_master_translator           ; --         ;
; IP_TOOL_ENV                         ; Qsys                                                   ; --            ; altera_merlin_slave_agent                 ; --         ;
; IP_TOOL_ENV                         ; Qsys                                                   ; --            ; altera_merlin_slave_translator            ; --         ;
; IP_TOOL_ENV                         ; Qsys                                                   ; --            ; altera_merlin_traffic_limiter             ; --         ;
; IP_TOOL_ENV                         ; Qsys                                                   ; --            ; altera_merlin_width_adapter               ; --         ;
; IP_TOOL_ENV                         ; Qsys                                                   ; --            ; altera_reset_controller                   ; --         ;
; IP_TOOL_ENV                         ; Qsys                                                   ; --            ; qsys                                      ; --         ;
; IP_TOOL_ENV                         ; Qsys                                                   ; --            ; qsys_epcs_flash                           ; --         ;
; IP_TOOL_ENV                         ; Qsys                                                   ; --            ; qsys_irq_mapper                           ; --         ;
; IP_TOOL_ENV                         ; Qsys                                                   ; --            ; qsys_jtag_uart                            ; --         ;
; IP_TOOL_ENV                         ; Qsys                                                   ; --            ; qsys_mm_interconnect_0                    ; --         ;
; IP_TOOL_ENV                         ; Qsys                                                   ; --            ; qsys_mm_interconnect_0_addr_router        ; --         ;
; IP_TOOL_ENV                         ; Qsys                                                   ; --            ; qsys_mm_interconnect_0_addr_router_001    ; --         ;
; IP_TOOL_ENV                         ; Qsys                                                   ; --            ; qsys_mm_interconnect_0_cmd_xbar_demux     ; --         ;
; IP_TOOL_ENV                         ; Qsys                                                   ; --            ; qsys_mm_interconnect_0_cmd_xbar_demux_001 ; --         ;
; IP_TOOL_ENV                         ; Qsys                                                   ; --            ; qsys_mm_interconnect_0_cmd_xbar_mux       ; --         ;
; IP_TOOL_ENV                         ; Qsys                                                   ; --            ; qsys_mm_interconnect_0_cmd_xbar_mux_003   ; --         ;
; IP_TOOL_ENV                         ; Qsys                                                   ; --            ; qsys_mm_interconnect_0_id_router          ; --         ;
; IP_TOOL_ENV                         ; Qsys                                                   ; --            ; qsys_mm_interconnect_0_id_router_002      ; --         ;
; IP_TOOL_ENV                         ; Qsys                                                   ; --            ; qsys_mm_interconnect_0_id_router_003      ; --         ;
; IP_TOOL_ENV                         ; Qsys                                                   ; --            ; qsys_mm_interconnect_0_rsp_xbar_demux     ; --         ;
; IP_TOOL_ENV                         ; Qsys                                                   ; --            ; qsys_mm_interconnect_0_rsp_xbar_demux_003 ; --         ;
; IP_TOOL_ENV                         ; Qsys                                                   ; --            ; qsys_mm_interconnect_0_rsp_xbar_mux       ; --         ;
; IP_TOOL_ENV                         ; Qsys                                                   ; --            ; qsys_mm_interconnect_0_rsp_xbar_mux_001   ; --         ;
; IP_TOOL_ENV                         ; Qsys                                                   ; --            ; qsys_nios2_qsys                           ; --         ;
; IP_TOOL_ENV                         ; Qsys                                                   ; --            ; qsys_pio_mlcd_cs_n                        ; --         ;
; IP_TOOL_ENV                         ; Qsys                                                   ; --            ; qsys_pio_mlcd_data_in                     ; --         ;
; IP_TOOL_ENV                         ; Qsys                                                   ; --            ; qsys_pio_mlcd_data_out                    ; --         ;
; IP_TOOL_ENV                         ; Qsys                                                   ; --            ; qsys_sdram                                ; --         ;
; IP_TOOL_NAME                        ; ALTPLL                                                 ; --            ; --                                        ; --         ;
; IP_TOOL_NAME                        ; FIFO                                                   ; --            ; --                                        ; --         ;
; IP_TOOL_NAME                        ; altera_avalon_sc_fifo                                  ; --            ; altera_avalon_sc_fifo                     ; --         ;
; IP_TOOL_NAME                        ; altera_merlin_burst_adapter                            ; --            ; altera_merlin_burst_adapter               ; --         ;
; IP_TOOL_NAME                        ; altera_merlin_master_agent                             ; --            ; altera_merlin_master_agent                ; --         ;
; IP_TOOL_NAME                        ; altera_merlin_master_translator                        ; --            ; altera_merlin_master_translator           ; --         ;
; IP_TOOL_NAME                        ; altera_merlin_slave_agent                              ; --            ; altera_merlin_slave_agent                 ; --         ;
; IP_TOOL_NAME                        ; altera_merlin_slave_translator                         ; --            ; altera_merlin_slave_translator            ; --         ;
; IP_TOOL_NAME                        ; altera_merlin_traffic_limiter                          ; --            ; altera_merlin_traffic_limiter             ; --         ;
; IP_TOOL_NAME                        ; altera_merlin_width_adapter                            ; --            ; altera_merlin_width_adapter               ; --         ;
; IP_TOOL_NAME                        ; altera_reset_controller                                ; --            ; altera_reset_controller                   ; --         ;
; IP_TOOL_NAME                        ; Qsys                                                   ; --            ; qsys                                      ; --         ;
; IP_TOOL_NAME                        ; altera_avalon_epcs_flash_controller                    ; --            ; qsys_epcs_flash                           ; --         ;
; IP_TOOL_NAME                        ; altera_irq_mapper                                      ; --            ; qsys_irq_mapper                           ; --         ;
; IP_TOOL_NAME                        ; altera_avalon_jtag_uart                                ; --            ; qsys_jtag_uart                            ; --         ;
; IP_TOOL_NAME                        ; altera_merlin_interconnect_wrapper                     ; --            ; qsys_mm_interconnect_0                    ; --         ;
; IP_TOOL_NAME                        ; altera_merlin_router                                   ; --            ; qsys_mm_interconnect_0_addr_router        ; --         ;
; IP_TOOL_NAME                        ; altera_merlin_router                                   ; --            ; qsys_mm_interconnect_0_addr_router_001    ; --         ;
; IP_TOOL_NAME                        ; altera_merlin_demultiplexer                            ; --            ; qsys_mm_interconnect_0_cmd_xbar_demux     ; --         ;
; IP_TOOL_NAME                        ; altera_merlin_demultiplexer                            ; --            ; qsys_mm_interconnect_0_cmd_xbar_demux_001 ; --         ;
; IP_TOOL_NAME                        ; altera_merlin_multiplexer                              ; --            ; qsys_mm_interconnect_0_cmd_xbar_mux       ; --         ;
; IP_TOOL_NAME                        ; altera_merlin_multiplexer                              ; --            ; qsys_mm_interconnect_0_cmd_xbar_mux_003   ; --         ;
; IP_TOOL_NAME                        ; altera_merlin_router                                   ; --            ; qsys_mm_interconnect_0_id_router          ; --         ;
; IP_TOOL_NAME                        ; altera_merlin_router                                   ; --            ; qsys_mm_interconnect_0_id_router_002      ; --         ;
; IP_TOOL_NAME                        ; altera_merlin_router                                   ; --            ; qsys_mm_interconnect_0_id_router_003      ; --         ;
; IP_TOOL_NAME                        ; altera_merlin_demultiplexer                            ; --            ; qsys_mm_interconnect_0_rsp_xbar_demux     ; --         ;
; IP_TOOL_NAME                        ; altera_merlin_demultiplexer                            ; --            ; qsys_mm_interconnect_0_rsp_xbar_demux_003 ; --         ;
; IP_TOOL_NAME                        ; altera_merlin_multiplexer                              ; --            ; qsys_mm_interconnect_0_rsp_xbar_mux       ; --         ;
; IP_TOOL_NAME                        ; altera_merlin_multiplexer                              ; --            ; qsys_mm_interconnect_0_rsp_xbar_mux_001   ; --         ;
; IP_TOOL_NAME                        ; altera_nios2_qsys                                      ; --            ; qsys_nios2_qsys                           ; --         ;
; IP_TOOL_NAME                        ; altera_avalon_pio                                      ; --            ; qsys_pio_mlcd_cs_n                        ; --         ;
; IP_TOOL_NAME                        ; altera_avalon_pio                                      ; --            ; qsys_pio_mlcd_data_in                     ; --         ;
; IP_TOOL_NAME                        ; altera_avalon_pio                                      ; --            ; qsys_pio_mlcd_data_out                    ; --         ;
; IP_TOOL_NAME                        ; altera_avalon_new_sdram_controller                     ; --            ; qsys_sdram                                ; --         ;
; IP_TOOL_VERSION                     ; 13.1                                                   ; --            ; --                                        ; --         ;
; IP_TOOL_VERSION                     ; 13.1                                                   ; --            ; --                                        ; --         ;
; IP_TOOL_VERSION                     ; 13.1                                                   ; --            ; altera_avalon_sc_fifo                     ; --         ;
; IP_TOOL_VERSION                     ; 13.1                                                   ; --            ; altera_merlin_burst_adapter               ; --         ;
; IP_TOOL_VERSION                     ; 13.1                                                   ; --            ; altera_merlin_master_agent                ; --         ;
; IP_TOOL_VERSION                     ; 13.1                                                   ; --            ; altera_merlin_master_translator           ; --         ;
; IP_TOOL_VERSION                     ; 13.1                                                   ; --            ; altera_merlin_slave_agent                 ; --         ;
; IP_TOOL_VERSION                     ; 13.1                                                   ; --            ; altera_merlin_slave_translator            ; --         ;
; IP_TOOL_VERSION                     ; 13.1                                                   ; --            ; altera_merlin_traffic_limiter             ; --         ;
; IP_TOOL_VERSION                     ; 13.1                                                   ; --            ; altera_merlin_width_adapter               ; --         ;
; IP_TOOL_VERSION                     ; 13.1                                                   ; --            ; altera_reset_controller                   ; --         ;
; IP_TOOL_VERSION                     ; 13.1                                                   ; --            ; qsys                                      ; --         ;
; IP_TOOL_VERSION                     ; 13.1                                                   ; --            ; qsys_epcs_flash                           ; --         ;
; IP_TOOL_VERSION                     ; 13.1                                                   ; --            ; qsys_irq_mapper                           ; --         ;
; IP_TOOL_VERSION                     ; 13.1                                                   ; --            ; qsys_jtag_uart                            ; --         ;
; IP_TOOL_VERSION                     ; 13.1                                                   ; --            ; qsys_mm_interconnect_0                    ; --         ;
; IP_TOOL_VERSION                     ; 13.1                                                   ; --            ; qsys_mm_interconnect_0_addr_router        ; --         ;
; IP_TOOL_VERSION                     ; 13.1                                                   ; --            ; qsys_mm_interconnect_0_addr_router_001    ; --         ;
; IP_TOOL_VERSION                     ; 13.1                                                   ; --            ; qsys_mm_interconnect_0_cmd_xbar_demux     ; --         ;
; IP_TOOL_VERSION                     ; 13.1                                                   ; --            ; qsys_mm_interconnect_0_cmd_xbar_demux_001 ; --         ;
; IP_TOOL_VERSION                     ; 13.1                                                   ; --            ; qsys_mm_interconnect_0_cmd_xbar_mux       ; --         ;
; IP_TOOL_VERSION                     ; 13.1                                                   ; --            ; qsys_mm_interconnect_0_cmd_xbar_mux_003   ; --         ;
; IP_TOOL_VERSION                     ; 13.1                                                   ; --            ; qsys_mm_interconnect_0_id_router          ; --         ;
; IP_TOOL_VERSION                     ; 13.1                                                   ; --            ; qsys_mm_interconnect_0_id_router_002      ; --         ;
; IP_TOOL_VERSION                     ; 13.1                                                   ; --            ; qsys_mm_interconnect_0_id_router_003      ; --         ;
; IP_TOOL_VERSION                     ; 13.1                                                   ; --            ; qsys_mm_interconnect_0_rsp_xbar_demux     ; --         ;
; IP_TOOL_VERSION                     ; 13.1                                                   ; --            ; qsys_mm_interconnect_0_rsp_xbar_demux_003 ; --         ;
; IP_TOOL_VERSION                     ; 13.1                                                   ; --            ; qsys_mm_interconnect_0_rsp_xbar_mux       ; --         ;
; IP_TOOL_VERSION                     ; 13.1                                                   ; --            ; qsys_mm_interconnect_0_rsp_xbar_mux_001   ; --         ;
; IP_TOOL_VERSION                     ; 13.1                                                   ; --            ; qsys_nios2_qsys                           ; --         ;
; IP_TOOL_VERSION                     ; 13.1                                                   ; --            ; qsys_pio_mlcd_cs_n                        ; --         ;
; IP_TOOL_VERSION                     ; 13.1                                                   ; --            ; qsys_pio_mlcd_data_in                     ; --         ;
; IP_TOOL_VERSION                     ; 13.1                                                   ; --            ; qsys_pio_mlcd_data_out                    ; --         ;
; IP_TOOL_VERSION                     ; 13.1                                                   ; --            ; qsys_sdram                                ; --         ;
; MAX_CORE_JUNCTION_TEMP              ; 85                                                     ; --            ; --                                        ; --         ;
; MIN_CORE_JUNCTION_TEMP              ; 0                                                      ; --            ; --                                        ; --         ;
; MISC_FILE                           ; ../qsys/hardware/synthesis/../qsys.cmp                 ; --            ; --                                        ; --         ;
; MISC_FILE                           ; ../qsys/hardware/synthesis/../qsys.qsys                ; --            ; --                                        ; --         ;
; MISC_FILE                           ; ipcore/pll.ppf                                         ; --            ; --                                        ; --         ;
; MISC_FILE                           ; ipcore/fifo_inst.v                                     ; --            ; --                                        ; --         ;
; OUTPUT_IO_TIMING_FAR_END_VMEAS      ; Half Signal Swing                                      ; --            ; --                                        ; --         ;
; OUTPUT_IO_TIMING_FAR_END_VMEAS      ; Half Signal Swing                                      ; --            ; --                                        ; --         ;
; OUTPUT_IO_TIMING_NEAR_END_VMEAS     ; Half Vccio                                             ; --            ; --                                        ; --         ;
; OUTPUT_IO_TIMING_NEAR_END_VMEAS     ; Half Vccio                                             ; --            ; --                                        ; --         ;
; PARTITION_COLOR                     ; 16764057                                               ; --            ; --                                        ; Top        ;
; PARTITION_FITTER_PRESERVATION_LEVEL ; PLACEMENT_AND_ROUTING                                  ; --            ; --                                        ; Top        ;
; PARTITION_NETLIST_TYPE              ; SOURCE                                                 ; --            ; --                                        ; Top        ;
; POWER_BOARD_THERMAL_MODEL           ; None (CONSERVATIVE)                                    ; --            ; --                                        ; --         ;
; POWER_PRESET_COOLING_SOLUTION       ; 23 MM HEAT SINK WITH 200 LFPM AIRFLOW                  ; --            ; --                                        ; --         ;
; PROJECT_OUTPUT_DIRECTORY            ; output_files                                           ; --            ; --                                        ; --         ;
; SLD_FILE                            ; ../qsys/hardware/synthesis/qsys.regmap                 ; --            ; --                                        ; --         ;
; SLD_FILE                            ; ../qsys/hardware/synthesis/qsys.debuginfo              ; --            ; --                                        ; --         ;
; SLD_INFO                            ; QSYS_NAME qsys HAS_SOPCINFO 1 GENERATION_ID 1548240752 ; --            ; qsys                                      ; --         ;
; SOPCINFO_FILE                       ; ../qsys/hardware/synthesis/../qsys.sopcinfo            ; --            ; --                                        ; --         ;
; SYNTHESIS_ONLY_QIP                  ; On                                                     ; --            ; --                                        ; --         ;
; USE_SIGNALTAP_FILE                  ; stp1.stp                                               ; --            ; --                                        ; --         ;
+-------------------------------------+--------------------------------------------------------+---------------+-------------------------------------------+------------+


+-------------------------------------------------------------------------------------------------------------------------------+
; Flow Elapsed Time                                                                                                             ;
+---------------------------+--------------+-------------------------+---------------------+------------------------------------+
; Module Name               ; Elapsed Time ; Average Processors Used ; Peak Virtual Memory ; Total CPU Time (on all processors) ;
+---------------------------+--------------+-------------------------+---------------------+------------------------------------+
; Analysis & Synthesis      ; 00:00:35     ; 1.0                     ; 745 MB              ; 00:00:30                           ;
; Fitter                    ; 00:00:41     ; 1.4                     ; 1328 MB             ; 00:00:47                           ;
; Assembler                 ; 00:00:03     ; 1.0                     ; 465 MB              ; 00:00:02                           ;
; TimeQuest Timing Analyzer ; 00:00:06     ; 1.0                     ; 619 MB              ; 00:00:07                           ;
; Total                     ; 00:01:25     ; --                      ; --                  ; 00:01:26                           ;
+---------------------------+--------------+-------------------------+---------------------+------------------------------------+


+----------------------------------------------------------------------------------------+
; Flow OS Summary                                                                        ;
+---------------------------+------------------+-----------+------------+----------------+
; Module Name               ; Machine Hostname ; OS Name   ; OS Version ; Processor type ;
+---------------------------+------------------+-----------+------------+----------------+
; Analysis & Synthesis      ; USER-20180123QP  ; Windows 7 ; 6.1        ; x86_64         ;
; Fitter                    ; USER-20180123QP  ; Windows 7 ; 6.1        ; x86_64         ;
; Assembler                 ; USER-20180123QP  ; Windows 7 ; 6.1        ; x86_64         ;
; TimeQuest Timing Analyzer ; USER-20180123QP  ; Windows 7 ; 6.1        ; x86_64         ;
+---------------------------+------------------+-----------+------------+----------------+


------------
; Flow Log ;
------------
quartus_map --read_settings_files=on --write_settings_files=off ov5640_mcu_lcd -c ov5640_mcu_lcd
quartus_fit --read_settings_files=off --write_settings_files=off ov5640_mcu_lcd -c ov5640_mcu_lcd
quartus_asm --read_settings_files=off --write_settings_files=off ov5640_mcu_lcd -c ov5640_mcu_lcd
quartus_sta ov5640_mcu_lcd -c ov5640_mcu_lcd



