Info: Starting: Create block symbol file (.bsf)
Info: ip-generate --project-directory=F:/project/qsys_ucosii_hello/qsys/hardware/ --output-directory=F:/project/qsys_ucosii_hello/qsys/hardware/system_qsys/ --report-file=bsf:F:/project/qsys_ucosii_hello/qsys/hardware/system_qsys.bsf --system-info=DEVICE_FAMILY="Cyclone IV E" --system-info=DEVICE=EP4CE10F17C8 --system-info=DEVICE_SPEEDGRADE=8 --component-file=F:/project/qsys_ucosii_hello/qsys/hardware/system_qsys.qsys
Progress: Loading hardware/system_qsys.qsys
Progress: Reading input file
Progress: Adding clk [clock_source 13.1]
Progress: Parameterizing module clk
Progress: Adding nios2_qsys [altera_nios2_qsys 13.1]
Progress: Parameterizing module nios2_qsys
Progress: Adding sdram [altera_avalon_new_sdram_controller 13.1]
Progress: Parameterizing module sdram
Progress: Adding epcs [altera_avalon_epcs_flash_controller 13.1]
Progress: Parameterizing module epcs
Progress: Adding sysid_qsys [altera_avalon_sysid_qsys 13.1]
Progress: Parameterizing module sysid_qsys
Progress: Adding jtag_uart [altera_avalon_jtag_uart 13.1]
Progress: Parameterizing module jtag_uart
Progress: Adding timer [altera_avalon_timer 13.1]
Progress: Parameterizing module timer
Progress: Building connections
Progress: Parameterizing connections
Progress: Validating
Progress: Done reading input file
Info: system_qsys.epcs: Dedicated AS interface is not supported, signals are exported to top level design.
Info: system_qsys.sysid_qsys: System ID is not assigned automatically. Edit the System ID parameter to provide a unique ID
Info: system_qsys.sysid_qsys: Time stamp will be automatically updated when this component is generated.
Info: ip-generate succeeded.
Info: Finished: Create block symbol file (.bsf)
Info: 
Info: Starting: Create HDL design files for synthesis
Info: ip-generate --project-directory=F:/project/qsys_ucosii_hello/qsys/hardware/ --output-directory=F:/project/qsys_ucosii_hello/qsys/hardware/system_qsys/synthesis/ --file-set=QUARTUS_SYNTH --report-file=html:F:/project/qsys_ucosii_hello/qsys/hardware/system_qsys.html --report-file=sopcinfo:F:/project/qsys_ucosii_hello/qsys/hardware/system_qsys.sopcinfo --report-file=cmp:F:/project/qsys_ucosii_hello/qsys/hardware/system_qsys.cmp --report-file=qip:F:/project/qsys_ucosii_hello/qsys/hardware/system_qsys/synthesis/system_qsys.qip --report-file=svd --report-file=regmap:F:/project/qsys_ucosii_hello/qsys/hardware/system_qsys/synthesis/system_qsys.regmap --report-file=debuginfo:F:/project/qsys_ucosii_hello/qsys/hardware/system_qsys/synthesis/system_qsys.debuginfo --system-info=DEVICE_FAMILY="Cyclone IV E" --system-info=DEVICE=EP4CE10F17C8 --system-info=DEVICE_SPEEDGRADE=8 --component-file=F:/project/qsys_ucosii_hello/qsys/hardware/system_qsys.qsys --language=VERILOG
Progress: Loading hardware/system_qsys.qsys
Progress: Reading input file
Progress: Adding clk [clock_source 13.1]
Progress: Parameterizing module clk
Progress: Adding nios2_qsys [altera_nios2_qsys 13.1]
Progress: Parameterizing module nios2_qsys
Progress: Adding sdram [altera_avalon_new_sdram_controller 13.1]
Progress: Parameterizing module sdram
Progress: Adding epcs [altera_avalon_epcs_flash_controller 13.1]
Progress: Parameterizing module epcs
Progress: Adding sysid_qsys [altera_avalon_sysid_qsys 13.1]
Progress: Parameterizing module sysid_qsys
Progress: Adding jtag_uart [altera_avalon_jtag_uart 13.1]
Progress: Parameterizing module jtag_uart
Progress: Adding timer [altera_avalon_timer 13.1]
Progress: Parameterizing module timer
Progress: Building connections
Progress: Parameterizing connections
Progress: Validating
Progress: Done reading input file
Info: system_qsys.epcs: Dedicated AS interface is not supported, signals are exported to top level design.
Info: system_qsys.sysid_qsys: System ID is not assigned automatically. Edit the System ID parameter to provide a unique ID
Info: system_qsys.sysid_qsys: Time stamp will be automatically updated when this component is generated.
Info: system_qsys: Generating system_qsys "system_qsys" for QUARTUS_SYNTH
Info: pipeline_bridge_swap_transform: After transform: 7 modules, 30 connections
Info: No custom instruction connections, skipping transform 
Info: merlin_initial_interconnect_transform: After transform: 7 modules, 27 connections
Info: merlin_translator_transform: After transform: 15 modules, 59 connections
Info: merlin_domain_transform: After transform: 31 modules, 162 connections
Info: merlin_router_transform: After transform: 39 modules, 194 connections
Info: merlin_traffic_limiter_transform: After transform: 41 modules, 204 connections
Info: merlin_burst_transform: After transform: 42 modules, 208 connections
Info: merlin_network_to_switch_transform: After transform: 57 modules, 250 connections
Info: merlin_width_transform: After transform: 59 modules, 258 connections
Info: limiter_update_transform: After transform: 59 modules, 260 connections
Info: merlin_clock_and_reset_bridge_transform: After transform: 61 modules, 320 connections
Info: merlin_hierarchy_transform: After transform: 8 modules, 32 connections
Info: merlin_mm_transform: After transform: 8 modules, 32 connections
Info: merlin_interrupt_mapper_transform: After transform: 9 modules, 36 connections
Info: reset_adaptation_transform: After transform: 11 modules, 38 connections
Warning: system_qsys: "No matching role found for epcs:epcs_control_port:endofpacket (endofpacket)"
Warning: system_qsys: "No matching role found for epcs:epcs_control_port:dataavailable (dataavailable)"
Warning: system_qsys: "No matching role found for epcs:epcs_control_port:readyfordata (readyfordata)"
Info: nios2_qsys: Starting RTL generation for module 'system_qsys_nios2_qsys'
Info: nios2_qsys:   Generation command is [exec D:/altera/13.1/quartus/bin/eperlcmd.exe -I D:/altera/13.1/quartus/bin/perl/lib -I D:/altera/13.1/quartus/sopc_builder/bin/europa -I D:/altera/13.1/quartus/sopc_builder/bin/perl_lib -I D:/altera/13.1/quartus/sopc_builder/bin -I D:/altera/13.1/quartus/../ip/altera/nios2_ip/altera_nios2/cpu_lib -I D:/altera/13.1/quartus/../ip/altera/nios2_ip/altera_nios2/nios_lib -I D:/altera/13.1/quartus/../ip/altera/nios2_ip/altera_nios2 -I D:/altera/13.1/quartus/../ip/altera/nios2_ip/altera_nios2 -- D:/altera/13.1/quartus/../ip/altera/nios2_ip/altera_nios2/generate_rtl.epl --name=system_qsys_nios2_qsys --dir=C:/Users/ADMINI~1/AppData/Local/Temp/alt7940_2216975122127454719.dir/0028_nios2_qsys_gen/ --quartus_dir=D:/altera/13.1/quartus --verilog --config=C:/Users/ADMINI~1/AppData/Local/Temp/alt7940_2216975122127454719.dir/0028_nios2_qsys_gen//system_qsys_nios2_qsys_processor_configuration.pl  --do_build_sim=0  ]
Info: nios2_qsys: # 2019.02.13 14:36:03 (*) Starting Nios II generation
Info: nios2_qsys: # 2019.02.13 14:36:03 (*)   Checking for plaintext license.
Info: nios2_qsys: # 2019.02.13 14:36:04 (*)   Plaintext license not found.
Info: nios2_qsys: # 2019.02.13 14:36:04 (*)   Checking for encrypted license (non-evaluation).
Info: nios2_qsys: # 2019.02.13 14:36:05 (*)   Encrypted license found.  SOF will not be time-limited.
Info: nios2_qsys: # 2019.02.13 14:36:05 (*)   Elaborating CPU configuration settings
Info: nios2_qsys: # 2019.02.13 14:36:05 (*)   Creating all objects for CPU
Info: nios2_qsys: # 2019.02.13 14:36:05 (*)     Testbench
Info: nios2_qsys: # 2019.02.13 14:36:05 (*)     Instruction decoding
Info: nios2_qsys: # 2019.02.13 14:36:05 (*)       Instruction fields
Info: nios2_qsys: # 2019.02.13 14:36:05 (*)       Instruction decodes
Info: nios2_qsys: # 2019.02.13 14:36:06 (*)       Signals for RTL simulation waveforms
Info: nios2_qsys: # 2019.02.13 14:36:06 (*)       Instruction controls
Info: nios2_qsys: # 2019.02.13 14:36:06 (*)     Pipeline frontend
Info: nios2_qsys: # 2019.02.13 14:36:06 (*)     Pipeline backend
Info: nios2_qsys: # 2019.02.13 14:36:08 (*)   Generating RTL from CPU objects
Info: nios2_qsys: # 2019.02.13 14:36:10 (*)   Creating encrypted RTL
Info: nios2_qsys: # 2019.02.13 14:36:11 (*) Done Nios II generation
Info: nios2_qsys: Done RTL generation for module 'system_qsys_nios2_qsys'
Info: nios2_qsys: "system_qsys" instantiated altera_nios2_qsys "nios2_qsys"
Info: sdram: Starting RTL generation for module 'system_qsys_sdram'
Info: sdram:   Generation command is [exec D:/altera/13.1/quartus/bin/perl/bin/perl.exe -I D:/altera/13.1/quartus/bin/perl/lib -I D:/altera/13.1/quartus/sopc_builder/bin/europa -I D:/altera/13.1/quartus/sopc_builder/bin/perl_lib -I D:/altera/13.1/quartus/sopc_builder/bin -I D:/altera/13.1/quartus/../ip/altera/sopc_builder_ip/common -I D:/altera/13.1/quartus/../ip/altera/sopc_builder_ip/altera_avalon_new_sdram_controller -- D:/altera/13.1/quartus/../ip/altera/sopc_builder_ip/altera_avalon_new_sdram_controller/generate_rtl.pl --name=system_qsys_sdram --dir=C:/Users/ADMINI~1/AppData/Local/Temp/alt7940_2216975122127454719.dir/0029_sdram_gen/ --quartus_dir=D:/altera/13.1/quartus --verilog --config=C:/Users/ADMINI~1/AppData/Local/Temp/alt7940_2216975122127454719.dir/0029_sdram_gen//system_qsys_sdram_component_configuration.pl  --do_build_sim=0  ]
Info: sdram: Done RTL generation for module 'system_qsys_sdram'
Info: sdram: "system_qsys" instantiated altera_avalon_new_sdram_controller "sdram"
Info: epcs: Starting RTL generation for module 'system_qsys_epcs'
Info: epcs:   Generation command is [exec D:/altera/13.1/quartus/bin/perl/bin/perl.exe -I D:/altera/13.1/quartus/bin/perl/lib -I D:/altera/13.1/quartus/sopc_builder/bin/europa -I D:/altera/13.1/quartus/sopc_builder/bin/perl_lib -I D:/altera/13.1/quartus/sopc_builder/bin -I D:/altera/13.1/quartus/../ip/altera/sopc_builder_ip/common -I D:/altera/13.1/quartus/../ip/altera/sopc_builder_ip/altera_avalon_epcs_flash_controller -- D:/altera/13.1/quartus/../ip/altera/sopc_builder_ip/altera_avalon_epcs_flash_controller/generate_rtl.pl --name=system_qsys_epcs --dir=C:/Users/ADMINI~1/AppData/Local/Temp/alt7940_2216975122127454719.dir/0030_epcs_gen/ --quartus_dir=D:/altera/13.1/quartus --verilog --config=C:/Users/ADMINI~1/AppData/Local/Temp/alt7940_2216975122127454719.dir/0030_epcs_gen//system_qsys_epcs_component_configuration.pl  --do_build_sim=0  ]
Info: epcs: Done RTL generation for module 'system_qsys_epcs'
Info: epcs: "system_qsys" instantiated altera_avalon_epcs_flash_controller "epcs"
Info: sysid_qsys: "system_qsys" instantiated altera_avalon_sysid_qsys "sysid_qsys"
Info: jtag_uart: Starting RTL generation for module 'system_qsys_jtag_uart'
Info: jtag_uart:   Generation command is [exec D:/altera/13.1/quartus/bin/perl/bin/perl.exe -I D:/altera/13.1/quartus/bin/perl/lib -I D:/altera/13.1/quartus/sopc_builder/bin/europa -I D:/altera/13.1/quartus/sopc_builder/bin/perl_lib -I D:/altera/13.1/quartus/sopc_builder/bin -I D:/altera/13.1/quartus/../ip/altera/sopc_builder_ip/common -I D:/altera/13.1/quartus/../ip/altera/sopc_builder_ip/altera_avalon_jtag_uart -- D:/altera/13.1/quartus/../ip/altera/sopc_builder_ip/altera_avalon_jtag_uart/generate_rtl.pl --name=system_qsys_jtag_uart --dir=C:/Users/ADMINI~1/AppData/Local/Temp/alt7940_2216975122127454719.dir/0032_jtag_uart_gen/ --quartus_dir=D:/altera/13.1/quartus --verilog --config=C:/Users/ADMINI~1/AppData/Local/Temp/alt7940_2216975122127454719.dir/0032_jtag_uart_gen//system_qsys_jtag_uart_component_configuration.pl  --do_build_sim=0  ]
Info: jtag_uart: Done RTL generation for module 'system_qsys_jtag_uart'
Info: jtag_uart: "system_qsys" instantiated altera_avalon_jtag_uart "jtag_uart"
Info: timer: Starting RTL generation for module 'system_qsys_timer'
Info: timer:   Generation command is [exec D:/altera/13.1/quartus/bin//perl/bin/perl.exe -I D:/altera/13.1/quartus/bin//perl/lib -I D:/altera/13.1/quartus/sopc_builder/bin/europa -I D:/altera/13.1/quartus/sopc_builder/bin/perl_lib -I D:/altera/13.1/quartus/sopc_builder/bin -I D:/altera/13.1/quartus/../ip/altera/sopc_builder_ip/common -I D:/altera/13.1/quartus/../ip/altera/sopc_builder_ip/altera_avalon_timer -- D:/altera/13.1/quartus/../ip/altera/sopc_builder_ip/altera_avalon_timer/generate_rtl.pl --name=system_qsys_timer --dir=C:/Users/ADMINI~1/AppData/Local/Temp/alt7940_2216975122127454719.dir/0033_timer_gen/ --quartus_dir=D:/altera/13.1/quartus --verilog --config=C:/Users/ADMINI~1/AppData/Local/Temp/alt7940_2216975122127454719.dir/0033_timer_gen//system_qsys_timer_component_configuration.pl  --do_build_sim=0  ]
Info: timer: Done RTL generation for module 'system_qsys_timer'
Info: timer: "system_qsys" instantiated altera_avalon_timer "timer"
Info: pipeline_bridge_swap_transform: After transform: 54 modules, 183 connections
Info: No custom instruction connections, skipping transform 
Info: merlin_initial_interconnect_transform: After transform: 0 modules, 0 connections
Info: No Avalon connections, skipping transform 
Info: merlin_hierarchy_transform: After transform: 54 modules, 183 connections
Info: merlin_initial_interconnect_transform: After transform: 0 modules, 0 connections
Info: No Avalon connections, skipping transform 
Info: merlin_hierarchy_transform: After transform: 54 modules, 183 connections
Info: merlin_initial_interconnect_transform: After transform: 0 modules, 0 connections
Info: No Avalon connections, skipping transform 
Info: merlin_hierarchy_transform: After transform: 54 modules, 183 connections
Info: merlin_initial_interconnect_transform: After transform: 0 modules, 0 connections
Info: No Avalon connections, skipping transform 
Info: merlin_hierarchy_transform: After transform: 54 modules, 183 connections
Info: merlin_initial_interconnect_transform: After transform: 0 modules, 0 connections
Info: No Avalon connections, skipping transform 
Info: merlin_hierarchy_transform: After transform: 54 modules, 183 connections
Info: merlin_initial_interconnect_transform: After transform: 0 modules, 0 connections
Info: No Avalon connections, skipping transform 
Info: merlin_hierarchy_transform: After transform: 54 modules, 183 connections
Info: merlin_initial_interconnect_transform: After transform: 0 modules, 0 connections
Info: No Avalon connections, skipping transform 
Info: merlin_hierarchy_transform: After transform: 54 modules, 183 connections
Info: merlin_initial_interconnect_transform: After transform: 0 modules, 0 connections
Info: No Avalon connections, skipping transform 
Info: merlin_hierarchy_transform: After transform: 54 modules, 183 connections
Info: mm_interconnect_0: "system_qsys" instantiated altera_merlin_interconnect_wrapper "mm_interconnect_0"
Info: irq_mapper: "system_qsys" instantiated altera_irq_mapper "irq_mapper"
Info: rst_controller: "system_qsys" instantiated altera_reset_controller "rst_controller"
Info: nios2_qsys_instruction_master_translator: "mm_interconnect_0" instantiated altera_merlin_master_translator "nios2_qsys_instruction_master_translator"
Info: nios2_qsys_jtag_debug_module_translator: "mm_interconnect_0" instantiated altera_merlin_slave_translator "nios2_qsys_jtag_debug_module_translator"
Info: nios2_qsys_instruction_master_translator_avalon_universal_master_0_agent: "mm_interconnect_0" instantiated altera_merlin_master_agent "nios2_qsys_instruction_master_translator_avalon_universal_master_0_agent"
Info: nios2_qsys_jtag_debug_module_translator_avalon_universal_slave_0_agent: "mm_interconnect_0" instantiated altera_merlin_slave_agent "nios2_qsys_jtag_debug_module_translator_avalon_universal_slave_0_agent"
Info: nios2_qsys_jtag_debug_module_translator_avalon_universal_slave_0_agent_rsp_fifo: "mm_interconnect_0" instantiated altera_avalon_sc_fifo "nios2_qsys_jtag_debug_module_translator_avalon_universal_slave_0_agent_rsp_fifo"
Info: addr_router: "mm_interconnect_0" instantiated altera_merlin_router "addr_router"
Info: addr_router_001: "mm_interconnect_0" instantiated altera_merlin_router "addr_router_001"
Info: id_router: "mm_interconnect_0" instantiated altera_merlin_router "id_router"
Info: id_router_001: "mm_interconnect_0" instantiated altera_merlin_router "id_router_001"
Info: id_router_003: "mm_interconnect_0" instantiated altera_merlin_router "id_router_003"
Info: limiter: "mm_interconnect_0" instantiated altera_merlin_traffic_limiter "limiter"
Info: Reusing file F:/project/qsys_ucosii_hello/qsys/hardware/system_qsys/synthesis/submodules/altera_avalon_sc_fifo.v
Info: burst_adapter: "mm_interconnect_0" instantiated altera_merlin_burst_adapter "burst_adapter"
Info: cmd_xbar_demux: "mm_interconnect_0" instantiated altera_merlin_demultiplexer "cmd_xbar_demux"
Info: cmd_xbar_demux_001: "mm_interconnect_0" instantiated altera_merlin_demultiplexer "cmd_xbar_demux_001"
Info: cmd_xbar_mux: "mm_interconnect_0" instantiated altera_merlin_multiplexer "cmd_xbar_mux"
Info: cmd_xbar_mux_003: "mm_interconnect_0" instantiated altera_merlin_multiplexer "cmd_xbar_mux_003"
Info: Reusing file F:/project/qsys_ucosii_hello/qsys/hardware/system_qsys/synthesis/submodules/altera_merlin_arbitrator.sv
Info: rsp_xbar_demux: "mm_interconnect_0" instantiated altera_merlin_demultiplexer "rsp_xbar_demux"
Info: rsp_xbar_demux_003: "mm_interconnect_0" instantiated altera_merlin_demultiplexer "rsp_xbar_demux_003"
Info: rsp_xbar_mux: "mm_interconnect_0" instantiated altera_merlin_multiplexer "rsp_xbar_mux"
Info: Reusing file F:/project/qsys_ucosii_hello/qsys/hardware/system_qsys/synthesis/submodules/altera_merlin_arbitrator.sv
Info: rsp_xbar_mux_001: "mm_interconnect_0" instantiated altera_merlin_multiplexer "rsp_xbar_mux_001"
Info: Reusing file F:/project/qsys_ucosii_hello/qsys/hardware/system_qsys/synthesis/submodules/altera_merlin_arbitrator.sv
Info: width_adapter: "mm_interconnect_0" instantiated altera_merlin_width_adapter "width_adapter"
Info: Reusing file F:/project/qsys_ucosii_hello/qsys/hardware/system_qsys/synthesis/submodules/altera_merlin_address_alignment.sv
Info: Reusing file F:/project/qsys_ucosii_hello/qsys/hardware/system_qsys/synthesis/submodules/altera_merlin_burst_uncompressor.sv
Info: system_qsys: Done "system_qsys" with 31 modules, 53 files, 1383925 bytes
Info: ip-generate succeeded.
Info: Finished: Create HDL design files for synthesis
