Info: Starting: Create block symbol file (.bsf)
Info: ip-generate --project-directory=F:/project/qsys_ucosii_hello/qsys/hardware/ --output-directory=F:/project/qsys_ucosii_hello/qsys/hardware/system_qsys/ --report-file=bsf:F:/project/qsys_ucosii_hello/qsys/hardware/system_qsys.bsf --system-info=DEVICE_FAMILY="Cyclone IV E" --system-info=DEVICE=EP4CE10F17C8 --system-info=DEVICE_SPEEDGRADE=8 --component-file=F:/project/qsys_ucosii_hello/qsys/hardware/system_qsys.qsys
Progress: Loading hardware/system_qsys.qsys
Progress: Reading input file
Progress: Adding clk [clock_source 13.1]
Progress: Parameterizing module clk
Progress: Adding nios2_qsys [altera_nios2_qsys 13.1]
Progress: Parameterizing module nios2_qsys
Progress: Adding sdram [altera_avalon_new_sdram_controller 13.1]
Progress: Parameterizing module sdram
Progress: Adding jtag_uart [altera_avalon_jtag_uart 13.1]
Progress: Parameterizing module jtag_uart
Progress: Adding sysid_qsys [altera_avalon_sysid_qsys 13.1]
Progress: Parameterizing module sysid_qsys
Progress: Adding timer [altera_avalon_timer 13.1]
Progress: Parameterizing module timer
Progress: Building connections
Progress: Parameterizing connections
Progress: Validating
Progress: Done reading input file
Info: system_qsys.sysid_qsys: System ID is not assigned automatically. Edit the System ID parameter to provide a unique ID
Info: system_qsys.sysid_qsys: Time stamp will be automatically updated when this component is generated.
Info: ip-generate succeeded.
Info: Finished: Create block symbol file (.bsf)
Info: 
Info: Starting: Create HDL design files for synthesis
Info: ip-generate --project-directory=F:/project/qsys_ucosii_hello/qsys/hardware/ --output-directory=F:/project/qsys_ucosii_hello/qsys/hardware/system_qsys/synthesis/ --file-set=QUARTUS_SYNTH --report-file=html:F:/project/qsys_ucosii_hello/qsys/hardware/system_qsys.html --report-file=sopcinfo:F:/project/qsys_ucosii_hello/qsys/hardware/system_qsys.sopcinfo --report-file=cmp:F:/project/qsys_ucosii_hello/qsys/hardware/system_qsys.cmp --report-file=qip:F:/project/qsys_ucosii_hello/qsys/hardware/system_qsys/synthesis/system_qsys.qip --report-file=svd --report-file=regmap:F:/project/qsys_ucosii_hello/qsys/hardware/system_qsys/synthesis/system_qsys.regmap --report-file=debuginfo:F:/project/qsys_ucosii_hello/qsys/hardware/system_qsys/synthesis/system_qsys.debuginfo --system-info=DEVICE_FAMILY="Cyclone IV E" --system-info=DEVICE=EP4CE10F17C8 --system-info=DEVICE_SPEEDGRADE=8 --component-file=F:/project/qsys_ucosii_hello/qsys/hardware/system_qsys.qsys --language=VERILOG
Progress: Loading hardware/system_qsys.qsys
Progress: Reading input file
Progress: Adding clk [clock_source 13.1]
Progress: Parameterizing module clk
Progress: Adding nios2_qsys [altera_nios2_qsys 13.1]
Progress: Parameterizing module nios2_qsys
Progress: Adding sdram [altera_avalon_new_sdram_controller 13.1]
Progress: Parameterizing module sdram
Progress: Adding jtag_uart [altera_avalon_jtag_uart 13.1]
Progress: Parameterizing module jtag_uart
Progress: Adding sysid_qsys [altera_avalon_sysid_qsys 13.1]
Progress: Parameterizing module sysid_qsys
Progress: Adding timer [altera_avalon_timer 13.1]
Progress: Parameterizing module timer
Progress: Building connections
Progress: Parameterizing connections
Progress: Validating
Progress: Done reading input file
Info: system_qsys.sysid_qsys: System ID is not assigned automatically. Edit the System ID parameter to provide a unique ID
Info: system_qsys.sysid_qsys: Time stamp will be automatically updated when this component is generated.
Info: system_qsys: Generating system_qsys "system_qsys" for QUARTUS_SYNTH
Info: pipeline_bridge_swap_transform: After transform: 6 modules, 24 connections
Info: No custom instruction connections, skipping transform 
Info: merlin_initial_interconnect_transform: After transform: 6 modules, 22 connections
Info: merlin_translator_transform: After transform: 13 modules, 50 connections
Info: merlin_domain_transform: After transform: 27 modules, 140 connections
Info: merlin_router_transform: After transform: 34 modules, 168 connections
Info: merlin_traffic_limiter_transform: After transform: 35 modules, 173 connections
Info: merlin_burst_transform: After transform: 36 modules, 177 connections
Info: merlin_network_to_switch_transform: After transform: 49 modules, 212 connections
Info: merlin_width_transform: After transform: 51 modules, 220 connections
Info: limiter_update_transform: After transform: 51 modules, 221 connections
Info: merlin_clock_and_reset_bridge_transform: After transform: 53 modules, 273 connections
Info: merlin_hierarchy_transform: After transform: 7 modules, 27 connections
Info: merlin_mm_transform: After transform: 7 modules, 27 connections
Info: merlin_interrupt_mapper_transform: After transform: 8 modules, 31 connections
Info: reset_adaptation_transform: After transform: 10 modules, 34 connections
Info: nios2_qsys: Starting RTL generation for module 'system_qsys_nios2_qsys'
Info: nios2_qsys:   Generation command is [exec D:/altera/13.1/quartus/bin/eperlcmd.exe -I D:/altera/13.1/quartus/bin/perl/lib -I D:/altera/13.1/quartus/sopc_builder/bin/europa -I D:/altera/13.1/quartus/sopc_builder/bin/perl_lib -I D:/altera/13.1/quartus/sopc_builder/bin -I D:/altera/13.1/quartus/../ip/altera/nios2_ip/altera_nios2/cpu_lib -I D:/altera/13.1/quartus/../ip/altera/nios2_ip/altera_nios2/nios_lib -I D:/altera/13.1/quartus/../ip/altera/nios2_ip/altera_nios2 -I D:/altera/13.1/quartus/../ip/altera/nios2_ip/altera_nios2 -- D:/altera/13.1/quartus/../ip/altera/nios2_ip/altera_nios2/generate_rtl.epl --name=system_qsys_nios2_qsys --dir=C:/Users/ADMINI~1/AppData/Local/Temp/alt7939_2426768779668714199.dir/0055_nios2_qsys_gen/ --quartus_dir=D:/altera/13.1/quartus --verilog --config=C:/Users/ADMINI~1/AppData/Local/Temp/alt7939_2426768779668714199.dir/0055_nios2_qsys_gen//system_qsys_nios2_qsys_processor_configuration.pl  --do_build_sim=0  ]
Info: nios2_qsys: # 2019.02.12 16:14:01 (*) Starting Nios II generation
Info: nios2_qsys: # 2019.02.12 16:14:01 (*)   Checking for plaintext license.
Info: nios2_qsys: # 2019.02.12 16:14:02 (*)   Plaintext license not found.
Info: nios2_qsys: # 2019.02.12 16:14:02 (*)   Checking for encrypted license (non-evaluation).
Info: nios2_qsys: # 2019.02.12 16:14:03 (*)   Encrypted license found.  SOF will not be time-limited.
Info: nios2_qsys: # 2019.02.12 16:14:03 (*)   Elaborating CPU configuration settings
Info: nios2_qsys: # 2019.02.12 16:14:03 (*)   Creating all objects for CPU
Info: nios2_qsys: # 2019.02.12 16:14:04 (*)     Pipeline frontend
Info: nios2_qsys: # 2019.02.12 16:14:05 (*)   Generating RTL from CPU objects
Info: nios2_qsys: # 2019.02.12 16:14:07 (*)   Creating encrypted RTL
Info: nios2_qsys: # 2019.02.12 16:14:07 (*) Done Nios II generation
Info: nios2_qsys: Done RTL generation for module 'system_qsys_nios2_qsys'
Info: nios2_qsys: "system_qsys" instantiated altera_nios2_qsys "nios2_qsys"
Info: sdram: Starting RTL generation for module 'system_qsys_sdram'
Info: sdram:   Generation command is [exec D:/altera/13.1/quartus/bin/perl/bin/perl.exe -I D:/altera/13.1/quartus/bin/perl/lib -I D:/altera/13.1/quartus/sopc_builder/bin/europa -I D:/altera/13.1/quartus/sopc_builder/bin/perl_lib -I D:/altera/13.1/quartus/sopc_builder/bin -I D:/altera/13.1/quartus/../ip/altera/sopc_builder_ip/common -I D:/altera/13.1/quartus/../ip/altera/sopc_builder_ip/altera_avalon_new_sdram_controller -- D:/altera/13.1/quartus/../ip/altera/sopc_builder_ip/altera_avalon_new_sdram_controller/generate_rtl.pl --name=system_qsys_sdram --dir=C:/Users/ADMINI~1/AppData/Local/Temp/alt7939_2426768779668714199.dir/0056_sdram_gen/ --quartus_dir=D:/altera/13.1/quartus --verilog --config=C:/Users/ADMINI~1/AppData/Local/Temp/alt7939_2426768779668714199.dir/0056_sdram_gen//system_qsys_sdram_component_configuration.pl  --do_build_sim=0  ]
Info: sdram: Done RTL generation for module 'system_qsys_sdram'
Info: sdram: "system_qsys" instantiated altera_avalon_new_sdram_controller "sdram"
Info: jtag_uart: Starting RTL generation for module 'system_qsys_jtag_uart'
Info: jtag_uart:   Generation command is [exec D:/altera/13.1/quartus/bin/perl/bin/perl.exe -I D:/altera/13.1/quartus/bin/perl/lib -I D:/altera/13.1/quartus/sopc_builder/bin/europa -I D:/altera/13.1/quartus/sopc_builder/bin/perl_lib -I D:/altera/13.1/quartus/sopc_builder/bin -I D:/altera/13.1/quartus/../ip/altera/sopc_builder_ip/common -I D:/altera/13.1/quartus/../ip/altera/sopc_builder_ip/altera_avalon_jtag_uart -- D:/altera/13.1/quartus/../ip/altera/sopc_builder_ip/altera_avalon_jtag_uart/generate_rtl.pl --name=system_qsys_jtag_uart --dir=C:/Users/ADMINI~1/AppData/Local/Temp/alt7939_2426768779668714199.dir/0057_jtag_uart_gen/ --quartus_dir=D:/altera/13.1/quartus --verilog --config=C:/Users/ADMINI~1/AppData/Local/Temp/alt7939_2426768779668714199.dir/0057_jtag_uart_gen//system_qsys_jtag_uart_component_configuration.pl  --do_build_sim=0  ]
Info: jtag_uart: Done RTL generation for module 'system_qsys_jtag_uart'
Info: jtag_uart: "system_qsys" instantiated altera_avalon_jtag_uart "jtag_uart"
Info: sysid_qsys: "system_qsys" instantiated altera_avalon_sysid_qsys "sysid_qsys"
Info: timer: Starting RTL generation for module 'system_qsys_timer'
Info: timer:   Generation command is [exec D:/altera/13.1/quartus/bin//perl/bin/perl.exe -I D:/altera/13.1/quartus/bin//perl/lib -I D:/altera/13.1/quartus/sopc_builder/bin/europa -I D:/altera/13.1/quartus/sopc_builder/bin/perl_lib -I D:/altera/13.1/quartus/sopc_builder/bin -I D:/altera/13.1/quartus/../ip/altera/sopc_builder_ip/common -I D:/altera/13.1/quartus/../ip/altera/sopc_builder_ip/altera_avalon_timer -- D:/altera/13.1/quartus/../ip/altera/sopc_builder_ip/altera_avalon_timer/generate_rtl.pl --name=system_qsys_timer --dir=C:/Users/ADMINI~1/AppData/Local/Temp/alt7939_2426768779668714199.dir/0059_timer_gen/ --quartus_dir=D:/altera/13.1/quartus --verilog --config=C:/Users/ADMINI~1/AppData/Local/Temp/alt7939_2426768779668714199.dir/0059_timer_gen//system_qsys_timer_component_configuration.pl  --do_build_sim=0  ]
Info: timer: Done RTL generation for module 'system_qsys_timer'
Info: timer: "system_qsys" instantiated altera_avalon_timer "timer"
Info: pipeline_bridge_swap_transform: After transform: 47 modules, 155 connections
Info: No custom instruction connections, skipping transform 
Info: merlin_initial_interconnect_transform: After transform: 0 modules, 0 connections
Info: No Avalon connections, skipping transform 
Info: merlin_hierarchy_transform: After transform: 47 modules, 155 connections
Info: merlin_initial_interconnect_transform: After transform: 0 modules, 0 connections
Info: No Avalon connections, skipping transform 
Info: merlin_hierarchy_transform: After transform: 47 modules, 155 connections
Info: merlin_initial_interconnect_transform: After transform: 0 modules, 0 connections
Info: No Avalon connections, skipping transform 
Info: merlin_hierarchy_transform: After transform: 47 modules, 155 connections
Info: merlin_initial_interconnect_transform: After transform: 0 modules, 0 connections
Info: No Avalon connections, skipping transform 
Info: merlin_hierarchy_transform: After transform: 47 modules, 155 connections
Info: merlin_initial_interconnect_transform: After transform: 0 modules, 0 connections
Info: No Avalon connections, skipping transform 
Info: merlin_hierarchy_transform: After transform: 47 modules, 155 connections
Info: merlin_initial_interconnect_transform: After transform: 0 modules, 0 connections
Info: No Avalon connections, skipping transform 
Info: merlin_hierarchy_transform: After transform: 47 modules, 155 connections
Info: merlin_initial_interconnect_transform: After transform: 0 modules, 0 connections
Info: No Avalon connections, skipping transform 
Info: merlin_hierarchy_transform: After transform: 47 modules, 155 connections
Info: mm_interconnect_0: "system_qsys" instantiated altera_merlin_interconnect_wrapper "mm_interconnect_0"
Info: irq_mapper: "system_qsys" instantiated altera_irq_mapper "irq_mapper"
Info: rst_controller: "system_qsys" instantiated altera_reset_controller "rst_controller"
Info: nios2_qsys_instruction_master_translator: "mm_interconnect_0" instantiated altera_merlin_master_translator "nios2_qsys_instruction_master_translator"
Info: nios2_qsys_jtag_debug_module_translator: "mm_interconnect_0" instantiated altera_merlin_slave_translator "nios2_qsys_jtag_debug_module_translator"
Info: nios2_qsys_instruction_master_translator_avalon_universal_master_0_agent: "mm_interconnect_0" instantiated altera_merlin_master_agent "nios2_qsys_instruction_master_translator_avalon_universal_master_0_agent"
Info: nios2_qsys_jtag_debug_module_translator_avalon_universal_slave_0_agent: "mm_interconnect_0" instantiated altera_merlin_slave_agent "nios2_qsys_jtag_debug_module_translator_avalon_universal_slave_0_agent"
Info: nios2_qsys_jtag_debug_module_translator_avalon_universal_slave_0_agent_rsp_fifo: "mm_interconnect_0" instantiated altera_avalon_sc_fifo "nios2_qsys_jtag_debug_module_translator_avalon_universal_slave_0_agent_rsp_fifo"
Info: addr_router: "mm_interconnect_0" instantiated altera_merlin_router "addr_router"
Info: addr_router_001: "mm_interconnect_0" instantiated altera_merlin_router "addr_router_001"
Info: id_router: "mm_interconnect_0" instantiated altera_merlin_router "id_router"
Info: id_router_001: "mm_interconnect_0" instantiated altera_merlin_router "id_router_001"
Info: id_router_002: "mm_interconnect_0" instantiated altera_merlin_router "id_router_002"
Info: limiter: "mm_interconnect_0" instantiated altera_merlin_traffic_limiter "limiter"
Info: Reusing file F:/project/qsys_ucosii_hello/qsys/hardware/system_qsys/synthesis/submodules/altera_avalon_sc_fifo.v
Info: burst_adapter: "mm_interconnect_0" instantiated altera_merlin_burst_adapter "burst_adapter"
Info: cmd_xbar_demux: "mm_interconnect_0" instantiated altera_merlin_demultiplexer "cmd_xbar_demux"
Info: cmd_xbar_demux_001: "mm_interconnect_0" instantiated altera_merlin_demultiplexer "cmd_xbar_demux_001"
Info: cmd_xbar_mux: "mm_interconnect_0" instantiated altera_merlin_multiplexer "cmd_xbar_mux"
Info: cmd_xbar_mux_002: "mm_interconnect_0" instantiated altera_merlin_multiplexer "cmd_xbar_mux_002"
Info: Reusing file F:/project/qsys_ucosii_hello/qsys/hardware/system_qsys/synthesis/submodules/altera_merlin_arbitrator.sv
Info: rsp_xbar_demux: "mm_interconnect_0" instantiated altera_merlin_demultiplexer "rsp_xbar_demux"
Info: rsp_xbar_demux_002: "mm_interconnect_0" instantiated altera_merlin_demultiplexer "rsp_xbar_demux_002"
Info: rsp_xbar_mux: "mm_interconnect_0" instantiated altera_merlin_multiplexer "rsp_xbar_mux"
Info: Reusing file F:/project/qsys_ucosii_hello/qsys/hardware/system_qsys/synthesis/submodules/altera_merlin_arbitrator.sv
Info: rsp_xbar_mux_001: "mm_interconnect_0" instantiated altera_merlin_multiplexer "rsp_xbar_mux_001"
Info: Reusing file F:/project/qsys_ucosii_hello/qsys/hardware/system_qsys/synthesis/submodules/altera_merlin_arbitrator.sv
Info: width_adapter: "mm_interconnect_0" instantiated altera_merlin_width_adapter "width_adapter"
Info: Reusing file F:/project/qsys_ucosii_hello/qsys/hardware/system_qsys/synthesis/submodules/altera_merlin_address_alignment.sv
Info: Reusing file F:/project/qsys_ucosii_hello/qsys/hardware/system_qsys/synthesis/submodules/altera_merlin_burst_uncompressor.sv
Info: system_qsys: Done "system_qsys" with 30 modules, 49 files, 1152598 bytes
Info: ip-generate succeeded.
Info: Finished: Create HDL design files for synthesis
