Flow report for Pio_led
Thu Jul 19 10:53:49 2018
Quartus II 64-Bit Version 13.1.0 Build 162 10/23/2013 SJ Full Version


---------------------
; Table of Contents ;
---------------------
  1. Legal Notice
  2. Flow Summary
  3. Flow Settings
  4. Flow Non-Default Global Settings
  5. Flow Elapsed Time
  6. Flow OS Summary
  7. Flow Log
  8. Flow Messages
  9. Flow Suppressed Messages



----------------
; Legal Notice ;
----------------
Copyright (C) 1991-2013 Altera Corporation
Your use of Altera Corporation's design tools, logic functions 
and other software and tools, and its AMPP partner logic 
functions, and any output files from any of the foregoing 
(including device programming or simulation files), and any 
associated documentation or information are expressly subject 
to the terms and conditions of the Altera Program License 
Subscription Agreement, Altera MegaCore Function License 
Agreement, or other applicable license agreement, including, 
without limitation, that your use is for the sole purpose of 
programming logic devices manufactured by Altera and sold by 
Altera or its authorized distributors.  Please refer to the 
applicable agreement for further details.



+----------------------------------------------------------------------------------+
; Flow Summary                                                                     ;
+------------------------------------+---------------------------------------------+
; Flow Status                        ; Successful - Thu Jul 19 10:53:44 2018       ;
; Quartus II 64-Bit Version          ; 13.1.0 Build 162 10/23/2013 SJ Full Version ;
; Revision Name                      ; Pio_led                                     ;
; Top-level Entity Name              ; Pio_led                                     ;
; Family                             ; Cyclone IV E                                ;
; Device                             ; EP4CE10F17C8                                ;
; Timing Models                      ; Final                                       ;
; Total logic elements               ; 3,755 / 10,320 ( 36 % )                     ;
;     Total combinational functions  ; 3,452 / 10,320 ( 33 % )                     ;
;     Dedicated logic registers      ; 2,161 / 10,320 ( 21 % )                     ;
; Total registers                    ; 2161                                        ;
; Total pins                         ; 14 / 180 ( 8 % )                            ;
; Total virtual pins                 ; 0                                           ;
; Total memory bits                  ; 235,392 / 423,936 ( 56 % )                  ;
; Embedded Multiplier 9-bit elements ; 4 / 46 ( 9 % )                              ;
; Total PLLs                         ; 1 / 2 ( 50 % )                              ;
+------------------------------------+---------------------------------------------+


+-----------------------------------------+
; Flow Settings                           ;
+-------------------+---------------------+
; Option            ; Setting             ;
+-------------------+---------------------+
; Start date & time ; 07/19/2018 10:53:08 ;
; Main task         ; Compilation         ;
; Revision Name     ; Pio_led             ;
+-------------------+---------------------+


+---------------------------------------------------------------------------------------------------------------------------------------------------------------------+
; Flow Non-Default Global Settings                                                                                                                                    ;
+-------------------------------------+-------------------------------------------------------+---------------+------------------------------------------+------------+
; Assignment Name                     ; Value                                                 ; Default Value ; Entity Name                              ; Section Id ;
+-------------------------------------+-------------------------------------------------------+---------------+------------------------------------------+------------+
; COMPILER_SIGNATURE_ID               ; 88147558143517.153196878807628                        ; --            ; --                                       ; --         ;
; IP_TOOL_ENV                         ; Qsys                                                  ; --            ; altera_avalon_sc_fifo                    ; --         ;
; IP_TOOL_ENV                         ; Qsys                                                  ; --            ; altera_merlin_master_agent               ; --         ;
; IP_TOOL_ENV                         ; Qsys                                                  ; --            ; altera_merlin_master_translator          ; --         ;
; IP_TOOL_ENV                         ; Qsys                                                  ; --            ; altera_merlin_slave_agent                ; --         ;
; IP_TOOL_ENV                         ; Qsys                                                  ; --            ; altera_merlin_slave_translator           ; --         ;
; IP_TOOL_ENV                         ; Qsys                                                  ; --            ; altera_merlin_traffic_limiter            ; --         ;
; IP_TOOL_ENV                         ; Qsys                                                  ; --            ; altera_reset_controller                  ; --         ;
; IP_TOOL_ENV                         ; Qsys                                                  ; --            ; led                                      ; --         ;
; IP_TOOL_ENV                         ; Qsys                                                  ; --            ; led_epcs_flash                           ; --         ;
; IP_TOOL_ENV                         ; Qsys                                                  ; --            ; led_irq_mapper                           ; --         ;
; IP_TOOL_ENV                         ; Qsys                                                  ; --            ; led_jtag_uart                            ; --         ;
; IP_TOOL_ENV                         ; Qsys                                                  ; --            ; led_mm_interconnect_0                    ; --         ;
; IP_TOOL_ENV                         ; Qsys                                                  ; --            ; led_mm_interconnect_0_addr_router        ; --         ;
; IP_TOOL_ENV                         ; Qsys                                                  ; --            ; led_mm_interconnect_0_addr_router_001    ; --         ;
; IP_TOOL_ENV                         ; Qsys                                                  ; --            ; led_mm_interconnect_0_cmd_xbar_demux     ; --         ;
; IP_TOOL_ENV                         ; Qsys                                                  ; --            ; led_mm_interconnect_0_cmd_xbar_demux_001 ; --         ;
; IP_TOOL_ENV                         ; Qsys                                                  ; --            ; led_mm_interconnect_0_cmd_xbar_mux       ; --         ;
; IP_TOOL_ENV                         ; Qsys                                                  ; --            ; led_mm_interconnect_0_cmd_xbar_mux_003   ; --         ;
; IP_TOOL_ENV                         ; Qsys                                                  ; --            ; led_mm_interconnect_0_id_router          ; --         ;
; IP_TOOL_ENV                         ; Qsys                                                  ; --            ; led_mm_interconnect_0_id_router_003      ; --         ;
; IP_TOOL_ENV                         ; Qsys                                                  ; --            ; led_mm_interconnect_0_rsp_xbar_demux     ; --         ;
; IP_TOOL_ENV                         ; Qsys                                                  ; --            ; led_mm_interconnect_0_rsp_xbar_demux_003 ; --         ;
; IP_TOOL_ENV                         ; Qsys                                                  ; --            ; led_mm_interconnect_0_rsp_xbar_mux       ; --         ;
; IP_TOOL_ENV                         ; Qsys                                                  ; --            ; led_mm_interconnect_0_rsp_xbar_mux_001   ; --         ;
; IP_TOOL_ENV                         ; Qsys                                                  ; --            ; led_nios2_qsys                           ; --         ;
; IP_TOOL_ENV                         ; Qsys                                                  ; --            ; led_onchip_ram                           ; --         ;
; IP_TOOL_ENV                         ; Qsys                                                  ; --            ; led_pio_key                              ; --         ;
; IP_TOOL_ENV                         ; Qsys                                                  ; --            ; led_pio_led                              ; --         ;
; IP_TOOL_ENV                         ; Qsys                                                  ; --            ; led_sysid_qsys                           ; --         ;
; IP_TOOL_NAME                        ; ALTPLL                                                ; --            ; --                                       ; --         ;
; IP_TOOL_NAME                        ; altera_avalon_sc_fifo                                 ; --            ; altera_avalon_sc_fifo                    ; --         ;
; IP_TOOL_NAME                        ; altera_merlin_master_agent                            ; --            ; altera_merlin_master_agent               ; --         ;
; IP_TOOL_NAME                        ; altera_merlin_master_translator                       ; --            ; altera_merlin_master_translator          ; --         ;
; IP_TOOL_NAME                        ; altera_merlin_slave_agent                             ; --            ; altera_merlin_slave_agent                ; --         ;
; IP_TOOL_NAME                        ; altera_merlin_slave_translator                        ; --            ; altera_merlin_slave_translator           ; --         ;
; IP_TOOL_NAME                        ; altera_merlin_traffic_limiter                         ; --            ; altera_merlin_traffic_limiter            ; --         ;
; IP_TOOL_NAME                        ; altera_reset_controller                               ; --            ; altera_reset_controller                  ; --         ;
; IP_TOOL_NAME                        ; Qsys                                                  ; --            ; led                                      ; --         ;
; IP_TOOL_NAME                        ; altera_avalon_epcs_flash_controller                   ; --            ; led_epcs_flash                           ; --         ;
; IP_TOOL_NAME                        ; altera_irq_mapper                                     ; --            ; led_irq_mapper                           ; --         ;
; IP_TOOL_NAME                        ; altera_avalon_jtag_uart                               ; --            ; led_jtag_uart                            ; --         ;
; IP_TOOL_NAME                        ; altera_merlin_interconnect_wrapper                    ; --            ; led_mm_interconnect_0                    ; --         ;
; IP_TOOL_NAME                        ; altera_merlin_router                                  ; --            ; led_mm_interconnect_0_addr_router        ; --         ;
; IP_TOOL_NAME                        ; altera_merlin_router                                  ; --            ; led_mm_interconnect_0_addr_router_001    ; --         ;
; IP_TOOL_NAME                        ; altera_merlin_demultiplexer                           ; --            ; led_mm_interconnect_0_cmd_xbar_demux     ; --         ;
; IP_TOOL_NAME                        ; altera_merlin_demultiplexer                           ; --            ; led_mm_interconnect_0_cmd_xbar_demux_001 ; --         ;
; IP_TOOL_NAME                        ; altera_merlin_multiplexer                             ; --            ; led_mm_interconnect_0_cmd_xbar_mux       ; --         ;
; IP_TOOL_NAME                        ; altera_merlin_multiplexer                             ; --            ; led_mm_interconnect_0_cmd_xbar_mux_003   ; --         ;
; IP_TOOL_NAME                        ; altera_merlin_router                                  ; --            ; led_mm_interconnect_0_id_router          ; --         ;
; IP_TOOL_NAME                        ; altera_merlin_router                                  ; --            ; led_mm_interconnect_0_id_router_003      ; --         ;
; IP_TOOL_NAME                        ; altera_merlin_demultiplexer                           ; --            ; led_mm_interconnect_0_rsp_xbar_demux     ; --         ;
; IP_TOOL_NAME                        ; altera_merlin_demultiplexer                           ; --            ; led_mm_interconnect_0_rsp_xbar_demux_003 ; --         ;
; IP_TOOL_NAME                        ; altera_merlin_multiplexer                             ; --            ; led_mm_interconnect_0_rsp_xbar_mux       ; --         ;
; IP_TOOL_NAME                        ; altera_merlin_multiplexer                             ; --            ; led_mm_interconnect_0_rsp_xbar_mux_001   ; --         ;
; IP_TOOL_NAME                        ; altera_nios2_qsys                                     ; --            ; led_nios2_qsys                           ; --         ;
; IP_TOOL_NAME                        ; altera_avalon_onchip_memory2                          ; --            ; led_onchip_ram                           ; --         ;
; IP_TOOL_NAME                        ; altera_avalon_pio                                     ; --            ; led_pio_key                              ; --         ;
; IP_TOOL_NAME                        ; altera_avalon_pio                                     ; --            ; led_pio_led                              ; --         ;
; IP_TOOL_NAME                        ; altera_avalon_sysid_qsys                              ; --            ; led_sysid_qsys                           ; --         ;
; IP_TOOL_VERSION                     ; 13.1                                                  ; --            ; --                                       ; --         ;
; IP_TOOL_VERSION                     ; 13.1                                                  ; --            ; altera_avalon_sc_fifo                    ; --         ;
; IP_TOOL_VERSION                     ; 13.1                                                  ; --            ; altera_merlin_master_agent               ; --         ;
; IP_TOOL_VERSION                     ; 13.1                                                  ; --            ; altera_merlin_master_translator          ; --         ;
; IP_TOOL_VERSION                     ; 13.1                                                  ; --            ; altera_merlin_slave_agent                ; --         ;
; IP_TOOL_VERSION                     ; 13.1                                                  ; --            ; altera_merlin_slave_translator           ; --         ;
; IP_TOOL_VERSION                     ; 13.1                                                  ; --            ; altera_merlin_traffic_limiter            ; --         ;
; IP_TOOL_VERSION                     ; 13.1                                                  ; --            ; altera_reset_controller                  ; --         ;
; IP_TOOL_VERSION                     ; 13.1                                                  ; --            ; led                                      ; --         ;
; IP_TOOL_VERSION                     ; 13.1                                                  ; --            ; led_epcs_flash                           ; --         ;
; IP_TOOL_VERSION                     ; 13.1                                                  ; --            ; led_irq_mapper                           ; --         ;
; IP_TOOL_VERSION                     ; 13.1                                                  ; --            ; led_jtag_uart                            ; --         ;
; IP_TOOL_VERSION                     ; 13.1                                                  ; --            ; led_mm_interconnect_0                    ; --         ;
; IP_TOOL_VERSION                     ; 13.1                                                  ; --            ; led_mm_interconnect_0_addr_router        ; --         ;
; IP_TOOL_VERSION                     ; 13.1                                                  ; --            ; led_mm_interconnect_0_addr_router_001    ; --         ;
; IP_TOOL_VERSION                     ; 13.1                                                  ; --            ; led_mm_interconnect_0_cmd_xbar_demux     ; --         ;
; IP_TOOL_VERSION                     ; 13.1                                                  ; --            ; led_mm_interconnect_0_cmd_xbar_demux_001 ; --         ;
; IP_TOOL_VERSION                     ; 13.1                                                  ; --            ; led_mm_interconnect_0_cmd_xbar_mux       ; --         ;
; IP_TOOL_VERSION                     ; 13.1                                                  ; --            ; led_mm_interconnect_0_cmd_xbar_mux_003   ; --         ;
; IP_TOOL_VERSION                     ; 13.1                                                  ; --            ; led_mm_interconnect_0_id_router          ; --         ;
; IP_TOOL_VERSION                     ; 13.1                                                  ; --            ; led_mm_interconnect_0_id_router_003      ; --         ;
; IP_TOOL_VERSION                     ; 13.1                                                  ; --            ; led_mm_interconnect_0_rsp_xbar_demux     ; --         ;
; IP_TOOL_VERSION                     ; 13.1                                                  ; --            ; led_mm_interconnect_0_rsp_xbar_demux_003 ; --         ;
; IP_TOOL_VERSION                     ; 13.1                                                  ; --            ; led_mm_interconnect_0_rsp_xbar_mux       ; --         ;
; IP_TOOL_VERSION                     ; 13.1                                                  ; --            ; led_mm_interconnect_0_rsp_xbar_mux_001   ; --         ;
; IP_TOOL_VERSION                     ; 13.1                                                  ; --            ; led_nios2_qsys                           ; --         ;
; IP_TOOL_VERSION                     ; 13.1                                                  ; --            ; led_onchip_ram                           ; --         ;
; IP_TOOL_VERSION                     ; 13.1                                                  ; --            ; led_pio_key                              ; --         ;
; IP_TOOL_VERSION                     ; 13.1                                                  ; --            ; led_pio_led                              ; --         ;
; IP_TOOL_VERSION                     ; 13.1                                                  ; --            ; led_sysid_qsys                           ; --         ;
; MAX_CORE_JUNCTION_TEMP              ; 85                                                    ; --            ; --                                       ; --         ;
; MIN_CORE_JUNCTION_TEMP              ; 0                                                     ; --            ; --                                       ; --         ;
; MISC_FILE                           ; ../qsys/hardware/synthesis/../led.cmp                 ; --            ; --                                       ; --         ;
; MISC_FILE                           ; ../qsys/hardware/synthesis/../led.qsys                ; --            ; --                                       ; --         ;
; MISC_FILE                           ; ipcore/pll_inst.v                                     ; --            ; --                                       ; --         ;
; MISC_FILE                           ; ipcore/pll_bb.v                                       ; --            ; --                                       ; --         ;
; MISC_FILE                           ; ipcore/pll.ppf                                        ; --            ; --                                       ; --         ;
; OUTPUT_IO_TIMING_FAR_END_VMEAS      ; Half Signal Swing                                     ; --            ; --                                       ; --         ;
; OUTPUT_IO_TIMING_FAR_END_VMEAS      ; Half Signal Swing                                     ; --            ; --                                       ; --         ;
; OUTPUT_IO_TIMING_NEAR_END_VMEAS     ; Half Vccio                                            ; --            ; --                                       ; --         ;
; OUTPUT_IO_TIMING_NEAR_END_VMEAS     ; Half Vccio                                            ; --            ; --                                       ; --         ;
; PARTITION_COLOR                     ; 16764057                                              ; --            ; --                                       ; Top        ;
; PARTITION_FITTER_PRESERVATION_LEVEL ; PLACEMENT_AND_ROUTING                                 ; --            ; --                                       ; Top        ;
; PARTITION_NETLIST_TYPE              ; SOURCE                                                ; --            ; --                                       ; Top        ;
; POWER_BOARD_THERMAL_MODEL           ; None (CONSERVATIVE)                                   ; --            ; --                                       ; --         ;
; POWER_PRESET_COOLING_SOLUTION       ; 23 MM HEAT SINK WITH 200 LFPM AIRFLOW                 ; --            ; --                                       ; --         ;
; PROJECT_OUTPUT_DIRECTORY            ; output_files                                          ; --            ; --                                       ; --         ;
; SLD_FILE                            ; ../qsys/hardware/synthesis/led.regmap                 ; --            ; --                                       ; --         ;
; SLD_FILE                            ; ../qsys/hardware/synthesis/led.debuginfo              ; --            ; --                                       ; --         ;
; SLD_INFO                            ; QSYS_NAME led HAS_SOPCINFO 1 GENERATION_ID 1531920027 ; --            ; led                                      ; --         ;
; SOPCINFO_FILE                       ; ../qsys/hardware/synthesis/../led.sopcinfo            ; --            ; --                                       ; --         ;
; SYNTHESIS_ONLY_QIP                  ; On                                                    ; --            ; --                                       ; --         ;
+-------------------------------------+-------------------------------------------------------+---------------+------------------------------------------+------------+


+-------------------------------------------------------------------------------------------------------------------------------+
; Flow Elapsed Time                                                                                                             ;
+---------------------------+--------------+-------------------------+---------------------+------------------------------------+
; Module Name               ; Elapsed Time ; Average Processors Used ; Peak Virtual Memory ; Total CPU Time (on all processors) ;
+---------------------------+--------------+-------------------------+---------------------+------------------------------------+
; Analysis & Synthesis      ; 00:00:16     ; 1.0                     ; 662 MB              ; 00:00:15                           ;
; Fitter                    ; 00:00:14     ; 1.4                     ; 1204 MB             ; 00:00:18                           ;
; Assembler                 ; 00:00:01     ; 1.0                     ; 451 MB              ; 00:00:01                           ;
; TimeQuest Timing Analyzer ; 00:00:04     ; 1.0                     ; 562 MB              ; 00:00:04                           ;
; Total                     ; 00:00:35     ; --                      ; --                  ; 00:00:38                           ;
+---------------------------+--------------+-------------------------+---------------------+------------------------------------+


+----------------------------------------------------------------------------------------+
; Flow OS Summary                                                                        ;
+---------------------------+------------------+-----------+------------+----------------+
; Module Name               ; Machine Hostname ; OS Name   ; OS Version ; Processor type ;
+---------------------------+------------------+-----------+------------+----------------+
; Analysis & Synthesis      ; USER-20180403QA  ; Windows 7 ; 6.1        ; x86_64         ;
; Fitter                    ; USER-20180403QA  ; Windows 7 ; 6.1        ; x86_64         ;
; Assembler                 ; USER-20180403QA  ; Windows 7 ; 6.1        ; x86_64         ;
; TimeQuest Timing Analyzer ; USER-20180403QA  ; Windows 7 ; 6.1        ; x86_64         ;
+---------------------------+------------------+-----------+------------+----------------+


------------
; Flow Log ;
------------
quartus_map --read_settings_files=on --write_settings_files=off Pio_led -c Pio_led
quartus_fit --read_settings_files=off --write_settings_files=off Pio_led -c Pio_led
quartus_asm --read_settings_files=off --write_settings_files=off Pio_led -c Pio_led
quartus_sta Pio_led -c Pio_led



