Info: Starting: Create block symbol file (.bsf)
Info: ip-generate --project-directory=F:/Qsys/qsys_sdram/qsys/hardware/ --output-directory=F:/Qsys/qsys_sdram/qsys/hardware/ --report-file=bsf:F:/Qsys/qsys_sdram/qsys/hardware/sdram.bsf --system-info=DEVICE_FAMILY="Cyclone IV E" --system-info=DEVICE=EP4CE10F17C8 --system-info=DEVICE_SPEEDGRADE=8 --component-file=F:/Qsys/qsys_sdram/qsys/hardware/sdram.qsys
Progress: Loading hardware/sdram.qsys
Progress: Reading input file
Progress: Adding clk [clock_source 13.1]
Progress: Parameterizing module clk
Progress: Adding nios2_qsys [altera_nios2_qsys 13.1]
Progress: Parameterizing module nios2_qsys
Progress: Adding sdram [altera_avalon_new_sdram_controller 13.1]
Progress: Parameterizing module sdram
Progress: Adding jtag_uart [altera_avalon_jtag_uart 13.1]
Progress: Parameterizing module jtag_uart
Progress: Adding sysid_qsys_0 [altera_avalon_sysid_qsys 13.1]
Progress: Parameterizing module sysid_qsys_0
Progress: Adding epcs [altera_avalon_epcs_flash_controller 13.1]
Progress: Parameterizing module epcs
Progress: Building connections
Progress: Parameterizing connections
Progress: Validating
Progress: Done reading input file
Info: sdram.sysid_qsys_0: System ID is not assigned automatically. Edit the System ID parameter to provide a unique ID
Info: sdram.sysid_qsys_0: Time stamp will be automatically updated when this component is generated.
Info: sdram.epcs: Dedicated AS interface is not supported, signals are exported to top level design.
Warning: sdram.epcs: Interrupt sender epcs.irq is not connected to an interrupt receiver
Info: ip-generate succeeded.
Info: Finished: Create block symbol file (.bsf)
Info: 
Info: Starting: Create HDL design files for synthesis
Info: ip-generate --project-directory=F:/Qsys/qsys_sdram/qsys/hardware/ --output-directory=F:/Qsys/qsys_sdram/qsys/hardware/synthesis/ --file-set=QUARTUS_SYNTH --report-file=html:F:/Qsys/qsys_sdram/qsys/hardware/sdram.html --report-file=sopcinfo:F:/Qsys/qsys_sdram/qsys/hardware/sdram.sopcinfo --report-file=cmp:F:/Qsys/qsys_sdram/qsys/hardware/sdram.cmp --report-file=qip:F:/Qsys/qsys_sdram/qsys/hardware/synthesis/sdram.qip --report-file=svd --report-file=regmap:F:/Qsys/qsys_sdram/qsys/hardware/synthesis/sdram.regmap --report-file=debuginfo:F:/Qsys/qsys_sdram/qsys/hardware/synthesis/sdram.debuginfo --system-info=DEVICE_FAMILY="Cyclone IV E" --system-info=DEVICE=EP4CE10F17C8 --system-info=DEVICE_SPEEDGRADE=8 --component-file=F:/Qsys/qsys_sdram/qsys/hardware/sdram.qsys --language=VERILOG
Progress: Loading hardware/sdram.qsys
Progress: Reading input file
Progress: Adding clk [clock_source 13.1]
Progress: Parameterizing module clk
Progress: Adding nios2_qsys [altera_nios2_qsys 13.1]
Progress: Parameterizing module nios2_qsys
Progress: Adding sdram [altera_avalon_new_sdram_controller 13.1]
Progress: Parameterizing module sdram
Progress: Adding jtag_uart [altera_avalon_jtag_uart 13.1]
Progress: Parameterizing module jtag_uart
Progress: Adding sysid_qsys_0 [altera_avalon_sysid_qsys 13.1]
Progress: Parameterizing module sysid_qsys_0
Progress: Adding epcs [altera_avalon_epcs_flash_controller 13.1]
Progress: Parameterizing module epcs
Progress: Building connections
Progress: Parameterizing connections
Progress: Validating
Progress: Done reading input file
Info: sdram.sysid_qsys_0: System ID is not assigned automatically. Edit the System ID parameter to provide a unique ID
Info: sdram.sysid_qsys_0: Time stamp will be automatically updated when this component is generated.
Info: sdram.epcs: Dedicated AS interface is not supported, signals are exported to top level design.
Warning: sdram.epcs: Interrupt sender epcs.irq is not connected to an interrupt receiver
Info: sdram: Generating sdram "sdram" for QUARTUS_SYNTH
Info: pipeline_bridge_swap_transform: After transform: 6 modules, 24 connections
Info: No custom instruction connections, skipping transform 
Info: merlin_initial_interconnect_transform: After transform: 6 modules, 23 connections
Info: merlin_translator_transform: After transform: 13 modules, 51 connections
Info: merlin_domain_transform: After transform: 27 modules, 140 connections
Info: merlin_router_transform: After transform: 34 modules, 168 connections
Info: merlin_traffic_limiter_transform: After transform: 36 modules, 178 connections
Info: merlin_burst_transform: After transform: 37 modules, 182 connections
Info: merlin_network_to_switch_transform: After transform: 50 modules, 219 connections
Info: merlin_width_transform: After transform: 52 modules, 227 connections
Info: limiter_update_transform: After transform: 52 modules, 229 connections
Info: merlin_clock_and_reset_bridge_transform: After transform: 54 modules, 282 connections
Info: merlin_hierarchy_transform: After transform: 7 modules, 26 connections
Info: merlin_mm_transform: After transform: 7 modules, 26 connections
Info: merlin_interrupt_mapper_transform: After transform: 8 modules, 30 connections
Info: reset_adaptation_transform: After transform: 10 modules, 32 connections
Warning: sdram: "No matching role found for epcs:epcs_control_port:endofpacket (endofpacket)"
Warning: sdram: "No matching role found for epcs:epcs_control_port:dataavailable (dataavailable)"
Warning: sdram: "No matching role found for epcs:epcs_control_port:readyfordata (readyfordata)"
Info: nios2_qsys: Starting RTL generation for module 'sdram_nios2_qsys'
Info: nios2_qsys:   Generation command is [exec D:/quartus13/quartus/bin/eperlcmd.exe -I D:/quartus13/quartus/bin/perl/lib -I D:/quartus13/quartus/sopc_builder/bin/europa -I D:/quartus13/quartus/sopc_builder/bin/perl_lib -I D:/quartus13/quartus/sopc_builder/bin -I D:/quartus13/quartus/../ip/altera/nios2_ip/altera_nios2/cpu_lib -I D:/quartus13/quartus/../ip/altera/nios2_ip/altera_nios2/nios_lib -I D:/quartus13/quartus/../ip/altera/nios2_ip/altera_nios2 -I D:/quartus13/quartus/../ip/altera/nios2_ip/altera_nios2 -- D:/quartus13/quartus/../ip/altera/nios2_ip/altera_nios2/generate_rtl.epl --name=sdram_nios2_qsys --dir=C:/Users/ADMINI~1/AppData/Local/Temp/alt7819_8708150348887609001.dir/0002_nios2_qsys_gen/ --quartus_dir=D:/quartus13/quartus --verilog --config=C:/Users/ADMINI~1/AppData/Local/Temp/alt7819_8708150348887609001.dir/0002_nios2_qsys_gen//sdram_nios2_qsys_processor_configuration.pl  --do_build_sim=0  ]
Info: nios2_qsys: # 2018.10.15 15:22:12 (*) Starting Nios II generation
Info: nios2_qsys: # 2018.10.15 15:22:12 (*)   Checking for plaintext license.
Info: nios2_qsys: # 2018.10.15 15:22:14 (*)   Plaintext license not found.
Info: nios2_qsys: # 2018.10.15 15:22:14 (*)   Checking for encrypted license (non-evaluation).
Info: nios2_qsys: # 2018.10.15 15:22:15 (*)   Encrypted license found.  SOF will not be time-limited.
Info: nios2_qsys: # 2018.10.15 15:22:15 (*)   Elaborating CPU configuration settings
Info: nios2_qsys: # 2018.10.15 15:22:15 (*)   Creating all objects for CPU
Info: nios2_qsys: # 2018.10.15 15:22:15 (*)     Testbench
Info: nios2_qsys: # 2018.10.15 15:22:15 (*)     Instruction decoding
Info: nios2_qsys: # 2018.10.15 15:22:15 (*)       Instruction fields
Info: nios2_qsys: # 2018.10.15 15:22:15 (*)       Instruction decodes
Info: nios2_qsys: # 2018.10.15 15:22:15 (*)       Signals for RTL simulation waveforms
Info: nios2_qsys: # 2018.10.15 15:22:15 (*)       Instruction controls
Info: nios2_qsys: # 2018.10.15 15:22:15 (*)     Pipeline frontend
Info: nios2_qsys: # 2018.10.15 15:22:16 (*)     Pipeline backend
Info: nios2_qsys: # 2018.10.15 15:22:17 (*)   Generating RTL from CPU objects
Info: nios2_qsys: # 2018.10.15 15:22:20 (*)   Creating encrypted RTL
Info: nios2_qsys: # 2018.10.15 15:22:20 (*) Done Nios II generation
Info: nios2_qsys: Done RTL generation for module 'sdram_nios2_qsys'
Info: nios2_qsys: "sdram" instantiated altera_nios2_qsys "nios2_qsys"
Info: sdram: Starting RTL generation for module 'sdram_sdram'
Info: sdram:   Generation command is [exec D:/quartus13/quartus/bin/perl/bin/perl.exe -I D:/quartus13/quartus/bin/perl/lib -I D:/quartus13/quartus/sopc_builder/bin/europa -I D:/quartus13/quartus/sopc_builder/bin/perl_lib -I D:/quartus13/quartus/sopc_builder/bin -I D:/quartus13/quartus/../ip/altera/sopc_builder_ip/common -I D:/quartus13/quartus/../ip/altera/sopc_builder_ip/altera_avalon_new_sdram_controller -- D:/quartus13/quartus/../ip/altera/sopc_builder_ip/altera_avalon_new_sdram_controller/generate_rtl.pl --name=sdram_sdram --dir=C:/Users/ADMINI~1/AppData/Local/Temp/alt7819_8708150348887609001.dir/0003_sdram_gen/ --quartus_dir=D:/quartus13/quartus --verilog --config=C:/Users/ADMINI~1/AppData/Local/Temp/alt7819_8708150348887609001.dir/0003_sdram_gen//sdram_sdram_component_configuration.pl  --do_build_sim=0  ]
Info: sdram: Done RTL generation for module 'sdram_sdram'
Info: sdram: "sdram" instantiated altera_avalon_new_sdram_controller "sdram"
Info: jtag_uart: Starting RTL generation for module 'sdram_jtag_uart'
Info: jtag_uart:   Generation command is [exec D:/quartus13/quartus/bin/perl/bin/perl.exe -I D:/quartus13/quartus/bin/perl/lib -I D:/quartus13/quartus/sopc_builder/bin/europa -I D:/quartus13/quartus/sopc_builder/bin/perl_lib -I D:/quartus13/quartus/sopc_builder/bin -I D:/quartus13/quartus/../ip/altera/sopc_builder_ip/common -I D:/quartus13/quartus/../ip/altera/sopc_builder_ip/altera_avalon_jtag_uart -- D:/quartus13/quartus/../ip/altera/sopc_builder_ip/altera_avalon_jtag_uart/generate_rtl.pl --name=sdram_jtag_uart --dir=C:/Users/ADMINI~1/AppData/Local/Temp/alt7819_8708150348887609001.dir/0004_jtag_uart_gen/ --quartus_dir=D:/quartus13/quartus --verilog --config=C:/Users/ADMINI~1/AppData/Local/Temp/alt7819_8708150348887609001.dir/0004_jtag_uart_gen//sdram_jtag_uart_component_configuration.pl  --do_build_sim=0  ]
Info: jtag_uart: Done RTL generation for module 'sdram_jtag_uart'
Info: jtag_uart: "sdram" instantiated altera_avalon_jtag_uart "jtag_uart"
Info: sysid_qsys_0: "sdram" instantiated altera_avalon_sysid_qsys "sysid_qsys_0"
Info: epcs: Starting RTL generation for module 'sdram_epcs'
Info: epcs:   Generation command is [exec D:/quartus13/quartus/bin/perl/bin/perl.exe -I D:/quartus13/quartus/bin/perl/lib -I D:/quartus13/quartus/sopc_builder/bin/europa -I D:/quartus13/quartus/sopc_builder/bin/perl_lib -I D:/quartus13/quartus/sopc_builder/bin -I D:/quartus13/quartus/../ip/altera/sopc_builder_ip/common -I D:/quartus13/quartus/../ip/altera/sopc_builder_ip/altera_avalon_epcs_flash_controller -- D:/quartus13/quartus/../ip/altera/sopc_builder_ip/altera_avalon_epcs_flash_controller/generate_rtl.pl --name=sdram_epcs --dir=C:/Users/ADMINI~1/AppData/Local/Temp/alt7819_8708150348887609001.dir/0006_epcs_gen/ --quartus_dir=D:/quartus13/quartus --verilog --config=C:/Users/ADMINI~1/AppData/Local/Temp/alt7819_8708150348887609001.dir/0006_epcs_gen//sdram_epcs_component_configuration.pl  --do_build_sim=0  ]
Info: epcs: Done RTL generation for module 'sdram_epcs'
Info: epcs: "sdram" instantiated altera_avalon_epcs_flash_controller "epcs"
Info: pipeline_bridge_swap_transform: After transform: 48 modules, 162 connections
Info: No custom instruction connections, skipping transform 
Info: merlin_initial_interconnect_transform: After transform: 0 modules, 0 connections
Info: No Avalon connections, skipping transform 
Info: merlin_hierarchy_transform: After transform: 48 modules, 162 connections
Info: merlin_initial_interconnect_transform: After transform: 0 modules, 0 connections
Info: No Avalon connections, skipping transform 
Info: merlin_hierarchy_transform: After transform: 48 modules, 162 connections
Info: merlin_initial_interconnect_transform: After transform: 0 modules, 0 connections
Info: No Avalon connections, skipping transform 
Info: merlin_hierarchy_transform: After transform: 48 modules, 162 connections
Info: merlin_initial_interconnect_transform: After transform: 0 modules, 0 connections
Info: No Avalon connections, skipping transform 
Info: merlin_hierarchy_transform: After transform: 48 modules, 162 connections
Info: merlin_initial_interconnect_transform: After transform: 0 modules, 0 connections
Info: No Avalon connections, skipping transform 
Info: merlin_hierarchy_transform: After transform: 48 modules, 162 connections
Info: merlin_initial_interconnect_transform: After transform: 0 modules, 0 connections
Info: No Avalon connections, skipping transform 
Info: merlin_hierarchy_transform: After transform: 48 modules, 162 connections
Info: merlin_initial_interconnect_transform: After transform: 0 modules, 0 connections
Info: No Avalon connections, skipping transform 
Info: merlin_hierarchy_transform: After transform: 48 modules, 162 connections
Info: mm_interconnect_0: "sdram" instantiated altera_merlin_interconnect_wrapper "mm_interconnect_0"
Info: irq_mapper: "sdram" instantiated altera_irq_mapper "irq_mapper"
Info: rst_controller: "sdram" instantiated altera_reset_controller "rst_controller"
Info: nios2_qsys_data_master_translator: "mm_interconnect_0" instantiated altera_merlin_master_translator "nios2_qsys_data_master_translator"
Info: nios2_qsys_jtag_debug_module_translator: "mm_interconnect_0" instantiated altera_merlin_slave_translator "nios2_qsys_jtag_debug_module_translator"
Info: nios2_qsys_data_master_translator_avalon_universal_master_0_agent: "mm_interconnect_0" instantiated altera_merlin_master_agent "nios2_qsys_data_master_translator_avalon_universal_master_0_agent"
Info: nios2_qsys_jtag_debug_module_translator_avalon_universal_slave_0_agent: "mm_interconnect_0" instantiated altera_merlin_slave_agent "nios2_qsys_jtag_debug_module_translator_avalon_universal_slave_0_agent"
Info: nios2_qsys_jtag_debug_module_translator_avalon_universal_slave_0_agent_rsp_fifo: "mm_interconnect_0" instantiated altera_avalon_sc_fifo "nios2_qsys_jtag_debug_module_translator_avalon_universal_slave_0_agent_rsp_fifo"
Info: addr_router: "mm_interconnect_0" instantiated altera_merlin_router "addr_router"
Info: addr_router_001: "mm_interconnect_0" instantiated altera_merlin_router "addr_router_001"
Info: id_router: "mm_interconnect_0" instantiated altera_merlin_router "id_router"
Info: id_router_001: "mm_interconnect_0" instantiated altera_merlin_router "id_router_001"
Info: id_router_002: "mm_interconnect_0" instantiated altera_merlin_router "id_router_002"
Info: limiter: "mm_interconnect_0" instantiated altera_merlin_traffic_limiter "limiter"
Info: Reusing file F:/Qsys/qsys_sdram/qsys/hardware/synthesis/submodules/altera_avalon_sc_fifo.v
Info: burst_adapter: "mm_interconnect_0" instantiated altera_merlin_burst_adapter "burst_adapter"
Info: cmd_xbar_demux: "mm_interconnect_0" instantiated altera_merlin_demultiplexer "cmd_xbar_demux"
Info: cmd_xbar_demux_001: "mm_interconnect_0" instantiated altera_merlin_demultiplexer "cmd_xbar_demux_001"
Info: cmd_xbar_mux: "mm_interconnect_0" instantiated altera_merlin_multiplexer "cmd_xbar_mux"
Info: cmd_xbar_mux_002: "mm_interconnect_0" instantiated altera_merlin_multiplexer "cmd_xbar_mux_002"
Info: Reusing file F:/Qsys/qsys_sdram/qsys/hardware/synthesis/submodules/altera_merlin_arbitrator.sv
Info: rsp_xbar_demux: "mm_interconnect_0" instantiated altera_merlin_demultiplexer "rsp_xbar_demux"
Info: rsp_xbar_demux_002: "mm_interconnect_0" instantiated altera_merlin_demultiplexer "rsp_xbar_demux_002"
Info: rsp_xbar_mux: "mm_interconnect_0" instantiated altera_merlin_multiplexer "rsp_xbar_mux"
Info: Reusing file F:/Qsys/qsys_sdram/qsys/hardware/synthesis/submodules/altera_merlin_arbitrator.sv
Info: rsp_xbar_mux_001: "mm_interconnect_0" instantiated altera_merlin_multiplexer "rsp_xbar_mux_001"
Info: Reusing file F:/Qsys/qsys_sdram/qsys/hardware/synthesis/submodules/altera_merlin_arbitrator.sv
Info: width_adapter: "mm_interconnect_0" instantiated altera_merlin_width_adapter "width_adapter"
Info: Reusing file F:/Qsys/qsys_sdram/qsys/hardware/synthesis/submodules/altera_merlin_address_alignment.sv
Info: Reusing file F:/Qsys/qsys_sdram/qsys/hardware/synthesis/submodules/altera_merlin_burst_uncompressor.sv
Info: sdram: Done "sdram" with 30 modules, 52 files, 1330191 bytes
Info: ip-generate succeeded.
Info: Finished: Create HDL design files for synthesis
