Flow report for dual_ov5640_lcd
Sun Jan 19 14:20:42 2020
Quartus II 64-Bit Version 13.1.0 Build 162 10/23/2013 SJ Full Version


---------------------
; Table of Contents ;
---------------------
  1. Legal Notice
  2. Flow Summary
  3. Flow Settings
  4. Flow Non-Default Global Settings
  5. Flow Elapsed Time
  6. Flow OS Summary
  7. Flow Log
  8. Flow Messages
  9. Flow Suppressed Messages



----------------
; Legal Notice ;
----------------
Copyright (C) 1991-2013 Altera Corporation
Your use of Altera Corporation's design tools, logic functions 
and other software and tools, and its AMPP partner logic 
functions, and any output files from any of the foregoing 
(including device programming or simulation files), and any 
associated documentation or information are expressly subject 
to the terms and conditions of the Altera Program License 
Subscription Agreement, Altera MegaCore Function License 
Agreement, or other applicable license agreement, including, 
without limitation, that your use is for the sole purpose of 
programming logic devices manufactured by Altera and sold by 
Altera or its authorized distributors.  Please refer to the 
applicable agreement for further details.



+----------------------------------------------------------------------------------+
; Flow Summary                                                                     ;
+------------------------------------+---------------------------------------------+
; Flow Status                        ; Successful - Sun Jan 19 14:20:33 2020       ;
; Quartus II 64-Bit Version          ; 13.1.0 Build 162 10/23/2013 SJ Full Version ;
; Revision Name                      ; dual_ov5640_lcd                             ;
; Top-level Entity Name              ; dual_ov5640_lcd                             ;
; Family                             ; Cyclone IV E                                ;
; Device                             ; EP4CE10F17C8                                ;
; Timing Models                      ; Final                                       ;
; Total logic elements               ; 3,225 / 10,320 ( 31 % )                     ;
;     Total combinational functions  ; 3,085 / 10,320 ( 30 % )                     ;
;     Dedicated logic registers      ; 935 / 10,320 ( 9 % )                        ;
; Total registers                    ; 935                                         ;
; Total pins                         ; 93 / 180 ( 52 % )                           ;
; Total virtual pins                 ; 0                                           ;
; Total memory bits                  ; 131,072 / 423,936 ( 31 % )                  ;
; Embedded Multiplier 9-bit elements ; 0 / 46 ( 0 % )                              ;
; Total PLLs                         ; 1 / 2 ( 50 % )                              ;
+------------------------------------+---------------------------------------------+


+-----------------------------------------+
; Flow Settings                           ;
+-------------------+---------------------+
; Option            ; Setting             ;
+-------------------+---------------------+
; Start date & time ; 01/19/2020 14:19:44 ;
; Main task         ; Compilation         ;
; Revision Name     ; dual_ov5640_lcd     ;
+-------------------+---------------------+


+------------------------------------------------------------------------------------------------------------------------------+
; Flow Non-Default Global Settings                                                                                             ;
+-------------------------------------+---------------------------------------+---------------+-------------------+------------+
; Assignment Name                     ; Value                                 ; Default Value ; Entity Name       ; Section Id ;
+-------------------------------------+---------------------------------------+---------------+-------------------+------------+
; COMPILER_SIGNATURE_ID               ; 5334168152623.157941478405012         ; --            ; --                ; --         ;
; IP_TOOL_NAME                        ; ALTPLL                                ; --            ; --                ; --         ;
; IP_TOOL_NAME                        ; FIFO                                  ; --            ; --                ; --         ;
; IP_TOOL_NAME                        ; FIFO                                  ; --            ; --                ; --         ;
; IP_TOOL_VERSION                     ; 13.1                                  ; --            ; --                ; --         ;
; IP_TOOL_VERSION                     ; 13.1                                  ; --            ; --                ; --         ;
; IP_TOOL_VERSION                     ; 13.1                                  ; --            ; --                ; --         ;
; MAX_CORE_JUNCTION_TEMP              ; 85                                    ; --            ; --                ; --         ;
; MIN_CORE_JUNCTION_TEMP              ; 0                                     ; --            ; --                ; --         ;
; MISC_FILE                           ; ../rtl/pll_bb.v                       ; --            ; --                ; --         ;
; MISC_FILE                           ; ../rtl/pll.ppf                        ; --            ; --                ; --         ;
; MISC_FILE                           ; ../rtl/sdram/rdfifo_bb.v              ; --            ; --                ; --         ;
; MISC_FILE                           ; ../rtl/sdram/wrfifo_bb.v              ; --            ; --                ; --         ;
; OUTPUT_IO_TIMING_FAR_END_VMEAS      ; Half Signal Swing                     ; --            ; --                ; --         ;
; OUTPUT_IO_TIMING_FAR_END_VMEAS      ; Half Signal Swing                     ; --            ; --                ; --         ;
; OUTPUT_IO_TIMING_NEAR_END_VMEAS     ; Half Vccio                            ; --            ; --                ; --         ;
; OUTPUT_IO_TIMING_NEAR_END_VMEAS     ; Half Vccio                            ; --            ; --                ; --         ;
; PARTITION_COLOR                     ; 16764057                              ; --            ; --                ; Top        ;
; PARTITION_COLOR                     ; 16764057                              ; --            ; ov5640_rgb565_lcd ; Top        ;
; PARTITION_FITTER_PRESERVATION_LEVEL ; PLACEMENT_AND_ROUTING                 ; --            ; --                ; Top        ;
; PARTITION_FITTER_PRESERVATION_LEVEL ; PLACEMENT_AND_ROUTING                 ; --            ; ov5640_rgb565_lcd ; Top        ;
; PARTITION_NETLIST_TYPE              ; SOURCE                                ; --            ; --                ; Top        ;
; PARTITION_NETLIST_TYPE              ; SOURCE                                ; --            ; ov5640_rgb565_lcd ; Top        ;
; POWER_BOARD_THERMAL_MODEL           ; None (CONSERVATIVE)                   ; --            ; --                ; --         ;
; POWER_PRESET_COOLING_SOLUTION       ; 23 MM HEAT SINK WITH 200 LFPM AIRFLOW ; --            ; --                ; --         ;
; PROJECT_OUTPUT_DIRECTORY            ; output_files                          ; --            ; --                ; --         ;
+-------------------------------------+---------------------------------------+---------------+-------------------+------------+


+-------------------------------------------------------------------------------------------------------------------------------+
; Flow Elapsed Time                                                                                                             ;
+---------------------------+--------------+-------------------------+---------------------+------------------------------------+
; Module Name               ; Elapsed Time ; Average Processors Used ; Peak Virtual Memory ; Total CPU Time (on all processors) ;
+---------------------------+--------------+-------------------------+---------------------+------------------------------------+
; Analysis & Synthesis      ; 00:00:24     ; 1.0                     ; 4712 MB             ; 00:00:23                           ;
; Fitter                    ; 00:00:21     ; 2.0                     ; 5624 MB             ; 00:00:26                           ;
; Assembler                 ; 00:00:01     ; 1.0                     ; 4597 MB             ; 00:00:01                           ;
; TimeQuest Timing Analyzer ; 00:00:07     ; 1.0                     ; 4784 MB             ; 00:00:07                           ;
; Total                     ; 00:00:53     ; --                      ; --                  ; 00:00:57                           ;
+---------------------------+--------------+-------------------------+---------------------+------------------------------------+


+----------------------------------------------------------------------------------------+
; Flow OS Summary                                                                        ;
+---------------------------+------------------+-----------+------------+----------------+
; Module Name               ; Machine Hostname ; OS Name   ; OS Version ; Processor type ;
+---------------------------+------------------+-----------+------------+----------------+
; Analysis & Synthesis      ; JTLX5NCHKDQ8AX0  ; Windows 7 ; 6.2        ; x86_64         ;
; Fitter                    ; JTLX5NCHKDQ8AX0  ; Windows 7 ; 6.2        ; x86_64         ;
; Assembler                 ; JTLX5NCHKDQ8AX0  ; Windows 7 ; 6.2        ; x86_64         ;
; TimeQuest Timing Analyzer ; JTLX5NCHKDQ8AX0  ; Windows 7 ; 6.2        ; x86_64         ;
+---------------------------+------------------+-----------+------------+----------------+


------------
; Flow Log ;
------------
quartus_map --read_settings_files=on --write_settings_files=off dual_ov5640_lcd -c dual_ov5640_lcd
quartus_fit --read_settings_files=off --write_settings_files=off dual_ov5640_lcd -c dual_ov5640_lcd
quartus_asm --read_settings_files=off --write_settings_files=off dual_ov5640_lcd -c dual_ov5640_lcd
quartus_sta dual_ov5640_lcd -c dual_ov5640_lcd



