Flow report for qsys_ip_segled
Tue Apr 23 11:56:09 2019
Quartus II 64-Bit Version 13.1.0 Build 162 10/23/2013 SJ Full Version


---------------------
; Table of Contents ;
---------------------
  1. Legal Notice
  2. Flow Summary
  3. Flow Settings
  4. Flow Non-Default Global Settings
  5. Flow Elapsed Time
  6. Flow OS Summary
  7. Flow Log
  8. Flow Messages
  9. Flow Suppressed Messages



----------------
; Legal Notice ;
----------------
Copyright (C) 1991-2013 Altera Corporation
Your use of Altera Corporation's design tools, logic functions 
and other software and tools, and its AMPP partner logic 
functions, and any output files from any of the foregoing 
(including device programming or simulation files), and any 
associated documentation or information are expressly subject 
to the terms and conditions of the Altera Program License 
Subscription Agreement, Altera MegaCore Function License 
Agreement, or other applicable license agreement, including, 
without limitation, that your use is for the sole purpose of 
programming logic devices manufactured by Altera and sold by 
Altera or its authorized distributors.  Please refer to the 
applicable agreement for further details.



+----------------------------------------------------------------------------------+
; Flow Summary                                                                     ;
+------------------------------------+---------------------------------------------+
; Flow Status                        ; Successful - Tue Apr 23 11:56:09 2019       ;
; Quartus II 64-Bit Version          ; 13.1.0 Build 162 10/23/2013 SJ Full Version ;
; Revision Name                      ; qsys_ip_segled                              ;
; Top-level Entity Name              ; top_qsys_ip_segled                          ;
; Family                             ; Cyclone IV E                                ;
; Device                             ; EP4CE10F17C8                                ;
; Timing Models                      ; Final                                       ;
; Total logic elements               ; 5,000 / 10,320 ( 48 % )                     ;
;     Total combinational functions  ; 4,698 / 10,320 ( 46 % )                     ;
;     Dedicated logic registers      ; 1,926 / 10,320 ( 19 % )                     ;
; Total registers                    ; 1926                                        ;
; Total pins                         ; 16 / 180 ( 9 % )                            ;
; Total virtual pins                 ; 0                                           ;
; Total memory bits                  ; 145,088 / 423,936 ( 34 % )                  ;
; Embedded Multiplier 9-bit elements ; 4 / 46 ( 9 % )                              ;
; Total PLLs                         ; 0 / 2 ( 0 % )                               ;
+------------------------------------+---------------------------------------------+


+-----------------------------------------+
; Flow Settings                           ;
+-------------------+---------------------+
; Option            ; Setting             ;
+-------------------+---------------------+
; Start date & time ; 04/23/2019 11:55:13 ;
; Main task         ; Compilation         ;
; Revision Name     ; qsys_ip_segled      ;
+-------------------+---------------------+


+----------------------------------------------------------------------------------------------------------------------------------------------------------------------------------------------+
; Flow Non-Default Global Settings                                                                                                                                                             ;
+-------------------------------------+-------------------------------------------------------------------+----------------+--------------------------------------------------+----------------+
; Assignment Name                     ; Value                                                             ; Default Value  ; Entity Name                                      ; Section Id     ;
+-------------------------------------+-------------------------------------------------------------------+----------------+--------------------------------------------------+----------------+
; COMPILER_SIGNATURE_ID               ; 88147556840677.155599171203804                                    ; --             ; --                                               ; --             ;
; EDA_OUTPUT_DATA_FORMAT              ; Vhdl                                                              ; --             ; --                                               ; eda_simulation ;
; EDA_SIMULATION_TOOL                 ; ModelSim-Altera (VHDL)                                            ; <None>         ; --                                               ; --             ;
; IP_TOOL_ENV                         ; Qsys                                                              ; --             ; altera_avalon_sc_fifo                            ; --             ;
; IP_TOOL_ENV                         ; Qsys                                                              ; --             ; altera_merlin_master_agent                       ; --             ;
; IP_TOOL_ENV                         ; Qsys                                                              ; --             ; altera_merlin_master_translator                  ; --             ;
; IP_TOOL_ENV                         ; Qsys                                                              ; --             ; altera_merlin_slave_agent                        ; --             ;
; IP_TOOL_ENV                         ; Qsys                                                              ; --             ; altera_merlin_slave_translator                   ; --             ;
; IP_TOOL_ENV                         ; Qsys                                                              ; --             ; altera_merlin_traffic_limiter                    ; --             ;
; IP_TOOL_ENV                         ; Qsys                                                              ; --             ; altera_reset_controller                          ; --             ;
; IP_TOOL_ENV                         ; Qsys                                                              ; --             ; system_qsys                                      ; --             ;
; IP_TOOL_ENV                         ; Qsys                                                              ; --             ; system_qsys_irq_mapper                           ; --             ;
; IP_TOOL_ENV                         ; Qsys                                                              ; --             ; system_qsys_jtag_uart                            ; --             ;
; IP_TOOL_ENV                         ; Qsys                                                              ; --             ; system_qsys_mm_interconnect_0                    ; --             ;
; IP_TOOL_ENV                         ; Qsys                                                              ; --             ; system_qsys_mm_interconnect_0_addr_router        ; --             ;
; IP_TOOL_ENV                         ; Qsys                                                              ; --             ; system_qsys_mm_interconnect_0_addr_router_001    ; --             ;
; IP_TOOL_ENV                         ; Qsys                                                              ; --             ; system_qsys_mm_interconnect_0_cmd_xbar_demux     ; --             ;
; IP_TOOL_ENV                         ; Qsys                                                              ; --             ; system_qsys_mm_interconnect_0_cmd_xbar_demux_001 ; --             ;
; IP_TOOL_ENV                         ; Qsys                                                              ; --             ; system_qsys_mm_interconnect_0_cmd_xbar_mux       ; --             ;
; IP_TOOL_ENV                         ; Qsys                                                              ; --             ; system_qsys_mm_interconnect_0_cmd_xbar_mux_002   ; --             ;
; IP_TOOL_ENV                         ; Qsys                                                              ; --             ; system_qsys_mm_interconnect_0_id_router          ; --             ;
; IP_TOOL_ENV                         ; Qsys                                                              ; --             ; system_qsys_mm_interconnect_0_id_router_002      ; --             ;
; IP_TOOL_ENV                         ; Qsys                                                              ; --             ; system_qsys_mm_interconnect_0_rsp_xbar_demux     ; --             ;
; IP_TOOL_ENV                         ; Qsys                                                              ; --             ; system_qsys_mm_interconnect_0_rsp_xbar_demux_002 ; --             ;
; IP_TOOL_ENV                         ; Qsys                                                              ; --             ; system_qsys_mm_interconnect_0_rsp_xbar_mux       ; --             ;
; IP_TOOL_ENV                         ; Qsys                                                              ; --             ; system_qsys_mm_interconnect_0_rsp_xbar_mux_001   ; --             ;
; IP_TOOL_ENV                         ; Qsys                                                              ; --             ; system_qsys_nios2                                ; --             ;
; IP_TOOL_ENV                         ; Qsys                                                              ; --             ; system_qsys_ram                                  ; --             ;
; IP_TOOL_ENV                         ; Qsys                                                              ; --             ; system_qsys_sysid_qsys                           ; --             ;
; IP_TOOL_NAME                        ; altera_avalon_sc_fifo                                             ; --             ; altera_avalon_sc_fifo                            ; --             ;
; IP_TOOL_NAME                        ; altera_merlin_master_agent                                        ; --             ; altera_merlin_master_agent                       ; --             ;
; IP_TOOL_NAME                        ; altera_merlin_master_translator                                   ; --             ; altera_merlin_master_translator                  ; --             ;
; IP_TOOL_NAME                        ; altera_merlin_slave_agent                                         ; --             ; altera_merlin_slave_agent                        ; --             ;
; IP_TOOL_NAME                        ; altera_merlin_slave_translator                                    ; --             ; altera_merlin_slave_translator                   ; --             ;
; IP_TOOL_NAME                        ; altera_merlin_traffic_limiter                                     ; --             ; altera_merlin_traffic_limiter                    ; --             ;
; IP_TOOL_NAME                        ; altera_reset_controller                                           ; --             ; altera_reset_controller                          ; --             ;
; IP_TOOL_NAME                        ; Qsys                                                              ; --             ; system_qsys                                      ; --             ;
; IP_TOOL_NAME                        ; altera_irq_mapper                                                 ; --             ; system_qsys_irq_mapper                           ; --             ;
; IP_TOOL_NAME                        ; altera_avalon_jtag_uart                                           ; --             ; system_qsys_jtag_uart                            ; --             ;
; IP_TOOL_NAME                        ; altera_merlin_interconnect_wrapper                                ; --             ; system_qsys_mm_interconnect_0                    ; --             ;
; IP_TOOL_NAME                        ; altera_merlin_router                                              ; --             ; system_qsys_mm_interconnect_0_addr_router        ; --             ;
; IP_TOOL_NAME                        ; altera_merlin_router                                              ; --             ; system_qsys_mm_interconnect_0_addr_router_001    ; --             ;
; IP_TOOL_NAME                        ; altera_merlin_demultiplexer                                       ; --             ; system_qsys_mm_interconnect_0_cmd_xbar_demux     ; --             ;
; IP_TOOL_NAME                        ; altera_merlin_demultiplexer                                       ; --             ; system_qsys_mm_interconnect_0_cmd_xbar_demux_001 ; --             ;
; IP_TOOL_NAME                        ; altera_merlin_multiplexer                                         ; --             ; system_qsys_mm_interconnect_0_cmd_xbar_mux       ; --             ;
; IP_TOOL_NAME                        ; altera_merlin_multiplexer                                         ; --             ; system_qsys_mm_interconnect_0_cmd_xbar_mux_002   ; --             ;
; IP_TOOL_NAME                        ; altera_merlin_router                                              ; --             ; system_qsys_mm_interconnect_0_id_router          ; --             ;
; IP_TOOL_NAME                        ; altera_merlin_router                                              ; --             ; system_qsys_mm_interconnect_0_id_router_002      ; --             ;
; IP_TOOL_NAME                        ; altera_merlin_demultiplexer                                       ; --             ; system_qsys_mm_interconnect_0_rsp_xbar_demux     ; --             ;
; IP_TOOL_NAME                        ; altera_merlin_demultiplexer                                       ; --             ; system_qsys_mm_interconnect_0_rsp_xbar_demux_002 ; --             ;
; IP_TOOL_NAME                        ; altera_merlin_multiplexer                                         ; --             ; system_qsys_mm_interconnect_0_rsp_xbar_mux       ; --             ;
; IP_TOOL_NAME                        ; altera_merlin_multiplexer                                         ; --             ; system_qsys_mm_interconnect_0_rsp_xbar_mux_001   ; --             ;
; IP_TOOL_NAME                        ; altera_nios2_qsys                                                 ; --             ; system_qsys_nios2                                ; --             ;
; IP_TOOL_NAME                        ; altera_avalon_onchip_memory2                                      ; --             ; system_qsys_ram                                  ; --             ;
; IP_TOOL_NAME                        ; altera_avalon_sysid_qsys                                          ; --             ; system_qsys_sysid_qsys                           ; --             ;
; IP_TOOL_VERSION                     ; 13.1                                                              ; --             ; altera_avalon_sc_fifo                            ; --             ;
; IP_TOOL_VERSION                     ; 13.1                                                              ; --             ; altera_merlin_master_agent                       ; --             ;
; IP_TOOL_VERSION                     ; 13.1                                                              ; --             ; altera_merlin_master_translator                  ; --             ;
; IP_TOOL_VERSION                     ; 13.1                                                              ; --             ; altera_merlin_slave_agent                        ; --             ;
; IP_TOOL_VERSION                     ; 13.1                                                              ; --             ; altera_merlin_slave_translator                   ; --             ;
; IP_TOOL_VERSION                     ; 13.1                                                              ; --             ; altera_merlin_traffic_limiter                    ; --             ;
; IP_TOOL_VERSION                     ; 13.1                                                              ; --             ; altera_reset_controller                          ; --             ;
; IP_TOOL_VERSION                     ; 13.1                                                              ; --             ; system_qsys                                      ; --             ;
; IP_TOOL_VERSION                     ; 13.1                                                              ; --             ; system_qsys_irq_mapper                           ; --             ;
; IP_TOOL_VERSION                     ; 13.1                                                              ; --             ; system_qsys_jtag_uart                            ; --             ;
; IP_TOOL_VERSION                     ; 13.1                                                              ; --             ; system_qsys_mm_interconnect_0                    ; --             ;
; IP_TOOL_VERSION                     ; 13.1                                                              ; --             ; system_qsys_mm_interconnect_0_addr_router        ; --             ;
; IP_TOOL_VERSION                     ; 13.1                                                              ; --             ; system_qsys_mm_interconnect_0_addr_router_001    ; --             ;
; IP_TOOL_VERSION                     ; 13.1                                                              ; --             ; system_qsys_mm_interconnect_0_cmd_xbar_demux     ; --             ;
; IP_TOOL_VERSION                     ; 13.1                                                              ; --             ; system_qsys_mm_interconnect_0_cmd_xbar_demux_001 ; --             ;
; IP_TOOL_VERSION                     ; 13.1                                                              ; --             ; system_qsys_mm_interconnect_0_cmd_xbar_mux       ; --             ;
; IP_TOOL_VERSION                     ; 13.1                                                              ; --             ; system_qsys_mm_interconnect_0_cmd_xbar_mux_002   ; --             ;
; IP_TOOL_VERSION                     ; 13.1                                                              ; --             ; system_qsys_mm_interconnect_0_id_router          ; --             ;
; IP_TOOL_VERSION                     ; 13.1                                                              ; --             ; system_qsys_mm_interconnect_0_id_router_002      ; --             ;
; IP_TOOL_VERSION                     ; 13.1                                                              ; --             ; system_qsys_mm_interconnect_0_rsp_xbar_demux     ; --             ;
; IP_TOOL_VERSION                     ; 13.1                                                              ; --             ; system_qsys_mm_interconnect_0_rsp_xbar_demux_002 ; --             ;
; IP_TOOL_VERSION                     ; 13.1                                                              ; --             ; system_qsys_mm_interconnect_0_rsp_xbar_mux       ; --             ;
; IP_TOOL_VERSION                     ; 13.1                                                              ; --             ; system_qsys_mm_interconnect_0_rsp_xbar_mux_001   ; --             ;
; IP_TOOL_VERSION                     ; 13.1                                                              ; --             ; system_qsys_nios2                                ; --             ;
; IP_TOOL_VERSION                     ; 13.1                                                              ; --             ; system_qsys_ram                                  ; --             ;
; IP_TOOL_VERSION                     ; 13.1                                                              ; --             ; system_qsys_sysid_qsys                           ; --             ;
; MAX_CORE_JUNCTION_TEMP              ; 85                                                                ; --             ; --                                               ; --             ;
; MIN_CORE_JUNCTION_TEMP              ; 0                                                                 ; --             ; --                                               ; --             ;
; MISC_FILE                           ; ../qsys/hardware/system_qsys/synthesis/../../system_qsys.cmp      ; --             ; --                                               ; --             ;
; MISC_FILE                           ; ../qsys/hardware/system_qsys/synthesis/../../system_qsys.qsys     ; --             ; --                                               ; --             ;
; NOMINAL_CORE_SUPPLY_VOLTAGE         ; 1.2V                                                              ; --             ; --                                               ; --             ;
; PARTITION_COLOR                     ; 16764057                                                          ; --             ; top_qsys_ip_segled                               ; Top            ;
; PARTITION_FITTER_PRESERVATION_LEVEL ; PLACEMENT_AND_ROUTING                                             ; --             ; top_qsys_ip_segled                               ; Top            ;
; PARTITION_NETLIST_TYPE              ; SOURCE                                                            ; --             ; top_qsys_ip_segled                               ; Top            ;
; POWER_BOARD_THERMAL_MODEL           ; None (CONSERVATIVE)                                               ; --             ; --                                               ; --             ;
; POWER_PRESET_COOLING_SOLUTION       ; 23 MM HEAT SINK WITH 200 LFPM AIRFLOW                             ; --             ; --                                               ; --             ;
; PROJECT_OUTPUT_DIRECTORY            ; output_files                                                      ; --             ; --                                               ; --             ;
; SLD_FILE                            ; ../qsys/hardware/system_qsys/synthesis/system_qsys.regmap         ; --             ; --                                               ; --             ;
; SLD_FILE                            ; ../qsys/hardware/system_qsys/synthesis/system_qsys.debuginfo      ; --             ; --                                               ; --             ;
; SLD_INFO                            ; QSYS_NAME system_qsys HAS_SOPCINFO 1 GENERATION_ID 1555990627     ; --             ; system_qsys                                      ; --             ;
; SOPCINFO_FILE                       ; ../qsys/hardware/system_qsys/synthesis/../../system_qsys.sopcinfo ; --             ; --                                               ; --             ;
; SYNTHESIS_ONLY_QIP                  ; On                                                                ; --             ; --                                               ; --             ;
; TOP_LEVEL_ENTITY                    ; top_qsys_ip_segled                                                ; qsys_ip_segled ; --                                               ; --             ;
+-------------------------------------+-------------------------------------------------------------------+----------------+--------------------------------------------------+----------------+


+-------------------------------------------------------------------------------------------------------------------------------+
; Flow Elapsed Time                                                                                                             ;
+---------------------------+--------------+-------------------------+---------------------+------------------------------------+
; Module Name               ; Elapsed Time ; Average Processors Used ; Peak Virtual Memory ; Total CPU Time (on all processors) ;
+---------------------------+--------------+-------------------------+---------------------+------------------------------------+
; Analysis & Synthesis      ; 00:00:19     ; 1.0                     ; 663 MB              ; 00:00:19                           ;
; Fitter                    ; 00:00:17     ; 1.6                     ; 1210 MB             ; 00:00:21                           ;
; Assembler                 ; 00:00:02     ; 1.0                     ; 464 MB              ; 00:00:02                           ;
; TimeQuest Timing Analyzer ; 00:00:05     ; 1.0                     ; 561 MB              ; 00:00:05                           ;
; EDA Netlist Writer        ; 00:00:06     ; 1.0                     ; 472 MB              ; 00:00:06                           ;
; Total                     ; 00:00:49     ; --                      ; --                  ; 00:00:53                           ;
+---------------------------+--------------+-------------------------+---------------------+------------------------------------+


+----------------------------------------------------------------------------------------+
; Flow OS Summary                                                                        ;
+---------------------------+------------------+-----------+------------+----------------+
; Module Name               ; Machine Hostname ; OS Name   ; OS Version ; Processor type ;
+---------------------------+------------------+-----------+------------+----------------+
; Analysis & Synthesis      ; USER-20180403QA  ; Windows 7 ; 6.1        ; x86_64         ;
; Fitter                    ; USER-20180403QA  ; Windows 7 ; 6.1        ; x86_64         ;
; Assembler                 ; USER-20180403QA  ; Windows 7 ; 6.1        ; x86_64         ;
; TimeQuest Timing Analyzer ; USER-20180403QA  ; Windows 7 ; 6.1        ; x86_64         ;
; EDA Netlist Writer        ; USER-20180403QA  ; Windows 7 ; 6.1        ; x86_64         ;
+---------------------------+------------------+-----------+------------+----------------+


------------
; Flow Log ;
------------
quartus_map --read_settings_files=on --write_settings_files=off qsys_ip_segled -c qsys_ip_segled
quartus_fit --read_settings_files=off --write_settings_files=off qsys_ip_segled -c qsys_ip_segled
quartus_asm --read_settings_files=off --write_settings_files=off qsys_ip_segled -c qsys_ip_segled
quartus_sta qsys_ip_segled -c qsys_ip_segled
quartus_eda --read_settings_files=off --write_settings_files=off qsys_ip_segled -c qsys_ip_segled



