Info: Starting: Create block symbol file (.bsf)
Info: ip-generate --project-directory=D:/project/5_qsys_timer/qsys/hardware/ --output-directory=D:/work/Timer/qsys/hardware/ --report-file=bsf:D:/project/5_qsys_timer/qsys/hardware/qsys_timer.bsf --system-info=DEVICE_FAMILY="Cyclone IV E" --system-info=DEVICE=EP4CE10F17C8 --system-info=DEVICE_SPEEDGRADE=8 --component-file=D:/project/5_qsys_timer/qsys/hardware/qsys_timer.qsys
Progress: Loading hardware/qsys_timer.qsys
Progress: Reading input file
Progress: Adding clk [clock_source 13.1]
Progress: Parameterizing module clk
Progress: Adding nios2_qsys [altera_nios2_qsys 13.1]
Progress: Parameterizing module nios2_qsys
Progress: Adding onchip_ram [altera_avalon_onchip_memory2 13.1]
Progress: Parameterizing module onchip_ram
Progress: Adding sysid_qsys [altera_avalon_sysid_qsys 13.1]
Progress: Parameterizing module sysid_qsys
Progress: Adding jtag_uart [altera_avalon_jtag_uart 13.1]
Progress: Parameterizing module jtag_uart
Progress: Adding timer [altera_avalon_timer 13.1]
Progress: Parameterizing module timer
Progress: Adding pio_beep [altera_avalon_pio 13.1]
Progress: Parameterizing module pio_beep
Progress: Building connections
Progress: Parameterizing connections
Progress: Validating
Progress: Done reading input file
Info: qsys_timer.sysid_qsys: System ID is not assigned automatically. Edit the System ID parameter to provide a unique ID
Info: qsys_timer.sysid_qsys: Time stamp will be automatically updated when this component is generated.
Info: ip-generate succeeded.
Info: Finished: Create block symbol file (.bsf)
Info: 
Info: Starting: Create HDL design files for synthesis
Info: ip-generate --project-directory=D:/project/5_qsys_timer/qsys/hardware/ --output-directory=D:/work/Timer/qsys/hardware/synthesis/ --file-set=QUARTUS_SYNTH --report-file=html:D:/project/5_qsys_timer/qsys/hardware/qsys_timer.html --report-file=sopcinfo:D:/project/5_qsys_timer/qsys/hardware/qsys_timer.sopcinfo --report-file=cmp:D:/project/5_qsys_timer/qsys/hardware/qsys_timer.cmp --report-file=qip:D:/work/Timer/qsys/hardware/synthesis/qsys_timer.qip --report-file=svd --report-file=regmap:D:/work/Timer/qsys/hardware/synthesis/qsys_timer.regmap --report-file=debuginfo:D:/work/Timer/qsys/hardware/synthesis/qsys_timer.debuginfo --system-info=DEVICE_FAMILY="Cyclone IV E" --system-info=DEVICE=EP4CE10F17C8 --system-info=DEVICE_SPEEDGRADE=8 --component-file=D:/project/5_qsys_timer/qsys/hardware/qsys_timer.qsys --language=VERILOG
Progress: Loading hardware/qsys_timer.qsys
Progress: Reading input file
Progress: Adding clk [clock_source 13.1]
Progress: Parameterizing module clk
Progress: Adding nios2_qsys [altera_nios2_qsys 13.1]
Progress: Parameterizing module nios2_qsys
Progress: Adding onchip_ram [altera_avalon_onchip_memory2 13.1]
Progress: Parameterizing module onchip_ram
Progress: Adding sysid_qsys [altera_avalon_sysid_qsys 13.1]
Progress: Parameterizing module sysid_qsys
Progress: Adding jtag_uart [altera_avalon_jtag_uart 13.1]
Progress: Parameterizing module jtag_uart
Progress: Adding timer [altera_avalon_timer 13.1]
Progress: Parameterizing module timer
Progress: Adding pio_beep [altera_avalon_pio 13.1]
Progress: Parameterizing module pio_beep
Progress: Building connections
Progress: Parameterizing connections
Progress: Validating
Progress: Done reading input file
Info: qsys_timer.sysid_qsys: System ID is not assigned automatically. Edit the System ID parameter to provide a unique ID
Info: qsys_timer.sysid_qsys: Time stamp will be automatically updated when this component is generated.
Info: qsys_timer: Generating qsys_timer "qsys_timer" for QUARTUS_SYNTH
Info: pipeline_bridge_swap_transform: After transform: 7 modules, 28 connections
Info: No custom instruction connections, skipping transform 
Info: merlin_initial_interconnect_transform: After transform: 7 modules, 26 connections
Info: merlin_translator_transform: After transform: 15 modules, 58 connections
Info: merlin_domain_transform: After transform: 30 modules, 158 connections
Info: merlin_router_transform: After transform: 38 modules, 190 connections
Info: merlin_traffic_limiter_transform: After transform: 40 modules, 200 connections
Info: merlin_network_to_switch_transform: After transform: 55 modules, 240 connections
Info: limiter_update_transform: After transform: 55 modules, 242 connections
Info: merlin_clock_and_reset_bridge_transform: After transform: 57 modules, 298 connections
Info: merlin_hierarchy_transform: After transform: 8 modules, 31 connections
Info: merlin_mm_transform: After transform: 8 modules, 31 connections
Info: merlin_interrupt_mapper_transform: After transform: 9 modules, 35 connections
Info: reset_adaptation_transform: After transform: 11 modules, 37 connections
Info: nios2_qsys: Starting RTL generation for module 'qsys_timer_nios2_qsys'
Info: nios2_qsys:   Generation command is [exec D:/altera/13.1/quartus/bin/eperlcmd.exe -I D:/altera/13.1/quartus/bin/perl/lib -I D:/altera/13.1/quartus/sopc_builder/bin/europa -I D:/altera/13.1/quartus/sopc_builder/bin/perl_lib -I D:/altera/13.1/quartus/sopc_builder/bin -I D:/altera/13.1/quartus/../ip/altera/nios2_ip/altera_nios2/cpu_lib -I D:/altera/13.1/quartus/../ip/altera/nios2_ip/altera_nios2/nios_lib -I D:/altera/13.1/quartus/../ip/altera/nios2_ip/altera_nios2 -I D:/altera/13.1/quartus/../ip/altera/nios2_ip/altera_nios2 -- D:/altera/13.1/quartus/../ip/altera/nios2_ip/altera_nios2/generate_rtl.epl --name=qsys_timer_nios2_qsys --dir=C:/Users/ADMINI~1/AppData/Local/Temp/alt7917_1082853696485334150.dir/0026_nios2_qsys_gen/ --quartus_dir=D:/altera/13.1/quartus --verilog --config=C:/Users/ADMINI~1/AppData/Local/Temp/alt7917_1082853696485334150.dir/0026_nios2_qsys_gen//qsys_timer_nios2_qsys_processor_configuration.pl  --do_build_sim=0  ]
Info: nios2_qsys: # 2019.01.21 16:11:51 (*) Starting Nios II generation
Info: nios2_qsys: # 2019.01.21 16:11:51 (*)   Checking for plaintext license.
Info: nios2_qsys: # 2019.01.21 16:11:52 (*)   Plaintext license not found.
Info: nios2_qsys: # 2019.01.21 16:11:52 (*)   Checking for encrypted license (non-evaluation).
Info: nios2_qsys: # 2019.01.21 16:11:53 (*)   Encrypted license found.  SOF will not be time-limited.
Info: nios2_qsys: # 2019.01.21 16:11:53 (*)   Elaborating CPU configuration settings
Info: nios2_qsys: # 2019.01.21 16:11:53 (*)   Creating all objects for CPU
Info: nios2_qsys: # 2019.01.21 16:11:53 (*)     Testbench
Info: nios2_qsys: # 2019.01.21 16:11:53 (*)     Instruction decoding
Info: nios2_qsys: # 2019.01.21 16:11:53 (*)       Instruction fields
Info: nios2_qsys: # 2019.01.21 16:11:53 (*)       Instruction decodes
Info: nios2_qsys: # 2019.01.21 16:11:54 (*)       Signals for RTL simulation waveforms
Info: nios2_qsys: # 2019.01.21 16:11:54 (*)       Instruction controls
Info: nios2_qsys: # 2019.01.21 16:11:54 (*)     Pipeline frontend
Info: nios2_qsys: # 2019.01.21 16:11:54 (*)     Pipeline backend
Info: nios2_qsys: # 2019.01.21 16:11:56 (*)   Generating RTL from CPU objects
Info: nios2_qsys: # 2019.01.21 16:11:58 (*)   Creating encrypted RTL
Info: nios2_qsys: # 2019.01.21 16:11:59 (*) Done Nios II generation
Info: nios2_qsys: Done RTL generation for module 'qsys_timer_nios2_qsys'
Info: nios2_qsys: "qsys_timer" instantiated altera_nios2_qsys "nios2_qsys"
Info: onchip_ram: Starting RTL generation for module 'qsys_timer_onchip_ram'
Info: onchip_ram:   Generation command is [exec D:/altera/13.1/quartus/bin/perl/bin/perl.exe -I D:/altera/13.1/quartus/bin/perl/lib -I D:/altera/13.1/quartus/sopc_builder/bin/europa -I D:/altera/13.1/quartus/sopc_builder/bin/perl_lib -I D:/altera/13.1/quartus/sopc_builder/bin -I D:/altera/13.1/quartus/../ip/altera/sopc_builder_ip/common -I D:/altera/13.1/quartus/../ip/altera/sopc_builder_ip/altera_avalon_onchip_memory2 -- D:/altera/13.1/quartus/../ip/altera/sopc_builder_ip/altera_avalon_onchip_memory2/generate_rtl.pl --name=qsys_timer_onchip_ram --dir=C:/Users/ADMINI~1/AppData/Local/Temp/alt7917_1082853696485334150.dir/0027_onchip_ram_gen/ --quartus_dir=D:/altera/13.1/quartus --verilog --config=C:/Users/ADMINI~1/AppData/Local/Temp/alt7917_1082853696485334150.dir/0027_onchip_ram_gen//qsys_timer_onchip_ram_component_configuration.pl  --do_build_sim=0  ]
Info: onchip_ram: Done RTL generation for module 'qsys_timer_onchip_ram'
Info: onchip_ram: "qsys_timer" instantiated altera_avalon_onchip_memory2 "onchip_ram"
Info: sysid_qsys: "qsys_timer" instantiated altera_avalon_sysid_qsys "sysid_qsys"
Info: jtag_uart: Starting RTL generation for module 'qsys_timer_jtag_uart'
Info: jtag_uart:   Generation command is [exec D:/altera/13.1/quartus/bin/perl/bin/perl.exe -I D:/altera/13.1/quartus/bin/perl/lib -I D:/altera/13.1/quartus/sopc_builder/bin/europa -I D:/altera/13.1/quartus/sopc_builder/bin/perl_lib -I D:/altera/13.1/quartus/sopc_builder/bin -I D:/altera/13.1/quartus/../ip/altera/sopc_builder_ip/common -I D:/altera/13.1/quartus/../ip/altera/sopc_builder_ip/altera_avalon_jtag_uart -- D:/altera/13.1/quartus/../ip/altera/sopc_builder_ip/altera_avalon_jtag_uart/generate_rtl.pl --name=qsys_timer_jtag_uart --dir=C:/Users/ADMINI~1/AppData/Local/Temp/alt7917_1082853696485334150.dir/0029_jtag_uart_gen/ --quartus_dir=D:/altera/13.1/quartus --verilog --config=C:/Users/ADMINI~1/AppData/Local/Temp/alt7917_1082853696485334150.dir/0029_jtag_uart_gen//qsys_timer_jtag_uart_component_configuration.pl  --do_build_sim=0  ]
Info: jtag_uart: Done RTL generation for module 'qsys_timer_jtag_uart'
Info: jtag_uart: "qsys_timer" instantiated altera_avalon_jtag_uart "jtag_uart"
Info: timer: Starting RTL generation for module 'qsys_timer_timer'
Info: timer:   Generation command is [exec D:/altera/13.1/quartus/bin//perl/bin/perl.exe -I D:/altera/13.1/quartus/bin//perl/lib -I D:/altera/13.1/quartus/sopc_builder/bin/europa -I D:/altera/13.1/quartus/sopc_builder/bin/perl_lib -I D:/altera/13.1/quartus/sopc_builder/bin -I D:/altera/13.1/quartus/../ip/altera/sopc_builder_ip/common -I D:/altera/13.1/quartus/../ip/altera/sopc_builder_ip/altera_avalon_timer -- D:/altera/13.1/quartus/../ip/altera/sopc_builder_ip/altera_avalon_timer/generate_rtl.pl --name=qsys_timer_timer --dir=C:/Users/ADMINI~1/AppData/Local/Temp/alt7917_1082853696485334150.dir/0030_timer_gen/ --quartus_dir=D:/altera/13.1/quartus --verilog --config=C:/Users/ADMINI~1/AppData/Local/Temp/alt7917_1082853696485334150.dir/0030_timer_gen//qsys_timer_timer_component_configuration.pl  --do_build_sim=0  ]
Info: timer: Done RTL generation for module 'qsys_timer_timer'
Info: timer: "qsys_timer" instantiated altera_avalon_timer "timer"
Info: pio_beep: Starting RTL generation for module 'qsys_timer_pio_beep'
Info: pio_beep:   Generation command is [exec D:/altera/13.1/quartus/bin/perl/bin/perl.exe -I D:/altera/13.1/quartus/bin/perl/lib -I D:/altera/13.1/quartus/sopc_builder/bin/europa -I D:/altera/13.1/quartus/sopc_builder/bin/perl_lib -I D:/altera/13.1/quartus/sopc_builder/bin -I D:/altera/13.1/quartus/../ip/altera/sopc_builder_ip/common -I D:/altera/13.1/quartus/../ip/altera/sopc_builder_ip/altera_avalon_pio -- D:/altera/13.1/quartus/../ip/altera/sopc_builder_ip/altera_avalon_pio/generate_rtl.pl --name=qsys_timer_pio_beep --dir=C:/Users/ADMINI~1/AppData/Local/Temp/alt7917_1082853696485334150.dir/0031_pio_beep_gen/ --quartus_dir=D:/altera/13.1/quartus --verilog --config=C:/Users/ADMINI~1/AppData/Local/Temp/alt7917_1082853696485334150.dir/0031_pio_beep_gen//qsys_timer_pio_beep_component_configuration.pl  --do_build_sim=0  ]
Info: pio_beep: Done RTL generation for module 'qsys_timer_pio_beep'
Info: pio_beep: "qsys_timer" instantiated altera_avalon_pio "pio_beep"
Info: pipeline_bridge_swap_transform: After transform: 50 modules, 169 connections
Info: No custom instruction connections, skipping transform 
Info: merlin_initial_interconnect_transform: After transform: 0 modules, 0 connections
Info: No Avalon connections, skipping transform 
Info: merlin_hierarchy_transform: After transform: 50 modules, 169 connections
Info: merlin_initial_interconnect_transform: After transform: 0 modules, 0 connections
Info: No Avalon connections, skipping transform 
Info: merlin_hierarchy_transform: After transform: 50 modules, 169 connections
Info: merlin_initial_interconnect_transform: After transform: 0 modules, 0 connections
Info: No Avalon connections, skipping transform 
Info: merlin_hierarchy_transform: After transform: 50 modules, 169 connections
Info: merlin_initial_interconnect_transform: After transform: 0 modules, 0 connections
Info: No Avalon connections, skipping transform 
Info: merlin_hierarchy_transform: After transform: 50 modules, 169 connections
Info: merlin_initial_interconnect_transform: After transform: 0 modules, 0 connections
Info: No Avalon connections, skipping transform 
Info: merlin_hierarchy_transform: After transform: 50 modules, 169 connections
Info: merlin_initial_interconnect_transform: After transform: 0 modules, 0 connections
Info: No Avalon connections, skipping transform 
Info: merlin_hierarchy_transform: After transform: 50 modules, 169 connections
Info: merlin_initial_interconnect_transform: After transform: 0 modules, 0 connections
Info: No Avalon connections, skipping transform 
Info: merlin_hierarchy_transform: After transform: 50 modules, 169 connections
Info: merlin_initial_interconnect_transform: After transform: 0 modules, 0 connections
Info: No Avalon connections, skipping transform 
Info: merlin_hierarchy_transform: After transform: 50 modules, 169 connections
Info: mm_interconnect_0: "qsys_timer" instantiated altera_merlin_interconnect_wrapper "mm_interconnect_0"
Info: irq_mapper: "qsys_timer" instantiated altera_irq_mapper "irq_mapper"
Info: rst_controller: "qsys_timer" instantiated altera_reset_controller "rst_controller"
Info: nios2_qsys_instruction_master_translator: "mm_interconnect_0" instantiated altera_merlin_master_translator "nios2_qsys_instruction_master_translator"
Info: nios2_qsys_jtag_debug_module_translator: "mm_interconnect_0" instantiated altera_merlin_slave_translator "nios2_qsys_jtag_debug_module_translator"
Info: nios2_qsys_instruction_master_translator_avalon_universal_master_0_agent: "mm_interconnect_0" instantiated altera_merlin_master_agent "nios2_qsys_instruction_master_translator_avalon_universal_master_0_agent"
Info: nios2_qsys_jtag_debug_module_translator_avalon_universal_slave_0_agent: "mm_interconnect_0" instantiated altera_merlin_slave_agent "nios2_qsys_jtag_debug_module_translator_avalon_universal_slave_0_agent"
Info: nios2_qsys_jtag_debug_module_translator_avalon_universal_slave_0_agent_rsp_fifo: "mm_interconnect_0" instantiated altera_avalon_sc_fifo "nios2_qsys_jtag_debug_module_translator_avalon_universal_slave_0_agent_rsp_fifo"
Info: addr_router: "mm_interconnect_0" instantiated altera_merlin_router "addr_router"
Info: addr_router_001: "mm_interconnect_0" instantiated altera_merlin_router "addr_router_001"
Info: id_router: "mm_interconnect_0" instantiated altera_merlin_router "id_router"
Info: id_router_002: "mm_interconnect_0" instantiated altera_merlin_router "id_router_002"
Info: limiter: "mm_interconnect_0" instantiated altera_merlin_traffic_limiter "limiter"
Info: Reusing file D:/work/Timer/qsys/hardware/synthesis/submodules/altera_avalon_sc_fifo.v
Info: cmd_xbar_demux: "mm_interconnect_0" instantiated altera_merlin_demultiplexer "cmd_xbar_demux"
Info: cmd_xbar_demux_001: "mm_interconnect_0" instantiated altera_merlin_demultiplexer "cmd_xbar_demux_001"
Info: cmd_xbar_mux: "mm_interconnect_0" instantiated altera_merlin_multiplexer "cmd_xbar_mux"
Info: cmd_xbar_mux_002: "mm_interconnect_0" instantiated altera_merlin_multiplexer "cmd_xbar_mux_002"
Info: Reusing file D:/work/Timer/qsys/hardware/synthesis/submodules/altera_merlin_arbitrator.sv
Info: rsp_xbar_demux: "mm_interconnect_0" instantiated altera_merlin_demultiplexer "rsp_xbar_demux"
Info: rsp_xbar_demux_002: "mm_interconnect_0" instantiated altera_merlin_demultiplexer "rsp_xbar_demux_002"
Info: rsp_xbar_mux: "mm_interconnect_0" instantiated altera_merlin_multiplexer "rsp_xbar_mux"
Info: Reusing file D:/work/Timer/qsys/hardware/synthesis/submodules/altera_merlin_arbitrator.sv
Info: rsp_xbar_mux_001: "mm_interconnect_0" instantiated altera_merlin_multiplexer "rsp_xbar_mux_001"
Info: Reusing file D:/work/Timer/qsys/hardware/synthesis/submodules/altera_merlin_arbitrator.sv
Info: qsys_timer: Done "qsys_timer" with 28 modules, 49 files, 1292971 bytes
Info: ip-generate succeeded.
Info: Finished: Create HDL design files for synthesis
