Info: Starting: Create block symbol file (.bsf)
Info: ip-generate --project-directory=D:/project/qsys_epcs/qsys/hardware/ --output-directory=D:/project/qsys_epcs/qsys/hardware/qsys_epcs/ --report-file=bsf:D:/project/qsys_epcs/qsys/hardware/qsys_epcs.bsf --system-info=DEVICE_FAMILY="Cyclone IV E" --system-info=DEVICE=EP4CE10F17C8 --system-info=DEVICE_SPEEDGRADE=8 --component-file=D:/project/qsys_epcs/qsys/hardware/qsys_epcs.qsys
Progress: Loading hardware/qsys_epcs.qsys
Progress: Reading input file
Progress: Adding sys_clk [clock_source 13.1]
Progress: Parameterizing module sys_clk
Progress: Adding nios2 [altera_nios2_qsys 13.1]
Progress: Parameterizing module nios2
Progress: Adding epcs_flash [altera_avalon_epcs_flash_controller 13.1]
Progress: Parameterizing module epcs_flash
Progress: Adding onchip_ram [altera_avalon_onchip_memory2 13.1]
Progress: Parameterizing module onchip_ram
Progress: Adding jtag_uart [altera_avalon_jtag_uart 13.1]
Progress: Parameterizing module jtag_uart
Progress: Adding sysid_qsys [altera_avalon_sysid_qsys 13.1]
Progress: Parameterizing module sysid_qsys
Progress: Building connections
Progress: Parameterizing connections
Progress: Validating
Progress: Done reading input file
Info: qsys_epcs.epcs_flash: Dedicated AS interface is not supported, signals are exported to top level design.
Info: qsys_epcs.sysid_qsys: System ID is not assigned automatically. Edit the System ID parameter to provide a unique ID
Info: qsys_epcs.sysid_qsys: Time stamp will be automatically updated when this component is generated.
Info: ip-generate succeeded.
Info: Finished: Create block symbol file (.bsf)
Info: 
Info: Starting: Create HDL design files for synthesis
Info: ip-generate --project-directory=D:/project/qsys_epcs/qsys/hardware/ --output-directory=D:/project/qsys_epcs/qsys/hardware/qsys_epcs/synthesis/ --file-set=QUARTUS_SYNTH --report-file=html:D:/project/qsys_epcs/qsys/hardware/qsys_epcs.html --report-file=sopcinfo:D:/project/qsys_epcs/qsys/hardware/qsys_epcs.sopcinfo --report-file=cmp:D:/project/qsys_epcs/qsys/hardware/qsys_epcs.cmp --report-file=qip:D:/project/qsys_epcs/qsys/hardware/qsys_epcs/synthesis/qsys_epcs.qip --report-file=svd --report-file=regmap:D:/project/qsys_epcs/qsys/hardware/qsys_epcs/synthesis/qsys_epcs.regmap --report-file=debuginfo:D:/project/qsys_epcs/qsys/hardware/qsys_epcs/synthesis/qsys_epcs.debuginfo --system-info=DEVICE_FAMILY="Cyclone IV E" --system-info=DEVICE=EP4CE10F17C8 --system-info=DEVICE_SPEEDGRADE=8 --component-file=D:/project/qsys_epcs/qsys/hardware/qsys_epcs.qsys --language=VERILOG
Progress: Loading hardware/qsys_epcs.qsys
Progress: Reading input file
Progress: Adding sys_clk [clock_source 13.1]
Progress: Parameterizing module sys_clk
Progress: Adding nios2 [altera_nios2_qsys 13.1]
Progress: Parameterizing module nios2
Progress: Adding epcs_flash [altera_avalon_epcs_flash_controller 13.1]
Progress: Parameterizing module epcs_flash
Progress: Adding onchip_ram [altera_avalon_onchip_memory2 13.1]
Progress: Parameterizing module onchip_ram
Progress: Adding jtag_uart [altera_avalon_jtag_uart 13.1]
Progress: Parameterizing module jtag_uart
Progress: Adding sysid_qsys [altera_avalon_sysid_qsys 13.1]
Progress: Parameterizing module sysid_qsys
Progress: Building connections
Progress: Parameterizing connections
Progress: Validating
Progress: Done reading input file
Info: qsys_epcs.epcs_flash: Dedicated AS interface is not supported, signals are exported to top level design.
Info: qsys_epcs.sysid_qsys: System ID is not assigned automatically. Edit the System ID parameter to provide a unique ID
Info: qsys_epcs.sysid_qsys: Time stamp will be automatically updated when this component is generated.
Info: qsys_epcs: Generating qsys_epcs "qsys_epcs" for QUARTUS_SYNTH
Info: pipeline_bridge_swap_transform: After transform: 6 modules, 20 connections
Info: No custom instruction connections, skipping transform 
Info: merlin_initial_interconnect_transform: After transform: 6 modules, 18 connections
Info: merlin_translator_transform: After transform: 13 modules, 39 connections
Info: merlin_domain_transform: After transform: 26 modules, 105 connections
Info: merlin_router_transform: After transform: 33 modules, 126 connections
Info: merlin_traffic_limiter_transform: After transform: 35 modules, 134 connections
Info: merlin_network_to_switch_transform: After transform: 48 modules, 164 connections
Info: limiter_update_transform: After transform: 48 modules, 166 connections
Info: merlin_clock_and_reset_bridge_transform: After transform: 50 modules, 215 connections
Info: merlin_hierarchy_transform: After transform: 7 modules, 21 connections
Info: merlin_mm_transform: After transform: 7 modules, 21 connections
Info: merlin_interrupt_mapper_transform: After transform: 8 modules, 24 connections
Info: reset_adaptation_transform: After transform: 10 modules, 31 connections
Warning: qsys_epcs: "No matching role found for epcs_flash:epcs_control_port:endofpacket (endofpacket)"
Warning: qsys_epcs: "No matching role found for epcs_flash:epcs_control_port:dataavailable (dataavailable)"
Warning: qsys_epcs: "No matching role found for epcs_flash:epcs_control_port:readyfordata (readyfordata)"
Info: nios2: Starting RTL generation for module 'qsys_epcs_nios2'
Info: nios2:   Generation command is [exec D:/altera/13.1/quartus/bin/eperlcmd.exe -I D:/altera/13.1/quartus/bin/perl/lib -I D:/altera/13.1/quartus/sopc_builder/bin/europa -I D:/altera/13.1/quartus/sopc_builder/bin/perl_lib -I D:/altera/13.1/quartus/sopc_builder/bin -I D:/altera/13.1/quartus/../ip/altera/nios2_ip/altera_nios2/cpu_lib -I D:/altera/13.1/quartus/../ip/altera/nios2_ip/altera_nios2/nios_lib -I D:/altera/13.1/quartus/../ip/altera/nios2_ip/altera_nios2 -I D:/altera/13.1/quartus/../ip/altera/nios2_ip/altera_nios2 -- D:/altera/13.1/quartus/../ip/altera/nios2_ip/altera_nios2/generate_rtl.epl --name=qsys_epcs_nios2 --dir=C:/Users/ADMINI~1/AppData/Local/Temp/alt7951_892347170238461636.dir/0025_nios2_gen/ --quartus_dir=D:/altera/13.1/quartus --verilog --config=C:/Users/ADMINI~1/AppData/Local/Temp/alt7951_892347170238461636.dir/0025_nios2_gen//qsys_epcs_nios2_processor_configuration.pl  --do_build_sim=0  ]
Info: nios2: # 2019.02.24 11:47:27 (*) Starting Nios II generation
Info: nios2: # 2019.02.24 11:47:27 (*)   Checking for plaintext license.
Info: nios2: # 2019.02.24 11:47:28 (*)   Plaintext license not found.
Info: nios2: # 2019.02.24 11:47:28 (*)   Checking for encrypted license (non-evaluation).
Info: nios2: # 2019.02.24 11:47:29 (*)   Encrypted license found.  SOF will not be time-limited.
Info: nios2: # 2019.02.24 11:47:29 (*)   Elaborating CPU configuration settings
Info: nios2: # 2019.02.24 11:47:29 (*)   Creating all objects for CPU
Info: nios2: # 2019.02.24 11:47:29 (*)     Testbench
Info: nios2: # 2019.02.24 11:47:29 (*)     Instruction decoding
Info: nios2: # 2019.02.24 11:47:29 (*)       Instruction fields
Info: nios2: # 2019.02.24 11:47:29 (*)       Instruction decodes
Info: nios2: # 2019.02.24 11:47:29 (*)       Signals for RTL simulation waveforms
Info: nios2: # 2019.02.24 11:47:29 (*)       Instruction controls
Info: nios2: # 2019.02.24 11:47:29 (*)     Pipeline frontend
Info: nios2: # 2019.02.24 11:47:30 (*)     Pipeline backend
Info: nios2: # 2019.02.24 11:47:31 (*)   Generating RTL from CPU objects
Info: nios2: # 2019.02.24 11:47:34 (*)   Creating encrypted RTL
Info: nios2: # 2019.02.24 11:47:35 (*) Done Nios II generation
Info: nios2: Done RTL generation for module 'qsys_epcs_nios2'
Info: nios2: "qsys_epcs" instantiated altera_nios2_qsys "nios2"
Info: epcs_flash: Starting RTL generation for module 'qsys_epcs_epcs_flash'
Info: epcs_flash:   Generation command is [exec D:/altera/13.1/quartus/bin/perl/bin/perl.exe -I D:/altera/13.1/quartus/bin/perl/lib -I D:/altera/13.1/quartus/sopc_builder/bin/europa -I D:/altera/13.1/quartus/sopc_builder/bin/perl_lib -I D:/altera/13.1/quartus/sopc_builder/bin -I D:/altera/13.1/quartus/../ip/altera/sopc_builder_ip/common -I D:/altera/13.1/quartus/../ip/altera/sopc_builder_ip/altera_avalon_epcs_flash_controller -- D:/altera/13.1/quartus/../ip/altera/sopc_builder_ip/altera_avalon_epcs_flash_controller/generate_rtl.pl --name=qsys_epcs_epcs_flash --dir=C:/Users/ADMINI~1/AppData/Local/Temp/alt7951_892347170238461636.dir/0026_epcs_flash_gen/ --quartus_dir=D:/altera/13.1/quartus --verilog --config=C:/Users/ADMINI~1/AppData/Local/Temp/alt7951_892347170238461636.dir/0026_epcs_flash_gen//qsys_epcs_epcs_flash_component_configuration.pl  --do_build_sim=0  ]
Info: epcs_flash: Done RTL generation for module 'qsys_epcs_epcs_flash'
Info: epcs_flash: "qsys_epcs" instantiated altera_avalon_epcs_flash_controller "epcs_flash"
Info: onchip_ram: Starting RTL generation for module 'qsys_epcs_onchip_ram'
Info: onchip_ram:   Generation command is [exec D:/altera/13.1/quartus/bin/perl/bin/perl.exe -I D:/altera/13.1/quartus/bin/perl/lib -I D:/altera/13.1/quartus/sopc_builder/bin/europa -I D:/altera/13.1/quartus/sopc_builder/bin/perl_lib -I D:/altera/13.1/quartus/sopc_builder/bin -I D:/altera/13.1/quartus/../ip/altera/sopc_builder_ip/common -I D:/altera/13.1/quartus/../ip/altera/sopc_builder_ip/altera_avalon_onchip_memory2 -- D:/altera/13.1/quartus/../ip/altera/sopc_builder_ip/altera_avalon_onchip_memory2/generate_rtl.pl --name=qsys_epcs_onchip_ram --dir=C:/Users/ADMINI~1/AppData/Local/Temp/alt7951_892347170238461636.dir/0027_onchip_ram_gen/ --quartus_dir=D:/altera/13.1/quartus --verilog --config=C:/Users/ADMINI~1/AppData/Local/Temp/alt7951_892347170238461636.dir/0027_onchip_ram_gen//qsys_epcs_onchip_ram_component_configuration.pl  --do_build_sim=0  ]
Info: onchip_ram: Done RTL generation for module 'qsys_epcs_onchip_ram'
Info: onchip_ram: "qsys_epcs" instantiated altera_avalon_onchip_memory2 "onchip_ram"
Info: jtag_uart: Starting RTL generation for module 'qsys_epcs_jtag_uart'
Info: jtag_uart:   Generation command is [exec D:/altera/13.1/quartus/bin/perl/bin/perl.exe -I D:/altera/13.1/quartus/bin/perl/lib -I D:/altera/13.1/quartus/sopc_builder/bin/europa -I D:/altera/13.1/quartus/sopc_builder/bin/perl_lib -I D:/altera/13.1/quartus/sopc_builder/bin -I D:/altera/13.1/quartus/../ip/altera/sopc_builder_ip/common -I D:/altera/13.1/quartus/../ip/altera/sopc_builder_ip/altera_avalon_jtag_uart -- D:/altera/13.1/quartus/../ip/altera/sopc_builder_ip/altera_avalon_jtag_uart/generate_rtl.pl --name=qsys_epcs_jtag_uart --dir=C:/Users/ADMINI~1/AppData/Local/Temp/alt7951_892347170238461636.dir/0028_jtag_uart_gen/ --quartus_dir=D:/altera/13.1/quartus --verilog --config=C:/Users/ADMINI~1/AppData/Local/Temp/alt7951_892347170238461636.dir/0028_jtag_uart_gen//qsys_epcs_jtag_uart_component_configuration.pl  --do_build_sim=0  ]
Info: jtag_uart: Done RTL generation for module 'qsys_epcs_jtag_uart'
Info: jtag_uart: "qsys_epcs" instantiated altera_avalon_jtag_uart "jtag_uart"
Info: sysid_qsys: "qsys_epcs" instantiated altera_avalon_sysid_qsys "sysid_qsys"
Info: pipeline_bridge_swap_transform: After transform: 44 modules, 150 connections
Info: No custom instruction connections, skipping transform 
Info: merlin_initial_interconnect_transform: After transform: 0 modules, 0 connections
Info: No Avalon connections, skipping transform 
Info: merlin_hierarchy_transform: After transform: 44 modules, 150 connections
Info: merlin_initial_interconnect_transform: After transform: 0 modules, 0 connections
Info: No Avalon connections, skipping transform 
Info: merlin_hierarchy_transform: After transform: 44 modules, 150 connections
Info: merlin_initial_interconnect_transform: After transform: 0 modules, 0 connections
Info: No Avalon connections, skipping transform 
Info: merlin_hierarchy_transform: After transform: 44 modules, 150 connections
Info: merlin_initial_interconnect_transform: After transform: 0 modules, 0 connections
Info: No Avalon connections, skipping transform 
Info: merlin_hierarchy_transform: After transform: 44 modules, 150 connections
Info: merlin_initial_interconnect_transform: After transform: 0 modules, 0 connections
Info: No Avalon connections, skipping transform 
Info: merlin_hierarchy_transform: After transform: 44 modules, 150 connections
Info: merlin_initial_interconnect_transform: After transform: 0 modules, 0 connections
Info: No Avalon connections, skipping transform 
Info: merlin_hierarchy_transform: After transform: 44 modules, 150 connections
Info: merlin_initial_interconnect_transform: After transform: 0 modules, 0 connections
Info: No Avalon connections, skipping transform 
Info: merlin_hierarchy_transform: After transform: 44 modules, 150 connections
Info: mm_interconnect_0: "qsys_epcs" instantiated altera_merlin_interconnect_wrapper "mm_interconnect_0"
Info: irq_mapper: "qsys_epcs" instantiated altera_irq_mapper "irq_mapper"
Info: rst_controller: "qsys_epcs" instantiated altera_reset_controller "rst_controller"
Info: nios2_instruction_master_translator: "mm_interconnect_0" instantiated altera_merlin_master_translator "nios2_instruction_master_translator"
Info: nios2_jtag_debug_module_translator: "mm_interconnect_0" instantiated altera_merlin_slave_translator "nios2_jtag_debug_module_translator"
Info: nios2_instruction_master_translator_avalon_universal_master_0_agent: "mm_interconnect_0" instantiated altera_merlin_master_agent "nios2_instruction_master_translator_avalon_universal_master_0_agent"
Info: nios2_jtag_debug_module_translator_avalon_universal_slave_0_agent: "mm_interconnect_0" instantiated altera_merlin_slave_agent "nios2_jtag_debug_module_translator_avalon_universal_slave_0_agent"
Info: nios2_jtag_debug_module_translator_avalon_universal_slave_0_agent_rsp_fifo: "mm_interconnect_0" instantiated altera_avalon_sc_fifo "nios2_jtag_debug_module_translator_avalon_universal_slave_0_agent_rsp_fifo"
Info: addr_router: "mm_interconnect_0" instantiated altera_merlin_router "addr_router"
Info: addr_router_001: "mm_interconnect_0" instantiated altera_merlin_router "addr_router_001"
Info: id_router: "mm_interconnect_0" instantiated altera_merlin_router "id_router"
Info: id_router_003: "mm_interconnect_0" instantiated altera_merlin_router "id_router_003"
Info: limiter: "mm_interconnect_0" instantiated altera_merlin_traffic_limiter "limiter"
Info: Reusing file D:/project/qsys_epcs/qsys/hardware/qsys_epcs/synthesis/submodules/altera_avalon_sc_fifo.v
Info: cmd_xbar_demux: "mm_interconnect_0" instantiated altera_merlin_demultiplexer "cmd_xbar_demux"
Info: cmd_xbar_demux_001: "mm_interconnect_0" instantiated altera_merlin_demultiplexer "cmd_xbar_demux_001"
Info: cmd_xbar_mux: "mm_interconnect_0" instantiated altera_merlin_multiplexer "cmd_xbar_mux"
Info: cmd_xbar_mux_003: "mm_interconnect_0" instantiated altera_merlin_multiplexer "cmd_xbar_mux_003"
Info: Reusing file D:/project/qsys_epcs/qsys/hardware/qsys_epcs/synthesis/submodules/altera_merlin_arbitrator.sv
Info: rsp_xbar_demux: "mm_interconnect_0" instantiated altera_merlin_demultiplexer "rsp_xbar_demux"
Info: rsp_xbar_demux_003: "mm_interconnect_0" instantiated altera_merlin_demultiplexer "rsp_xbar_demux_003"
Info: rsp_xbar_mux: "mm_interconnect_0" instantiated altera_merlin_multiplexer "rsp_xbar_mux"
Info: Reusing file D:/project/qsys_epcs/qsys/hardware/qsys_epcs/synthesis/submodules/altera_merlin_arbitrator.sv
Info: rsp_xbar_mux_001: "mm_interconnect_0" instantiated altera_merlin_multiplexer "rsp_xbar_mux_001"
Info: Reusing file D:/project/qsys_epcs/qsys/hardware/qsys_epcs/synthesis/submodules/altera_merlin_arbitrator.sv
Info: qsys_epcs: Done "qsys_epcs" with 27 modules, 49 files, 1314575 bytes
Info: ip-generate succeeded.
Info: Finished: Create HDL design files for synthesis
