Flow report for qsys_can
Fri Apr 26 16:46:49 2019
Quartus II 64-Bit Version 13.1.0 Build 162 10/23/2013 SJ Full Version


---------------------
; Table of Contents ;
---------------------
  1. Legal Notice
  2. Flow Summary
  3. Flow Settings
  4. Flow Non-Default Global Settings
  5. Flow Elapsed Time
  6. Flow OS Summary
  7. Flow Log
  8. Flow Messages
  9. Flow Suppressed Messages



----------------
; Legal Notice ;
----------------
Copyright (C) 1991-2013 Altera Corporation
Your use of Altera Corporation's design tools, logic functions 
and other software and tools, and its AMPP partner logic 
functions, and any output files from any of the foregoing 
(including device programming or simulation files), and any 
associated documentation or information are expressly subject 
to the terms and conditions of the Altera Program License 
Subscription Agreement, Altera MegaCore Function License 
Agreement, or other applicable license agreement, including, 
without limitation, that your use is for the sole purpose of 
programming logic devices manufactured by Altera and sold by 
Altera or its authorized distributors.  Please refer to the 
applicable agreement for further details.



+----------------------------------------------------------------------------------+
; Flow Summary                                                                     ;
+------------------------------------+---------------------------------------------+
; Flow Status                        ; Successful - Fri Apr 26 16:46:42 2019       ;
; Quartus II 64-Bit Version          ; 13.1.0 Build 162 10/23/2013 SJ Full Version ;
; Revision Name                      ; qsys_can                                    ;
; Top-level Entity Name              ; qsys_CAN                                    ;
; Family                             ; Cyclone IV E                                ;
; Device                             ; EP4CE10F17C8                                ;
; Timing Models                      ; Final                                       ;
; Total logic elements               ; 8,203 / 10,320 ( 79 % )                     ;
;     Total combinational functions  ; 7,582 / 10,320 ( 73 % )                     ;
;     Dedicated logic registers      ; 3,788 / 10,320 ( 37 % )                     ;
; Total registers                    ; 3857                                        ;
; Total pins                         ; 62 / 180 ( 34 % )                           ;
; Total virtual pins                 ; 0                                           ;
; Total memory bits                  ; 74,496 / 423,936 ( 18 % )                   ;
; Embedded Multiplier 9-bit elements ; 4 / 46 ( 9 % )                              ;
; Total PLLs                         ; 1 / 2 ( 50 % )                              ;
+------------------------------------+---------------------------------------------+


+-----------------------------------------+
; Flow Settings                           ;
+-------------------+---------------------+
; Option            ; Setting             ;
+-------------------+---------------------+
; Start date & time ; 04/26/2019 16:45:33 ;
; Main task         ; Compilation         ;
; Revision Name     ; qsys_can            ;
+-------------------+---------------------+


+-----------------------------------------------------------------------------------------------------------------------------------------------------------------------------------------------+
; Flow Non-Default Global Settings                                                                                                                                                              ;
+-------------------------------------+-------------------------------------------------------------------+---------------+--------------------------------------------------+------------------+
; Assignment Name                     ; Value                                                             ; Default Value ; Entity Name                                      ; Section Id       ;
+-------------------------------------+-------------------------------------------------------------------+---------------+--------------------------------------------------+------------------+
; COMPILER_SIGNATURE_ID               ; 88147556840677.155626833204964                                    ; --            ; --                                               ; --               ;
; ENABLE_SIGNALTAP                    ; On                                                                ; --            ; --                                               ; --               ;
; IP_TOOL_ENV                         ; Qsys                                                              ; --            ; altera_avalon_sc_fifo                            ; --               ;
; IP_TOOL_ENV                         ; Qsys                                                              ; --            ; altera_merlin_burst_adapter                      ; --               ;
; IP_TOOL_ENV                         ; Qsys                                                              ; --            ; altera_merlin_master_agent                       ; --               ;
; IP_TOOL_ENV                         ; Qsys                                                              ; --            ; altera_merlin_master_translator                  ; --               ;
; IP_TOOL_ENV                         ; Qsys                                                              ; --            ; altera_merlin_slave_agent                        ; --               ;
; IP_TOOL_ENV                         ; Qsys                                                              ; --            ; altera_merlin_slave_translator                   ; --               ;
; IP_TOOL_ENV                         ; Qsys                                                              ; --            ; altera_merlin_traffic_limiter                    ; --               ;
; IP_TOOL_ENV                         ; Qsys                                                              ; --            ; altera_merlin_width_adapter                      ; --               ;
; IP_TOOL_ENV                         ; Qsys                                                              ; --            ; altera_reset_controller                          ; --               ;
; IP_TOOL_ENV                         ; Qsys                                                              ; --            ; system_qsys                                      ; --               ;
; IP_TOOL_ENV                         ; Qsys                                                              ; --            ; system_qsys_can_tx_en                            ; --               ;
; IP_TOOL_ENV                         ; Qsys                                                              ; --            ; system_qsys_epcs                                 ; --               ;
; IP_TOOL_ENV                         ; Qsys                                                              ; --            ; system_qsys_irq_mapper                           ; --               ;
; IP_TOOL_ENV                         ; Qsys                                                              ; --            ; system_qsys_jtag_uart                            ; --               ;
; IP_TOOL_ENV                         ; Qsys                                                              ; --            ; system_qsys_mm_interconnect_0                    ; --               ;
; IP_TOOL_ENV                         ; Qsys                                                              ; --            ; system_qsys_mm_interconnect_0_addr_router        ; --               ;
; IP_TOOL_ENV                         ; Qsys                                                              ; --            ; system_qsys_mm_interconnect_0_addr_router_001    ; --               ;
; IP_TOOL_ENV                         ; Qsys                                                              ; --            ; system_qsys_mm_interconnect_0_cmd_xbar_demux     ; --               ;
; IP_TOOL_ENV                         ; Qsys                                                              ; --            ; system_qsys_mm_interconnect_0_cmd_xbar_demux_001 ; --               ;
; IP_TOOL_ENV                         ; Qsys                                                              ; --            ; system_qsys_mm_interconnect_0_cmd_xbar_mux       ; --               ;
; IP_TOOL_ENV                         ; Qsys                                                              ; --            ; system_qsys_mm_interconnect_0_cmd_xbar_mux_003   ; --               ;
; IP_TOOL_ENV                         ; Qsys                                                              ; --            ; system_qsys_mm_interconnect_0_id_router          ; --               ;
; IP_TOOL_ENV                         ; Qsys                                                              ; --            ; system_qsys_mm_interconnect_0_id_router_001      ; --               ;
; IP_TOOL_ENV                         ; Qsys                                                              ; --            ; system_qsys_mm_interconnect_0_id_router_003      ; --               ;
; IP_TOOL_ENV                         ; Qsys                                                              ; --            ; system_qsys_mm_interconnect_0_id_router_005      ; --               ;
; IP_TOOL_ENV                         ; Qsys                                                              ; --            ; system_qsys_mm_interconnect_0_rsp_xbar_demux     ; --               ;
; IP_TOOL_ENV                         ; Qsys                                                              ; --            ; system_qsys_mm_interconnect_0_rsp_xbar_demux_003 ; --               ;
; IP_TOOL_ENV                         ; Qsys                                                              ; --            ; system_qsys_mm_interconnect_0_rsp_xbar_mux       ; --               ;
; IP_TOOL_ENV                         ; Qsys                                                              ; --            ; system_qsys_mm_interconnect_0_rsp_xbar_mux_001   ; --               ;
; IP_TOOL_ENV                         ; Qsys                                                              ; --            ; system_qsys_nios2                                ; --               ;
; IP_TOOL_ENV                         ; Qsys                                                              ; --            ; system_qsys_sdram                                ; --               ;
; IP_TOOL_NAME                        ; ALTPLL                                                            ; --            ; --                                               ; --               ;
; IP_TOOL_NAME                        ; altera_avalon_sc_fifo                                             ; --            ; altera_avalon_sc_fifo                            ; --               ;
; IP_TOOL_NAME                        ; altera_merlin_burst_adapter                                       ; --            ; altera_merlin_burst_adapter                      ; --               ;
; IP_TOOL_NAME                        ; altera_merlin_master_agent                                        ; --            ; altera_merlin_master_agent                       ; --               ;
; IP_TOOL_NAME                        ; altera_merlin_master_translator                                   ; --            ; altera_merlin_master_translator                  ; --               ;
; IP_TOOL_NAME                        ; altera_merlin_slave_agent                                         ; --            ; altera_merlin_slave_agent                        ; --               ;
; IP_TOOL_NAME                        ; altera_merlin_slave_translator                                    ; --            ; altera_merlin_slave_translator                   ; --               ;
; IP_TOOL_NAME                        ; altera_merlin_traffic_limiter                                     ; --            ; altera_merlin_traffic_limiter                    ; --               ;
; IP_TOOL_NAME                        ; altera_merlin_width_adapter                                       ; --            ; altera_merlin_width_adapter                      ; --               ;
; IP_TOOL_NAME                        ; altera_reset_controller                                           ; --            ; altera_reset_controller                          ; --               ;
; IP_TOOL_NAME                        ; Qsys                                                              ; --            ; system_qsys                                      ; --               ;
; IP_TOOL_NAME                        ; altera_avalon_pio                                                 ; --            ; system_qsys_can_tx_en                            ; --               ;
; IP_TOOL_NAME                        ; altera_avalon_epcs_flash_controller                               ; --            ; system_qsys_epcs                                 ; --               ;
; IP_TOOL_NAME                        ; altera_irq_mapper                                                 ; --            ; system_qsys_irq_mapper                           ; --               ;
; IP_TOOL_NAME                        ; altera_avalon_jtag_uart                                           ; --            ; system_qsys_jtag_uart                            ; --               ;
; IP_TOOL_NAME                        ; altera_merlin_interconnect_wrapper                                ; --            ; system_qsys_mm_interconnect_0                    ; --               ;
; IP_TOOL_NAME                        ; altera_merlin_router                                              ; --            ; system_qsys_mm_interconnect_0_addr_router        ; --               ;
; IP_TOOL_NAME                        ; altera_merlin_router                                              ; --            ; system_qsys_mm_interconnect_0_addr_router_001    ; --               ;
; IP_TOOL_NAME                        ; altera_merlin_demultiplexer                                       ; --            ; system_qsys_mm_interconnect_0_cmd_xbar_demux     ; --               ;
; IP_TOOL_NAME                        ; altera_merlin_demultiplexer                                       ; --            ; system_qsys_mm_interconnect_0_cmd_xbar_demux_001 ; --               ;
; IP_TOOL_NAME                        ; altera_merlin_multiplexer                                         ; --            ; system_qsys_mm_interconnect_0_cmd_xbar_mux       ; --               ;
; IP_TOOL_NAME                        ; altera_merlin_multiplexer                                         ; --            ; system_qsys_mm_interconnect_0_cmd_xbar_mux_003   ; --               ;
; IP_TOOL_NAME                        ; altera_merlin_router                                              ; --            ; system_qsys_mm_interconnect_0_id_router          ; --               ;
; IP_TOOL_NAME                        ; altera_merlin_router                                              ; --            ; system_qsys_mm_interconnect_0_id_router_001      ; --               ;
; IP_TOOL_NAME                        ; altera_merlin_router                                              ; --            ; system_qsys_mm_interconnect_0_id_router_003      ; --               ;
; IP_TOOL_NAME                        ; altera_merlin_router                                              ; --            ; system_qsys_mm_interconnect_0_id_router_005      ; --               ;
; IP_TOOL_NAME                        ; altera_merlin_demultiplexer                                       ; --            ; system_qsys_mm_interconnect_0_rsp_xbar_demux     ; --               ;
; IP_TOOL_NAME                        ; altera_merlin_demultiplexer                                       ; --            ; system_qsys_mm_interconnect_0_rsp_xbar_demux_003 ; --               ;
; IP_TOOL_NAME                        ; altera_merlin_multiplexer                                         ; --            ; system_qsys_mm_interconnect_0_rsp_xbar_mux       ; --               ;
; IP_TOOL_NAME                        ; altera_merlin_multiplexer                                         ; --            ; system_qsys_mm_interconnect_0_rsp_xbar_mux_001   ; --               ;
; IP_TOOL_NAME                        ; altera_nios2_qsys                                                 ; --            ; system_qsys_nios2                                ; --               ;
; IP_TOOL_NAME                        ; altera_avalon_new_sdram_controller                                ; --            ; system_qsys_sdram                                ; --               ;
; IP_TOOL_VERSION                     ; 13.1                                                              ; --            ; --                                               ; --               ;
; IP_TOOL_VERSION                     ; 13.1                                                              ; --            ; altera_avalon_sc_fifo                            ; --               ;
; IP_TOOL_VERSION                     ; 13.1                                                              ; --            ; altera_merlin_burst_adapter                      ; --               ;
; IP_TOOL_VERSION                     ; 13.1                                                              ; --            ; altera_merlin_master_agent                       ; --               ;
; IP_TOOL_VERSION                     ; 13.1                                                              ; --            ; altera_merlin_master_translator                  ; --               ;
; IP_TOOL_VERSION                     ; 13.1                                                              ; --            ; altera_merlin_slave_agent                        ; --               ;
; IP_TOOL_VERSION                     ; 13.1                                                              ; --            ; altera_merlin_slave_translator                   ; --               ;
; IP_TOOL_VERSION                     ; 13.1                                                              ; --            ; altera_merlin_traffic_limiter                    ; --               ;
; IP_TOOL_VERSION                     ; 13.1                                                              ; --            ; altera_merlin_width_adapter                      ; --               ;
; IP_TOOL_VERSION                     ; 13.1                                                              ; --            ; altera_reset_controller                          ; --               ;
; IP_TOOL_VERSION                     ; 13.1                                                              ; --            ; system_qsys                                      ; --               ;
; IP_TOOL_VERSION                     ; 13.1                                                              ; --            ; system_qsys_can_tx_en                            ; --               ;
; IP_TOOL_VERSION                     ; 13.1                                                              ; --            ; system_qsys_epcs                                 ; --               ;
; IP_TOOL_VERSION                     ; 13.1                                                              ; --            ; system_qsys_irq_mapper                           ; --               ;
; IP_TOOL_VERSION                     ; 13.1                                                              ; --            ; system_qsys_jtag_uart                            ; --               ;
; IP_TOOL_VERSION                     ; 13.1                                                              ; --            ; system_qsys_mm_interconnect_0                    ; --               ;
; IP_TOOL_VERSION                     ; 13.1                                                              ; --            ; system_qsys_mm_interconnect_0_addr_router        ; --               ;
; IP_TOOL_VERSION                     ; 13.1                                                              ; --            ; system_qsys_mm_interconnect_0_addr_router_001    ; --               ;
; IP_TOOL_VERSION                     ; 13.1                                                              ; --            ; system_qsys_mm_interconnect_0_cmd_xbar_demux     ; --               ;
; IP_TOOL_VERSION                     ; 13.1                                                              ; --            ; system_qsys_mm_interconnect_0_cmd_xbar_demux_001 ; --               ;
; IP_TOOL_VERSION                     ; 13.1                                                              ; --            ; system_qsys_mm_interconnect_0_cmd_xbar_mux       ; --               ;
; IP_TOOL_VERSION                     ; 13.1                                                              ; --            ; system_qsys_mm_interconnect_0_cmd_xbar_mux_003   ; --               ;
; IP_TOOL_VERSION                     ; 13.1                                                              ; --            ; system_qsys_mm_interconnect_0_id_router          ; --               ;
; IP_TOOL_VERSION                     ; 13.1                                                              ; --            ; system_qsys_mm_interconnect_0_id_router_001      ; --               ;
; IP_TOOL_VERSION                     ; 13.1                                                              ; --            ; system_qsys_mm_interconnect_0_id_router_003      ; --               ;
; IP_TOOL_VERSION                     ; 13.1                                                              ; --            ; system_qsys_mm_interconnect_0_id_router_005      ; --               ;
; IP_TOOL_VERSION                     ; 13.1                                                              ; --            ; system_qsys_mm_interconnect_0_rsp_xbar_demux     ; --               ;
; IP_TOOL_VERSION                     ; 13.1                                                              ; --            ; system_qsys_mm_interconnect_0_rsp_xbar_demux_003 ; --               ;
; IP_TOOL_VERSION                     ; 13.1                                                              ; --            ; system_qsys_mm_interconnect_0_rsp_xbar_mux       ; --               ;
; IP_TOOL_VERSION                     ; 13.1                                                              ; --            ; system_qsys_mm_interconnect_0_rsp_xbar_mux_001   ; --               ;
; IP_TOOL_VERSION                     ; 13.1                                                              ; --            ; system_qsys_nios2                                ; --               ;
; IP_TOOL_VERSION                     ; 13.1                                                              ; --            ; system_qsys_sdram                                ; --               ;
; MAX_CORE_JUNCTION_TEMP              ; 85                                                                ; --            ; --                                               ; --               ;
; MIN_CORE_JUNCTION_TEMP              ; 0                                                                 ; --            ; --                                               ; --               ;
; MISC_FILE                           ; ../qsys/hardware/system_qsys/synthesis/../../system_qsys.cmp      ; --            ; --                                               ; --               ;
; MISC_FILE                           ; ../qsys/hardware/system_qsys/synthesis/../../system_qsys.qsys     ; --            ; --                                               ; --               ;
; MISC_FILE                           ; ipcore/pll_clk.bsf                                                ; --            ; --                                               ; --               ;
; MISC_FILE                           ; ipcore/pll_clk_inst.v                                             ; --            ; --                                               ; --               ;
; MISC_FILE                           ; ipcore/pll_clk.ppf                                                ; --            ; --                                               ; --               ;
; NOMINAL_CORE_SUPPLY_VOLTAGE         ; 1.2V                                                              ; --            ; --                                               ; --               ;
; OUTPUT_IO_TIMING_FAR_END_VMEAS      ; Half Signal Swing                                                 ; --            ; --                                               ; --               ;
; OUTPUT_IO_TIMING_FAR_END_VMEAS      ; Half Signal Swing                                                 ; --            ; --                                               ; --               ;
; OUTPUT_IO_TIMING_NEAR_END_VMEAS     ; Half Vccio                                                        ; --            ; --                                               ; --               ;
; OUTPUT_IO_TIMING_NEAR_END_VMEAS     ; Half Vccio                                                        ; --            ; --                                               ; --               ;
; PARTITION_COLOR                     ; 16764057                                                          ; --            ; qsys_CAN                                         ; Top              ;
; PARTITION_FITTER_PRESERVATION_LEVEL ; PLACEMENT_AND_ROUTING                                             ; --            ; qsys_CAN                                         ; Top              ;
; PARTITION_NETLIST_TYPE              ; SOURCE                                                            ; --            ; qsys_CAN                                         ; Top              ;
; POWER_BOARD_THERMAL_MODEL           ; None (CONSERVATIVE)                                               ; --            ; --                                               ; --               ;
; POWER_PRESET_COOLING_SOLUTION       ; 23 MM HEAT SINK WITH 200 LFPM AIRFLOW                             ; --            ; --                                               ; --               ;
; PROJECT_OUTPUT_DIRECTORY            ; output_files                                                      ; --            ; --                                               ; --               ;
; SLD_FILE                            ; ../qsys/hardware/system_qsys/synthesis/system_qsys.regmap         ; --            ; --                                               ; --               ;
; SLD_FILE                            ; ../qsys/hardware/system_qsys/synthesis/system_qsys.debuginfo      ; --            ; --                                               ; --               ;
; SLD_FILE                            ; db/stp1_auto_stripped.stp                                         ; --            ; --                                               ; --               ;
; SLD_INFO                            ; QSYS_NAME system_qsys HAS_SOPCINFO 1 GENERATION_ID 1556266911     ; --            ; system_qsys                                      ; --               ;
; SLD_NODE_CREATOR_ID                 ; 110                                                               ; --            ; --                                               ; auto_signaltap_0 ;
; SLD_NODE_ENTITY_NAME                ; sld_signaltap                                                     ; --            ; --                                               ; auto_signaltap_0 ;
; SLD_NODE_PARAMETER_ASSIGNMENT       ; SLD_RAM_BLOCK_TYPE=AUTO                                           ; --            ; --                                               ; auto_signaltap_0 ;
; SLD_NODE_PARAMETER_ASSIGNMENT       ; SLD_DATA_BITS=3                                                   ; --            ; --                                               ; auto_signaltap_0 ;
; SLD_NODE_PARAMETER_ASSIGNMENT       ; SLD_TRIGGER_BITS=3                                                ; --            ; --                                               ; auto_signaltap_0 ;
; SLD_NODE_PARAMETER_ASSIGNMENT       ; SLD_NODE_INFO=805334528                                           ; --            ; --                                               ; auto_signaltap_0 ;
; SLD_NODE_PARAMETER_ASSIGNMENT       ; SLD_POWER_UP_TRIGGER=0                                            ; --            ; --                                               ; auto_signaltap_0 ;
; SLD_NODE_PARAMETER_ASSIGNMENT       ; SLD_INVERSION_MASK=000000000000000000000000000000                 ; --            ; --                                               ; auto_signaltap_0 ;
; SLD_NODE_PARAMETER_ASSIGNMENT       ; SLD_INVERSION_MASK_LENGTH=30                                      ; --            ; --                                               ; auto_signaltap_0 ;
; SLD_NODE_PARAMETER_ASSIGNMENT       ; SLD_STORAGE_QUALIFIER_INVERSION_MASK_LENGTH=0                     ; --            ; --                                               ; auto_signaltap_0 ;
; SLD_NODE_PARAMETER_ASSIGNMENT       ; SLD_SEGMENT_SIZE=128                                              ; --            ; --                                               ; auto_signaltap_0 ;
; SLD_NODE_PARAMETER_ASSIGNMENT       ; SLD_ATTRIBUTE_MEM_MODE=OFF                                        ; --            ; --                                               ; auto_signaltap_0 ;
; SLD_NODE_PARAMETER_ASSIGNMENT       ; SLD_STATE_FLOW_USE_GENERATED=0                                    ; --            ; --                                               ; auto_signaltap_0 ;
; SLD_NODE_PARAMETER_ASSIGNMENT       ; SLD_STATE_BITS=11                                                 ; --            ; --                                               ; auto_signaltap_0 ;
; SLD_NODE_PARAMETER_ASSIGNMENT       ; SLD_BUFFER_FULL_STOP=1                                            ; --            ; --                                               ; auto_signaltap_0 ;
; SLD_NODE_PARAMETER_ASSIGNMENT       ; SLD_CURRENT_RESOURCE_WIDTH=1                                      ; --            ; --                                               ; auto_signaltap_0 ;
; SLD_NODE_PARAMETER_ASSIGNMENT       ; SLD_NODE_CRC_HIWORD=30383                                         ; --            ; --                                               ; auto_signaltap_0 ;
; SLD_NODE_PARAMETER_ASSIGNMENT       ; SLD_TRIGGER_LEVEL=1                                               ; --            ; --                                               ; auto_signaltap_0 ;
; SLD_NODE_PARAMETER_ASSIGNMENT       ; SLD_SAMPLE_DEPTH=128                                              ; --            ; --                                               ; auto_signaltap_0 ;
; SLD_NODE_PARAMETER_ASSIGNMENT       ; SLD_TRIGGER_IN_ENABLED=0                                          ; --            ; --                                               ; auto_signaltap_0 ;
; SLD_NODE_PARAMETER_ASSIGNMENT       ; SLD_ADVANCED_TRIGGER_ENTITY=basic,1,                              ; --            ; --                                               ; auto_signaltap_0 ;
; SLD_NODE_PARAMETER_ASSIGNMENT       ; SLD_TRIGGER_LEVEL_PIPELINE=1                                      ; --            ; --                                               ; auto_signaltap_0 ;
; SLD_NODE_PARAMETER_ASSIGNMENT       ; SLD_ENABLE_ADVANCED_TRIGGER=0                                     ; --            ; --                                               ; auto_signaltap_0 ;
; SLD_NODE_PARAMETER_ASSIGNMENT       ; SLD_NODE_CRC_LOWORD=18136                                         ; --            ; --                                               ; auto_signaltap_0 ;
; SOPCINFO_FILE                       ; ../qsys/hardware/system_qsys/synthesis/../../system_qsys.sopcinfo ; --            ; --                                               ; --               ;
; SYNTHESIS_ONLY_QIP                  ; On                                                                ; --            ; --                                               ; --               ;
; USE_SIGNALTAP_FILE                  ; stp1.stp                                                          ; --            ; --                                               ; --               ;
+-------------------------------------+-------------------------------------------------------------------+---------------+--------------------------------------------------+------------------+


+-------------------------------------------------------------------------------------------------------------------------------+
; Flow Elapsed Time                                                                                                             ;
+---------------------------+--------------+-------------------------+---------------------+------------------------------------+
; Module Name               ; Elapsed Time ; Average Processors Used ; Peak Virtual Memory ; Total CPU Time (on all processors) ;
+---------------------------+--------------+-------------------------+---------------------+------------------------------------+
; Analysis & Synthesis      ; 00:00:33     ; 1.0                     ; 746 MB              ; 00:00:33                           ;
; Fitter                    ; 00:00:26     ; 1.4                     ; 1255 MB             ; 00:00:34                           ;
; Assembler                 ; 00:00:02     ; 1.0                     ; 466 MB              ; 00:00:02                           ;
; TimeQuest Timing Analyzer ; 00:00:06     ; 1.8                     ; 619 MB              ; 00:00:06                           ;
; Total                     ; 00:01:07     ; --                      ; --                  ; 00:01:15                           ;
+---------------------------+--------------+-------------------------+---------------------+------------------------------------+


+----------------------------------------------------------------------------------------+
; Flow OS Summary                                                                        ;
+---------------------------+------------------+-----------+------------+----------------+
; Module Name               ; Machine Hostname ; OS Name   ; OS Version ; Processor type ;
+---------------------------+------------------+-----------+------------+----------------+
; Analysis & Synthesis      ; USER-20180403QA  ; Windows 7 ; 6.1        ; x86_64         ;
; Fitter                    ; USER-20180403QA  ; Windows 7 ; 6.1        ; x86_64         ;
; Assembler                 ; USER-20180403QA  ; Windows 7 ; 6.1        ; x86_64         ;
; TimeQuest Timing Analyzer ; USER-20180403QA  ; Windows 7 ; 6.1        ; x86_64         ;
+---------------------------+------------------+-----------+------------+----------------+


------------
; Flow Log ;
------------
quartus_map --read_settings_files=on --write_settings_files=off qsys_CAN -c qsys_can
quartus_fit --read_settings_files=off --write_settings_files=off qsys_CAN -c qsys_can
quartus_asm --read_settings_files=off --write_settings_files=off qsys_CAN -c qsys_can
quartus_sta qsys_CAN -c qsys_can



