
**** Clean-only build of configuration Nios II for project uCosii ****

make clean 
[uCosii clean complete]

**** Build Finished ****

**** Build of configuration Nios II for project uCosii ****

make all 
Info: Building F:/project/qsys_ucosii_sem/qsys/software/uCosii_bsp/
make --no-print-directory -C F:/project/qsys_ucosii_sem/qsys/software/uCosii_bsp/
[BSP build complete]
Info: Compiling ucosii_sem.c to obj/default/ucosii_sem.o
nios2-elf-gcc -xc -MP -MMD -c -IF:/project/qsys_ucosii_sem/qsys/software/uCosii_bsp//UCOSII/inc -IF:/project/qsys_ucosii_sem/qsys/software/uCosii_bsp//HAL/inc -IF:/project/qsys_ucosii_sem/qsys/software/uCosii_bsp/ -IF:/project/qsys_ucosii_sem/qsys/software/uCosii_bsp//drivers/inc  -DSYSTEM_BUS_WIDTH=32 -pipe -D__hal__ -DALT_NO_INSTRUCTION_EMULATION -D__ucosii__    -O0 -g -Wall   -mno-hw-div -mhw-mul -mno-hw-mulx  -o obj/default/ucosii_sem.o ucosii_sem.c
ucosii_sem.c: In function 'task1':
ucosii_sem.c:47:8: warning: unused variable 'task1_str' [-Wunused-variable]
ucosii_sem.c:46:8: warning: unused variable 'return_code' [-Wunused-variable]
ucosii_sem.c: In function 'task2':
ucosii_sem.c:65:8: warning: unused variable 'task2_str' [-Wunused-variable]
ucosii_sem.c:64:8: warning: unused variable 'return_code' [-Wunused-variable]
ucosii_sem.c: In function 'start_task':
ucosii_sem.c:81:2: warning: implicit declaration of function 'initOSsemaphore' [-Wimplicit-function-declaration]
ucosii_sem.c:82:2: warning: implicit declaration of function 'initCreateTasks' [-Wimplicit-function-declaration]
ucosii_sem.c: At top level:
ucosii_sem.c:96:6: warning: conflicting types for 'initCreateTasks' [enabled by default]
ucosii_sem.c:82:2: note: previous implicit declaration of 'initCreateTasks' was here
Info: Linking uCosii.elf
nios2-elf-g++  -T'F:/project/qsys_ucosii_sem/qsys/software/uCosii_bsp//linker.x' -msys-crt0='F:/project/qsys_ucosii_sem/qsys/software/uCosii_bsp//obj/HAL/src/crt0.o' -msys-lib=ucosii_bsp -LF:/project/qsys_ucosii_sem/qsys/software/uCosii_bsp/   -Wl,-Map=uCosii.map   -O0 -g -Wall   -mno-hw-div -mhw-mul -mno-hw-mulx  -o uCosii.elf obj/default/ucosii_sem.o -lm 
nios2-elf-insert uCosii.elf --thread_model ucosii --cpu_name nios2_qsys --qsys true --simulation_enabled false --id 0 --sidp 0x2002028 --timestamp 1550039760 --stderr_dev jtag_uart --stdin_dev jtag_uart --stdout_dev jtag_uart --sopc_system_name system_qsys --quartus_project_dir "f:/project/qsys_ucosii_sem/qsys/hardware" --sopcinfo F:/project/qsys_ucosii_sem/qsys/hardware/system_qsys.sopcinfo
Info: (uCosii.elf) 109 KBytes program size (code + initialized data).
Info:              32658 KBytes free for stack + heap.
Info: Creating uCosii.objdump
nios2-elf-objdump --disassemble --syms --all-header --source uCosii.elf >uCosii.objdump
[uCosii build complete]

**** Build Finished ****

**** Build of configuration Nios II for project uCosii_bsp ****

make all 
[BSP build complete]

**** Build Finished ****

**** Build of configuration Nios II for project uCosii ****

make all 
Info: Building F:/project/qsys_ucosii_sem/qsys/software/uCosii_bsp/
make --no-print-directory -C F:/project/qsys_ucosii_sem/qsys/software/uCosii_bsp/
[BSP build complete]
[uCosii build complete]

**** Build Finished ****

**** Build of configuration Nios II for project uCosii ****

make all 
Info: Building F:/project/qsys_ucosii_sem/qsys/software/uCosii_bsp/
make --no-print-directory -C F:/project/qsys_ucosii_sem/qsys/software/uCosii_bsp/
[BSP build complete]
[uCosii build complete]

**** Build Finished ****

**** Build of configuration Nios II for project uCosii ****

make all 
Info: Building F:/project/qsys_ucosii_sem/qsys/software/uCosii_bsp/
make --no-print-directory -C F:/project/qsys_ucosii_sem/qsys/software/uCosii_bsp/
[BSP build complete]
Info: Compiling ucosii_sem.c to obj/default/ucosii_sem.o
nios2-elf-gcc -xc -MP -MMD -c -IF:/project/qsys_ucosii_sem/qsys/software/uCosii_bsp//UCOSII/inc -IF:/project/qsys_ucosii_sem/qsys/software/uCosii_bsp//HAL/inc -IF:/project/qsys_ucosii_sem/qsys/software/uCosii_bsp/ -IF:/project/qsys_ucosii_sem/qsys/software/uCosii_bsp//drivers/inc  -DSYSTEM_BUS_WIDTH=32 -pipe -D__hal__ -DALT_NO_INSTRUCTION_EMULATION -D__ucosii__    -O0 -g -Wall   -mno-hw-div -mhw-mul -mno-hw-mulx  -o obj/default/ucosii_sem.o ucosii_sem.c
ucosii_sem.c: In function 'task1':
ucosii_sem.c:53:3: warning: implicit declaration of function 'memcpy' [-Wimplicit-function-declaration]
ucosii_sem.c:53:3: warning: incompatible implicit declaration of built-in function 'memcpy' [enabled by default]
ucosii_sem.c:54:3: warning: implicit declaration of function 'usleep' [-Wimplicit-function-declaration]
ucosii_sem.c: In function 'task2':
ucosii_sem.c:70:3: warning: incompatible implicit declaration of built-in function 'memcpy' [enabled by default]
ucosii_sem.c: In function 'start_task':
ucosii_sem.c:81:2: warning: implicit declaration of function 'initOSsemaphore' [-Wimplicit-function-declaration]
ucosii_sem.c:82:2: warning: implicit declaration of function 'initCreateTasks' [-Wimplicit-function-declaration]
ucosii_sem.c: At top level:
ucosii_sem.c:96:6: warning: conflicting types for 'initCreateTasks' [enabled by default]
ucosii_sem.c:82:2: note: previous implicit declaration of 'initCreateTasks' was here
Info: Linking uCosii.elf
nios2-elf-g++  -T'F:/project/qsys_ucosii_sem/qsys/software/uCosii_bsp//linker.x' -msys-crt0='F:/project/qsys_ucosii_sem/qsys/software/uCosii_bsp//obj/HAL/src/crt0.o' -msys-lib=ucosii_bsp -LF:/project/qsys_ucosii_sem/qsys/software/uCosii_bsp/   -Wl,-Map=uCosii.map   -O0 -g -Wall   -mno-hw-div -mhw-mul -mno-hw-mulx  -o uCosii.elf obj/default/ucosii_sem.o -lm 
nios2-elf-insert uCosii.elf --thread_model ucosii --cpu_name nios2_qsys --qsys true --simulation_enabled false --id 0 --sidp 0x2002028 --timestamp 1550039760 --stderr_dev jtag_uart --stdin_dev jtag_uart --stdout_dev jtag_uart --sopc_system_name system_qsys --quartus_project_dir "f:/project/qsys_ucosii_sem/qsys/hardware" --sopcinfo F:/project/qsys_ucosii_sem/qsys/hardware/system_qsys.sopcinfo
Info: (uCosii.elf) 132 KBytes program size (code + initialized data).
Info:              32635 KBytes free for stack + heap.
Info: Creating uCosii.objdump
nios2-elf-objdump --disassemble --syms --all-header --source uCosii.elf >uCosii.objdump
[uCosii build complete]

**** Build Finished ****

**** Build of configuration Nios II for project uCosii_bsp ****

make all 
[BSP build complete]

**** Build Finished ****

**** Build of configuration Nios II for project uCosii ****

make all 
Info: Building F:/project/qsys_ucosii_sem/qsys/software/uCosii_bsp/
make --no-print-directory -C F:/project/qsys_ucosii_sem/qsys/software/uCosii_bsp/
[BSP build complete]
[uCosii build complete]

**** Build Finished ****

**** Build of configuration Nios II for project uCosii ****

make all 
Info: Building F:/project/qsys_ucosii_sem/qsys/software/uCosii_bsp/
make --no-print-directory -C F:/project/qsys_ucosii_sem/qsys/software/uCosii_bsp/
[BSP build complete]
[uCosii build complete]

**** Build Finished ****

**** Build of configuration Nios II for project uCosii ****

make all 
Info: Building F:/project/qsys_ucosii_sem/qsys/software/uCosii_bsp/
make --no-print-directory -C F:/project/qsys_ucosii_sem/qsys/software/uCosii_bsp/
[BSP build complete]
[uCosii build complete]

**** Build Finished ****

**** Build of configuration Nios II for project uCosii_bsp ****

make all 
[BSP build complete]

**** Build Finished ****

**** Build of configuration Nios II for project uCosii ****

make all 
Info: Building F:/project/qsys_ucosii_sem/qsys/software/uCosii_bsp/
make --no-print-directory -C F:/project/qsys_ucosii_sem/qsys/software/uCosii_bsp/
[BSP build complete]
Info: Compiling ucosii_sem.c to obj/default/ucosii_sem.o
nios2-elf-gcc -xc -MP -MMD -c -IF:/project/qsys_ucosii_sem/qsys/software/uCosii_bsp//UCOSII/inc -IF:/project/qsys_ucosii_sem/qsys/software/uCosii_bsp//HAL/inc -IF:/project/qsys_ucosii_sem/qsys/software/uCosii_bsp/ -IF:/project/qsys_ucosii_sem/qsys/software/uCosii_bsp//drivers/inc  -DSYSTEM_BUS_WIDTH=32 -pipe -D__hal__ -DALT_NO_INSTRUCTION_EMULATION -D__ucosii__    -O0 -g -Wall   -mno-hw-div -mhw-mul -mno-hw-mulx  -o obj/default/ucosii_sem.o ucosii_sem.c
ucosii_sem.c: In function 'task1':
ucosii_sem.c:54:3: warning: implicit declaration of function 'memcpy' [-Wimplicit-function-declaration]
ucosii_sem.c:54:3: warning: incompatible implicit declaration of built-in function 'memcpy' [enabled by default]
ucosii_sem.c:55:3: warning: implicit declaration of function 'usleep' [-Wimplicit-function-declaration]
ucosii_sem.c: In function 'task2':
ucosii_sem.c:71:3: warning: incompatible implicit declaration of built-in function 'memcpy' [enabled by default]
ucosii_sem.c: In function 'start_task':
ucosii_sem.c:82:2: warning: implicit declaration of function 'initOSsemaphore' [-Wimplicit-function-declaration]
ucosii_sem.c:83:2: warning: implicit declaration of function 'initCreateTasks' [-Wimplicit-function-declaration]
ucosii_sem.c: At top level:
ucosii_sem.c:97:6: warning: conflicting types for 'initCreateTasks' [enabled by default]
ucosii_sem.c:83:2: note: previous implicit declaration of 'initCreateTasks' was here
Info: Linking uCosii.elf
nios2-elf-g++  -T'F:/project/qsys_ucosii_sem/qsys/software/uCosii_bsp//linker.x' -msys-crt0='F:/project/qsys_ucosii_sem/qsys/software/uCosii_bsp//obj/HAL/src/crt0.o' -msys-lib=ucosii_bsp -LF:/project/qsys_ucosii_sem/qsys/software/uCosii_bsp/   -Wl,-Map=uCosii.map   -O0 -g -Wall   -mno-hw-div -mhw-mul -mno-hw-mulx  -o uCosii.elf obj/default/ucosii_sem.o -lm 
nios2-elf-insert uCosii.elf --thread_model ucosii --cpu_name nios2_qsys --qsys true --simulation_enabled false --id 0 --sidp 0x2002028 --timestamp 1550039760 --stderr_dev jtag_uart --stdin_dev jtag_uart --stdout_dev jtag_uart --sopc_system_name system_qsys --quartus_project_dir "f:/project/qsys_ucosii_sem/qsys/hardware" --sopcinfo F:/project/qsys_ucosii_sem/qsys/hardware/system_qsys.sopcinfo
Info: (uCosii.elf) 132 KBytes program size (code + initialized data).
Info:              32635 KBytes free for stack + heap.
Info: Creating uCosii.objdump
nios2-elf-objdump --disassemble --syms --all-header --source uCosii.elf >uCosii.objdump
[uCosii build complete]

**** Build Finished ****

**** Build of configuration Nios II for project uCosii_bsp ****

make all 
[BSP build complete]

**** Build Finished ****

**** Build of configuration Nios II for project uCosii ****

make all 
Info: Building F:/project/qsys_ucosii_sem/qsys/software/uCosii_bsp/
make --no-print-directory -C F:/project/qsys_ucosii_sem/qsys/software/uCosii_bsp/
[BSP build complete]
[uCosii build complete]

**** Build Finished ****

**** Build of configuration Nios II for project uCosii ****

make all 
Info: Building F:/project/qsys_ucosii_sem/qsys/software/uCosii_bsp/
make --no-print-directory -C F:/project/qsys_ucosii_sem/qsys/software/uCosii_bsp/
[BSP build complete]
[uCosii build complete]

**** Build Finished ****
