Info: Starting: Create block symbol file (.bsf)
Info: ip-generate --project-directory=D:/work/Pio_led/qsys/hardware/ --output-directory=D:/work/Pio_led/qsys/hardware/ --report-file=bsf:D:/work/Pio_led/qsys/hardware/led.bsf --system-info=DEVICE_FAMILY="Cyclone IV E" --system-info=DEVICE=EP4CE10F17C8 --system-info=DEVICE_SPEEDGRADE=8 --component-file=D:/work/Pio_led/qsys/hardware/led.qsys
Progress: Loading hardware/led.qsys
Progress: Reading input file
Progress: Adding clk [clock_source 13.1]
Progress: Parameterizing module clk
Progress: Adding nios2_qsys [altera_nios2_qsys 13.1]
Progress: Parameterizing module nios2_qsys
Progress: Adding onchip_ram [altera_avalon_onchip_memory2 13.1]
Progress: Parameterizing module onchip_ram
Progress: Adding pio_led [altera_avalon_pio 13.1]
Progress: Parameterizing module pio_led
Progress: Adding pio_key [altera_avalon_pio 13.1]
Progress: Parameterizing module pio_key
Progress: Adding epcs_flash [altera_avalon_epcs_flash_controller 13.1]
Progress: Parameterizing module epcs_flash
Progress: Adding jtag_uart [altera_avalon_jtag_uart 13.1]
Progress: Parameterizing module jtag_uart
Progress: Adding sysid_qsys [altera_avalon_sysid_qsys 13.1]
Progress: Parameterizing module sysid_qsys
Progress: Building connections
Progress: Parameterizing connections
Progress: Validating
Progress: Done reading input file
Info: led.pio_key: PIO inputs are not hardwired in test bench. Undefined values will be read from PIO inputs during simulation.
Info: led.epcs_flash: Dedicated AS interface is not supported, signals are exported to top level design.
Info: led.sysid_qsys: System ID is not assigned automatically. Edit the System ID parameter to provide a unique ID
Info: led.sysid_qsys: Time stamp will be automatically updated when this component is generated.
Info: ip-generate succeeded.
Info: Finished: Create block symbol file (.bsf)
Info: 
Info: Starting: Create HDL design files for synthesis
Info: ip-generate --project-directory=D:/work/Pio_led/qsys/hardware/ --output-directory=D:/work/Pio_led/qsys/hardware/synthesis/ --file-set=QUARTUS_SYNTH --report-file=html:D:/work/Pio_led/qsys/hardware/led.html --report-file=sopcinfo:D:/work/Pio_led/qsys/hardware/led.sopcinfo --report-file=cmp:D:/work/Pio_led/qsys/hardware/led.cmp --report-file=qip:D:/work/Pio_led/qsys/hardware/synthesis/led.qip --report-file=svd --report-file=regmap:D:/work/Pio_led/qsys/hardware/synthesis/led.regmap --report-file=debuginfo:D:/work/Pio_led/qsys/hardware/synthesis/led.debuginfo --system-info=DEVICE_FAMILY="Cyclone IV E" --system-info=DEVICE=EP4CE10F17C8 --system-info=DEVICE_SPEEDGRADE=8 --component-file=D:/work/Pio_led/qsys/hardware/led.qsys --language=VERILOG
Progress: Loading hardware/led.qsys
Progress: Reading input file
Progress: Adding clk [clock_source 13.1]
Progress: Parameterizing module clk
Progress: Adding nios2_qsys [altera_nios2_qsys 13.1]
Progress: Parameterizing module nios2_qsys
Progress: Adding onchip_ram [altera_avalon_onchip_memory2 13.1]
Progress: Parameterizing module onchip_ram
Progress: Adding pio_led [altera_avalon_pio 13.1]
Progress: Parameterizing module pio_led
Progress: Adding pio_key [altera_avalon_pio 13.1]
Progress: Parameterizing module pio_key
Progress: Adding epcs_flash [altera_avalon_epcs_flash_controller 13.1]
Progress: Parameterizing module epcs_flash
Progress: Adding jtag_uart [altera_avalon_jtag_uart 13.1]
Progress: Parameterizing module jtag_uart
Progress: Adding sysid_qsys [altera_avalon_sysid_qsys 13.1]
Progress: Parameterizing module sysid_qsys
Progress: Building connections
Progress: Parameterizing connections
Progress: Validating
Progress: Done reading input file
Info: led.pio_key: PIO inputs are not hardwired in test bench. Undefined values will be read from PIO inputs during simulation.
Info: led.epcs_flash: Dedicated AS interface is not supported, signals are exported to top level design.
Info: led.sysid_qsys: System ID is not assigned automatically. Edit the System ID parameter to provide a unique ID
Info: led.sysid_qsys: Time stamp will be automatically updated when this component is generated.
Info: led: Generating led "led" for QUARTUS_SYNTH
Info: pipeline_bridge_swap_transform: After transform: 8 modules, 33 connections
Info: No custom instruction connections, skipping transform 
Info: merlin_initial_interconnect_transform: After transform: 8 modules, 31 connections
Info: merlin_translator_transform: After transform: 17 modules, 67 connections
Info: merlin_domain_transform: After transform: 34 modules, 180 connections
Info: merlin_router_transform: After transform: 43 modules, 216 connections
Info: merlin_traffic_limiter_transform: After transform: 45 modules, 226 connections
Info: merlin_network_to_switch_transform: After transform: 62 modules, 273 connections
Info: limiter_update_transform: After transform: 62 modules, 275 connections
Info: merlin_clock_and_reset_bridge_transform: After transform: 64 modules, 338 connections
Info: merlin_hierarchy_transform: After transform: 9 modules, 35 connections
Info: merlin_mm_transform: After transform: 9 modules, 35 connections
Info: merlin_interrupt_mapper_transform: After transform: 10 modules, 39 connections
Info: reset_adaptation_transform: After transform: 12 modules, 40 connections
Warning: led: "No matching role found for epcs_flash:epcs_control_port:endofpacket (endofpacket)"
Warning: led: "No matching role found for epcs_flash:epcs_control_port:dataavailable (dataavailable)"
Warning: led: "No matching role found for epcs_flash:epcs_control_port:readyfordata (readyfordata)"
Info: nios2_qsys: Starting RTL generation for module 'led_nios2_qsys'
Info: nios2_qsys:   Generation command is [exec D:/program/quartus/quartus/bin/eperlcmd.exe -I D:/program/quartus/quartus/bin/perl/lib -I D:/program/quartus/quartus/sopc_builder/bin/europa -I D:/program/quartus/quartus/sopc_builder/bin/perl_lib -I D:/program/quartus/quartus/sopc_builder/bin -I D:/program/quartus/quartus/../ip/altera/nios2_ip/altera_nios2/cpu_lib -I D:/program/quartus/quartus/../ip/altera/nios2_ip/altera_nios2/nios_lib -I D:/program/quartus/quartus/../ip/altera/nios2_ip/altera_nios2 -I D:/program/quartus/quartus/../ip/altera/nios2_ip/altera_nios2 -- D:/program/quartus/quartus/../ip/altera/nios2_ip/altera_nios2/generate_rtl.epl --name=led_nios2_qsys --dir=C:/Users/ADMINI~1/AppData/Local/Temp/alt7730_2432484022878852557.dir/0001_nios2_qsys_gen/ --quartus_dir=D:/program/quartus/quartus --verilog --config=C:/Users/ADMINI~1/AppData/Local/Temp/alt7730_2432484022878852557.dir/0001_nios2_qsys_gen//led_nios2_qsys_processor_configuration.pl  --do_build_sim=0  ]
Info: nios2_qsys: # 2018.07.18 21:20:32 (*) Starting Nios II generation
Info: nios2_qsys: # 2018.07.18 21:20:32 (*)   Checking for plaintext license.
Info: nios2_qsys: # 2018.07.18 21:20:34 (*)   Plaintext license not found.
Info: nios2_qsys: # 2018.07.18 21:20:34 (*)   Checking for encrypted license (non-evaluation).
Info: nios2_qsys: # 2018.07.18 21:20:35 (*)   Encrypted license found.  SOF will not be time-limited.
Info: nios2_qsys: # 2018.07.18 21:20:35 (*)   Elaborating CPU configuration settings
Info: nios2_qsys: # 2018.07.18 21:20:35 (*)   Creating all objects for CPU
Info: nios2_qsys: # 2018.07.18 21:20:35 (*)     Testbench
Info: nios2_qsys: # 2018.07.18 21:20:35 (*)     Instruction decoding
Info: nios2_qsys: # 2018.07.18 21:20:35 (*)       Instruction fields
Info: nios2_qsys: # 2018.07.18 21:20:35 (*)       Instruction decodes
Info: nios2_qsys: # 2018.07.18 21:20:36 (*)       Signals for RTL simulation waveforms
Info: nios2_qsys: # 2018.07.18 21:20:36 (*)       Instruction controls
Info: nios2_qsys: # 2018.07.18 21:20:36 (*)     Pipeline frontend
Info: nios2_qsys: # 2018.07.18 21:20:36 (*)     Pipeline backend
Info: nios2_qsys: # 2018.07.18 21:20:38 (*)   Generating RTL from CPU objects
Info: nios2_qsys: # 2018.07.18 21:20:40 (*)   Creating encrypted RTL
Info: nios2_qsys: # 2018.07.18 21:20:41 (*) Done Nios II generation
Info: nios2_qsys: Done RTL generation for module 'led_nios2_qsys'
Info: nios2_qsys: "led" instantiated altera_nios2_qsys "nios2_qsys"
Info: onchip_ram: Starting RTL generation for module 'led_onchip_ram'
Info: onchip_ram:   Generation command is [exec D:/program/quartus/quartus/bin/perl/bin/perl.exe -I D:/program/quartus/quartus/bin/perl/lib -I D:/program/quartus/quartus/sopc_builder/bin/europa -I D:/program/quartus/quartus/sopc_builder/bin/perl_lib -I D:/program/quartus/quartus/sopc_builder/bin -I D:/program/quartus/quartus/../ip/altera/sopc_builder_ip/common -I D:/program/quartus/quartus/../ip/altera/sopc_builder_ip/altera_avalon_onchip_memory2 -- D:/program/quartus/quartus/../ip/altera/sopc_builder_ip/altera_avalon_onchip_memory2/generate_rtl.pl --name=led_onchip_ram --dir=C:/Users/ADMINI~1/AppData/Local/Temp/alt7730_2432484022878852557.dir/0002_onchip_ram_gen/ --quartus_dir=D:/program/quartus/quartus --verilog --config=C:/Users/ADMINI~1/AppData/Local/Temp/alt7730_2432484022878852557.dir/0002_onchip_ram_gen//led_onchip_ram_component_configuration.pl  --do_build_sim=0  ]
Info: onchip_ram: Done RTL generation for module 'led_onchip_ram'
Info: onchip_ram: "led" instantiated altera_avalon_onchip_memory2 "onchip_ram"
Info: pio_led: Starting RTL generation for module 'led_pio_led'
Info: pio_led:   Generation command is [exec D:/program/quartus/quartus/bin/perl/bin/perl.exe -I D:/program/quartus/quartus/bin/perl/lib -I D:/program/quartus/quartus/sopc_builder/bin/europa -I D:/program/quartus/quartus/sopc_builder/bin/perl_lib -I D:/program/quartus/quartus/sopc_builder/bin -I D:/program/quartus/quartus/../ip/altera/sopc_builder_ip/common -I D:/program/quartus/quartus/../ip/altera/sopc_builder_ip/altera_avalon_pio -- D:/program/quartus/quartus/../ip/altera/sopc_builder_ip/altera_avalon_pio/generate_rtl.pl --name=led_pio_led --dir=C:/Users/ADMINI~1/AppData/Local/Temp/alt7730_2432484022878852557.dir/0003_pio_led_gen/ --quartus_dir=D:/program/quartus/quartus --verilog --config=C:/Users/ADMINI~1/AppData/Local/Temp/alt7730_2432484022878852557.dir/0003_pio_led_gen//led_pio_led_component_configuration.pl  --do_build_sim=0  ]
Info: pio_led: Done RTL generation for module 'led_pio_led'
Info: pio_led: "led" instantiated altera_avalon_pio "pio_led"
Info: pio_key: Starting RTL generation for module 'led_pio_key'
Info: pio_key:   Generation command is [exec D:/program/quartus/quartus/bin/perl/bin/perl.exe -I D:/program/quartus/quartus/bin/perl/lib -I D:/program/quartus/quartus/sopc_builder/bin/europa -I D:/program/quartus/quartus/sopc_builder/bin/perl_lib -I D:/program/quartus/quartus/sopc_builder/bin -I D:/program/quartus/quartus/../ip/altera/sopc_builder_ip/common -I D:/program/quartus/quartus/../ip/altera/sopc_builder_ip/altera_avalon_pio -- D:/program/quartus/quartus/../ip/altera/sopc_builder_ip/altera_avalon_pio/generate_rtl.pl --name=led_pio_key --dir=C:/Users/ADMINI~1/AppData/Local/Temp/alt7730_2432484022878852557.dir/0004_pio_key_gen/ --quartus_dir=D:/program/quartus/quartus --verilog --config=C:/Users/ADMINI~1/AppData/Local/Temp/alt7730_2432484022878852557.dir/0004_pio_key_gen//led_pio_key_component_configuration.pl  --do_build_sim=0  ]
Info: pio_key: Done RTL generation for module 'led_pio_key'
Info: pio_key: "led" instantiated altera_avalon_pio "pio_key"
Info: epcs_flash: Starting RTL generation for module 'led_epcs_flash'
Info: epcs_flash:   Generation command is [exec D:/program/quartus/quartus/bin/perl/bin/perl.exe -I D:/program/quartus/quartus/bin/perl/lib -I D:/program/quartus/quartus/sopc_builder/bin/europa -I D:/program/quartus/quartus/sopc_builder/bin/perl_lib -I D:/program/quartus/quartus/sopc_builder/bin -I D:/program/quartus/quartus/../ip/altera/sopc_builder_ip/common -I D:/program/quartus/quartus/../ip/altera/sopc_builder_ip/altera_avalon_epcs_flash_controller -- D:/program/quartus/quartus/../ip/altera/sopc_builder_ip/altera_avalon_epcs_flash_controller/generate_rtl.pl --name=led_epcs_flash --dir=C:/Users/ADMINI~1/AppData/Local/Temp/alt7730_2432484022878852557.dir/0005_epcs_flash_gen/ --quartus_dir=D:/program/quartus/quartus --verilog --config=C:/Users/ADMINI~1/AppData/Local/Temp/alt7730_2432484022878852557.dir/0005_epcs_flash_gen//led_epcs_flash_component_configuration.pl  --do_build_sim=0  ]
Info: epcs_flash: Done RTL generation for module 'led_epcs_flash'
Info: epcs_flash: "led" instantiated altera_avalon_epcs_flash_controller "epcs_flash"
Info: jtag_uart: Starting RTL generation for module 'led_jtag_uart'
Info: jtag_uart:   Generation command is [exec D:/program/quartus/quartus/bin/perl/bin/perl.exe -I D:/program/quartus/quartus/bin/perl/lib -I D:/program/quartus/quartus/sopc_builder/bin/europa -I D:/program/quartus/quartus/sopc_builder/bin/perl_lib -I D:/program/quartus/quartus/sopc_builder/bin -I D:/program/quartus/quartus/../ip/altera/sopc_builder_ip/common -I D:/program/quartus/quartus/../ip/altera/sopc_builder_ip/altera_avalon_jtag_uart -- D:/program/quartus/quartus/../ip/altera/sopc_builder_ip/altera_avalon_jtag_uart/generate_rtl.pl --name=led_jtag_uart --dir=C:/Users/ADMINI~1/AppData/Local/Temp/alt7730_2432484022878852557.dir/0006_jtag_uart_gen/ --quartus_dir=D:/program/quartus/quartus --verilog --config=C:/Users/ADMINI~1/AppData/Local/Temp/alt7730_2432484022878852557.dir/0006_jtag_uart_gen//led_jtag_uart_component_configuration.pl  --do_build_sim=0  ]
Info: jtag_uart: Done RTL generation for module 'led_jtag_uart'
Info: jtag_uart: "led" instantiated altera_avalon_jtag_uart "jtag_uart"
Info: sysid_qsys: "led" instantiated altera_avalon_sysid_qsys "sysid_qsys"
Info: pipeline_bridge_swap_transform: After transform: 56 modules, 192 connections
Info: No custom instruction connections, skipping transform 
Info: merlin_initial_interconnect_transform: After transform: 0 modules, 0 connections
Info: No Avalon connections, skipping transform 
Info: merlin_hierarchy_transform: After transform: 56 modules, 192 connections
Info: merlin_initial_interconnect_transform: After transform: 0 modules, 0 connections
Info: No Avalon connections, skipping transform 
Info: merlin_hierarchy_transform: After transform: 56 modules, 192 connections
Info: merlin_initial_interconnect_transform: After transform: 0 modules, 0 connections
Info: No Avalon connections, skipping transform 
Info: merlin_hierarchy_transform: After transform: 56 modules, 192 connections
Info: merlin_initial_interconnect_transform: After transform: 0 modules, 0 connections
Info: No Avalon connections, skipping transform 
Info: merlin_hierarchy_transform: After transform: 56 modules, 192 connections
Info: merlin_initial_interconnect_transform: After transform: 0 modules, 0 connections
Info: No Avalon connections, skipping transform 
Info: merlin_hierarchy_transform: After transform: 56 modules, 192 connections
Info: merlin_initial_interconnect_transform: After transform: 0 modules, 0 connections
Info: No Avalon connections, skipping transform 
Info: merlin_hierarchy_transform: After transform: 56 modules, 192 connections
Info: merlin_initial_interconnect_transform: After transform: 0 modules, 0 connections
Info: No Avalon connections, skipping transform 
Info: merlin_hierarchy_transform: After transform: 56 modules, 192 connections
Info: merlin_initial_interconnect_transform: After transform: 0 modules, 0 connections
Info: No Avalon connections, skipping transform 
Info: merlin_hierarchy_transform: After transform: 56 modules, 192 connections
Info: merlin_initial_interconnect_transform: After transform: 0 modules, 0 connections
Info: No Avalon connections, skipping transform 
Info: merlin_hierarchy_transform: After transform: 56 modules, 192 connections
Info: mm_interconnect_0: "led" instantiated altera_merlin_interconnect_wrapper "mm_interconnect_0"
Info: irq_mapper: "led" instantiated altera_irq_mapper "irq_mapper"
Info: rst_controller: "led" instantiated altera_reset_controller "rst_controller"
Info: nios2_qsys_instruction_master_translator: "mm_interconnect_0" instantiated altera_merlin_master_translator "nios2_qsys_instruction_master_translator"
Info: nios2_qsys_jtag_debug_module_translator: "mm_interconnect_0" instantiated altera_merlin_slave_translator "nios2_qsys_jtag_debug_module_translator"
Info: nios2_qsys_instruction_master_translator_avalon_universal_master_0_agent: "mm_interconnect_0" instantiated altera_merlin_master_agent "nios2_qsys_instruction_master_translator_avalon_universal_master_0_agent"
Info: nios2_qsys_jtag_debug_module_translator_avalon_universal_slave_0_agent: "mm_interconnect_0" instantiated altera_merlin_slave_agent "nios2_qsys_jtag_debug_module_translator_avalon_universal_slave_0_agent"
Info: nios2_qsys_jtag_debug_module_translator_avalon_universal_slave_0_agent_rsp_fifo: "mm_interconnect_0" instantiated altera_avalon_sc_fifo "nios2_qsys_jtag_debug_module_translator_avalon_universal_slave_0_agent_rsp_fifo"
Info: addr_router: "mm_interconnect_0" instantiated altera_merlin_router "addr_router"
Info: addr_router_001: "mm_interconnect_0" instantiated altera_merlin_router "addr_router_001"
Info: id_router: "mm_interconnect_0" instantiated altera_merlin_router "id_router"
Info: id_router_003: "mm_interconnect_0" instantiated altera_merlin_router "id_router_003"
Info: limiter: "mm_interconnect_0" instantiated altera_merlin_traffic_limiter "limiter"
Info: Reusing file D:/work/Pio_led/qsys/hardware/synthesis/submodules/altera_avalon_sc_fifo.v
Info: cmd_xbar_demux: "mm_interconnect_0" instantiated altera_merlin_demultiplexer "cmd_xbar_demux"
Info: cmd_xbar_demux_001: "mm_interconnect_0" instantiated altera_merlin_demultiplexer "cmd_xbar_demux_001"
Info: cmd_xbar_mux: "mm_interconnect_0" instantiated altera_merlin_multiplexer "cmd_xbar_mux"
Info: cmd_xbar_mux_003: "mm_interconnect_0" instantiated altera_merlin_multiplexer "cmd_xbar_mux_003"
Info: Reusing file D:/work/Pio_led/qsys/hardware/synthesis/submodules/altera_merlin_arbitrator.sv
Info: rsp_xbar_demux: "mm_interconnect_0" instantiated altera_merlin_demultiplexer "rsp_xbar_demux"
Info: rsp_xbar_demux_003: "mm_interconnect_0" instantiated altera_merlin_demultiplexer "rsp_xbar_demux_003"
Info: rsp_xbar_mux: "mm_interconnect_0" instantiated altera_merlin_multiplexer "rsp_xbar_mux"
Info: Reusing file D:/work/Pio_led/qsys/hardware/synthesis/submodules/altera_merlin_arbitrator.sv
Info: rsp_xbar_mux_001: "mm_interconnect_0" instantiated altera_merlin_multiplexer "rsp_xbar_mux_001"
Info: Reusing file D:/work/Pio_led/qsys/hardware/synthesis/submodules/altera_merlin_arbitrator.sv
Info: led: Done "led" with 29 modules, 51 files, 1351752 bytes
Info: ip-generate succeeded.
Info: Finished: Create HDL design files for synthesis
