Flow report for qsys_eth
Tue Feb 26 09:57:42 2019
Quartus II 64-Bit Version 13.1.0 Build 162 10/23/2013 SJ Full Version


---------------------
; Table of Contents ;
---------------------
  1. Legal Notice
  2. Flow Summary
  3. Flow Settings
  4. Flow Non-Default Global Settings
  5. Flow Elapsed Time
  6. Flow OS Summary
  7. Flow Log
  8. Flow Messages
  9. Flow Suppressed Messages



----------------
; Legal Notice ;
----------------
Copyright (C) 1991-2013 Altera Corporation
Your use of Altera Corporation's design tools, logic functions 
and other software and tools, and its AMPP partner logic 
functions, and any output files from any of the foregoing 
(including device programming or simulation files), and any 
associated documentation or information are expressly subject 
to the terms and conditions of the Altera Program License 
Subscription Agreement, Altera MegaCore Function License 
Agreement, or other applicable license agreement, including, 
without limitation, that your use is for the sole purpose of 
programming logic devices manufactured by Altera and sold by 
Altera or its authorized distributors.  Please refer to the 
applicable agreement for further details.



+----------------------------------------------------------------------------------+
; Flow Summary                                                                     ;
+------------------------------------+---------------------------------------------+
; Flow Status                        ; Successful - Tue Feb 26 09:57:32 2019       ;
; Quartus II 64-Bit Version          ; 13.1.0 Build 162 10/23/2013 SJ Full Version ;
; Revision Name                      ; qsys_eth                                    ;
; Top-level Entity Name              ; qsys_eth                                    ;
; Family                             ; Cyclone IV E                                ;
; Device                             ; EP4CE10F17C8                                ;
; Timing Models                      ; Final                                       ;
; Total logic elements               ; 9,115 / 10,320 ( 88 % )                     ;
;     Total combinational functions  ; 7,245 / 10,320 ( 70 % )                     ;
;     Dedicated logic registers      ; 6,307 / 10,320 ( 61 % )                     ;
; Total registers                    ; 6376                                        ;
; Total pins                         ; 62 / 180 ( 34 % )                           ;
; Total virtual pins                 ; 0                                           ;
; Total memory bits                  ; 117,931 / 423,936 ( 28 % )                  ;
; Embedded Multiplier 9-bit elements ; 4 / 46 ( 9 % )                              ;
; Total PLLs                         ; 1 / 2 ( 50 % )                              ;
+------------------------------------+---------------------------------------------+


+-----------------------------------------+
; Flow Settings                           ;
+-------------------+---------------------+
; Option            ; Setting             ;
+-------------------+---------------------+
; Start date & time ; 02/26/2019 09:55:39 ;
; Main task         ; Compilation         ;
; Revision Name     ; qsys_eth            ;
+-------------------+---------------------+


+-----------------------------------------------------------------------------------------------------------------------------------------------------------------------------+
; Flow Non-Default Global Settings                                                                                                                                            ;
+-------------------------------------+-----------------------------------------------------------+---------------+----------------------------------------------+------------+
; Assignment Name                     ; Value                                                     ; Default Value ; Entity Name                                  ; Section Id ;
+-------------------------------------+-----------------------------------------------------------+---------------+----------------------------------------------+------------+
; COMPILER_SIGNATURE_ID               ; 26601937440417.155114613911596                            ; --            ; --                                           ; --         ;
; ENABLE_SIGNALTAP                    ; Off                                                       ; --            ; --                                           ; --         ;
; IP_TOOL_ENV                         ; Qsys                                                      ; --            ; altera_avalon_mm_bridge                      ; --         ;
; IP_TOOL_ENV                         ; Qsys                                                      ; --            ; altera_avalon_sc_fifo                        ; --         ;
; IP_TOOL_ENV                         ; Qsys                                                      ; --            ; altera_eth_tse_mac                           ; --         ;
; IP_TOOL_ENV                         ; Qsys                                                      ; --            ; altera_merlin_burst_adapter                  ; --         ;
; IP_TOOL_ENV                         ; Qsys                                                      ; --            ; altera_merlin_master_agent                   ; --         ;
; IP_TOOL_ENV                         ; Qsys                                                      ; --            ; altera_merlin_master_translator              ; --         ;
; IP_TOOL_ENV                         ; Qsys                                                      ; --            ; altera_merlin_slave_agent                    ; --         ;
; IP_TOOL_ENV                         ; Qsys                                                      ; --            ; altera_merlin_slave_translator               ; --         ;
; IP_TOOL_ENV                         ; Qsys                                                      ; --            ; altera_merlin_traffic_limiter                ; --         ;
; IP_TOOL_ENV                         ; Qsys                                                      ; --            ; altera_merlin_width_adapter                  ; --         ;
; IP_TOOL_ENV                         ; Qsys                                                      ; --            ; altera_reset_controller                      ; --         ;
; IP_TOOL_ENV                         ; Qsys                                                      ; --            ; nios2os                                      ; --         ;
; IP_TOOL_ENV                         ; Qsys                                                      ; --            ; nios2os_avalon_st_adapter                    ; --         ;
; IP_TOOL_ENV                         ; Qsys                                                      ; --            ; nios2os_avalon_st_adapter_timing_adapter_0   ; --         ;
; IP_TOOL_ENV                         ; Qsys                                                      ; --            ; nios2os_descriptor_memory                    ; --         ;
; IP_TOOL_ENV                         ; Qsys                                                      ; --            ; nios2os_ext_flash                            ; --         ;
; IP_TOOL_ENV                         ; Qsys                                                      ; --            ; nios2os_high_res_timer                       ; --         ;
; IP_TOOL_ENV                         ; Qsys                                                      ; --            ; nios2os_irq_mapper                           ; --         ;
; IP_TOOL_ENV                         ; Qsys                                                      ; --            ; nios2os_jtag_uart                            ; --         ;
; IP_TOOL_ENV                         ; Qsys                                                      ; --            ; nios2os_led_pio                              ; --         ;
; IP_TOOL_ENV                         ; Qsys                                                      ; --            ; nios2os_mm_interconnect_0                    ; --         ;
; IP_TOOL_ENV                         ; Qsys                                                      ; --            ; nios2os_mm_interconnect_0_addr_router        ; --         ;
; IP_TOOL_ENV                         ; Qsys                                                      ; --            ; nios2os_mm_interconnect_0_addr_router_001    ; --         ;
; IP_TOOL_ENV                         ; Qsys                                                      ; --            ; nios2os_mm_interconnect_0_addr_router_002    ; --         ;
; IP_TOOL_ENV                         ; Qsys                                                      ; --            ; nios2os_mm_interconnect_0_cmd_xbar_demux     ; --         ;
; IP_TOOL_ENV                         ; Qsys                                                      ; --            ; nios2os_mm_interconnect_0_cmd_xbar_demux_001 ; --         ;
; IP_TOOL_ENV                         ; Qsys                                                      ; --            ; nios2os_mm_interconnect_0_cmd_xbar_demux_002 ; --         ;
; IP_TOOL_ENV                         ; Qsys                                                      ; --            ; nios2os_mm_interconnect_0_cmd_xbar_mux       ; --         ;
; IP_TOOL_ENV                         ; Qsys                                                      ; --            ; nios2os_mm_interconnect_0_cmd_xbar_mux_001   ; --         ;
; IP_TOOL_ENV                         ; Qsys                                                      ; --            ; nios2os_mm_interconnect_0_cmd_xbar_mux_003   ; --         ;
; IP_TOOL_ENV                         ; Qsys                                                      ; --            ; nios2os_mm_interconnect_0_id_router          ; --         ;
; IP_TOOL_ENV                         ; Qsys                                                      ; --            ; nios2os_mm_interconnect_0_id_router_001      ; --         ;
; IP_TOOL_ENV                         ; Qsys                                                      ; --            ; nios2os_mm_interconnect_0_id_router_003      ; --         ;
; IP_TOOL_ENV                         ; Qsys                                                      ; --            ; nios2os_mm_interconnect_0_rsp_xbar_demux     ; --         ;
; IP_TOOL_ENV                         ; Qsys                                                      ; --            ; nios2os_mm_interconnect_0_rsp_xbar_demux_001 ; --         ;
; IP_TOOL_ENV                         ; Qsys                                                      ; --            ; nios2os_mm_interconnect_0_rsp_xbar_mux       ; --         ;
; IP_TOOL_ENV                         ; Qsys                                                      ; --            ; nios2os_mm_interconnect_0_rsp_xbar_mux_001   ; --         ;
; IP_TOOL_ENV                         ; Qsys                                                      ; --            ; nios2os_mm_interconnect_0_rsp_xbar_mux_002   ; --         ;
; IP_TOOL_ENV                         ; Qsys                                                      ; --            ; nios2os_mm_interconnect_1                    ; --         ;
; IP_TOOL_ENV                         ; Qsys                                                      ; --            ; nios2os_mm_interconnect_1_addr_router        ; --         ;
; IP_TOOL_ENV                         ; Qsys                                                      ; --            ; nios2os_mm_interconnect_1_cmd_xbar_demux     ; --         ;
; IP_TOOL_ENV                         ; Qsys                                                      ; --            ; nios2os_mm_interconnect_1_cmd_xbar_mux       ; --         ;
; IP_TOOL_ENV                         ; Qsys                                                      ; --            ; nios2os_mm_interconnect_1_id_router          ; --         ;
; IP_TOOL_ENV                         ; Qsys                                                      ; --            ; nios2os_mm_interconnect_1_rsp_xbar_demux     ; --         ;
; IP_TOOL_ENV                         ; Qsys                                                      ; --            ; nios2os_mm_interconnect_1_rsp_xbar_mux       ; --         ;
; IP_TOOL_ENV                         ; Qsys                                                      ; --            ; nios2os_mm_interconnect_2                    ; --         ;
; IP_TOOL_ENV                         ; Qsys                                                      ; --            ; nios2os_mm_interconnect_2_addr_router        ; --         ;
; IP_TOOL_ENV                         ; Qsys                                                      ; --            ; nios2os_mm_interconnect_2_cmd_xbar_demux     ; --         ;
; IP_TOOL_ENV                         ; Qsys                                                      ; --            ; nios2os_mm_interconnect_2_cmd_xbar_mux       ; --         ;
; IP_TOOL_ENV                         ; Qsys                                                      ; --            ; nios2os_mm_interconnect_2_id_router          ; --         ;
; IP_TOOL_ENV                         ; Qsys                                                      ; --            ; nios2os_mm_interconnect_2_rsp_xbar_demux     ; --         ;
; IP_TOOL_ENV                         ; Qsys                                                      ; --            ; nios2os_mm_interconnect_2_rsp_xbar_mux       ; --         ;
; IP_TOOL_ENV                         ; Qsys                                                      ; --            ; nios2os_nios2                                ; --         ;
; IP_TOOL_ENV                         ; Qsys                                                      ; --            ; nios2os_sdram                                ; --         ;
; IP_TOOL_ENV                         ; Qsys                                                      ; --            ; nios2os_sgdma_rx                             ; --         ;
; IP_TOOL_ENV                         ; Qsys                                                      ; --            ; nios2os_sgdma_tx                             ; --         ;
; IP_TOOL_ENV                         ; Qsys                                                      ; --            ; nios2os_sys_clk_timer                        ; --         ;
; IP_TOOL_ENV                         ; Qsys                                                      ; --            ; nios2os_sysid_qsys                           ; --         ;
; IP_TOOL_ENV                         ; Qsys                                                      ; --            ; nios2os_tse_mac                              ; --         ;
; IP_TOOL_NAME                        ; ALTPLL                                                    ; --            ; --                                           ; --         ;
; IP_TOOL_NAME                        ; altera_avalon_mm_bridge                                   ; --            ; altera_avalon_mm_bridge                      ; --         ;
; IP_TOOL_NAME                        ; altera_avalon_sc_fifo                                     ; --            ; altera_avalon_sc_fifo                        ; --         ;
; IP_TOOL_NAME                        ; altera_eth_tse_mac                                        ; --            ; altera_eth_tse_mac                           ; --         ;
; IP_TOOL_NAME                        ; altera_merlin_burst_adapter                               ; --            ; altera_merlin_burst_adapter                  ; --         ;
; IP_TOOL_NAME                        ; altera_merlin_master_agent                                ; --            ; altera_merlin_master_agent                   ; --         ;
; IP_TOOL_NAME                        ; altera_merlin_master_translator                           ; --            ; altera_merlin_master_translator              ; --         ;
; IP_TOOL_NAME                        ; altera_merlin_slave_agent                                 ; --            ; altera_merlin_slave_agent                    ; --         ;
; IP_TOOL_NAME                        ; altera_merlin_slave_translator                            ; --            ; altera_merlin_slave_translator               ; --         ;
; IP_TOOL_NAME                        ; altera_merlin_traffic_limiter                             ; --            ; altera_merlin_traffic_limiter                ; --         ;
; IP_TOOL_NAME                        ; altera_merlin_width_adapter                               ; --            ; altera_merlin_width_adapter                  ; --         ;
; IP_TOOL_NAME                        ; altera_reset_controller                                   ; --            ; altera_reset_controller                      ; --         ;
; IP_TOOL_NAME                        ; Qsys                                                      ; --            ; nios2os                                      ; --         ;
; IP_TOOL_NAME                        ; altera_avalon_st_adapter                                  ; --            ; nios2os_avalon_st_adapter                    ; --         ;
; IP_TOOL_NAME                        ; timing_adapter                                            ; --            ; nios2os_avalon_st_adapter_timing_adapter_0   ; --         ;
; IP_TOOL_NAME                        ; altera_avalon_onchip_memory2                              ; --            ; nios2os_descriptor_memory                    ; --         ;
; IP_TOOL_NAME                        ; altera_avalon_epcs_flash_controller                       ; --            ; nios2os_ext_flash                            ; --         ;
; IP_TOOL_NAME                        ; altera_avalon_timer                                       ; --            ; nios2os_high_res_timer                       ; --         ;
; IP_TOOL_NAME                        ; altera_irq_mapper                                         ; --            ; nios2os_irq_mapper                           ; --         ;
; IP_TOOL_NAME                        ; altera_avalon_jtag_uart                                   ; --            ; nios2os_jtag_uart                            ; --         ;
; IP_TOOL_NAME                        ; altera_avalon_pio                                         ; --            ; nios2os_led_pio                              ; --         ;
; IP_TOOL_NAME                        ; altera_merlin_interconnect_wrapper                        ; --            ; nios2os_mm_interconnect_0                    ; --         ;
; IP_TOOL_NAME                        ; altera_merlin_router                                      ; --            ; nios2os_mm_interconnect_0_addr_router        ; --         ;
; IP_TOOL_NAME                        ; altera_merlin_router                                      ; --            ; nios2os_mm_interconnect_0_addr_router_001    ; --         ;
; IP_TOOL_NAME                        ; altera_merlin_router                                      ; --            ; nios2os_mm_interconnect_0_addr_router_002    ; --         ;
; IP_TOOL_NAME                        ; altera_merlin_demultiplexer                               ; --            ; nios2os_mm_interconnect_0_cmd_xbar_demux     ; --         ;
; IP_TOOL_NAME                        ; altera_merlin_demultiplexer                               ; --            ; nios2os_mm_interconnect_0_cmd_xbar_demux_001 ; --         ;
; IP_TOOL_NAME                        ; altera_merlin_demultiplexer                               ; --            ; nios2os_mm_interconnect_0_cmd_xbar_demux_002 ; --         ;
; IP_TOOL_NAME                        ; altera_merlin_multiplexer                                 ; --            ; nios2os_mm_interconnect_0_cmd_xbar_mux       ; --         ;
; IP_TOOL_NAME                        ; altera_merlin_multiplexer                                 ; --            ; nios2os_mm_interconnect_0_cmd_xbar_mux_001   ; --         ;
; IP_TOOL_NAME                        ; altera_merlin_multiplexer                                 ; --            ; nios2os_mm_interconnect_0_cmd_xbar_mux_003   ; --         ;
; IP_TOOL_NAME                        ; altera_merlin_router                                      ; --            ; nios2os_mm_interconnect_0_id_router          ; --         ;
; IP_TOOL_NAME                        ; altera_merlin_router                                      ; --            ; nios2os_mm_interconnect_0_id_router_001      ; --         ;
; IP_TOOL_NAME                        ; altera_merlin_router                                      ; --            ; nios2os_mm_interconnect_0_id_router_003      ; --         ;
; IP_TOOL_NAME                        ; altera_merlin_demultiplexer                               ; --            ; nios2os_mm_interconnect_0_rsp_xbar_demux     ; --         ;
; IP_TOOL_NAME                        ; altera_merlin_demultiplexer                               ; --            ; nios2os_mm_interconnect_0_rsp_xbar_demux_001 ; --         ;
; IP_TOOL_NAME                        ; altera_merlin_multiplexer                                 ; --            ; nios2os_mm_interconnect_0_rsp_xbar_mux       ; --         ;
; IP_TOOL_NAME                        ; altera_merlin_multiplexer                                 ; --            ; nios2os_mm_interconnect_0_rsp_xbar_mux_001   ; --         ;
; IP_TOOL_NAME                        ; altera_merlin_multiplexer                                 ; --            ; nios2os_mm_interconnect_0_rsp_xbar_mux_002   ; --         ;
; IP_TOOL_NAME                        ; altera_merlin_interconnect_wrapper                        ; --            ; nios2os_mm_interconnect_1                    ; --         ;
; IP_TOOL_NAME                        ; altera_merlin_router                                      ; --            ; nios2os_mm_interconnect_1_addr_router        ; --         ;
; IP_TOOL_NAME                        ; altera_merlin_demultiplexer                               ; --            ; nios2os_mm_interconnect_1_cmd_xbar_demux     ; --         ;
; IP_TOOL_NAME                        ; altera_merlin_multiplexer                                 ; --            ; nios2os_mm_interconnect_1_cmd_xbar_mux       ; --         ;
; IP_TOOL_NAME                        ; altera_merlin_router                                      ; --            ; nios2os_mm_interconnect_1_id_router          ; --         ;
; IP_TOOL_NAME                        ; altera_merlin_demultiplexer                               ; --            ; nios2os_mm_interconnect_1_rsp_xbar_demux     ; --         ;
; IP_TOOL_NAME                        ; altera_merlin_multiplexer                                 ; --            ; nios2os_mm_interconnect_1_rsp_xbar_mux       ; --         ;
; IP_TOOL_NAME                        ; altera_merlin_interconnect_wrapper                        ; --            ; nios2os_mm_interconnect_2                    ; --         ;
; IP_TOOL_NAME                        ; altera_merlin_router                                      ; --            ; nios2os_mm_interconnect_2_addr_router        ; --         ;
; IP_TOOL_NAME                        ; altera_merlin_demultiplexer                               ; --            ; nios2os_mm_interconnect_2_cmd_xbar_demux     ; --         ;
; IP_TOOL_NAME                        ; altera_merlin_multiplexer                                 ; --            ; nios2os_mm_interconnect_2_cmd_xbar_mux       ; --         ;
; IP_TOOL_NAME                        ; altera_merlin_router                                      ; --            ; nios2os_mm_interconnect_2_id_router          ; --         ;
; IP_TOOL_NAME                        ; altera_merlin_demultiplexer                               ; --            ; nios2os_mm_interconnect_2_rsp_xbar_demux     ; --         ;
; IP_TOOL_NAME                        ; altera_merlin_multiplexer                                 ; --            ; nios2os_mm_interconnect_2_rsp_xbar_mux       ; --         ;
; IP_TOOL_NAME                        ; altera_nios2_qsys                                         ; --            ; nios2os_nios2                                ; --         ;
; IP_TOOL_NAME                        ; altera_avalon_new_sdram_controller                        ; --            ; nios2os_sdram                                ; --         ;
; IP_TOOL_NAME                        ; altera_avalon_sgdma                                       ; --            ; nios2os_sgdma_rx                             ; --         ;
; IP_TOOL_NAME                        ; altera_avalon_sgdma                                       ; --            ; nios2os_sgdma_tx                             ; --         ;
; IP_TOOL_NAME                        ; altera_avalon_timer                                       ; --            ; nios2os_sys_clk_timer                        ; --         ;
; IP_TOOL_NAME                        ; altera_avalon_sysid_qsys                                  ; --            ; nios2os_sysid_qsys                           ; --         ;
; IP_TOOL_NAME                        ; altera_eth_tse                                            ; --            ; nios2os_tse_mac                              ; --         ;
; IP_TOOL_VERSION                     ; 13.1                                                      ; --            ; --                                           ; --         ;
; IP_TOOL_VERSION                     ; 13.1                                                      ; --            ; altera_avalon_mm_bridge                      ; --         ;
; IP_TOOL_VERSION                     ; 13.1                                                      ; --            ; altera_avalon_sc_fifo                        ; --         ;
; IP_TOOL_VERSION                     ; 13.1                                                      ; --            ; altera_eth_tse_mac                           ; --         ;
; IP_TOOL_VERSION                     ; 13.1                                                      ; --            ; altera_merlin_burst_adapter                  ; --         ;
; IP_TOOL_VERSION                     ; 13.1                                                      ; --            ; altera_merlin_master_agent                   ; --         ;
; IP_TOOL_VERSION                     ; 13.1                                                      ; --            ; altera_merlin_master_translator              ; --         ;
; IP_TOOL_VERSION                     ; 13.1                                                      ; --            ; altera_merlin_slave_agent                    ; --         ;
; IP_TOOL_VERSION                     ; 13.1                                                      ; --            ; altera_merlin_slave_translator               ; --         ;
; IP_TOOL_VERSION                     ; 13.1                                                      ; --            ; altera_merlin_traffic_limiter                ; --         ;
; IP_TOOL_VERSION                     ; 13.1                                                      ; --            ; altera_merlin_width_adapter                  ; --         ;
; IP_TOOL_VERSION                     ; 13.1                                                      ; --            ; altera_reset_controller                      ; --         ;
; IP_TOOL_VERSION                     ; 13.1                                                      ; --            ; nios2os                                      ; --         ;
; IP_TOOL_VERSION                     ; 13.1                                                      ; --            ; nios2os_avalon_st_adapter                    ; --         ;
; IP_TOOL_VERSION                     ; 13.1                                                      ; --            ; nios2os_avalon_st_adapter_timing_adapter_0   ; --         ;
; IP_TOOL_VERSION                     ; 13.1                                                      ; --            ; nios2os_descriptor_memory                    ; --         ;
; IP_TOOL_VERSION                     ; 13.1                                                      ; --            ; nios2os_ext_flash                            ; --         ;
; IP_TOOL_VERSION                     ; 13.1                                                      ; --            ; nios2os_high_res_timer                       ; --         ;
; IP_TOOL_VERSION                     ; 13.1                                                      ; --            ; nios2os_irq_mapper                           ; --         ;
; IP_TOOL_VERSION                     ; 13.1                                                      ; --            ; nios2os_jtag_uart                            ; --         ;
; IP_TOOL_VERSION                     ; 13.1                                                      ; --            ; nios2os_led_pio                              ; --         ;
; IP_TOOL_VERSION                     ; 13.1                                                      ; --            ; nios2os_mm_interconnect_0                    ; --         ;
; IP_TOOL_VERSION                     ; 13.1                                                      ; --            ; nios2os_mm_interconnect_0_addr_router        ; --         ;
; IP_TOOL_VERSION                     ; 13.1                                                      ; --            ; nios2os_mm_interconnect_0_addr_router_001    ; --         ;
; IP_TOOL_VERSION                     ; 13.1                                                      ; --            ; nios2os_mm_interconnect_0_addr_router_002    ; --         ;
; IP_TOOL_VERSION                     ; 13.1                                                      ; --            ; nios2os_mm_interconnect_0_cmd_xbar_demux     ; --         ;
; IP_TOOL_VERSION                     ; 13.1                                                      ; --            ; nios2os_mm_interconnect_0_cmd_xbar_demux_001 ; --         ;
; IP_TOOL_VERSION                     ; 13.1                                                      ; --            ; nios2os_mm_interconnect_0_cmd_xbar_demux_002 ; --         ;
; IP_TOOL_VERSION                     ; 13.1                                                      ; --            ; nios2os_mm_interconnect_0_cmd_xbar_mux       ; --         ;
; IP_TOOL_VERSION                     ; 13.1                                                      ; --            ; nios2os_mm_interconnect_0_cmd_xbar_mux_001   ; --         ;
; IP_TOOL_VERSION                     ; 13.1                                                      ; --            ; nios2os_mm_interconnect_0_cmd_xbar_mux_003   ; --         ;
; IP_TOOL_VERSION                     ; 13.1                                                      ; --            ; nios2os_mm_interconnect_0_id_router          ; --         ;
; IP_TOOL_VERSION                     ; 13.1                                                      ; --            ; nios2os_mm_interconnect_0_id_router_001      ; --         ;
; IP_TOOL_VERSION                     ; 13.1                                                      ; --            ; nios2os_mm_interconnect_0_id_router_003      ; --         ;
; IP_TOOL_VERSION                     ; 13.1                                                      ; --            ; nios2os_mm_interconnect_0_rsp_xbar_demux     ; --         ;
; IP_TOOL_VERSION                     ; 13.1                                                      ; --            ; nios2os_mm_interconnect_0_rsp_xbar_demux_001 ; --         ;
; IP_TOOL_VERSION                     ; 13.1                                                      ; --            ; nios2os_mm_interconnect_0_rsp_xbar_mux       ; --         ;
; IP_TOOL_VERSION                     ; 13.1                                                      ; --            ; nios2os_mm_interconnect_0_rsp_xbar_mux_001   ; --         ;
; IP_TOOL_VERSION                     ; 13.1                                                      ; --            ; nios2os_mm_interconnect_0_rsp_xbar_mux_002   ; --         ;
; IP_TOOL_VERSION                     ; 13.1                                                      ; --            ; nios2os_mm_interconnect_1                    ; --         ;
; IP_TOOL_VERSION                     ; 13.1                                                      ; --            ; nios2os_mm_interconnect_1_addr_router        ; --         ;
; IP_TOOL_VERSION                     ; 13.1                                                      ; --            ; nios2os_mm_interconnect_1_cmd_xbar_demux     ; --         ;
; IP_TOOL_VERSION                     ; 13.1                                                      ; --            ; nios2os_mm_interconnect_1_cmd_xbar_mux       ; --         ;
; IP_TOOL_VERSION                     ; 13.1                                                      ; --            ; nios2os_mm_interconnect_1_id_router          ; --         ;
; IP_TOOL_VERSION                     ; 13.1                                                      ; --            ; nios2os_mm_interconnect_1_rsp_xbar_demux     ; --         ;
; IP_TOOL_VERSION                     ; 13.1                                                      ; --            ; nios2os_mm_interconnect_1_rsp_xbar_mux       ; --         ;
; IP_TOOL_VERSION                     ; 13.1                                                      ; --            ; nios2os_mm_interconnect_2                    ; --         ;
; IP_TOOL_VERSION                     ; 13.1                                                      ; --            ; nios2os_mm_interconnect_2_addr_router        ; --         ;
; IP_TOOL_VERSION                     ; 13.1                                                      ; --            ; nios2os_mm_interconnect_2_cmd_xbar_demux     ; --         ;
; IP_TOOL_VERSION                     ; 13.1                                                      ; --            ; nios2os_mm_interconnect_2_cmd_xbar_mux       ; --         ;
; IP_TOOL_VERSION                     ; 13.1                                                      ; --            ; nios2os_mm_interconnect_2_id_router          ; --         ;
; IP_TOOL_VERSION                     ; 13.1                                                      ; --            ; nios2os_mm_interconnect_2_rsp_xbar_demux     ; --         ;
; IP_TOOL_VERSION                     ; 13.1                                                      ; --            ; nios2os_mm_interconnect_2_rsp_xbar_mux       ; --         ;
; IP_TOOL_VERSION                     ; 13.1                                                      ; --            ; nios2os_nios2                                ; --         ;
; IP_TOOL_VERSION                     ; 13.1                                                      ; --            ; nios2os_sdram                                ; --         ;
; IP_TOOL_VERSION                     ; 13.1                                                      ; --            ; nios2os_sgdma_rx                             ; --         ;
; IP_TOOL_VERSION                     ; 13.1                                                      ; --            ; nios2os_sgdma_tx                             ; --         ;
; IP_TOOL_VERSION                     ; 13.1                                                      ; --            ; nios2os_sys_clk_timer                        ; --         ;
; IP_TOOL_VERSION                     ; 13.1                                                      ; --            ; nios2os_sysid_qsys                           ; --         ;
; IP_TOOL_VERSION                     ; 13.1                                                      ; --            ; nios2os_tse_mac                              ; --         ;
; MAX_CORE_JUNCTION_TEMP              ; 85                                                        ; --            ; --                                           ; --         ;
; MIN_CORE_JUNCTION_TEMP              ; 0                                                         ; --            ; --                                           ; --         ;
; MISC_FILE                           ; ../qsys/hardware/nios2os/synthesis/../../nios2os.cmp      ; --            ; --                                           ; --         ;
; MISC_FILE                           ; ../qsys/hardware/nios2os/synthesis/../../nios2os.qsys     ; --            ; --                                           ; --         ;
; MISC_FILE                           ; ipcore/pll.ppf                                            ; --            ; --                                           ; --         ;
; OUTPUT_IO_TIMING_FAR_END_VMEAS      ; Half Signal Swing                                         ; --            ; --                                           ; --         ;
; OUTPUT_IO_TIMING_FAR_END_VMEAS      ; Half Signal Swing                                         ; --            ; --                                           ; --         ;
; OUTPUT_IO_TIMING_NEAR_END_VMEAS     ; Half Vccio                                                ; --            ; --                                           ; --         ;
; OUTPUT_IO_TIMING_NEAR_END_VMEAS     ; Half Vccio                                                ; --            ; --                                           ; --         ;
; PARTITION_COLOR                     ; 16764057                                                  ; --            ; --                                           ; Top        ;
; PARTITION_FITTER_PRESERVATION_LEVEL ; PLACEMENT_AND_ROUTING                                     ; --            ; --                                           ; Top        ;
; PARTITION_NETLIST_TYPE              ; SOURCE                                                    ; --            ; --                                           ; Top        ;
; POWER_BOARD_THERMAL_MODEL           ; None (CONSERVATIVE)                                       ; --            ; --                                           ; --         ;
; POWER_PRESET_COOLING_SOLUTION       ; 23 MM HEAT SINK WITH 200 LFPM AIRFLOW                     ; --            ; --                                           ; --         ;
; PROJECT_OUTPUT_DIRECTORY            ; output_files                                              ; --            ; --                                           ; --         ;
; SLD_FILE                            ; ../qsys/hardware/nios2os/synthesis/nios2os.regmap         ; --            ; --                                           ; --         ;
; SLD_FILE                            ; ../qsys/hardware/nios2os/synthesis/nios2os.debuginfo      ; --            ; --                                           ; --         ;
; SLD_INFO                            ; QSYS_NAME nios2os HAS_SOPCINFO 1 GENERATION_ID 1547178543 ; --            ; nios2os                                      ; --         ;
; SOPCINFO_FILE                       ; ../qsys/hardware/nios2os/synthesis/../../nios2os.sopcinfo ; --            ; --                                           ; --         ;
; SYNTHESIS_ONLY_QIP                  ; On                                                        ; --            ; --                                           ; --         ;
+-------------------------------------+-----------------------------------------------------------+---------------+----------------------------------------------+------------+


+-------------------------------------------------------------------------------------------------------------------------------+
; Flow Elapsed Time                                                                                                             ;
+---------------------------+--------------+-------------------------+---------------------+------------------------------------+
; Module Name               ; Elapsed Time ; Average Processors Used ; Peak Virtual Memory ; Total CPU Time (on all processors) ;
+---------------------------+--------------+-------------------------+---------------------+------------------------------------+
; Analysis & Synthesis      ; 00:00:44     ; 1.0                     ; 5030 MB             ; 00:00:44                           ;
; Fitter                    ; 00:00:57     ; 1.8                     ; 5631 MB             ; 00:01:18                           ;
; Assembler                 ; 00:00:02     ; 1.0                     ; 4640 MB             ; 00:00:02                           ;
; TimeQuest Timing Analyzer ; 00:00:09     ; 2.3                     ; 4863 MB             ; 00:00:11                           ;
; Total                     ; 00:01:52     ; --                      ; --                  ; 00:02:15                           ;
+---------------------------+--------------+-------------------------+---------------------+------------------------------------+


+----------------------------------------------------------------------------------------+
; Flow OS Summary                                                                        ;
+---------------------------+------------------+-----------+------------+----------------+
; Module Name               ; Machine Hostname ; OS Name   ; OS Version ; Processor type ;
+---------------------------+------------------+-----------+------------+----------------+
; Analysis & Synthesis      ; cx-office        ; Windows 7 ; 6.2        ; x86_64         ;
; Fitter                    ; cx-office        ; Windows 7 ; 6.2        ; x86_64         ;
; Assembler                 ; cx-office        ; Windows 7 ; 6.2        ; x86_64         ;
; TimeQuest Timing Analyzer ; cx-office        ; Windows 7 ; 6.2        ; x86_64         ;
+---------------------------+------------------+-----------+------------+----------------+


------------
; Flow Log ;
------------
quartus_map --read_settings_files=on --write_settings_files=off qsys_eth -c qsys_eth
quartus_fit --read_settings_files=off --write_settings_files=off qsys_eth -c qsys_eth
quartus_asm --read_settings_files=off --write_settings_files=off qsys_eth -c qsys_eth
quartus_sta qsys_eth -c qsys_eth



