
**** Build of configuration Nios II for project irq ****

make all 
Info: Building D:/work/Pio_irq/qsys/software/irq_bsp/
make --no-print-directory -C D:/work/Pio_irq/qsys/software/irq_bsp/
[BSP build complete]
Info: Compiling hello_world.c to obj/default/hello_world.o
nios2-elf-gcc -xc -MP -MMD -c -ID:/work/Pio_irq/qsys/software/irq_bsp//HAL/inc -ID:/work/Pio_irq/qsys/software/irq_bsp/ -ID:/work/Pio_irq/qsys/software/irq_bsp//drivers/inc  -DSYSTEM_BUS_WIDTH=32 -pipe -D__hal__ -DALT_NO_C_PLUS_PLUS -DALT_NO_CLEAN_EXIT -D'exit(a)=_exit(a)' -DALT_NO_INSTRUCTION_EMULATION -DALT_USE_SMALL_DRIVERS -DSMALL_C_LIB -DALT_SINGLE_THREADED    -O0 -g -Wall   -mhw-div -mhw-mul -mno-hw-mulx  -o obj/default/hello_world.o hello_world.c
Info: Linking irq.elf
nios2-elf-g++  -T'D:/work/Pio_irq/qsys/software/irq_bsp//linker.x' -msys-crt0='D:/work/Pio_irq/qsys/software/irq_bsp//obj/HAL/src/crt0.o' -msys-lib=hal_bsp -LD:/work/Pio_irq/qsys/software/irq_bsp/  -msmallc  -Wl,-Map=irq.map   -O0 -g -Wall   -mhw-div -mhw-mul -mno-hw-mulx  -o irq.elf obj/default/hello_world.o -lm 
nios2-elf-insert irq.elf --thread_model hal --cpu_name nios2_qsys --qsys true --simulation_enabled false --id 0 --sidp 0x1020 --timestamp 1532086233 --stderr_dev jtag_uart --stdin_dev jtag_uart --stdout_dev jtag_uart --sopc_system_name irq --quartus_project_dir "d:/work/Pio_irq/qsys/hardware" --sopcinfo D:/work/Pio_irq/qsys/hardware/irq.sopcinfo
Info: (irq.elf) 6356 Bytes program size (code + initialized data).
Info:           13 KBytes free for stack + heap.
Info: Creating irq.objdump
nios2-elf-objdump --disassemble --syms --all-header --source irq.elf >irq.objdump
[irq build complete]

**** Build Finished ****

**** Build of configuration Nios II for project irq ****

make all 
Info: Building D:/work/Pio_irq/qsys/software/irq_bsp/
make --no-print-directory -C D:/work/Pio_irq/qsys/software/irq_bsp/
[BSP build complete]
[irq build complete]

**** Build Finished ****

**** Build of configuration Nios II for project irq ****

make all 
Info: Building D:/work/Pio_irq/qsys/software/irq_bsp/
make --no-print-directory -C D:/work/Pio_irq/qsys/software/irq_bsp/
[BSP build complete]
[irq build complete]

**** Build Finished ****
