Flow report for top_cymometer
Sun Jul 28 16:37:02 2019
Quartus II 64-Bit Version 13.1.0 Build 162 10/23/2013 SJ Full Version


---------------------
; Table of Contents ;
---------------------
  1. Legal Notice
  2. Flow Summary
  3. Flow Settings
  4. Flow Non-Default Global Settings
  5. Flow Elapsed Time
  6. Flow OS Summary
  7. Flow Log
  8. Flow Messages
  9. Flow Suppressed Messages



----------------
; Legal Notice ;
----------------
Copyright (C) 1991-2013 Altera Corporation
Your use of Altera Corporation's design tools, logic functions 
and other software and tools, and its AMPP partner logic 
functions, and any output files from any of the foregoing 
(including device programming or simulation files), and any 
associated documentation or information are expressly subject 
to the terms and conditions of the Altera Program License 
Subscription Agreement, Altera MegaCore Function License 
Agreement, or other applicable license agreement, including, 
without limitation, that your use is for the sole purpose of 
programming logic devices manufactured by Altera and sold by 
Altera or its authorized distributors.  Please refer to the 
applicable agreement for further details.



+----------------------------------------------------------------------------------+
; Flow Summary                                                                     ;
+------------------------------------+---------------------------------------------+
; Flow Status                        ; Successful - Sun Jul 28 16:36:56 2019       ;
; Quartus II 64-Bit Version          ; 13.1.0 Build 162 10/23/2013 SJ Full Version ;
; Revision Name                      ; top_cymometer                               ;
; Top-level Entity Name              ; top_cymometer                               ;
; Family                             ; Cyclone IV E                                ;
; Device                             ; EP4CE10F17C8                                ;
; Timing Models                      ; Final                                       ;
; Total logic elements               ; 9,121 / 10,320 ( 88 % )                     ;
;     Total combinational functions  ; 7,538 / 10,320 ( 73 % )                     ;
;     Dedicated logic registers      ; 2,672 / 10,320 ( 26 % )                     ;
; Total registers                    ; 2672                                        ;
; Total pins                         ; 18 / 180 ( 10 % )                           ;
; Total virtual pins                 ; 0                                           ;
; Total memory bits                  ; 323,584 / 423,936 ( 76 % )                  ;
; Embedded Multiplier 9-bit elements ; 14 / 46 ( 30 % )                            ;
; Total PLLs                         ; 1 / 2 ( 50 % )                              ;
+------------------------------------+---------------------------------------------+


+-----------------------------------------+
; Flow Settings                           ;
+-------------------+---------------------+
; Option            ; Setting             ;
+-------------------+---------------------+
; Start date & time ; 07/28/2019 16:36:09 ;
; Main task         ; Compilation         ;
; Revision Name     ; top_cymometer       ;
+-------------------+---------------------+


+-------------------------------------------------------------------------------------------------------------------------------------------------------------------------------------------------------------------------------------------------------------------------------------------------------------------------------------------------------------------------------------------------------------------------------------------------------------------------------------------------------------------------------------------------------------------------------------------------------------------------------------+
; Flow Non-Default Global Settings                                                                                                                                                                                                                                                                                                                                                                                                                                                                                                                                                                                                    ;
+--------------------------------------+----------------------------------------------------------------------------------------------------------------------------------------------------------------------------------------------------------------------------------------------------------------------------------------------------------------------------------------------------------------------------------------------------------------------------------------------------------------------------------------------------------------------------------------+---------------+-------------+-----------------------+
; Assignment Name                      ; Value                                                                                                                                                                                                                                                                                                                                                                                                                                                                                                                                  ; Default Value ; Entity Name ; Section Id            ;
+--------------------------------------+----------------------------------------------------------------------------------------------------------------------------------------------------------------------------------------------------------------------------------------------------------------------------------------------------------------------------------------------------------------------------------------------------------------------------------------------------------------------------------------------------------------------------------------+---------------+-------------+-----------------------+
; COMPILER_SIGNATURE_ID                ; 88147556840677.156430296901556                                                                                                                                                                                                                                                                                                                                                                                                                                                                                                         ; --            ; --          ; --                    ;
; EDA_DESIGN_INSTANCE_NAME             ; NA                                                                                                                                                                                                                                                                                                                                                                                                                                                                                                                                     ; --            ; --          ; top_cymometer_vlg_tst ;
; EDA_NATIVELINK_SIMULATION_TEST_BENCH ; top_cymometer_vlg_tst                                                                                                                                                                                                                                                                                                                                                                                                                                                                                                                  ; --            ; --          ; eda_simulation        ;
; EDA_OUTPUT_DATA_FORMAT               ; None                                                                                                                                                                                                                                                                                                                                                                                                                                                                                                                                   ; --            ; --          ; eda_simulation        ;
; EDA_TEST_BENCH_ENABLE_STATUS         ; TEST_BENCH_MODE                                                                                                                                                                                                                                                                                                                                                                                                                                                                                                                        ; --            ; --          ; eda_simulation        ;
; EDA_TEST_BENCH_FILE                  ; simulation/modelsim/top_cymometer.vt                                                                                                                                                                                                                                                                                                                                                                                                                                                                                                   ; --            ; --          ; top_cymometer_vlg_tst ;
; EDA_TEST_BENCH_MODULE_NAME           ; top_cymometer_vlg_tst                                                                                                                                                                                                                                                                                                                                                                                                                                                                                                                  ; --            ; --          ; top_cymometer_vlg_tst ;
; EDA_TEST_BENCH_NAME                  ; top_cymometer_vlg_tst                                                                                                                                                                                                                                                                                                                                                                                                                                                                                                                  ; --            ; --          ; eda_simulation        ;
; EDA_TIME_SCALE                       ; 1 ns                                                                                                                                                                                                                                                                                                                                                                                                                                                                                                                                   ; --            ; --          ; eda_simulation        ;
; ENABLE_SIGNALTAP                     ; On                                                                                                                                                                                                                                                                                                                                                                                                                                                                                                                                     ; --            ; --          ; --                    ;
; IP_TOOL_NAME                         ; ALTPLL                                                                                                                                                                                                                                                                                                                                                                                                                                                                                                                                 ; --            ; --          ; --                    ;
; IP_TOOL_VERSION                      ; 13.1                                                                                                                                                                                                                                                                                                                                                                                                                                                                                                                                   ; --            ; --          ; --                    ;
; MAX_CORE_JUNCTION_TEMP               ; 85                                                                                                                                                                                                                                                                                                                                                                                                                                                                                                                                     ; --            ; --          ; --                    ;
; MIN_CORE_JUNCTION_TEMP               ; 0                                                                                                                                                                                                                                                                                                                                                                                                                                                                                                                                      ; --            ; --          ; --                    ;
; MISC_FILE                            ; test_pll_inst.v                                                                                                                                                                                                                                                                                                                                                                                                                                                                                                                        ; --            ; --          ; --                    ;
; MISC_FILE                            ; test_pll.ppf                                                                                                                                                                                                                                                                                                                                                                                                                                                                                                                           ; --            ; --          ; --                    ;
; NOMINAL_CORE_SUPPLY_VOLTAGE          ; 1.2V                                                                                                                                                                                                                                                                                                                                                                                                                                                                                                                                   ; --            ; --          ; --                    ;
; PARTITION_COLOR                      ; 16764057                                                                                                                                                                                                                                                                                                                                                                                                                                                                                                                               ; --            ; --          ; Top                   ;
; PARTITION_FITTER_PRESERVATION_LEVEL  ; PLACEMENT_AND_ROUTING                                                                                                                                                                                                                                                                                                                                                                                                                                                                                                                  ; --            ; --          ; Top                   ;
; PARTITION_NETLIST_TYPE               ; SOURCE                                                                                                                                                                                                                                                                                                                                                                                                                                                                                                                                 ; --            ; --          ; Top                   ;
; POWER_BOARD_THERMAL_MODEL            ; None (CONSERVATIVE)                                                                                                                                                                                                                                                                                                                                                                                                                                                                                                                    ; --            ; --          ; --                    ;
; POWER_PRESET_COOLING_SOLUTION        ; 23 MM HEAT SINK WITH 200 LFPM AIRFLOW                                                                                                                                                                                                                                                                                                                                                                                                                                                                                                  ; --            ; --          ; --                    ;
; PROJECT_OUTPUT_DIRECTORY             ; output_files                                                                                                                                                                                                                                                                                                                                                                                                                                                                                                                           ; --            ; --          ; --                    ;
; SLD_FILE                             ; db/stp1_auto_stripped.stp                                                                                                                                                                                                                                                                                                                                                                                                                                                                                                              ; --            ; --          ; --                    ;
; SLD_NODE_CREATOR_ID                  ; 110                                                                                                                                                                                                                                                                                                                                                                                                                                                                                                                                    ; --            ; --          ; auto_signaltap_0      ;
; SLD_NODE_ENTITY_NAME                 ; sld_signaltap                                                                                                                                                                                                                                                                                                                                                                                                                                                                                                                          ; --            ; --          ; auto_signaltap_0      ;
; SLD_NODE_PARAMETER_ASSIGNMENT        ; SLD_RAM_BLOCK_TYPE=AUTO                                                                                                                                                                                                                                                                                                                                                                                                                                                                                                                ; --            ; --          ; auto_signaltap_0      ;
; SLD_NODE_PARAMETER_ASSIGNMENT        ; SLD_NODE_INFO=805334528                                                                                                                                                                                                                                                                                                                                                                                                                                                                                                                ; --            ; --          ; auto_signaltap_0      ;
; SLD_NODE_PARAMETER_ASSIGNMENT        ; SLD_POWER_UP_TRIGGER=0                                                                                                                                                                                                                                                                                                                                                                                                                                                                                                                 ; --            ; --          ; auto_signaltap_0      ;
; SLD_NODE_PARAMETER_ASSIGNMENT        ; SLD_STORAGE_QUALIFIER_INVERSION_MASK_LENGTH=0                                                                                                                                                                                                                                                                                                                                                                                                                                                                                          ; --            ; --          ; auto_signaltap_0      ;
; SLD_NODE_PARAMETER_ASSIGNMENT        ; SLD_ATTRIBUTE_MEM_MODE=OFF                                                                                                                                                                                                                                                                                                                                                                                                                                                                                                             ; --            ; --          ; auto_signaltap_0      ;
; SLD_NODE_PARAMETER_ASSIGNMENT        ; SLD_STATE_FLOW_USE_GENERATED=0                                                                                                                                                                                                                                                                                                                                                                                                                                                                                                         ; --            ; --          ; auto_signaltap_0      ;
; SLD_NODE_PARAMETER_ASSIGNMENT        ; SLD_STATE_BITS=11                                                                                                                                                                                                                                                                                                                                                                                                                                                                                                                      ; --            ; --          ; auto_signaltap_0      ;
; SLD_NODE_PARAMETER_ASSIGNMENT        ; SLD_BUFFER_FULL_STOP=1                                                                                                                                                                                                                                                                                                                                                                                                                                                                                                                 ; --            ; --          ; auto_signaltap_0      ;
; SLD_NODE_PARAMETER_ASSIGNMENT        ; SLD_CURRENT_RESOURCE_WIDTH=1                                                                                                                                                                                                                                                                                                                                                                                                                                                                                                           ; --            ; --          ; auto_signaltap_0      ;
; SLD_NODE_PARAMETER_ASSIGNMENT        ; SLD_TRIGGER_LEVEL=1                                                                                                                                                                                                                                                                                                                                                                                                                                                                                                                    ; --            ; --          ; auto_signaltap_0      ;
; SLD_NODE_PARAMETER_ASSIGNMENT        ; SLD_TRIGGER_IN_ENABLED=0                                                                                                                                                                                                                                                                                                                                                                                                                                                                                                               ; --            ; --          ; auto_signaltap_0      ;
; SLD_NODE_PARAMETER_ASSIGNMENT        ; SLD_ADVANCED_TRIGGER_ENTITY=basic,1,                                                                                                                                                                                                                                                                                                                                                                                                                                                                                                   ; --            ; --          ; auto_signaltap_0      ;
; SLD_NODE_PARAMETER_ASSIGNMENT        ; SLD_TRIGGER_LEVEL_PIPELINE=1                                                                                                                                                                                                                                                                                                                                                                                                                                                                                                           ; --            ; --          ; auto_signaltap_0      ;
; SLD_NODE_PARAMETER_ASSIGNMENT        ; SLD_ENABLE_ADVANCED_TRIGGER=0                                                                                                                                                                                                                                                                                                                                                                                                                                                                                                          ; --            ; --          ; auto_signaltap_0      ;
; SLD_NODE_PARAMETER_ASSIGNMENT        ; SLD_SEGMENT_SIZE=2048                                                                                                                                                                                                                                                                                                                                                                                                                                                                                                                  ; --            ; --          ; auto_signaltap_0      ;
; SLD_NODE_PARAMETER_ASSIGNMENT        ; SLD_SAMPLE_DEPTH=2048                                                                                                                                                                                                                                                                                                                                                                                                                                                                                                                  ; --            ; --          ; auto_signaltap_0      ;
; SLD_NODE_PARAMETER_ASSIGNMENT        ; SLD_DATA_BITS=158                                                                                                                                                                                                                                                                                                                                                                                                                                                                                                                      ; --            ; --          ; auto_signaltap_0      ;
; SLD_NODE_PARAMETER_ASSIGNMENT        ; SLD_TRIGGER_BITS=158                                                                                                                                                                                                                                                                                                                                                                                                                                                                                                                   ; --            ; --          ; auto_signaltap_0      ;
; SLD_NODE_PARAMETER_ASSIGNMENT        ; SLD_INVERSION_MASK=0000000000000000000000000000000000000000000000000000000000000000000000000000000000000000000000000000000000000000000000000000000000000000000000000000000000000000000000000000000000000000000000000000000000000000000000000000000000000000000000000000000000000000000000000000000000000000000000000000000000000000000000000000000000000000000000000000000000000000000000000000000000000000000000000000000000000000000000000000000000000000000000000000000000000000000000000000000000000000000000000000000000000000000 ; --            ; --          ; auto_signaltap_0      ;
; SLD_NODE_PARAMETER_ASSIGNMENT        ; SLD_INVERSION_MASK_LENGTH=499                                                                                                                                                                                                                                                                                                                                                                                                                                                                                                          ; --            ; --          ; auto_signaltap_0      ;
; SLD_NODE_PARAMETER_ASSIGNMENT        ; SLD_NODE_CRC_LOWORD=55400                                                                                                                                                                                                                                                                                                                                                                                                                                                                                                              ; --            ; --          ; auto_signaltap_0      ;
; SLD_NODE_PARAMETER_ASSIGNMENT        ; SLD_NODE_CRC_HIWORD=35375                                                                                                                                                                                                                                                                                                                                                                                                                                                                                                              ; --            ; --          ; auto_signaltap_0      ;
; USE_SIGNALTAP_FILE                   ; output_files/stp1.stp                                                                                                                                                                                                                                                                                                                                                                                                                                                                                                                  ; --            ; --          ; --                    ;
+--------------------------------------+----------------------------------------------------------------------------------------------------------------------------------------------------------------------------------------------------------------------------------------------------------------------------------------------------------------------------------------------------------------------------------------------------------------------------------------------------------------------------------------------------------------------------------------+---------------+-------------+-----------------------+


+-------------------------------------------------------------------------------------------------------------------------------+
; Flow Elapsed Time                                                                                                             ;
+---------------------------+--------------+-------------------------+---------------------+------------------------------------+
; Module Name               ; Elapsed Time ; Average Processors Used ; Peak Virtual Memory ; Total CPU Time (on all processors) ;
+---------------------------+--------------+-------------------------+---------------------+------------------------------------+
; Analysis & Synthesis      ; 00:00:15     ; 1.0                     ; 724 MB              ; 00:00:15                           ;
; Fitter                    ; 00:00:25     ; 1.5                     ; 1262 MB             ; 00:00:34                           ;
; Assembler                 ; 00:00:02     ; 1.0                     ; 461 MB              ; 00:00:01                           ;
; TimeQuest Timing Analyzer ; 00:00:05     ; 1.0                     ; 586 MB              ; 00:00:05                           ;
; Total                     ; 00:00:47     ; --                      ; --                  ; 00:00:55                           ;
+---------------------------+--------------+-------------------------+---------------------+------------------------------------+


+----------------------------------------------------------------------------------------+
; Flow OS Summary                                                                        ;
+---------------------------+------------------+-----------+------------+----------------+
; Module Name               ; Machine Hostname ; OS Name   ; OS Version ; Processor type ;
+---------------------------+------------------+-----------+------------+----------------+
; Analysis & Synthesis      ; USER-20180403QA  ; Windows 7 ; 6.1        ; x86_64         ;
; Fitter                    ; USER-20180403QA  ; Windows 7 ; 6.1        ; x86_64         ;
; Assembler                 ; USER-20180403QA  ; Windows 7 ; 6.1        ; x86_64         ;
; TimeQuest Timing Analyzer ; USER-20180403QA  ; Windows 7 ; 6.1        ; x86_64         ;
+---------------------------+------------------+-----------+------------+----------------+


------------
; Flow Log ;
------------
quartus_map --read_settings_files=on --write_settings_files=off top_cymometer -c top_cymometer
quartus_fit --read_settings_files=off --write_settings_files=off top_cymometer -c top_cymometer
quartus_asm --read_settings_files=off --write_settings_files=off top_cymometer -c top_cymometer
quartus_sta top_cymometer -c top_cymometer



