Info: Starting: Create block symbol file (.bsf)
Info: ip-generate --project-directory=D:/project/qsys_CAN/qsys/hardware/ --output-directory=D:/project/qsys_CAN/qsys/hardware/system_qsys/ --report-file=bsf:D:/project/qsys_CAN/qsys/hardware/system_qsys.bsf --system-info=DEVICE_FAMILY="Cyclone IV E" --system-info=DEVICE=EP4CE10F17C8 --system-info=DEVICE_SPEEDGRADE=8 --component-file=D:/project/qsys_CAN/qsys/hardware/system_qsys.qsys
Progress: Loading hardware/system_qsys.qsys
Progress: Reading input file
Progress: Adding clk [clock_source 13.1]
Progress: Parameterizing module clk
Progress: Adding nios2 [altera_nios2_qsys 13.1]
Progress: Parameterizing module nios2
Progress: Adding sdram [altera_avalon_new_sdram_controller 13.1]
Progress: Parameterizing module sdram
Progress: Adding epcs [altera_avalon_epcs_flash_controller 13.1]
Progress: Parameterizing module epcs
Progress: Adding jtag_uart [altera_avalon_jtag_uart 13.1]
Progress: Parameterizing module jtag_uart
Progress: Adding can_tx_en [altera_avalon_pio 13.1]
Progress: Parameterizing module can_tx_en
Progress: Adding can_controller [can_controller 1.0]
Progress: Parameterizing module can_controller
Progress: Adding segled_controller [segled_controller 1.0]
Progress: Parameterizing module segled_controller
Progress: Building connections
Progress: Parameterizing connections
Progress: Validating
Progress: Done reading input file
Info: system_qsys.can_tx_en: PIO inputs are not hardwired in test bench. Undefined values will be read from PIO inputs during simulation.
Info: ip-generate succeeded.
Info: Finished: Create block symbol file (.bsf)
Info: 
Info: Starting: Create HDL design files for synthesis
Info: ip-generate --project-directory=D:/project/qsys_CAN/qsys/hardware/ --output-directory=D:/project/qsys_CAN/qsys/hardware/system_qsys/synthesis/ --file-set=QUARTUS_SYNTH --report-file=html:D:/project/qsys_CAN/qsys/hardware/system_qsys.html --report-file=sopcinfo:D:/project/qsys_CAN/qsys/hardware/system_qsys.sopcinfo --report-file=cmp:D:/project/qsys_CAN/qsys/hardware/system_qsys.cmp --report-file=qip:D:/project/qsys_CAN/qsys/hardware/system_qsys/synthesis/system_qsys.qip --report-file=svd --report-file=regmap:D:/project/qsys_CAN/qsys/hardware/system_qsys/synthesis/system_qsys.regmap --report-file=debuginfo:D:/project/qsys_CAN/qsys/hardware/system_qsys/synthesis/system_qsys.debuginfo --system-info=DEVICE_FAMILY="Cyclone IV E" --system-info=DEVICE=EP4CE10F17C8 --system-info=DEVICE_SPEEDGRADE=8 --component-file=D:/project/qsys_CAN/qsys/hardware/system_qsys.qsys --language=VERILOG
Progress: Loading hardware/system_qsys.qsys
Progress: Reading input file
Progress: Adding clk [clock_source 13.1]
Progress: Parameterizing module clk
Progress: Adding nios2 [altera_nios2_qsys 13.1]
Progress: Parameterizing module nios2
Progress: Adding sdram [altera_avalon_new_sdram_controller 13.1]
Progress: Parameterizing module sdram
Progress: Adding epcs [altera_avalon_epcs_flash_controller 13.1]
Progress: Parameterizing module epcs
Progress: Adding jtag_uart [altera_avalon_jtag_uart 13.1]
Progress: Parameterizing module jtag_uart
Progress: Adding can_tx_en [altera_avalon_pio 13.1]
Progress: Parameterizing module can_tx_en
Progress: Adding can_controller [can_controller 1.0]
Progress: Parameterizing module can_controller
Progress: Adding segled_controller [segled_controller 1.0]
Progress: Parameterizing module segled_controller
Progress: Building connections
Progress: Parameterizing connections
Progress: Validating
Progress: Done reading input file
Info: system_qsys.can_tx_en: PIO inputs are not hardwired in test bench. Undefined values will be read from PIO inputs during simulation.
Info: system_qsys: Generating system_qsys "system_qsys" for QUARTUS_SYNTH
Info: pipeline_bridge_swap_transform: After transform: 8 modules, 36 connections
Info: No custom instruction connections, skipping transform 
Info: merlin_initial_interconnect_transform: After transform: 8 modules, 31 connections
Info: merlin_translator_transform: After transform: 17 modules, 67 connections
Info: merlin_domain_transform: After transform: 35 modules, 184 connections
Info: merlin_router_transform: After transform: 44 modules, 220 connections
Info: merlin_traffic_limiter_transform: After transform: 46 modules, 230 connections
Info: merlin_burst_transform: After transform: 48 modules, 238 connections
Info: merlin_network_to_switch_transform: After transform: 65 modules, 285 connections
Info: merlin_width_transform: After transform: 69 modules, 301 connections
Info: limiter_update_transform: After transform: 69 modules, 303 connections
Info: merlin_clock_and_reset_bridge_transform: After transform: 71 modules, 373 connections
Info: merlin_hierarchy_transform: After transform: 9 modules, 38 connections
Info: merlin_mm_transform: After transform: 9 modules, 38 connections
Info: merlin_interrupt_mapper_transform: After transform: 10 modules, 42 connections
Info: reset_adaptation_transform: After transform: 12 modules, 44 connections
Warning: system_qsys: "No matching role found for epcs:epcs_control_port:endofpacket (endofpacket)"
Warning: system_qsys: "No matching role found for epcs:epcs_control_port:dataavailable (dataavailable)"
Warning: system_qsys: "No matching role found for epcs:epcs_control_port:readyfordata (readyfordata)"
Info: nios2: Starting RTL generation for module 'system_qsys_nios2'
Info: nios2:   Generation command is [exec D:/altera/13.1/quartus/bin/eperlcmd.exe -I D:/altera/13.1/quartus/bin/perl/lib -I D:/altera/13.1/quartus/sopc_builder/bin/europa -I D:/altera/13.1/quartus/sopc_builder/bin/perl_lib -I D:/altera/13.1/quartus/sopc_builder/bin -I D:/altera/13.1/quartus/../ip/altera/nios2_ip/altera_nios2/cpu_lib -I D:/altera/13.1/quartus/../ip/altera/nios2_ip/altera_nios2/nios_lib -I D:/altera/13.1/quartus/../ip/altera/nios2_ip/altera_nios2 -I D:/altera/13.1/quartus/../ip/altera/nios2_ip/altera_nios2 -- D:/altera/13.1/quartus/../ip/altera/nios2_ip/altera_nios2/generate_rtl.epl --name=system_qsys_nios2 --dir=C:/Users/ADMINI~1/AppData/Local/Temp/alt8012_5395899195297389039.dir/0001_nios2_gen/ --quartus_dir=D:/altera/13.1/quartus --verilog --config=C:/Users/ADMINI~1/AppData/Local/Temp/alt8012_5395899195297389039.dir/0001_nios2_gen//system_qsys_nios2_processor_configuration.pl  --do_build_sim=0  ]
Info: nios2: # 2019.04.26 16:21:55 (*) Starting Nios II generation
Info: nios2: # 2019.04.26 16:21:55 (*)   Checking for plaintext license.
Info: nios2: # 2019.04.26 16:21:56 (*)   Plaintext license not found.
Info: nios2: # 2019.04.26 16:21:56 (*)   Checking for encrypted license (non-evaluation).
Info: nios2: # 2019.04.26 16:21:57 (*)   Encrypted license found.  SOF will not be time-limited.
Info: nios2: # 2019.04.26 16:21:57 (*)   Elaborating CPU configuration settings
Info: nios2: # 2019.04.26 16:21:57 (*)   Creating all objects for CPU
Info: nios2: # 2019.04.26 16:21:57 (*)     Testbench
Info: nios2: # 2019.04.26 16:21:58 (*)     Instruction decoding
Info: nios2: # 2019.04.26 16:21:58 (*)       Instruction fields
Info: nios2: # 2019.04.26 16:21:58 (*)       Instruction decodes
Info: nios2: # 2019.04.26 16:21:58 (*)       Signals for RTL simulation waveforms
Info: nios2: # 2019.04.26 16:21:58 (*)       Instruction controls
Info: nios2: # 2019.04.26 16:21:58 (*)     Pipeline frontend
Info: nios2: # 2019.04.26 16:21:58 (*)     Pipeline backend
Info: nios2: # 2019.04.26 16:22:00 (*)   Generating RTL from CPU objects
Info: nios2: # 2019.04.26 16:22:02 (*)   Creating encrypted RTL
Info: nios2: # 2019.04.26 16:22:03 (*) Done Nios II generation
Info: nios2: Done RTL generation for module 'system_qsys_nios2'
Info: nios2: "system_qsys" instantiated altera_nios2_qsys "nios2"
Info: sdram: Starting RTL generation for module 'system_qsys_sdram'
Info: sdram:   Generation command is [exec D:/altera/13.1/quartus/bin/perl/bin/perl.exe -I D:/altera/13.1/quartus/bin/perl/lib -I D:/altera/13.1/quartus/sopc_builder/bin/europa -I D:/altera/13.1/quartus/sopc_builder/bin/perl_lib -I D:/altera/13.1/quartus/sopc_builder/bin -I D:/altera/13.1/quartus/../ip/altera/sopc_builder_ip/common -I D:/altera/13.1/quartus/../ip/altera/sopc_builder_ip/altera_avalon_new_sdram_controller -- D:/altera/13.1/quartus/../ip/altera/sopc_builder_ip/altera_avalon_new_sdram_controller/generate_rtl.pl --name=system_qsys_sdram --dir=C:/Users/ADMINI~1/AppData/Local/Temp/alt8012_5395899195297389039.dir/0002_sdram_gen/ --quartus_dir=D:/altera/13.1/quartus --verilog --config=C:/Users/ADMINI~1/AppData/Local/Temp/alt8012_5395899195297389039.dir/0002_sdram_gen//system_qsys_sdram_component_configuration.pl  --do_build_sim=0  ]
Info: sdram: Done RTL generation for module 'system_qsys_sdram'
Info: sdram: "system_qsys" instantiated altera_avalon_new_sdram_controller "sdram"
Info: epcs: Starting RTL generation for module 'system_qsys_epcs'
Info: epcs:   Generation command is [exec D:/altera/13.1/quartus/bin/perl/bin/perl.exe -I D:/altera/13.1/quartus/bin/perl/lib -I D:/altera/13.1/quartus/sopc_builder/bin/europa -I D:/altera/13.1/quartus/sopc_builder/bin/perl_lib -I D:/altera/13.1/quartus/sopc_builder/bin -I D:/altera/13.1/quartus/../ip/altera/sopc_builder_ip/common -I D:/altera/13.1/quartus/../ip/altera/sopc_builder_ip/altera_avalon_epcs_flash_controller -- D:/altera/13.1/quartus/../ip/altera/sopc_builder_ip/altera_avalon_epcs_flash_controller/generate_rtl.pl --name=system_qsys_epcs --dir=C:/Users/ADMINI~1/AppData/Local/Temp/alt8012_5395899195297389039.dir/0003_epcs_gen/ --quartus_dir=D:/altera/13.1/quartus --verilog --config=C:/Users/ADMINI~1/AppData/Local/Temp/alt8012_5395899195297389039.dir/0003_epcs_gen//system_qsys_epcs_component_configuration.pl  --do_build_sim=0  ]
Info: epcs: Done RTL generation for module 'system_qsys_epcs'
Info: epcs: "system_qsys" instantiated altera_avalon_epcs_flash_controller "epcs"
Info: jtag_uart: Starting RTL generation for module 'system_qsys_jtag_uart'
Info: jtag_uart:   Generation command is [exec D:/altera/13.1/quartus/bin/perl/bin/perl.exe -I D:/altera/13.1/quartus/bin/perl/lib -I D:/altera/13.1/quartus/sopc_builder/bin/europa -I D:/altera/13.1/quartus/sopc_builder/bin/perl_lib -I D:/altera/13.1/quartus/sopc_builder/bin -I D:/altera/13.1/quartus/../ip/altera/sopc_builder_ip/common -I D:/altera/13.1/quartus/../ip/altera/sopc_builder_ip/altera_avalon_jtag_uart -- D:/altera/13.1/quartus/../ip/altera/sopc_builder_ip/altera_avalon_jtag_uart/generate_rtl.pl --name=system_qsys_jtag_uart --dir=C:/Users/ADMINI~1/AppData/Local/Temp/alt8012_5395899195297389039.dir/0004_jtag_uart_gen/ --quartus_dir=D:/altera/13.1/quartus --verilog --config=C:/Users/ADMINI~1/AppData/Local/Temp/alt8012_5395899195297389039.dir/0004_jtag_uart_gen//system_qsys_jtag_uart_component_configuration.pl  --do_build_sim=0  ]
Info: jtag_uart: Done RTL generation for module 'system_qsys_jtag_uart'
Info: jtag_uart: "system_qsys" instantiated altera_avalon_jtag_uart "jtag_uart"
Info: can_tx_en: Starting RTL generation for module 'system_qsys_can_tx_en'
Info: can_tx_en:   Generation command is [exec D:/altera/13.1/quartus/bin/perl/bin/perl.exe -I D:/altera/13.1/quartus/bin/perl/lib -I D:/altera/13.1/quartus/sopc_builder/bin/europa -I D:/altera/13.1/quartus/sopc_builder/bin/perl_lib -I D:/altera/13.1/quartus/sopc_builder/bin -I D:/altera/13.1/quartus/../ip/altera/sopc_builder_ip/common -I D:/altera/13.1/quartus/../ip/altera/sopc_builder_ip/altera_avalon_pio -- D:/altera/13.1/quartus/../ip/altera/sopc_builder_ip/altera_avalon_pio/generate_rtl.pl --name=system_qsys_can_tx_en --dir=C:/Users/ADMINI~1/AppData/Local/Temp/alt8012_5395899195297389039.dir/0005_can_tx_en_gen/ --quartus_dir=D:/altera/13.1/quartus --verilog --config=C:/Users/ADMINI~1/AppData/Local/Temp/alt8012_5395899195297389039.dir/0005_can_tx_en_gen//system_qsys_can_tx_en_component_configuration.pl  --do_build_sim=0  ]
Info: can_tx_en: Done RTL generation for module 'system_qsys_can_tx_en'
Info: can_tx_en: "system_qsys" instantiated altera_avalon_pio "can_tx_en"
Info: can_controller: "system_qsys" instantiated can_controller "can_controller"
Info: segled_controller: "system_qsys" instantiated segled_controller "segled_controller"
Info: pipeline_bridge_swap_transform: After transform: 63 modules, 213 connections
Info: No custom instruction connections, skipping transform 
Info: merlin_initial_interconnect_transform: After transform: 0 modules, 0 connections
Info: No Avalon connections, skipping transform 
Info: merlin_hierarchy_transform: After transform: 63 modules, 213 connections
Info: merlin_initial_interconnect_transform: After transform: 0 modules, 0 connections
Info: No Avalon connections, skipping transform 
Info: merlin_hierarchy_transform: After transform: 63 modules, 213 connections
Info: merlin_initial_interconnect_transform: After transform: 0 modules, 0 connections
Info: No Avalon connections, skipping transform 
Info: merlin_hierarchy_transform: After transform: 63 modules, 213 connections
Info: merlin_initial_interconnect_transform: After transform: 0 modules, 0 connections
Info: No Avalon connections, skipping transform 
Info: merlin_hierarchy_transform: After transform: 63 modules, 213 connections
Info: merlin_initial_interconnect_transform: After transform: 0 modules, 0 connections
Info: No Avalon connections, skipping transform 
Info: merlin_hierarchy_transform: After transform: 63 modules, 213 connections
Info: merlin_initial_interconnect_transform: After transform: 0 modules, 0 connections
Info: No Avalon connections, skipping transform 
Info: merlin_hierarchy_transform: After transform: 63 modules, 213 connections
Info: merlin_initial_interconnect_transform: After transform: 0 modules, 0 connections
Info: No Avalon connections, skipping transform 
Info: merlin_hierarchy_transform: After transform: 63 modules, 213 connections
Info: merlin_initial_interconnect_transform: After transform: 0 modules, 0 connections
Info: No Avalon connections, skipping transform 
Info: merlin_hierarchy_transform: After transform: 63 modules, 213 connections
Info: merlin_initial_interconnect_transform: After transform: 0 modules, 0 connections
Info: No Avalon connections, skipping transform 
Info: merlin_hierarchy_transform: After transform: 63 modules, 213 connections
Info: mm_interconnect_0: "system_qsys" instantiated altera_merlin_interconnect_wrapper "mm_interconnect_0"
Info: irq_mapper: "system_qsys" instantiated altera_irq_mapper "irq_mapper"
Info: rst_controller: "system_qsys" instantiated altera_reset_controller "rst_controller"
Info: nios2_instruction_master_translator: "mm_interconnect_0" instantiated altera_merlin_master_translator "nios2_instruction_master_translator"
Info: nios2_jtag_debug_module_translator: "mm_interconnect_0" instantiated altera_merlin_slave_translator "nios2_jtag_debug_module_translator"
Info: nios2_instruction_master_translator_avalon_universal_master_0_agent: "mm_interconnect_0" instantiated altera_merlin_master_agent "nios2_instruction_master_translator_avalon_universal_master_0_agent"
Info: nios2_jtag_debug_module_translator_avalon_universal_slave_0_agent: "mm_interconnect_0" instantiated altera_merlin_slave_agent "nios2_jtag_debug_module_translator_avalon_universal_slave_0_agent"
Info: nios2_jtag_debug_module_translator_avalon_universal_slave_0_agent_rsp_fifo: "mm_interconnect_0" instantiated altera_avalon_sc_fifo "nios2_jtag_debug_module_translator_avalon_universal_slave_0_agent_rsp_fifo"
Info: addr_router: "mm_interconnect_0" instantiated altera_merlin_router "addr_router"
Info: addr_router_001: "mm_interconnect_0" instantiated altera_merlin_router "addr_router_001"
Info: id_router: "mm_interconnect_0" instantiated altera_merlin_router "id_router"
Info: id_router_001: "mm_interconnect_0" instantiated altera_merlin_router "id_router_001"
Info: id_router_003: "mm_interconnect_0" instantiated altera_merlin_router "id_router_003"
Info: id_router_005: "mm_interconnect_0" instantiated altera_merlin_router "id_router_005"
Info: limiter: "mm_interconnect_0" instantiated altera_merlin_traffic_limiter "limiter"
Info: Reusing file D:/project/qsys_CAN/qsys/hardware/system_qsys/synthesis/submodules/altera_avalon_sc_fifo.v
Info: burst_adapter: "mm_interconnect_0" instantiated altera_merlin_burst_adapter "burst_adapter"
Info: cmd_xbar_demux: "mm_interconnect_0" instantiated altera_merlin_demultiplexer "cmd_xbar_demux"
Info: cmd_xbar_demux_001: "mm_interconnect_0" instantiated altera_merlin_demultiplexer "cmd_xbar_demux_001"
Info: cmd_xbar_mux: "mm_interconnect_0" instantiated altera_merlin_multiplexer "cmd_xbar_mux"
Info: cmd_xbar_mux_003: "mm_interconnect_0" instantiated altera_merlin_multiplexer "cmd_xbar_mux_003"
Info: Reusing file D:/project/qsys_CAN/qsys/hardware/system_qsys/synthesis/submodules/altera_merlin_arbitrator.sv
Info: rsp_xbar_demux: "mm_interconnect_0" instantiated altera_merlin_demultiplexer "rsp_xbar_demux"
Info: rsp_xbar_demux_003: "mm_interconnect_0" instantiated altera_merlin_demultiplexer "rsp_xbar_demux_003"
Info: rsp_xbar_mux: "mm_interconnect_0" instantiated altera_merlin_multiplexer "rsp_xbar_mux"
Info: Reusing file D:/project/qsys_CAN/qsys/hardware/system_qsys/synthesis/submodules/altera_merlin_arbitrator.sv
Info: rsp_xbar_mux_001: "mm_interconnect_0" instantiated altera_merlin_multiplexer "rsp_xbar_mux_001"
Info: Reusing file D:/project/qsys_CAN/qsys/hardware/system_qsys/synthesis/submodules/altera_merlin_arbitrator.sv
Info: width_adapter: "mm_interconnect_0" instantiated altera_merlin_width_adapter "width_adapter"
Info: Reusing file D:/project/qsys_CAN/qsys/hardware/system_qsys/synthesis/submodules/altera_merlin_address_alignment.sv
Info: Reusing file D:/project/qsys_CAN/qsys/hardware/system_qsys/synthesis/submodules/altera_merlin_burst_uncompressor.sv
Info: system_qsys: Done "system_qsys" with 33 modules, 71 files, 1665365 bytes
Info: ip-generate succeeded.
Info: Finished: Create HDL design files for synthesis
