Flow report for qsys_gui_oscp
Thu Sep 24 16:48:18 2020
Quartus II 64-Bit Version 13.1.0 Build 162 10/23/2013 SJ Full Version


---------------------
; Table of Contents ;
---------------------
  1. Legal Notice
  2. Flow Summary
  3. Flow Settings
  4. Flow Non-Default Global Settings
  5. Flow Elapsed Time
  6. Flow OS Summary
  7. Flow Log
  8. Flow Messages
  9. Flow Suppressed Messages



----------------
; Legal Notice ;
----------------
Copyright (C) 1991-2013 Altera Corporation
Your use of Altera Corporation's design tools, logic functions 
and other software and tools, and its AMPP partner logic 
functions, and any output files from any of the foregoing 
(including device programming or simulation files), and any 
associated documentation or information are expressly subject 
to the terms and conditions of the Altera Program License 
Subscription Agreement, Altera MegaCore Function License 
Agreement, or other applicable license agreement, including, 
without limitation, that your use is for the sole purpose of 
programming logic devices manufactured by Altera and sold by 
Altera or its authorized distributors.  Please refer to the 
applicable agreement for further details.



+----------------------------------------------------------------------------------+
; Flow Summary                                                                     ;
+------------------------------------+---------------------------------------------+
; Flow Status                        ; Successful - Thu Sep 24 16:47:55 2020       ;
; Quartus II 64-Bit Version          ; 13.1.0 Build 162 10/23/2013 SJ Full Version ;
; Revision Name                      ; qsys_gui_oscp                               ;
; Top-level Entity Name              ; qsys_gui_oscp                               ;
; Family                             ; Cyclone IV E                                ;
; Device                             ; EP4CE10F17C8                                ;
; Timing Models                      ; Final                                       ;
; Total logic elements               ; 7,962 / 10,320 ( 77 % )                     ;
;     Total combinational functions  ; 7,033 / 10,320 ( 68 % )                     ;
;     Dedicated logic registers      ; 4,155 / 10,320 ( 40 % )                     ;
; Total registers                    ; 4224                                        ;
; Total pins                         ; 90 / 180 ( 50 % )                           ;
; Total virtual pins                 ; 0                                           ;
; Total memory bits                  ; 96,000 / 423,936 ( 23 % )                   ;
; Embedded Multiplier 9-bit elements ; 10 / 46 ( 22 % )                            ;
; Total PLLs                         ; 1 / 2 ( 50 % )                              ;
+------------------------------------+---------------------------------------------+


+-----------------------------------------+
; Flow Settings                           ;
+-------------------+---------------------+
; Option            ; Setting             ;
+-------------------+---------------------+
; Start date & time ; 09/24/2020 16:46:44 ;
; Main task         ; Compilation         ;
; Revision Name     ; qsys_gui_oscp       ;
+-------------------+---------------------+


+-----------------------------------------------------------------------------------------------------------------------------------------------------------------------+
; Flow Non-Default Global Settings                                                                                                                                      ;
+-------------------------------------+--------------------------------------------------------+---------------+-------------------------------------------+------------+
; Assignment Name                     ; Value                                                  ; Default Value ; Entity Name                               ; Section Id ;
+-------------------------------------+--------------------------------------------------------+---------------+-------------------------------------------+------------+
; COMPILER_SIGNATURE_ID               ; 185122841124439.160093720414192                        ; --            ; --                                        ; --         ;
; ENABLE_SIGNALTAP                    ; Off                                                    ; --            ; --                                        ; --         ;
; IP_TOOL_ENV                         ; Qsys                                                   ; --            ; altera_avalon_mm_bridge                   ; --         ;
; IP_TOOL_ENV                         ; Qsys                                                   ; --            ; altera_avalon_sc_fifo                     ; --         ;
; IP_TOOL_ENV                         ; Qsys                                                   ; --            ; altera_merlin_burst_adapter               ; --         ;
; IP_TOOL_ENV                         ; Qsys                                                   ; --            ; altera_merlin_master_agent                ; --         ;
; IP_TOOL_ENV                         ; Qsys                                                   ; --            ; altera_merlin_master_translator           ; --         ;
; IP_TOOL_ENV                         ; Qsys                                                   ; --            ; altera_merlin_slave_agent                 ; --         ;
; IP_TOOL_ENV                         ; Qsys                                                   ; --            ; altera_merlin_slave_translator            ; --         ;
; IP_TOOL_ENV                         ; Qsys                                                   ; --            ; altera_merlin_traffic_limiter             ; --         ;
; IP_TOOL_ENV                         ; Qsys                                                   ; --            ; altera_merlin_width_adapter               ; --         ;
; IP_TOOL_ENV                         ; Qsys                                                   ; --            ; altera_reset_controller                   ; --         ;
; IP_TOOL_ENV                         ; Qsys                                                   ; --            ; qsys                                      ; --         ;
; IP_TOOL_ENV                         ; Qsys                                                   ; --            ; qsys_epcs_flash                           ; --         ;
; IP_TOOL_ENV                         ; Qsys                                                   ; --            ; qsys_irq_mapper                           ; --         ;
; IP_TOOL_ENV                         ; Qsys                                                   ; --            ; qsys_jtag_uart                            ; --         ;
; IP_TOOL_ENV                         ; Qsys                                                   ; --            ; qsys_mm_interconnect_0                    ; --         ;
; IP_TOOL_ENV                         ; Qsys                                                   ; --            ; qsys_mm_interconnect_0_addr_router        ; --         ;
; IP_TOOL_ENV                         ; Qsys                                                   ; --            ; qsys_mm_interconnect_0_addr_router_001    ; --         ;
; IP_TOOL_ENV                         ; Qsys                                                   ; --            ; qsys_mm_interconnect_0_addr_router_002    ; --         ;
; IP_TOOL_ENV                         ; Qsys                                                   ; --            ; qsys_mm_interconnect_0_cmd_xbar_demux     ; --         ;
; IP_TOOL_ENV                         ; Qsys                                                   ; --            ; qsys_mm_interconnect_0_cmd_xbar_demux_001 ; --         ;
; IP_TOOL_ENV                         ; Qsys                                                   ; --            ; qsys_mm_interconnect_0_cmd_xbar_demux_002 ; --         ;
; IP_TOOL_ENV                         ; Qsys                                                   ; --            ; qsys_mm_interconnect_0_cmd_xbar_mux       ; --         ;
; IP_TOOL_ENV                         ; Qsys                                                   ; --            ; qsys_mm_interconnect_0_cmd_xbar_mux_001   ; --         ;
; IP_TOOL_ENV                         ; Qsys                                                   ; --            ; qsys_mm_interconnect_0_cmd_xbar_mux_003   ; --         ;
; IP_TOOL_ENV                         ; Qsys                                                   ; --            ; qsys_mm_interconnect_0_id_router          ; --         ;
; IP_TOOL_ENV                         ; Qsys                                                   ; --            ; qsys_mm_interconnect_0_id_router_001      ; --         ;
; IP_TOOL_ENV                         ; Qsys                                                   ; --            ; qsys_mm_interconnect_0_id_router_003      ; --         ;
; IP_TOOL_ENV                         ; Qsys                                                   ; --            ; qsys_mm_interconnect_0_rsp_xbar_demux     ; --         ;
; IP_TOOL_ENV                         ; Qsys                                                   ; --            ; qsys_mm_interconnect_0_rsp_xbar_demux_001 ; --         ;
; IP_TOOL_ENV                         ; Qsys                                                   ; --            ; qsys_mm_interconnect_0_rsp_xbar_demux_003 ; --         ;
; IP_TOOL_ENV                         ; Qsys                                                   ; --            ; qsys_mm_interconnect_0_rsp_xbar_mux       ; --         ;
; IP_TOOL_ENV                         ; Qsys                                                   ; --            ; qsys_mm_interconnect_0_rsp_xbar_mux_001   ; --         ;
; IP_TOOL_ENV                         ; Qsys                                                   ; --            ; qsys_mm_interconnect_0_rsp_xbar_mux_002   ; --         ;
; IP_TOOL_ENV                         ; Qsys                                                   ; --            ; qsys_nios2_qsys                           ; --         ;
; IP_TOOL_ENV                         ; Qsys                                                   ; --            ; qsys_pio_lcd_rst                          ; --         ;
; IP_TOOL_ENV                         ; Qsys                                                   ; --            ; qsys_pio_tp_int                           ; --         ;
; IP_TOOL_ENV                         ; Qsys                                                   ; --            ; qsys_sdram                                ; --         ;
; IP_TOOL_ENV                         ; Qsys                                                   ; --            ; qsys_sysid_qsys                           ; --         ;
; IP_TOOL_ENV                         ; Qsys                                                   ; --            ; qsys_timer                                ; --         ;
; IP_TOOL_NAME                        ; ALTPLL                                                 ; --            ; --                                        ; --         ;
; IP_TOOL_NAME                        ; FIFO                                                   ; --            ; --                                        ; --         ;
; IP_TOOL_NAME                        ; altera_avalon_mm_bridge                                ; --            ; altera_avalon_mm_bridge                   ; --         ;
; IP_TOOL_NAME                        ; altera_avalon_sc_fifo                                  ; --            ; altera_avalon_sc_fifo                     ; --         ;
; IP_TOOL_NAME                        ; altera_merlin_burst_adapter                            ; --            ; altera_merlin_burst_adapter               ; --         ;
; IP_TOOL_NAME                        ; altera_merlin_master_agent                             ; --            ; altera_merlin_master_agent                ; --         ;
; IP_TOOL_NAME                        ; altera_merlin_master_translator                        ; --            ; altera_merlin_master_translator           ; --         ;
; IP_TOOL_NAME                        ; altera_merlin_slave_agent                              ; --            ; altera_merlin_slave_agent                 ; --         ;
; IP_TOOL_NAME                        ; altera_merlin_slave_translator                         ; --            ; altera_merlin_slave_translator            ; --         ;
; IP_TOOL_NAME                        ; altera_merlin_traffic_limiter                          ; --            ; altera_merlin_traffic_limiter             ; --         ;
; IP_TOOL_NAME                        ; altera_merlin_width_adapter                            ; --            ; altera_merlin_width_adapter               ; --         ;
; IP_TOOL_NAME                        ; altera_reset_controller                                ; --            ; altera_reset_controller                   ; --         ;
; IP_TOOL_NAME                        ; Qsys                                                   ; --            ; qsys                                      ; --         ;
; IP_TOOL_NAME                        ; altera_avalon_epcs_flash_controller                    ; --            ; qsys_epcs_flash                           ; --         ;
; IP_TOOL_NAME                        ; altera_irq_mapper                                      ; --            ; qsys_irq_mapper                           ; --         ;
; IP_TOOL_NAME                        ; altera_avalon_jtag_uart                                ; --            ; qsys_jtag_uart                            ; --         ;
; IP_TOOL_NAME                        ; altera_merlin_interconnect_wrapper                     ; --            ; qsys_mm_interconnect_0                    ; --         ;
; IP_TOOL_NAME                        ; altera_merlin_router                                   ; --            ; qsys_mm_interconnect_0_addr_router        ; --         ;
; IP_TOOL_NAME                        ; altera_merlin_router                                   ; --            ; qsys_mm_interconnect_0_addr_router_001    ; --         ;
; IP_TOOL_NAME                        ; altera_merlin_router                                   ; --            ; qsys_mm_interconnect_0_addr_router_002    ; --         ;
; IP_TOOL_NAME                        ; altera_merlin_demultiplexer                            ; --            ; qsys_mm_interconnect_0_cmd_xbar_demux     ; --         ;
; IP_TOOL_NAME                        ; altera_merlin_demultiplexer                            ; --            ; qsys_mm_interconnect_0_cmd_xbar_demux_001 ; --         ;
; IP_TOOL_NAME                        ; altera_merlin_demultiplexer                            ; --            ; qsys_mm_interconnect_0_cmd_xbar_demux_002 ; --         ;
; IP_TOOL_NAME                        ; altera_merlin_multiplexer                              ; --            ; qsys_mm_interconnect_0_cmd_xbar_mux       ; --         ;
; IP_TOOL_NAME                        ; altera_merlin_multiplexer                              ; --            ; qsys_mm_interconnect_0_cmd_xbar_mux_001   ; --         ;
; IP_TOOL_NAME                        ; altera_merlin_multiplexer                              ; --            ; qsys_mm_interconnect_0_cmd_xbar_mux_003   ; --         ;
; IP_TOOL_NAME                        ; altera_merlin_router                                   ; --            ; qsys_mm_interconnect_0_id_router          ; --         ;
; IP_TOOL_NAME                        ; altera_merlin_router                                   ; --            ; qsys_mm_interconnect_0_id_router_001      ; --         ;
; IP_TOOL_NAME                        ; altera_merlin_router                                   ; --            ; qsys_mm_interconnect_0_id_router_003      ; --         ;
; IP_TOOL_NAME                        ; altera_merlin_demultiplexer                            ; --            ; qsys_mm_interconnect_0_rsp_xbar_demux     ; --         ;
; IP_TOOL_NAME                        ; altera_merlin_demultiplexer                            ; --            ; qsys_mm_interconnect_0_rsp_xbar_demux_001 ; --         ;
; IP_TOOL_NAME                        ; altera_merlin_demultiplexer                            ; --            ; qsys_mm_interconnect_0_rsp_xbar_demux_003 ; --         ;
; IP_TOOL_NAME                        ; altera_merlin_multiplexer                              ; --            ; qsys_mm_interconnect_0_rsp_xbar_mux       ; --         ;
; IP_TOOL_NAME                        ; altera_merlin_multiplexer                              ; --            ; qsys_mm_interconnect_0_rsp_xbar_mux_001   ; --         ;
; IP_TOOL_NAME                        ; altera_merlin_multiplexer                              ; --            ; qsys_mm_interconnect_0_rsp_xbar_mux_002   ; --         ;
; IP_TOOL_NAME                        ; altera_nios2_qsys                                      ; --            ; qsys_nios2_qsys                           ; --         ;
; IP_TOOL_NAME                        ; altera_avalon_pio                                      ; --            ; qsys_pio_lcd_rst                          ; --         ;
; IP_TOOL_NAME                        ; altera_avalon_pio                                      ; --            ; qsys_pio_tp_int                           ; --         ;
; IP_TOOL_NAME                        ; altera_avalon_new_sdram_controller                     ; --            ; qsys_sdram                                ; --         ;
; IP_TOOL_NAME                        ; altera_avalon_sysid_qsys                               ; --            ; qsys_sysid_qsys                           ; --         ;
; IP_TOOL_NAME                        ; altera_avalon_timer                                    ; --            ; qsys_timer                                ; --         ;
; IP_TOOL_VERSION                     ; 13.1                                                   ; --            ; --                                        ; --         ;
; IP_TOOL_VERSION                     ; 13.1                                                   ; --            ; --                                        ; --         ;
; IP_TOOL_VERSION                     ; 13.1                                                   ; --            ; altera_avalon_mm_bridge                   ; --         ;
; IP_TOOL_VERSION                     ; 13.1                                                   ; --            ; altera_avalon_sc_fifo                     ; --         ;
; IP_TOOL_VERSION                     ; 13.1                                                   ; --            ; altera_merlin_burst_adapter               ; --         ;
; IP_TOOL_VERSION                     ; 13.1                                                   ; --            ; altera_merlin_master_agent                ; --         ;
; IP_TOOL_VERSION                     ; 13.1                                                   ; --            ; altera_merlin_master_translator           ; --         ;
; IP_TOOL_VERSION                     ; 13.1                                                   ; --            ; altera_merlin_slave_agent                 ; --         ;
; IP_TOOL_VERSION                     ; 13.1                                                   ; --            ; altera_merlin_slave_translator            ; --         ;
; IP_TOOL_VERSION                     ; 13.1                                                   ; --            ; altera_merlin_traffic_limiter             ; --         ;
; IP_TOOL_VERSION                     ; 13.1                                                   ; --            ; altera_merlin_width_adapter               ; --         ;
; IP_TOOL_VERSION                     ; 13.1                                                   ; --            ; altera_reset_controller                   ; --         ;
; IP_TOOL_VERSION                     ; 13.1                                                   ; --            ; qsys                                      ; --         ;
; IP_TOOL_VERSION                     ; 13.1                                                   ; --            ; qsys_epcs_flash                           ; --         ;
; IP_TOOL_VERSION                     ; 13.1                                                   ; --            ; qsys_irq_mapper                           ; --         ;
; IP_TOOL_VERSION                     ; 13.1                                                   ; --            ; qsys_jtag_uart                            ; --         ;
; IP_TOOL_VERSION                     ; 13.1                                                   ; --            ; qsys_mm_interconnect_0                    ; --         ;
; IP_TOOL_VERSION                     ; 13.1                                                   ; --            ; qsys_mm_interconnect_0_addr_router        ; --         ;
; IP_TOOL_VERSION                     ; 13.1                                                   ; --            ; qsys_mm_interconnect_0_addr_router_001    ; --         ;
; IP_TOOL_VERSION                     ; 13.1                                                   ; --            ; qsys_mm_interconnect_0_addr_router_002    ; --         ;
; IP_TOOL_VERSION                     ; 13.1                                                   ; --            ; qsys_mm_interconnect_0_cmd_xbar_demux     ; --         ;
; IP_TOOL_VERSION                     ; 13.1                                                   ; --            ; qsys_mm_interconnect_0_cmd_xbar_demux_001 ; --         ;
; IP_TOOL_VERSION                     ; 13.1                                                   ; --            ; qsys_mm_interconnect_0_cmd_xbar_demux_002 ; --         ;
; IP_TOOL_VERSION                     ; 13.1                                                   ; --            ; qsys_mm_interconnect_0_cmd_xbar_mux       ; --         ;
; IP_TOOL_VERSION                     ; 13.1                                                   ; --            ; qsys_mm_interconnect_0_cmd_xbar_mux_001   ; --         ;
; IP_TOOL_VERSION                     ; 13.1                                                   ; --            ; qsys_mm_interconnect_0_cmd_xbar_mux_003   ; --         ;
; IP_TOOL_VERSION                     ; 13.1                                                   ; --            ; qsys_mm_interconnect_0_id_router          ; --         ;
; IP_TOOL_VERSION                     ; 13.1                                                   ; --            ; qsys_mm_interconnect_0_id_router_001      ; --         ;
; IP_TOOL_VERSION                     ; 13.1                                                   ; --            ; qsys_mm_interconnect_0_id_router_003      ; --         ;
; IP_TOOL_VERSION                     ; 13.1                                                   ; --            ; qsys_mm_interconnect_0_rsp_xbar_demux     ; --         ;
; IP_TOOL_VERSION                     ; 13.1                                                   ; --            ; qsys_mm_interconnect_0_rsp_xbar_demux_001 ; --         ;
; IP_TOOL_VERSION                     ; 13.1                                                   ; --            ; qsys_mm_interconnect_0_rsp_xbar_demux_003 ; --         ;
; IP_TOOL_VERSION                     ; 13.1                                                   ; --            ; qsys_mm_interconnect_0_rsp_xbar_mux       ; --         ;
; IP_TOOL_VERSION                     ; 13.1                                                   ; --            ; qsys_mm_interconnect_0_rsp_xbar_mux_001   ; --         ;
; IP_TOOL_VERSION                     ; 13.1                                                   ; --            ; qsys_mm_interconnect_0_rsp_xbar_mux_002   ; --         ;
; IP_TOOL_VERSION                     ; 13.1                                                   ; --            ; qsys_nios2_qsys                           ; --         ;
; IP_TOOL_VERSION                     ; 13.1                                                   ; --            ; qsys_pio_lcd_rst                          ; --         ;
; IP_TOOL_VERSION                     ; 13.1                                                   ; --            ; qsys_pio_tp_int                           ; --         ;
; IP_TOOL_VERSION                     ; 13.1                                                   ; --            ; qsys_sdram                                ; --         ;
; IP_TOOL_VERSION                     ; 13.1                                                   ; --            ; qsys_sysid_qsys                           ; --         ;
; IP_TOOL_VERSION                     ; 13.1                                                   ; --            ; qsys_timer                                ; --         ;
; MAX_CORE_JUNCTION_TEMP              ; 85                                                     ; --            ; --                                        ; --         ;
; MIN_CORE_JUNCTION_TEMP              ; 0                                                      ; --            ; --                                        ; --         ;
; MISC_FILE                           ; ../qsys/hardware/synthesis/../qsys.cmp                 ; --            ; --                                        ; --         ;
; MISC_FILE                           ; ../qsys/hardware/synthesis/../qsys.qsys                ; --            ; --                                        ; --         ;
; MISC_FILE                           ; ipcore/pll.ppf                                         ; --            ; --                                        ; --         ;
; MISC_FILE                           ; ipcore/fifo_inst.v                                     ; --            ; --                                        ; --         ;
; OUTPUT_IO_TIMING_FAR_END_VMEAS      ; Half Signal Swing                                      ; --            ; --                                        ; --         ;
; OUTPUT_IO_TIMING_FAR_END_VMEAS      ; Half Signal Swing                                      ; --            ; --                                        ; --         ;
; OUTPUT_IO_TIMING_NEAR_END_VMEAS     ; Half Vccio                                             ; --            ; --                                        ; --         ;
; OUTPUT_IO_TIMING_NEAR_END_VMEAS     ; Half Vccio                                             ; --            ; --                                        ; --         ;
; PARTITION_COLOR                     ; 16764057                                               ; --            ; --                                        ; Top        ;
; PARTITION_FITTER_PRESERVATION_LEVEL ; PLACEMENT_AND_ROUTING                                  ; --            ; --                                        ; Top        ;
; PARTITION_NETLIST_TYPE              ; SOURCE                                                 ; --            ; --                                        ; Top        ;
; POWER_BOARD_THERMAL_MODEL           ; None (CONSERVATIVE)                                    ; --            ; --                                        ; --         ;
; POWER_PRESET_COOLING_SOLUTION       ; 23 MM HEAT SINK WITH 200 LFPM AIRFLOW                  ; --            ; --                                        ; --         ;
; PROJECT_OUTPUT_DIRECTORY            ; output_files                                           ; --            ; --                                        ; --         ;
; SLD_FILE                            ; ../qsys/hardware/synthesis/qsys.regmap                 ; --            ; --                                        ; --         ;
; SLD_FILE                            ; ../qsys/hardware/synthesis/qsys.debuginfo              ; --            ; --                                        ; --         ;
; SLD_INFO                            ; QSYS_NAME qsys HAS_SOPCINFO 1 GENERATION_ID 1552895859 ; --            ; qsys                                      ; --         ;
; SOPCINFO_FILE                       ; ../qsys/hardware/synthesis/../qsys.sopcinfo            ; --            ; --                                        ; --         ;
; SYNTHESIS_ONLY_QIP                  ; On                                                     ; --            ; --                                        ; --         ;
; USE_SIGNALTAP_FILE                  ; stp1.stp                                               ; --            ; --                                        ; --         ;
+-------------------------------------+--------------------------------------------------------+---------------+-------------------------------------------+------------+


+-------------------------------------------------------------------------------------------------------------------------------+
; Flow Elapsed Time                                                                                                             ;
+---------------------------+--------------+-------------------------+---------------------+------------------------------------+
; Module Name               ; Elapsed Time ; Average Processors Used ; Peak Virtual Memory ; Total CPU Time (on all processors) ;
+---------------------------+--------------+-------------------------+---------------------+------------------------------------+
; Analysis & Synthesis      ; 00:00:24     ; 1.0                     ; 833 MB              ; 00:00:24                           ;
; Fitter                    ; 00:00:40     ; 3.5                     ; 2233 MB             ; 00:01:23                           ;
; Assembler                 ; 00:00:01     ; 1.0                     ; 539 MB              ; 00:00:01                           ;
; TimeQuest Timing Analyzer ; 00:00:22     ; 2.9                     ; 948 MB              ; 00:00:23                           ;
; Total                     ; 00:01:27     ; --                      ; --                  ; 00:02:11                           ;
+---------------------------+--------------+-------------------------+---------------------+------------------------------------+


+----------------------------------------------------------------------------------------+
; Flow OS Summary                                                                        ;
+---------------------------+------------------+-----------+------------+----------------+
; Module Name               ; Machine Hostname ; OS Name   ; OS Version ; Processor type ;
+---------------------------+------------------+-----------+------------+----------------+
; Analysis & Synthesis      ; abcoffice        ; Windows 7 ; 6.2        ; x86_64         ;
; Fitter                    ; abcoffice        ; Windows 7 ; 6.2        ; x86_64         ;
; Assembler                 ; abcoffice        ; Windows 7 ; 6.2        ; x86_64         ;
; TimeQuest Timing Analyzer ; abcoffice        ; Windows 7 ; 6.2        ; x86_64         ;
+---------------------------+------------------+-----------+------------+----------------+


------------
; Flow Log ;
------------
quartus_map --read_settings_files=on --write_settings_files=off qsys_gui_oscp -c qsys_gui_oscp
quartus_fit --read_settings_files=off --write_settings_files=off qsys_gui_oscp -c qsys_gui_oscp
quartus_asm --read_settings_files=off --write_settings_files=off qsys_gui_oscp -c qsys_gui_oscp
quartus_sta qsys_gui_oscp -c qsys_gui_oscp



