Flow report for qsys_lcd
Sun Nov 18 14:57:39 2018
Quartus II 64-Bit Version 13.1.0 Build 162 10/23/2013 SJ Full Version


---------------------
; Table of Contents ;
---------------------
  1. Legal Notice
  2. Flow Summary
  3. Flow Settings
  4. Flow Non-Default Global Settings
  5. Flow Elapsed Time
  6. Flow OS Summary
  7. Flow Log
  8. Flow Messages
  9. Flow Suppressed Messages



----------------
; Legal Notice ;
----------------
Copyright (C) 1991-2013 Altera Corporation
Your use of Altera Corporation's design tools, logic functions 
and other software and tools, and its AMPP partner logic 
functions, and any output files from any of the foregoing 
(including device programming or simulation files), and any 
associated documentation or information are expressly subject 
to the terms and conditions of the Altera Program License 
Subscription Agreement, Altera MegaCore Function License 
Agreement, or other applicable license agreement, including, 
without limitation, that your use is for the sole purpose of 
programming logic devices manufactured by Altera and sold by 
Altera or its authorized distributors.  Please refer to the 
applicable agreement for further details.



+----------------------------------------------------------------------------------+
; Flow Summary                                                                     ;
+------------------------------------+---------------------------------------------+
; Flow Status                        ; Successful - Sun Nov 18 14:57:34 2018       ;
; Quartus II 64-Bit Version          ; 13.1.0 Build 162 10/23/2013 SJ Full Version ;
; Revision Name                      ; qsys_lcd                                    ;
; Top-level Entity Name              ; qsys_lcd                                    ;
; Family                             ; Cyclone IV E                                ;
; Device                             ; EP4CE10F17C8                                ;
; Timing Models                      ; Final                                       ;
; Total logic elements               ; 4,637 / 10,320 ( 45 % )                     ;
;     Total combinational functions  ; 4,147 / 10,320 ( 40 % )                     ;
;     Dedicated logic registers      ; 2,877 / 10,320 ( 28 % )                     ;
; Total registers                    ; 2946                                        ;
; Total pins                         ; 67 / 180 ( 37 % )                           ;
; Total virtual pins                 ; 0                                           ;
; Total memory bits                  ; 73,472 / 423,936 ( 17 % )                   ;
; Embedded Multiplier 9-bit elements ; 4 / 46 ( 9 % )                              ;
; Total PLLs                         ; 1 / 2 ( 50 % )                              ;
+------------------------------------+---------------------------------------------+


+-----------------------------------------+
; Flow Settings                           ;
+-------------------+---------------------+
; Option            ; Setting             ;
+-------------------+---------------------+
; Start date & time ; 11/18/2018 14:56:47 ;
; Main task         ; Compilation         ;
; Revision Name     ; qsys_lcd            ;
+-------------------+---------------------+


+-----------------------------------------------------------------------------------------------------------------------------------------------------------------------------+
; Flow Non-Default Global Settings                                                                                                                                            ;
+-------------------------------------+-----------------------------------------------------------+---------------+----------------------------------------------+------------+
; Assignment Name                     ; Value                                                     ; Default Value ; Entity Name                                  ; Section Id ;
+-------------------------------------+-----------------------------------------------------------+---------------+----------------------------------------------+------------+
; COMPILER_SIGNATURE_ID               ; 88147557092347.154252420754640                            ; --            ; --                                           ; --         ;
; IP_TOOL_ENV                         ; Qsys                                                      ; --            ; altera_avalon_sc_fifo                        ; --         ;
; IP_TOOL_ENV                         ; Qsys                                                      ; --            ; altera_merlin_burst_adapter                  ; --         ;
; IP_TOOL_ENV                         ; Qsys                                                      ; --            ; altera_merlin_master_agent                   ; --         ;
; IP_TOOL_ENV                         ; Qsys                                                      ; --            ; altera_merlin_master_translator              ; --         ;
; IP_TOOL_ENV                         ; Qsys                                                      ; --            ; altera_merlin_slave_agent                    ; --         ;
; IP_TOOL_ENV                         ; Qsys                                                      ; --            ; altera_merlin_slave_translator               ; --         ;
; IP_TOOL_ENV                         ; Qsys                                                      ; --            ; altera_merlin_traffic_limiter                ; --         ;
; IP_TOOL_ENV                         ; Qsys                                                      ; --            ; altera_merlin_width_adapter                  ; --         ;
; IP_TOOL_ENV                         ; Qsys                                                      ; --            ; altera_reset_controller                      ; --         ;
; IP_TOOL_ENV                         ; Qsys                                                      ; --            ; nios2os                                      ; --         ;
; IP_TOOL_ENV                         ; Qsys                                                      ; --            ; nios2os_epcs                                 ; --         ;
; IP_TOOL_ENV                         ; Qsys                                                      ; --            ; nios2os_irq_mapper                           ; --         ;
; IP_TOOL_ENV                         ; Qsys                                                      ; --            ; nios2os_jtag_uart                            ; --         ;
; IP_TOOL_ENV                         ; Qsys                                                      ; --            ; nios2os_mlcd_cs_n                            ; --         ;
; IP_TOOL_ENV                         ; Qsys                                                      ; --            ; nios2os_mlcd_data                            ; --         ;
; IP_TOOL_ENV                         ; Qsys                                                      ; --            ; nios2os_mm_interconnect_0                    ; --         ;
; IP_TOOL_ENV                         ; Qsys                                                      ; --            ; nios2os_mm_interconnect_0_addr_router        ; --         ;
; IP_TOOL_ENV                         ; Qsys                                                      ; --            ; nios2os_mm_interconnect_0_addr_router_001    ; --         ;
; IP_TOOL_ENV                         ; Qsys                                                      ; --            ; nios2os_mm_interconnect_0_cmd_xbar_demux     ; --         ;
; IP_TOOL_ENV                         ; Qsys                                                      ; --            ; nios2os_mm_interconnect_0_cmd_xbar_demux_001 ; --         ;
; IP_TOOL_ENV                         ; Qsys                                                      ; --            ; nios2os_mm_interconnect_0_cmd_xbar_mux       ; --         ;
; IP_TOOL_ENV                         ; Qsys                                                      ; --            ; nios2os_mm_interconnect_0_cmd_xbar_mux_003   ; --         ;
; IP_TOOL_ENV                         ; Qsys                                                      ; --            ; nios2os_mm_interconnect_0_id_router          ; --         ;
; IP_TOOL_ENV                         ; Qsys                                                      ; --            ; nios2os_mm_interconnect_0_id_router_001      ; --         ;
; IP_TOOL_ENV                         ; Qsys                                                      ; --            ; nios2os_mm_interconnect_0_id_router_003      ; --         ;
; IP_TOOL_ENV                         ; Qsys                                                      ; --            ; nios2os_mm_interconnect_0_rsp_xbar_demux     ; --         ;
; IP_TOOL_ENV                         ; Qsys                                                      ; --            ; nios2os_mm_interconnect_0_rsp_xbar_demux_003 ; --         ;
; IP_TOOL_ENV                         ; Qsys                                                      ; --            ; nios2os_mm_interconnect_0_rsp_xbar_mux       ; --         ;
; IP_TOOL_ENV                         ; Qsys                                                      ; --            ; nios2os_mm_interconnect_0_rsp_xbar_mux_001   ; --         ;
; IP_TOOL_ENV                         ; Qsys                                                      ; --            ; nios2os_nios2                                ; --         ;
; IP_TOOL_ENV                         ; Qsys                                                      ; --            ; nios2os_sdram                                ; --         ;
; IP_TOOL_NAME                        ; ALTPLL                                                    ; --            ; --                                           ; --         ;
; IP_TOOL_NAME                        ; altera_avalon_sc_fifo                                     ; --            ; altera_avalon_sc_fifo                        ; --         ;
; IP_TOOL_NAME                        ; altera_merlin_burst_adapter                               ; --            ; altera_merlin_burst_adapter                  ; --         ;
; IP_TOOL_NAME                        ; altera_merlin_master_agent                                ; --            ; altera_merlin_master_agent                   ; --         ;
; IP_TOOL_NAME                        ; altera_merlin_master_translator                           ; --            ; altera_merlin_master_translator              ; --         ;
; IP_TOOL_NAME                        ; altera_merlin_slave_agent                                 ; --            ; altera_merlin_slave_agent                    ; --         ;
; IP_TOOL_NAME                        ; altera_merlin_slave_translator                            ; --            ; altera_merlin_slave_translator               ; --         ;
; IP_TOOL_NAME                        ; altera_merlin_traffic_limiter                             ; --            ; altera_merlin_traffic_limiter                ; --         ;
; IP_TOOL_NAME                        ; altera_merlin_width_adapter                               ; --            ; altera_merlin_width_adapter                  ; --         ;
; IP_TOOL_NAME                        ; altera_reset_controller                                   ; --            ; altera_reset_controller                      ; --         ;
; IP_TOOL_NAME                        ; Qsys                                                      ; --            ; nios2os                                      ; --         ;
; IP_TOOL_NAME                        ; altera_avalon_epcs_flash_controller                       ; --            ; nios2os_epcs                                 ; --         ;
; IP_TOOL_NAME                        ; altera_irq_mapper                                         ; --            ; nios2os_irq_mapper                           ; --         ;
; IP_TOOL_NAME                        ; altera_avalon_jtag_uart                                   ; --            ; nios2os_jtag_uart                            ; --         ;
; IP_TOOL_NAME                        ; altera_avalon_pio                                         ; --            ; nios2os_mlcd_cs_n                            ; --         ;
; IP_TOOL_NAME                        ; altera_avalon_pio                                         ; --            ; nios2os_mlcd_data                            ; --         ;
; IP_TOOL_NAME                        ; altera_merlin_interconnect_wrapper                        ; --            ; nios2os_mm_interconnect_0                    ; --         ;
; IP_TOOL_NAME                        ; altera_merlin_router                                      ; --            ; nios2os_mm_interconnect_0_addr_router        ; --         ;
; IP_TOOL_NAME                        ; altera_merlin_router                                      ; --            ; nios2os_mm_interconnect_0_addr_router_001    ; --         ;
; IP_TOOL_NAME                        ; altera_merlin_demultiplexer                               ; --            ; nios2os_mm_interconnect_0_cmd_xbar_demux     ; --         ;
; IP_TOOL_NAME                        ; altera_merlin_demultiplexer                               ; --            ; nios2os_mm_interconnect_0_cmd_xbar_demux_001 ; --         ;
; IP_TOOL_NAME                        ; altera_merlin_multiplexer                                 ; --            ; nios2os_mm_interconnect_0_cmd_xbar_mux       ; --         ;
; IP_TOOL_NAME                        ; altera_merlin_multiplexer                                 ; --            ; nios2os_mm_interconnect_0_cmd_xbar_mux_003   ; --         ;
; IP_TOOL_NAME                        ; altera_merlin_router                                      ; --            ; nios2os_mm_interconnect_0_id_router          ; --         ;
; IP_TOOL_NAME                        ; altera_merlin_router                                      ; --            ; nios2os_mm_interconnect_0_id_router_001      ; --         ;
; IP_TOOL_NAME                        ; altera_merlin_router                                      ; --            ; nios2os_mm_interconnect_0_id_router_003      ; --         ;
; IP_TOOL_NAME                        ; altera_merlin_demultiplexer                               ; --            ; nios2os_mm_interconnect_0_rsp_xbar_demux     ; --         ;
; IP_TOOL_NAME                        ; altera_merlin_demultiplexer                               ; --            ; nios2os_mm_interconnect_0_rsp_xbar_demux_003 ; --         ;
; IP_TOOL_NAME                        ; altera_merlin_multiplexer                                 ; --            ; nios2os_mm_interconnect_0_rsp_xbar_mux       ; --         ;
; IP_TOOL_NAME                        ; altera_merlin_multiplexer                                 ; --            ; nios2os_mm_interconnect_0_rsp_xbar_mux_001   ; --         ;
; IP_TOOL_NAME                        ; altera_nios2_qsys                                         ; --            ; nios2os_nios2                                ; --         ;
; IP_TOOL_NAME                        ; altera_avalon_new_sdram_controller                        ; --            ; nios2os_sdram                                ; --         ;
; IP_TOOL_VERSION                     ; 13.1                                                      ; --            ; --                                           ; --         ;
; IP_TOOL_VERSION                     ; 13.1                                                      ; --            ; altera_avalon_sc_fifo                        ; --         ;
; IP_TOOL_VERSION                     ; 13.1                                                      ; --            ; altera_merlin_burst_adapter                  ; --         ;
; IP_TOOL_VERSION                     ; 13.1                                                      ; --            ; altera_merlin_master_agent                   ; --         ;
; IP_TOOL_VERSION                     ; 13.1                                                      ; --            ; altera_merlin_master_translator              ; --         ;
; IP_TOOL_VERSION                     ; 13.1                                                      ; --            ; altera_merlin_slave_agent                    ; --         ;
; IP_TOOL_VERSION                     ; 13.1                                                      ; --            ; altera_merlin_slave_translator               ; --         ;
; IP_TOOL_VERSION                     ; 13.1                                                      ; --            ; altera_merlin_traffic_limiter                ; --         ;
; IP_TOOL_VERSION                     ; 13.1                                                      ; --            ; altera_merlin_width_adapter                  ; --         ;
; IP_TOOL_VERSION                     ; 13.1                                                      ; --            ; altera_reset_controller                      ; --         ;
; IP_TOOL_VERSION                     ; 13.1                                                      ; --            ; nios2os                                      ; --         ;
; IP_TOOL_VERSION                     ; 13.1                                                      ; --            ; nios2os_epcs                                 ; --         ;
; IP_TOOL_VERSION                     ; 13.1                                                      ; --            ; nios2os_irq_mapper                           ; --         ;
; IP_TOOL_VERSION                     ; 13.1                                                      ; --            ; nios2os_jtag_uart                            ; --         ;
; IP_TOOL_VERSION                     ; 13.1                                                      ; --            ; nios2os_mlcd_cs_n                            ; --         ;
; IP_TOOL_VERSION                     ; 13.1                                                      ; --            ; nios2os_mlcd_data                            ; --         ;
; IP_TOOL_VERSION                     ; 13.1                                                      ; --            ; nios2os_mm_interconnect_0                    ; --         ;
; IP_TOOL_VERSION                     ; 13.1                                                      ; --            ; nios2os_mm_interconnect_0_addr_router        ; --         ;
; IP_TOOL_VERSION                     ; 13.1                                                      ; --            ; nios2os_mm_interconnect_0_addr_router_001    ; --         ;
; IP_TOOL_VERSION                     ; 13.1                                                      ; --            ; nios2os_mm_interconnect_0_cmd_xbar_demux     ; --         ;
; IP_TOOL_VERSION                     ; 13.1                                                      ; --            ; nios2os_mm_interconnect_0_cmd_xbar_demux_001 ; --         ;
; IP_TOOL_VERSION                     ; 13.1                                                      ; --            ; nios2os_mm_interconnect_0_cmd_xbar_mux       ; --         ;
; IP_TOOL_VERSION                     ; 13.1                                                      ; --            ; nios2os_mm_interconnect_0_cmd_xbar_mux_003   ; --         ;
; IP_TOOL_VERSION                     ; 13.1                                                      ; --            ; nios2os_mm_interconnect_0_id_router          ; --         ;
; IP_TOOL_VERSION                     ; 13.1                                                      ; --            ; nios2os_mm_interconnect_0_id_router_001      ; --         ;
; IP_TOOL_VERSION                     ; 13.1                                                      ; --            ; nios2os_mm_interconnect_0_id_router_003      ; --         ;
; IP_TOOL_VERSION                     ; 13.1                                                      ; --            ; nios2os_mm_interconnect_0_rsp_xbar_demux     ; --         ;
; IP_TOOL_VERSION                     ; 13.1                                                      ; --            ; nios2os_mm_interconnect_0_rsp_xbar_demux_003 ; --         ;
; IP_TOOL_VERSION                     ; 13.1                                                      ; --            ; nios2os_mm_interconnect_0_rsp_xbar_mux       ; --         ;
; IP_TOOL_VERSION                     ; 13.1                                                      ; --            ; nios2os_mm_interconnect_0_rsp_xbar_mux_001   ; --         ;
; IP_TOOL_VERSION                     ; 13.1                                                      ; --            ; nios2os_nios2                                ; --         ;
; IP_TOOL_VERSION                     ; 13.1                                                      ; --            ; nios2os_sdram                                ; --         ;
; MAX_CORE_JUNCTION_TEMP              ; 85                                                        ; --            ; --                                           ; --         ;
; MIN_CORE_JUNCTION_TEMP              ; 0                                                         ; --            ; --                                           ; --         ;
; MISC_FILE                           ; ipcore/pll_clk_inst.v                                     ; --            ; --                                           ; --         ;
; MISC_FILE                           ; ipcore/pll_clk.ppf                                        ; --            ; --                                           ; --         ;
; MISC_FILE                           ; ../qsys/hardware/nios2os/synthesis/../../nios2os.cmp      ; --            ; --                                           ; --         ;
; MISC_FILE                           ; ../qsys/hardware/nios2os/synthesis/../../nios2os.qsys     ; --            ; --                                           ; --         ;
; OUTPUT_IO_TIMING_FAR_END_VMEAS      ; Half Signal Swing                                         ; --            ; --                                           ; --         ;
; OUTPUT_IO_TIMING_FAR_END_VMEAS      ; Half Signal Swing                                         ; --            ; --                                           ; --         ;
; OUTPUT_IO_TIMING_NEAR_END_VMEAS     ; Half Vccio                                                ; --            ; --                                           ; --         ;
; OUTPUT_IO_TIMING_NEAR_END_VMEAS     ; Half Vccio                                                ; --            ; --                                           ; --         ;
; PARTITION_COLOR                     ; 16764057                                                  ; --            ; --                                           ; Top        ;
; PARTITION_FITTER_PRESERVATION_LEVEL ; PLACEMENT_AND_ROUTING                                     ; --            ; --                                           ; Top        ;
; PARTITION_NETLIST_TYPE              ; SOURCE                                                    ; --            ; --                                           ; Top        ;
; POWER_BOARD_THERMAL_MODEL           ; None (CONSERVATIVE)                                       ; --            ; --                                           ; --         ;
; POWER_PRESET_COOLING_SOLUTION       ; 23 MM HEAT SINK WITH 200 LFPM AIRFLOW                     ; --            ; --                                           ; --         ;
; PROJECT_OUTPUT_DIRECTORY            ; output_files                                              ; --            ; --                                           ; --         ;
; SLD_FILE                            ; ../qsys/hardware/nios2os/synthesis/nios2os.regmap         ; --            ; --                                           ; --         ;
; SLD_FILE                            ; ../qsys/hardware/nios2os/synthesis/nios2os.debuginfo      ; --            ; --                                           ; --         ;
; SLD_INFO                            ; QSYS_NAME nios2os HAS_SOPCINFO 1 GENERATION_ID 1538209282 ; --            ; nios2os                                      ; --         ;
; SOPCINFO_FILE                       ; ../qsys/hardware/nios2os/synthesis/../../nios2os.sopcinfo ; --            ; --                                           ; --         ;
; SYNTHESIS_ONLY_QIP                  ; On                                                        ; --            ; --                                           ; --         ;
+-------------------------------------+-----------------------------------------------------------+---------------+----------------------------------------------+------------+


+-------------------------------------------------------------------------------------------------------------------------------+
; Flow Elapsed Time                                                                                                             ;
+---------------------------+--------------+-------------------------+---------------------+------------------------------------+
; Module Name               ; Elapsed Time ; Average Processors Used ; Peak Virtual Memory ; Total CPU Time (on all processors) ;
+---------------------------+--------------+-------------------------+---------------------+------------------------------------+
; Analysis & Synthesis      ; 00:00:21     ; 1.0                     ; 704 MB              ; 00:00:19                           ;
; Fitter                    ; 00:00:18     ; 1.3                     ; 1239 MB             ; 00:00:22                           ;
; Assembler                 ; 00:00:02     ; 1.0                     ; 462 MB              ; 00:00:01                           ;
; TimeQuest Timing Analyzer ; 00:00:04     ; 1.0                     ; 588 MB              ; 00:00:05                           ;
; Total                     ; 00:00:45     ; --                      ; --                  ; 00:00:47                           ;
+---------------------------+--------------+-------------------------+---------------------+------------------------------------+


+----------------------------------------------------------------------------------------+
; Flow OS Summary                                                                        ;
+---------------------------+------------------+-----------+------------+----------------+
; Module Name               ; Machine Hostname ; OS Name   ; OS Version ; Processor type ;
+---------------------------+------------------+-----------+------------+----------------+
; Analysis & Synthesis      ; CX               ; Windows 7 ; 6.1        ; x86_64         ;
; Fitter                    ; CX               ; Windows 7 ; 6.1        ; x86_64         ;
; Assembler                 ; CX               ; Windows 7 ; 6.1        ; x86_64         ;
; TimeQuest Timing Analyzer ; CX               ; Windows 7 ; 6.1        ; x86_64         ;
+---------------------------+------------------+-----------+------------+----------------+


------------
; Flow Log ;
------------
quartus_map --read_settings_files=on --write_settings_files=off qsys_lcd -c qsys_lcd
quartus_fit --read_settings_files=off --write_settings_files=off qsys_lcd -c qsys_lcd
quartus_asm --read_settings_files=off --write_settings_files=off qsys_lcd -c qsys_lcd
quartus_sta qsys_lcd -c qsys_lcd



