Flow report for qsys_sdram
Mon Nov 05 13:46:02 2018
Quartus II 64-Bit Version 13.1.0 Build 162 10/23/2013 SJ Full Version


---------------------
; Table of Contents ;
---------------------
  1. Legal Notice
  2. Flow Summary
  3. Flow Settings
  4. Flow Non-Default Global Settings
  5. Flow Elapsed Time
  6. Flow OS Summary
  7. Flow Log
  8. Flow Messages
  9. Flow Suppressed Messages



----------------
; Legal Notice ;
----------------
Copyright (C) 1991-2013 Altera Corporation
Your use of Altera Corporation's design tools, logic functions 
and other software and tools, and its AMPP partner logic 
functions, and any output files from any of the foregoing 
(including device programming or simulation files), and any 
associated documentation or information are expressly subject 
to the terms and conditions of the Altera Program License 
Subscription Agreement, Altera MegaCore Function License 
Agreement, or other applicable license agreement, including, 
without limitation, that your use is for the sole purpose of 
programming logic devices manufactured by Altera and sold by 
Altera or its authorized distributors.  Please refer to the 
applicable agreement for further details.



+----------------------------------------------------------------------------------+
; Flow Summary                                                                     ;
+------------------------------------+---------------------------------------------+
; Flow Status                        ; Successful - Mon Nov 05 13:45:57 2018       ;
; Quartus II 64-Bit Version          ; 13.1.0 Build 162 10/23/2013 SJ Full Version ;
; Revision Name                      ; qsys_sdram                                  ;
; Top-level Entity Name              ; qsys_sdram                                  ;
; Family                             ; Cyclone IV E                                ;
; Device                             ; EP4CE10F17C8                                ;
; Timing Models                      ; Final                                       ;
; Total logic elements               ; 3,886 / 10,320 ( 38 % )                     ;
;     Total combinational functions  ; 3,442 / 10,320 ( 33 % )                     ;
;     Dedicated logic registers      ; 2,465 / 10,320 ( 24 % )                     ;
; Total registers                    ; 2534                                        ;
; Total pins                         ; 41 / 180 ( 23 % )                           ;
; Total virtual pins                 ; 0                                           ;
; Total memory bits                  ; 65,280 / 423,936 ( 15 % )                   ;
; Embedded Multiplier 9-bit elements ; 4 / 46 ( 9 % )                              ;
; Total PLLs                         ; 1 / 2 ( 50 % )                              ;
+------------------------------------+---------------------------------------------+


+-----------------------------------------+
; Flow Settings                           ;
+-------------------+---------------------+
; Option            ; Setting             ;
+-------------------+---------------------+
; Start date & time ; 11/05/2018 13:45:20 ;
; Main task         ; Compilation         ;
; Revision Name     ; qsys_sdram          ;
+-------------------+---------------------+


+-------------------------------------------------------------------------------------------------------------------------------------------------------------------------+
; Flow Non-Default Global Settings                                                                                                                                        ;
+-------------------------------------+---------------------------------------------------------+---------------+--------------------------------------------+------------+
; Assignment Name                     ; Value                                                   ; Default Value ; Entity Name                                ; Section Id ;
+-------------------------------------+---------------------------------------------------------+---------------+--------------------------------------------+------------+
; COMPILER_SIGNATURE_ID               ; 88147557092347.154139672028168                          ; --            ; --                                         ; --         ;
; IP_TOOL_ENV                         ; Qsys                                                    ; --            ; altera_avalon_sc_fifo                      ; --         ;
; IP_TOOL_ENV                         ; Qsys                                                    ; --            ; altera_merlin_burst_adapter                ; --         ;
; IP_TOOL_ENV                         ; Qsys                                                    ; --            ; altera_merlin_master_agent                 ; --         ;
; IP_TOOL_ENV                         ; Qsys                                                    ; --            ; altera_merlin_master_translator            ; --         ;
; IP_TOOL_ENV                         ; Qsys                                                    ; --            ; altera_merlin_slave_agent                  ; --         ;
; IP_TOOL_ENV                         ; Qsys                                                    ; --            ; altera_merlin_slave_translator             ; --         ;
; IP_TOOL_ENV                         ; Qsys                                                    ; --            ; altera_merlin_traffic_limiter              ; --         ;
; IP_TOOL_ENV                         ; Qsys                                                    ; --            ; altera_merlin_width_adapter                ; --         ;
; IP_TOOL_ENV                         ; Qsys                                                    ; --            ; altera_reset_controller                    ; --         ;
; IP_TOOL_ENV                         ; Qsys                                                    ; --            ; sdram                                      ; --         ;
; IP_TOOL_ENV                         ; Qsys                                                    ; --            ; sdram_irq_mapper                           ; --         ;
; IP_TOOL_ENV                         ; Qsys                                                    ; --            ; sdram_jtag_uart                            ; --         ;
; IP_TOOL_ENV                         ; Qsys                                                    ; --            ; sdram_mm_interconnect_0                    ; --         ;
; IP_TOOL_ENV                         ; Qsys                                                    ; --            ; sdram_mm_interconnect_0_addr_router        ; --         ;
; IP_TOOL_ENV                         ; Qsys                                                    ; --            ; sdram_mm_interconnect_0_addr_router_001    ; --         ;
; IP_TOOL_ENV                         ; Qsys                                                    ; --            ; sdram_mm_interconnect_0_cmd_xbar_demux     ; --         ;
; IP_TOOL_ENV                         ; Qsys                                                    ; --            ; sdram_mm_interconnect_0_cmd_xbar_demux_001 ; --         ;
; IP_TOOL_ENV                         ; Qsys                                                    ; --            ; sdram_mm_interconnect_0_cmd_xbar_mux       ; --         ;
; IP_TOOL_ENV                         ; Qsys                                                    ; --            ; sdram_mm_interconnect_0_cmd_xbar_mux_002   ; --         ;
; IP_TOOL_ENV                         ; Qsys                                                    ; --            ; sdram_mm_interconnect_0_id_router          ; --         ;
; IP_TOOL_ENV                         ; Qsys                                                    ; --            ; sdram_mm_interconnect_0_id_router_001      ; --         ;
; IP_TOOL_ENV                         ; Qsys                                                    ; --            ; sdram_mm_interconnect_0_id_router_002      ; --         ;
; IP_TOOL_ENV                         ; Qsys                                                    ; --            ; sdram_mm_interconnect_0_rsp_xbar_demux     ; --         ;
; IP_TOOL_ENV                         ; Qsys                                                    ; --            ; sdram_mm_interconnect_0_rsp_xbar_demux_002 ; --         ;
; IP_TOOL_ENV                         ; Qsys                                                    ; --            ; sdram_mm_interconnect_0_rsp_xbar_mux       ; --         ;
; IP_TOOL_ENV                         ; Qsys                                                    ; --            ; sdram_mm_interconnect_0_rsp_xbar_mux_001   ; --         ;
; IP_TOOL_ENV                         ; Qsys                                                    ; --            ; sdram_nios2_qsys                           ; --         ;
; IP_TOOL_ENV                         ; Qsys                                                    ; --            ; sdram_sdram                                ; --         ;
; IP_TOOL_ENV                         ; Qsys                                                    ; --            ; sdram_sysid_qsys_0                         ; --         ;
; IP_TOOL_NAME                        ; ALTPLL                                                  ; --            ; --                                         ; --         ;
; IP_TOOL_NAME                        ; altera_avalon_sc_fifo                                   ; --            ; altera_avalon_sc_fifo                      ; --         ;
; IP_TOOL_NAME                        ; altera_merlin_burst_adapter                             ; --            ; altera_merlin_burst_adapter                ; --         ;
; IP_TOOL_NAME                        ; altera_merlin_master_agent                              ; --            ; altera_merlin_master_agent                 ; --         ;
; IP_TOOL_NAME                        ; altera_merlin_master_translator                         ; --            ; altera_merlin_master_translator            ; --         ;
; IP_TOOL_NAME                        ; altera_merlin_slave_agent                               ; --            ; altera_merlin_slave_agent                  ; --         ;
; IP_TOOL_NAME                        ; altera_merlin_slave_translator                          ; --            ; altera_merlin_slave_translator             ; --         ;
; IP_TOOL_NAME                        ; altera_merlin_traffic_limiter                           ; --            ; altera_merlin_traffic_limiter              ; --         ;
; IP_TOOL_NAME                        ; altera_merlin_width_adapter                             ; --            ; altera_merlin_width_adapter                ; --         ;
; IP_TOOL_NAME                        ; altera_reset_controller                                 ; --            ; altera_reset_controller                    ; --         ;
; IP_TOOL_NAME                        ; Qsys                                                    ; --            ; sdram                                      ; --         ;
; IP_TOOL_NAME                        ; altera_irq_mapper                                       ; --            ; sdram_irq_mapper                           ; --         ;
; IP_TOOL_NAME                        ; altera_avalon_jtag_uart                                 ; --            ; sdram_jtag_uart                            ; --         ;
; IP_TOOL_NAME                        ; altera_merlin_interconnect_wrapper                      ; --            ; sdram_mm_interconnect_0                    ; --         ;
; IP_TOOL_NAME                        ; altera_merlin_router                                    ; --            ; sdram_mm_interconnect_0_addr_router        ; --         ;
; IP_TOOL_NAME                        ; altera_merlin_router                                    ; --            ; sdram_mm_interconnect_0_addr_router_001    ; --         ;
; IP_TOOL_NAME                        ; altera_merlin_demultiplexer                             ; --            ; sdram_mm_interconnect_0_cmd_xbar_demux     ; --         ;
; IP_TOOL_NAME                        ; altera_merlin_demultiplexer                             ; --            ; sdram_mm_interconnect_0_cmd_xbar_demux_001 ; --         ;
; IP_TOOL_NAME                        ; altera_merlin_multiplexer                               ; --            ; sdram_mm_interconnect_0_cmd_xbar_mux       ; --         ;
; IP_TOOL_NAME                        ; altera_merlin_multiplexer                               ; --            ; sdram_mm_interconnect_0_cmd_xbar_mux_002   ; --         ;
; IP_TOOL_NAME                        ; altera_merlin_router                                    ; --            ; sdram_mm_interconnect_0_id_router          ; --         ;
; IP_TOOL_NAME                        ; altera_merlin_router                                    ; --            ; sdram_mm_interconnect_0_id_router_001      ; --         ;
; IP_TOOL_NAME                        ; altera_merlin_router                                    ; --            ; sdram_mm_interconnect_0_id_router_002      ; --         ;
; IP_TOOL_NAME                        ; altera_merlin_demultiplexer                             ; --            ; sdram_mm_interconnect_0_rsp_xbar_demux     ; --         ;
; IP_TOOL_NAME                        ; altera_merlin_demultiplexer                             ; --            ; sdram_mm_interconnect_0_rsp_xbar_demux_002 ; --         ;
; IP_TOOL_NAME                        ; altera_merlin_multiplexer                               ; --            ; sdram_mm_interconnect_0_rsp_xbar_mux       ; --         ;
; IP_TOOL_NAME                        ; altera_merlin_multiplexer                               ; --            ; sdram_mm_interconnect_0_rsp_xbar_mux_001   ; --         ;
; IP_TOOL_NAME                        ; altera_nios2_qsys                                       ; --            ; sdram_nios2_qsys                           ; --         ;
; IP_TOOL_NAME                        ; altera_avalon_new_sdram_controller                      ; --            ; sdram_sdram                                ; --         ;
; IP_TOOL_NAME                        ; altera_avalon_sysid_qsys                                ; --            ; sdram_sysid_qsys_0                         ; --         ;
; IP_TOOL_VERSION                     ; 13.1                                                    ; --            ; --                                         ; --         ;
; IP_TOOL_VERSION                     ; 13.1                                                    ; --            ; altera_avalon_sc_fifo                      ; --         ;
; IP_TOOL_VERSION                     ; 13.1                                                    ; --            ; altera_merlin_burst_adapter                ; --         ;
; IP_TOOL_VERSION                     ; 13.1                                                    ; --            ; altera_merlin_master_agent                 ; --         ;
; IP_TOOL_VERSION                     ; 13.1                                                    ; --            ; altera_merlin_master_translator            ; --         ;
; IP_TOOL_VERSION                     ; 13.1                                                    ; --            ; altera_merlin_slave_agent                  ; --         ;
; IP_TOOL_VERSION                     ; 13.1                                                    ; --            ; altera_merlin_slave_translator             ; --         ;
; IP_TOOL_VERSION                     ; 13.1                                                    ; --            ; altera_merlin_traffic_limiter              ; --         ;
; IP_TOOL_VERSION                     ; 13.1                                                    ; --            ; altera_merlin_width_adapter                ; --         ;
; IP_TOOL_VERSION                     ; 13.1                                                    ; --            ; altera_reset_controller                    ; --         ;
; IP_TOOL_VERSION                     ; 13.1                                                    ; --            ; sdram                                      ; --         ;
; IP_TOOL_VERSION                     ; 13.1                                                    ; --            ; sdram_irq_mapper                           ; --         ;
; IP_TOOL_VERSION                     ; 13.1                                                    ; --            ; sdram_jtag_uart                            ; --         ;
; IP_TOOL_VERSION                     ; 13.1                                                    ; --            ; sdram_mm_interconnect_0                    ; --         ;
; IP_TOOL_VERSION                     ; 13.1                                                    ; --            ; sdram_mm_interconnect_0_addr_router        ; --         ;
; IP_TOOL_VERSION                     ; 13.1                                                    ; --            ; sdram_mm_interconnect_0_addr_router_001    ; --         ;
; IP_TOOL_VERSION                     ; 13.1                                                    ; --            ; sdram_mm_interconnect_0_cmd_xbar_demux     ; --         ;
; IP_TOOL_VERSION                     ; 13.1                                                    ; --            ; sdram_mm_interconnect_0_cmd_xbar_demux_001 ; --         ;
; IP_TOOL_VERSION                     ; 13.1                                                    ; --            ; sdram_mm_interconnect_0_cmd_xbar_mux       ; --         ;
; IP_TOOL_VERSION                     ; 13.1                                                    ; --            ; sdram_mm_interconnect_0_cmd_xbar_mux_002   ; --         ;
; IP_TOOL_VERSION                     ; 13.1                                                    ; --            ; sdram_mm_interconnect_0_id_router          ; --         ;
; IP_TOOL_VERSION                     ; 13.1                                                    ; --            ; sdram_mm_interconnect_0_id_router_001      ; --         ;
; IP_TOOL_VERSION                     ; 13.1                                                    ; --            ; sdram_mm_interconnect_0_id_router_002      ; --         ;
; IP_TOOL_VERSION                     ; 13.1                                                    ; --            ; sdram_mm_interconnect_0_rsp_xbar_demux     ; --         ;
; IP_TOOL_VERSION                     ; 13.1                                                    ; --            ; sdram_mm_interconnect_0_rsp_xbar_demux_002 ; --         ;
; IP_TOOL_VERSION                     ; 13.1                                                    ; --            ; sdram_mm_interconnect_0_rsp_xbar_mux       ; --         ;
; IP_TOOL_VERSION                     ; 13.1                                                    ; --            ; sdram_mm_interconnect_0_rsp_xbar_mux_001   ; --         ;
; IP_TOOL_VERSION                     ; 13.1                                                    ; --            ; sdram_nios2_qsys                           ; --         ;
; IP_TOOL_VERSION                     ; 13.1                                                    ; --            ; sdram_sdram                                ; --         ;
; IP_TOOL_VERSION                     ; 13.1                                                    ; --            ; sdram_sysid_qsys_0                         ; --         ;
; MAX_CORE_JUNCTION_TEMP              ; 85                                                      ; --            ; --                                         ; --         ;
; MIN_CORE_JUNCTION_TEMP              ; 0                                                       ; --            ; --                                         ; --         ;
; MISC_FILE                           ; ../qsys/hardware/synthesis/../sdram.cmp                 ; --            ; --                                         ; --         ;
; MISC_FILE                           ; ../qsys/hardware/synthesis/../sdram.qsys                ; --            ; --                                         ; --         ;
; MISC_FILE                           ; ipcore/pll_clk_inst.v                                   ; --            ; --                                         ; --         ;
; MISC_FILE                           ; ipcore/pll_clk.ppf                                      ; --            ; --                                         ; --         ;
; OUTPUT_IO_TIMING_FAR_END_VMEAS      ; Half Signal Swing                                       ; --            ; --                                         ; --         ;
; OUTPUT_IO_TIMING_FAR_END_VMEAS      ; Half Signal Swing                                       ; --            ; --                                         ; --         ;
; OUTPUT_IO_TIMING_NEAR_END_VMEAS     ; Half Vccio                                              ; --            ; --                                         ; --         ;
; OUTPUT_IO_TIMING_NEAR_END_VMEAS     ; Half Vccio                                              ; --            ; --                                         ; --         ;
; PARTITION_COLOR                     ; 16764057                                                ; --            ; --                                         ; Top        ;
; PARTITION_FITTER_PRESERVATION_LEVEL ; PLACEMENT_AND_ROUTING                                   ; --            ; --                                         ; Top        ;
; PARTITION_NETLIST_TYPE              ; SOURCE                                                  ; --            ; --                                         ; Top        ;
; POWER_BOARD_THERMAL_MODEL           ; None (CONSERVATIVE)                                     ; --            ; --                                         ; --         ;
; POWER_PRESET_COOLING_SOLUTION       ; 23 MM HEAT SINK WITH 200 LFPM AIRFLOW                   ; --            ; --                                         ; --         ;
; PROJECT_OUTPUT_DIRECTORY            ; output_files                                            ; --            ; --                                         ; --         ;
; SLD_FILE                            ; ../qsys/hardware/synthesis/sdram.regmap                 ; --            ; --                                         ; --         ;
; SLD_FILE                            ; ../qsys/hardware/synthesis/sdram.debuginfo              ; --            ; --                                         ; --         ;
; SLD_INFO                            ; QSYS_NAME sdram HAS_SOPCINFO 1 GENERATION_ID 1539590655 ; --            ; sdram                                      ; --         ;
; SOPCINFO_FILE                       ; ../qsys/hardware/synthesis/../sdram.sopcinfo            ; --            ; --                                         ; --         ;
; SYNTHESIS_ONLY_QIP                  ; On                                                      ; --            ; --                                         ; --         ;
+-------------------------------------+---------------------------------------------------------+---------------+--------------------------------------------+------------+


+-------------------------------------------------------------------------------------------------------------------------------+
; Flow Elapsed Time                                                                                                             ;
+---------------------------+--------------+-------------------------+---------------------+------------------------------------+
; Module Name               ; Elapsed Time ; Average Processors Used ; Peak Virtual Memory ; Total CPU Time (on all processors) ;
+---------------------------+--------------+-------------------------+---------------------+------------------------------------+
; Analysis & Synthesis      ; 00:00:16     ; 1.0                     ; 676 MB              ; 00:00:15                           ;
; Fitter                    ; 00:00:16     ; 1.6                     ; 1245 MB             ; 00:00:19                           ;
; Assembler                 ; 00:00:01     ; 1.0                     ; 463 MB              ; 00:00:01                           ;
; TimeQuest Timing Analyzer ; 00:00:04     ; 1.0                     ; 572 MB              ; 00:00:04                           ;
; Total                     ; 00:00:37     ; --                      ; --                  ; 00:00:39                           ;
+---------------------------+--------------+-------------------------+---------------------+------------------------------------+


+----------------------------------------------------------------------------------------+
; Flow OS Summary                                                                        ;
+---------------------------+------------------+-----------+------------+----------------+
; Module Name               ; Machine Hostname ; OS Name   ; OS Version ; Processor type ;
+---------------------------+------------------+-----------+------------+----------------+
; Analysis & Synthesis      ; CX               ; Windows 7 ; 6.1        ; x86_64         ;
; Fitter                    ; CX               ; Windows 7 ; 6.1        ; x86_64         ;
; Assembler                 ; CX               ; Windows 7 ; 6.1        ; x86_64         ;
; TimeQuest Timing Analyzer ; CX               ; Windows 7 ; 6.1        ; x86_64         ;
+---------------------------+------------------+-----------+------------+----------------+


------------
; Flow Log ;
------------
quartus_map --read_settings_files=on --write_settings_files=off qsys_sdram -c qsys_sdram
quartus_fit --read_settings_files=off --write_settings_files=off qsys_sdram -c qsys_sdram
quartus_asm --read_settings_files=off --write_settings_files=off qsys_sdram -c qsys_sdram
quartus_sta qsys_sdram -c qsys_sdram



