Flow report for qsys_ucosii_sem
Fri Feb 22 10:12:06 2019
Quartus II 64-Bit Version 13.1.0 Build 162 10/23/2013 SJ Full Version


---------------------
; Table of Contents ;
---------------------
  1. Legal Notice
  2. Flow Summary
  3. Flow Settings
  4. Flow Non-Default Global Settings
  5. Flow Elapsed Time
  6. Flow OS Summary
  7. Flow Log
  8. Flow Messages
  9. Flow Suppressed Messages



----------------
; Legal Notice ;
----------------
Copyright (C) 1991-2013 Altera Corporation
Your use of Altera Corporation's design tools, logic functions 
and other software and tools, and its AMPP partner logic 
functions, and any output files from any of the foregoing 
(including device programming or simulation files), and any 
associated documentation or information are expressly subject 
to the terms and conditions of the Altera Program License 
Subscription Agreement, Altera MegaCore Function License 
Agreement, or other applicable license agreement, including, 
without limitation, that your use is for the sole purpose of 
programming logic devices manufactured by Altera and sold by 
Altera or its authorized distributors.  Please refer to the 
applicable agreement for further details.



+----------------------------------------------------------------------------------+
; Flow Summary                                                                     ;
+------------------------------------+---------------------------------------------+
; Flow Status                        ; Successful - Fri Feb 22 10:12:00 2019       ;
; Quartus II 64-Bit Version          ; 13.1.0 Build 162 10/23/2013 SJ Full Version ;
; Revision Name                      ; qsys_ucosii_sem                             ;
; Top-level Entity Name              ; qsys_ucosii_sem                             ;
; Family                             ; Cyclone IV E                                ;
; Device                             ; EP4CE10F17C8                                ;
; Timing Models                      ; Final                                       ;
; Total logic elements               ; 4,356 / 10,320 ( 42 % )                     ;
;     Total combinational functions  ; 3,880 / 10,320 ( 38 % )                     ;
;     Dedicated logic registers      ; 2,766 / 10,320 ( 27 % )                     ;
; Total registers                    ; 2835                                        ;
; Total pins                         ; 45 / 180 ( 25 % )                           ;
; Total virtual pins                 ; 0                                           ;
; Total memory bits                  ; 73,280 / 423,936 ( 17 % )                   ;
; Embedded Multiplier 9-bit elements ; 4 / 46 ( 9 % )                              ;
; Total PLLs                         ; 1 / 2 ( 50 % )                              ;
+------------------------------------+---------------------------------------------+


+-----------------------------------------+
; Flow Settings                           ;
+-------------------+---------------------+
; Option            ; Setting             ;
+-------------------+---------------------+
; Start date & time ; 02/22/2019 10:11:11 ;
; Main task         ; Compilation         ;
; Revision Name     ; qsys_ucosii_sem     ;
+-------------------+---------------------+


+-----------------------------------------------------------------------------------------------------------------------------------------------------------------------------------------+
; Flow Non-Default Global Settings                                                                                                                                                        ;
+-------------------------------------+-------------------------------------------------------------------+---------------+--------------------------------------------------+------------+
; Assignment Name                     ; Value                                                             ; Default Value ; Entity Name                                      ; Section Id ;
+-------------------------------------+-------------------------------------------------------------------+---------------+--------------------------------------------------+------------+
; COMPILER_SIGNATURE_ID               ; 88147556840705.155080147108036                                    ; --            ; --                                               ; --         ;
; IP_TOOL_ENV                         ; Qsys                                                              ; --            ; altera_avalon_sc_fifo                            ; --         ;
; IP_TOOL_ENV                         ; Qsys                                                              ; --            ; altera_merlin_burst_adapter                      ; --         ;
; IP_TOOL_ENV                         ; Qsys                                                              ; --            ; altera_merlin_master_agent                       ; --         ;
; IP_TOOL_ENV                         ; Qsys                                                              ; --            ; altera_merlin_master_translator                  ; --         ;
; IP_TOOL_ENV                         ; Qsys                                                              ; --            ; altera_merlin_slave_agent                        ; --         ;
; IP_TOOL_ENV                         ; Qsys                                                              ; --            ; altera_merlin_slave_translator                   ; --         ;
; IP_TOOL_ENV                         ; Qsys                                                              ; --            ; altera_merlin_traffic_limiter                    ; --         ;
; IP_TOOL_ENV                         ; Qsys                                                              ; --            ; altera_merlin_width_adapter                      ; --         ;
; IP_TOOL_ENV                         ; Qsys                                                              ; --            ; altera_reset_controller                          ; --         ;
; IP_TOOL_ENV                         ; Qsys                                                              ; --            ; system_qsys                                      ; --         ;
; IP_TOOL_ENV                         ; Qsys                                                              ; --            ; system_qsys_epcs                                 ; --         ;
; IP_TOOL_ENV                         ; Qsys                                                              ; --            ; system_qsys_irq_mapper                           ; --         ;
; IP_TOOL_ENV                         ; Qsys                                                              ; --            ; system_qsys_jtag_uart                            ; --         ;
; IP_TOOL_ENV                         ; Qsys                                                              ; --            ; system_qsys_mm_interconnect_0                    ; --         ;
; IP_TOOL_ENV                         ; Qsys                                                              ; --            ; system_qsys_mm_interconnect_0_addr_router        ; --         ;
; IP_TOOL_ENV                         ; Qsys                                                              ; --            ; system_qsys_mm_interconnect_0_addr_router_001    ; --         ;
; IP_TOOL_ENV                         ; Qsys                                                              ; --            ; system_qsys_mm_interconnect_0_cmd_xbar_demux     ; --         ;
; IP_TOOL_ENV                         ; Qsys                                                              ; --            ; system_qsys_mm_interconnect_0_cmd_xbar_demux_001 ; --         ;
; IP_TOOL_ENV                         ; Qsys                                                              ; --            ; system_qsys_mm_interconnect_0_cmd_xbar_mux       ; --         ;
; IP_TOOL_ENV                         ; Qsys                                                              ; --            ; system_qsys_mm_interconnect_0_cmd_xbar_mux_003   ; --         ;
; IP_TOOL_ENV                         ; Qsys                                                              ; --            ; system_qsys_mm_interconnect_0_id_router          ; --         ;
; IP_TOOL_ENV                         ; Qsys                                                              ; --            ; system_qsys_mm_interconnect_0_id_router_001      ; --         ;
; IP_TOOL_ENV                         ; Qsys                                                              ; --            ; system_qsys_mm_interconnect_0_id_router_003      ; --         ;
; IP_TOOL_ENV                         ; Qsys                                                              ; --            ; system_qsys_mm_interconnect_0_rsp_xbar_demux     ; --         ;
; IP_TOOL_ENV                         ; Qsys                                                              ; --            ; system_qsys_mm_interconnect_0_rsp_xbar_demux_003 ; --         ;
; IP_TOOL_ENV                         ; Qsys                                                              ; --            ; system_qsys_mm_interconnect_0_rsp_xbar_mux       ; --         ;
; IP_TOOL_ENV                         ; Qsys                                                              ; --            ; system_qsys_mm_interconnect_0_rsp_xbar_mux_001   ; --         ;
; IP_TOOL_ENV                         ; Qsys                                                              ; --            ; system_qsys_nios2_qsys                           ; --         ;
; IP_TOOL_ENV                         ; Qsys                                                              ; --            ; system_qsys_sdram                                ; --         ;
; IP_TOOL_ENV                         ; Qsys                                                              ; --            ; system_qsys_sysid_qsys                           ; --         ;
; IP_TOOL_ENV                         ; Qsys                                                              ; --            ; system_qsys_timer                                ; --         ;
; IP_TOOL_NAME                        ; altera_avalon_sc_fifo                                             ; --            ; altera_avalon_sc_fifo                            ; --         ;
; IP_TOOL_NAME                        ; altera_merlin_burst_adapter                                       ; --            ; altera_merlin_burst_adapter                      ; --         ;
; IP_TOOL_NAME                        ; altera_merlin_master_agent                                        ; --            ; altera_merlin_master_agent                       ; --         ;
; IP_TOOL_NAME                        ; altera_merlin_master_translator                                   ; --            ; altera_merlin_master_translator                  ; --         ;
; IP_TOOL_NAME                        ; altera_merlin_slave_agent                                         ; --            ; altera_merlin_slave_agent                        ; --         ;
; IP_TOOL_NAME                        ; altera_merlin_slave_translator                                    ; --            ; altera_merlin_slave_translator                   ; --         ;
; IP_TOOL_NAME                        ; altera_merlin_traffic_limiter                                     ; --            ; altera_merlin_traffic_limiter                    ; --         ;
; IP_TOOL_NAME                        ; altera_merlin_width_adapter                                       ; --            ; altera_merlin_width_adapter                      ; --         ;
; IP_TOOL_NAME                        ; altera_reset_controller                                           ; --            ; altera_reset_controller                          ; --         ;
; IP_TOOL_NAME                        ; Qsys                                                              ; --            ; system_qsys                                      ; --         ;
; IP_TOOL_NAME                        ; altera_avalon_epcs_flash_controller                               ; --            ; system_qsys_epcs                                 ; --         ;
; IP_TOOL_NAME                        ; altera_irq_mapper                                                 ; --            ; system_qsys_irq_mapper                           ; --         ;
; IP_TOOL_NAME                        ; altera_avalon_jtag_uart                                           ; --            ; system_qsys_jtag_uart                            ; --         ;
; IP_TOOL_NAME                        ; altera_merlin_interconnect_wrapper                                ; --            ; system_qsys_mm_interconnect_0                    ; --         ;
; IP_TOOL_NAME                        ; altera_merlin_router                                              ; --            ; system_qsys_mm_interconnect_0_addr_router        ; --         ;
; IP_TOOL_NAME                        ; altera_merlin_router                                              ; --            ; system_qsys_mm_interconnect_0_addr_router_001    ; --         ;
; IP_TOOL_NAME                        ; altera_merlin_demultiplexer                                       ; --            ; system_qsys_mm_interconnect_0_cmd_xbar_demux     ; --         ;
; IP_TOOL_NAME                        ; altera_merlin_demultiplexer                                       ; --            ; system_qsys_mm_interconnect_0_cmd_xbar_demux_001 ; --         ;
; IP_TOOL_NAME                        ; altera_merlin_multiplexer                                         ; --            ; system_qsys_mm_interconnect_0_cmd_xbar_mux       ; --         ;
; IP_TOOL_NAME                        ; altera_merlin_multiplexer                                         ; --            ; system_qsys_mm_interconnect_0_cmd_xbar_mux_003   ; --         ;
; IP_TOOL_NAME                        ; altera_merlin_router                                              ; --            ; system_qsys_mm_interconnect_0_id_router          ; --         ;
; IP_TOOL_NAME                        ; altera_merlin_router                                              ; --            ; system_qsys_mm_interconnect_0_id_router_001      ; --         ;
; IP_TOOL_NAME                        ; altera_merlin_router                                              ; --            ; system_qsys_mm_interconnect_0_id_router_003      ; --         ;
; IP_TOOL_NAME                        ; altera_merlin_demultiplexer                                       ; --            ; system_qsys_mm_interconnect_0_rsp_xbar_demux     ; --         ;
; IP_TOOL_NAME                        ; altera_merlin_demultiplexer                                       ; --            ; system_qsys_mm_interconnect_0_rsp_xbar_demux_003 ; --         ;
; IP_TOOL_NAME                        ; altera_merlin_multiplexer                                         ; --            ; system_qsys_mm_interconnect_0_rsp_xbar_mux       ; --         ;
; IP_TOOL_NAME                        ; altera_merlin_multiplexer                                         ; --            ; system_qsys_mm_interconnect_0_rsp_xbar_mux_001   ; --         ;
; IP_TOOL_NAME                        ; altera_nios2_qsys                                                 ; --            ; system_qsys_nios2_qsys                           ; --         ;
; IP_TOOL_NAME                        ; altera_avalon_new_sdram_controller                                ; --            ; system_qsys_sdram                                ; --         ;
; IP_TOOL_NAME                        ; altera_avalon_sysid_qsys                                          ; --            ; system_qsys_sysid_qsys                           ; --         ;
; IP_TOOL_NAME                        ; altera_avalon_timer                                               ; --            ; system_qsys_timer                                ; --         ;
; IP_TOOL_VERSION                     ; 13.1                                                              ; --            ; altera_avalon_sc_fifo                            ; --         ;
; IP_TOOL_VERSION                     ; 13.1                                                              ; --            ; altera_merlin_burst_adapter                      ; --         ;
; IP_TOOL_VERSION                     ; 13.1                                                              ; --            ; altera_merlin_master_agent                       ; --         ;
; IP_TOOL_VERSION                     ; 13.1                                                              ; --            ; altera_merlin_master_translator                  ; --         ;
; IP_TOOL_VERSION                     ; 13.1                                                              ; --            ; altera_merlin_slave_agent                        ; --         ;
; IP_TOOL_VERSION                     ; 13.1                                                              ; --            ; altera_merlin_slave_translator                   ; --         ;
; IP_TOOL_VERSION                     ; 13.1                                                              ; --            ; altera_merlin_traffic_limiter                    ; --         ;
; IP_TOOL_VERSION                     ; 13.1                                                              ; --            ; altera_merlin_width_adapter                      ; --         ;
; IP_TOOL_VERSION                     ; 13.1                                                              ; --            ; altera_reset_controller                          ; --         ;
; IP_TOOL_VERSION                     ; 13.1                                                              ; --            ; system_qsys                                      ; --         ;
; IP_TOOL_VERSION                     ; 13.1                                                              ; --            ; system_qsys_epcs                                 ; --         ;
; IP_TOOL_VERSION                     ; 13.1                                                              ; --            ; system_qsys_irq_mapper                           ; --         ;
; IP_TOOL_VERSION                     ; 13.1                                                              ; --            ; system_qsys_jtag_uart                            ; --         ;
; IP_TOOL_VERSION                     ; 13.1                                                              ; --            ; system_qsys_mm_interconnect_0                    ; --         ;
; IP_TOOL_VERSION                     ; 13.1                                                              ; --            ; system_qsys_mm_interconnect_0_addr_router        ; --         ;
; IP_TOOL_VERSION                     ; 13.1                                                              ; --            ; system_qsys_mm_interconnect_0_addr_router_001    ; --         ;
; IP_TOOL_VERSION                     ; 13.1                                                              ; --            ; system_qsys_mm_interconnect_0_cmd_xbar_demux     ; --         ;
; IP_TOOL_VERSION                     ; 13.1                                                              ; --            ; system_qsys_mm_interconnect_0_cmd_xbar_demux_001 ; --         ;
; IP_TOOL_VERSION                     ; 13.1                                                              ; --            ; system_qsys_mm_interconnect_0_cmd_xbar_mux       ; --         ;
; IP_TOOL_VERSION                     ; 13.1                                                              ; --            ; system_qsys_mm_interconnect_0_cmd_xbar_mux_003   ; --         ;
; IP_TOOL_VERSION                     ; 13.1                                                              ; --            ; system_qsys_mm_interconnect_0_id_router          ; --         ;
; IP_TOOL_VERSION                     ; 13.1                                                              ; --            ; system_qsys_mm_interconnect_0_id_router_001      ; --         ;
; IP_TOOL_VERSION                     ; 13.1                                                              ; --            ; system_qsys_mm_interconnect_0_id_router_003      ; --         ;
; IP_TOOL_VERSION                     ; 13.1                                                              ; --            ; system_qsys_mm_interconnect_0_rsp_xbar_demux     ; --         ;
; IP_TOOL_VERSION                     ; 13.1                                                              ; --            ; system_qsys_mm_interconnect_0_rsp_xbar_demux_003 ; --         ;
; IP_TOOL_VERSION                     ; 13.1                                                              ; --            ; system_qsys_mm_interconnect_0_rsp_xbar_mux       ; --         ;
; IP_TOOL_VERSION                     ; 13.1                                                              ; --            ; system_qsys_mm_interconnect_0_rsp_xbar_mux_001   ; --         ;
; IP_TOOL_VERSION                     ; 13.1                                                              ; --            ; system_qsys_nios2_qsys                           ; --         ;
; IP_TOOL_VERSION                     ; 13.1                                                              ; --            ; system_qsys_sdram                                ; --         ;
; IP_TOOL_VERSION                     ; 13.1                                                              ; --            ; system_qsys_sysid_qsys                           ; --         ;
; IP_TOOL_VERSION                     ; 13.1                                                              ; --            ; system_qsys_timer                                ; --         ;
; MAX_CORE_JUNCTION_TEMP              ; 85                                                                ; --            ; --                                               ; --         ;
; MIN_CORE_JUNCTION_TEMP              ; 0                                                                 ; --            ; --                                               ; --         ;
; MISC_FILE                           ; ../qsys/hardware/system_qsys/synthesis/../../system_qsys.cmp      ; --            ; --                                               ; --         ;
; MISC_FILE                           ; ../qsys/hardware/system_qsys/synthesis/../../system_qsys.qsys     ; --            ; --                                               ; --         ;
; OUTPUT_IO_TIMING_FAR_END_VMEAS      ; Half Signal Swing                                                 ; --            ; --                                               ; --         ;
; OUTPUT_IO_TIMING_FAR_END_VMEAS      ; Half Signal Swing                                                 ; --            ; --                                               ; --         ;
; OUTPUT_IO_TIMING_NEAR_END_VMEAS     ; Half Vccio                                                        ; --            ; --                                               ; --         ;
; OUTPUT_IO_TIMING_NEAR_END_VMEAS     ; Half Vccio                                                        ; --            ; --                                               ; --         ;
; PARTITION_COLOR                     ; 16764057                                                          ; --            ; --                                               ; Top        ;
; PARTITION_FITTER_PRESERVATION_LEVEL ; PLACEMENT_AND_ROUTING                                             ; --            ; --                                               ; Top        ;
; PARTITION_NETLIST_TYPE              ; SOURCE                                                            ; --            ; --                                               ; Top        ;
; POWER_BOARD_THERMAL_MODEL           ; None (CONSERVATIVE)                                               ; --            ; --                                               ; --         ;
; POWER_PRESET_COOLING_SOLUTION       ; 23 MM HEAT SINK WITH 200 LFPM AIRFLOW                             ; --            ; --                                               ; --         ;
; PROJECT_OUTPUT_DIRECTORY            ; output_files                                                      ; --            ; --                                               ; --         ;
; SLD_FILE                            ; ../qsys/hardware/system_qsys/synthesis/system_qsys.regmap         ; --            ; --                                               ; --         ;
; SLD_FILE                            ; ../qsys/hardware/system_qsys/synthesis/system_qsys.debuginfo      ; --            ; --                                               ; --         ;
; SLD_INFO                            ; QSYS_NAME system_qsys HAS_SOPCINFO 1 GENERATION_ID 1550039760     ; --            ; system_qsys                                      ; --         ;
; SOPCINFO_FILE                       ; ../qsys/hardware/system_qsys/synthesis/../../system_qsys.sopcinfo ; --            ; --                                               ; --         ;
; SYNTHESIS_ONLY_QIP                  ; On                                                                ; --            ; --                                               ; --         ;
+-------------------------------------+-------------------------------------------------------------------+---------------+--------------------------------------------------+------------+


+-------------------------------------------------------------------------------------------------------------------------------+
; Flow Elapsed Time                                                                                                             ;
+---------------------------+--------------+-------------------------+---------------------+------------------------------------+
; Module Name               ; Elapsed Time ; Average Processors Used ; Peak Virtual Memory ; Total CPU Time (on all processors) ;
+---------------------------+--------------+-------------------------+---------------------+------------------------------------+
; Analysis & Synthesis      ; 00:00:23     ; 1.0                     ; 674 MB              ; 00:00:23                           ;
; Fitter                    ; 00:00:19     ; 1.3                     ; 1233 MB             ; 00:00:23                           ;
; Assembler                 ; 00:00:01     ; 1.0                     ; 465 MB              ; 00:00:01                           ;
; TimeQuest Timing Analyzer ; 00:00:04     ; 1.0                     ; 583 MB              ; 00:00:05                           ;
; Total                     ; 00:00:47     ; --                      ; --                  ; 00:00:52                           ;
+---------------------------+--------------+-------------------------+---------------------+------------------------------------+


+----------------------------------------------------------------------------------------+
; Flow OS Summary                                                                        ;
+---------------------------+------------------+-----------+------------+----------------+
; Module Name               ; Machine Hostname ; OS Name   ; OS Version ; Processor type ;
+---------------------------+------------------+-----------+------------+----------------+
; Analysis & Synthesis      ; USER-20180123QP  ; Windows 7 ; 6.1        ; x86_64         ;
; Fitter                    ; USER-20180123QP  ; Windows 7 ; 6.1        ; x86_64         ;
; Assembler                 ; USER-20180123QP  ; Windows 7 ; 6.1        ; x86_64         ;
; TimeQuest Timing Analyzer ; USER-20180123QP  ; Windows 7 ; 6.1        ; x86_64         ;
+---------------------------+------------------+-----------+------------+----------------+


------------
; Flow Log ;
------------
quartus_map --read_settings_files=on --write_settings_files=off qsys_ucosii_sem -c qsys_ucosii_sem
quartus_fit --read_settings_files=off --write_settings_files=off qsys_ucosii_sem -c qsys_ucosii_sem
quartus_asm --read_settings_files=off --write_settings_files=off qsys_ucosii_sem -c qsys_ucosii_sem
quartus_sta qsys_ucosii_sem -c qsys_ucosii_sem



