Flow report for top_Timer
Mon Jan 21 16:18:22 2019
Quartus II 64-Bit Version 13.1.0 Build 162 10/23/2013 SJ Full Version


---------------------
; Table of Contents ;
---------------------
  1. Legal Notice
  2. Flow Summary
  3. Flow Settings
  4. Flow Non-Default Global Settings
  5. Flow Elapsed Time
  6. Flow OS Summary
  7. Flow Log
  8. Flow Messages
  9. Flow Suppressed Messages



----------------
; Legal Notice ;
----------------
Copyright (C) 1991-2013 Altera Corporation
Your use of Altera Corporation's design tools, logic functions 
and other software and tools, and its AMPP partner logic 
functions, and any output files from any of the foregoing 
(including device programming or simulation files), and any 
associated documentation or information are expressly subject 
to the terms and conditions of the Altera Program License 
Subscription Agreement, Altera MegaCore Function License 
Agreement, or other applicable license agreement, including, 
without limitation, that your use is for the sole purpose of 
programming logic devices manufactured by Altera and sold by 
Altera or its authorized distributors.  Please refer to the 
applicable agreement for further details.



+----------------------------------------------------------------------------------+
; Flow Summary                                                                     ;
+------------------------------------+---------------------------------------------+
; Flow Status                        ; Successful - Mon Jan 21 16:18:16 2019       ;
; Quartus II 64-Bit Version          ; 13.1.0 Build 162 10/23/2013 SJ Full Version ;
; Revision Name                      ; top_Timer                                   ;
; Top-level Entity Name              ; top_Timer                                   ;
; Family                             ; Cyclone IV E                                ;
; Device                             ; EP4CE10F17C8                                ;
; Timing Models                      ; Final                                       ;
; Total logic elements               ; 3,607 / 10,320 ( 35 % )                     ;
;     Total combinational functions  ; 3,297 / 10,320 ( 32 % )                     ;
;     Dedicated logic registers      ; 2,105 / 10,320 ( 20 % )                     ;
; Total registers                    ; 2105                                        ;
; Total pins                         ; 3 / 180 ( 2 % )                             ;
; Total virtual pins                 ; 0                                           ;
; Total memory bits                  ; 227,008 / 423,936 ( 54 % )                  ;
; Embedded Multiplier 9-bit elements ; 4 / 46 ( 9 % )                              ;
; Total PLLs                         ; 1 / 2 ( 50 % )                              ;
+------------------------------------+---------------------------------------------+


+-----------------------------------------+
; Flow Settings                           ;
+-------------------+---------------------+
; Option            ; Setting             ;
+-------------------+---------------------+
; Start date & time ; 01/21/2019 16:17:25 ;
; Main task         ; Compilation         ;
; Revision Name     ; top_Timer           ;
+-------------------+---------------------+


+--------------------------------------------------------------------------------------------------------------------------------------------------------------------------------------+
; Flow Non-Default Global Settings                                                                                                                                                     ;
+-------------------------------------+-----------------------------------------------------------------+---------------+-------------------------------------------------+------------+
; Assignment Name                     ; Value                                                           ; Default Value ; Entity Name                                     ; Section Id ;
+-------------------------------------+-----------------------------------------------------------------+---------------+-------------------------------------------------+------------+
; COMPILER_SIGNATURE_ID               ; 88147556840677.154805864503756                                  ; --            ; --                                              ; --         ;
; IP_TOOL_ENV                         ; Qsys                                                            ; --            ; altera_avalon_sc_fifo                           ; --         ;
; IP_TOOL_ENV                         ; Qsys                                                            ; --            ; altera_merlin_master_agent                      ; --         ;
; IP_TOOL_ENV                         ; Qsys                                                            ; --            ; altera_merlin_master_translator                 ; --         ;
; IP_TOOL_ENV                         ; Qsys                                                            ; --            ; altera_merlin_slave_agent                       ; --         ;
; IP_TOOL_ENV                         ; Qsys                                                            ; --            ; altera_merlin_slave_translator                  ; --         ;
; IP_TOOL_ENV                         ; Qsys                                                            ; --            ; altera_merlin_traffic_limiter                   ; --         ;
; IP_TOOL_ENV                         ; Qsys                                                            ; --            ; altera_reset_controller                         ; --         ;
; IP_TOOL_ENV                         ; Qsys                                                            ; --            ; qsys_timer                                      ; --         ;
; IP_TOOL_ENV                         ; Qsys                                                            ; --            ; qsys_timer_irq_mapper                           ; --         ;
; IP_TOOL_ENV                         ; Qsys                                                            ; --            ; qsys_timer_jtag_uart                            ; --         ;
; IP_TOOL_ENV                         ; Qsys                                                            ; --            ; qsys_timer_mm_interconnect_0                    ; --         ;
; IP_TOOL_ENV                         ; Qsys                                                            ; --            ; qsys_timer_mm_interconnect_0_addr_router        ; --         ;
; IP_TOOL_ENV                         ; Qsys                                                            ; --            ; qsys_timer_mm_interconnect_0_addr_router_001    ; --         ;
; IP_TOOL_ENV                         ; Qsys                                                            ; --            ; qsys_timer_mm_interconnect_0_cmd_xbar_demux     ; --         ;
; IP_TOOL_ENV                         ; Qsys                                                            ; --            ; qsys_timer_mm_interconnect_0_cmd_xbar_demux_001 ; --         ;
; IP_TOOL_ENV                         ; Qsys                                                            ; --            ; qsys_timer_mm_interconnect_0_cmd_xbar_mux       ; --         ;
; IP_TOOL_ENV                         ; Qsys                                                            ; --            ; qsys_timer_mm_interconnect_0_cmd_xbar_mux_002   ; --         ;
; IP_TOOL_ENV                         ; Qsys                                                            ; --            ; qsys_timer_mm_interconnect_0_id_router          ; --         ;
; IP_TOOL_ENV                         ; Qsys                                                            ; --            ; qsys_timer_mm_interconnect_0_id_router_002      ; --         ;
; IP_TOOL_ENV                         ; Qsys                                                            ; --            ; qsys_timer_mm_interconnect_0_rsp_xbar_demux     ; --         ;
; IP_TOOL_ENV                         ; Qsys                                                            ; --            ; qsys_timer_mm_interconnect_0_rsp_xbar_demux_002 ; --         ;
; IP_TOOL_ENV                         ; Qsys                                                            ; --            ; qsys_timer_mm_interconnect_0_rsp_xbar_mux       ; --         ;
; IP_TOOL_ENV                         ; Qsys                                                            ; --            ; qsys_timer_mm_interconnect_0_rsp_xbar_mux_001   ; --         ;
; IP_TOOL_ENV                         ; Qsys                                                            ; --            ; qsys_timer_nios2_qsys                           ; --         ;
; IP_TOOL_ENV                         ; Qsys                                                            ; --            ; qsys_timer_onchip_ram                           ; --         ;
; IP_TOOL_ENV                         ; Qsys                                                            ; --            ; qsys_timer_pio_beep                             ; --         ;
; IP_TOOL_ENV                         ; Qsys                                                            ; --            ; qsys_timer_sysid_qsys                           ; --         ;
; IP_TOOL_ENV                         ; Qsys                                                            ; --            ; qsys_timer_timer                                ; --         ;
; IP_TOOL_NAME                        ; ALTPLL                                                          ; --            ; --                                              ; --         ;
; IP_TOOL_NAME                        ; altera_avalon_sc_fifo                                           ; --            ; altera_avalon_sc_fifo                           ; --         ;
; IP_TOOL_NAME                        ; altera_merlin_master_agent                                      ; --            ; altera_merlin_master_agent                      ; --         ;
; IP_TOOL_NAME                        ; altera_merlin_master_translator                                 ; --            ; altera_merlin_master_translator                 ; --         ;
; IP_TOOL_NAME                        ; altera_merlin_slave_agent                                       ; --            ; altera_merlin_slave_agent                       ; --         ;
; IP_TOOL_NAME                        ; altera_merlin_slave_translator                                  ; --            ; altera_merlin_slave_translator                  ; --         ;
; IP_TOOL_NAME                        ; altera_merlin_traffic_limiter                                   ; --            ; altera_merlin_traffic_limiter                   ; --         ;
; IP_TOOL_NAME                        ; altera_reset_controller                                         ; --            ; altera_reset_controller                         ; --         ;
; IP_TOOL_NAME                        ; Qsys                                                            ; --            ; qsys_timer                                      ; --         ;
; IP_TOOL_NAME                        ; altera_irq_mapper                                               ; --            ; qsys_timer_irq_mapper                           ; --         ;
; IP_TOOL_NAME                        ; altera_avalon_jtag_uart                                         ; --            ; qsys_timer_jtag_uart                            ; --         ;
; IP_TOOL_NAME                        ; altera_merlin_interconnect_wrapper                              ; --            ; qsys_timer_mm_interconnect_0                    ; --         ;
; IP_TOOL_NAME                        ; altera_merlin_router                                            ; --            ; qsys_timer_mm_interconnect_0_addr_router        ; --         ;
; IP_TOOL_NAME                        ; altera_merlin_router                                            ; --            ; qsys_timer_mm_interconnect_0_addr_router_001    ; --         ;
; IP_TOOL_NAME                        ; altera_merlin_demultiplexer                                     ; --            ; qsys_timer_mm_interconnect_0_cmd_xbar_demux     ; --         ;
; IP_TOOL_NAME                        ; altera_merlin_demultiplexer                                     ; --            ; qsys_timer_mm_interconnect_0_cmd_xbar_demux_001 ; --         ;
; IP_TOOL_NAME                        ; altera_merlin_multiplexer                                       ; --            ; qsys_timer_mm_interconnect_0_cmd_xbar_mux       ; --         ;
; IP_TOOL_NAME                        ; altera_merlin_multiplexer                                       ; --            ; qsys_timer_mm_interconnect_0_cmd_xbar_mux_002   ; --         ;
; IP_TOOL_NAME                        ; altera_merlin_router                                            ; --            ; qsys_timer_mm_interconnect_0_id_router          ; --         ;
; IP_TOOL_NAME                        ; altera_merlin_router                                            ; --            ; qsys_timer_mm_interconnect_0_id_router_002      ; --         ;
; IP_TOOL_NAME                        ; altera_merlin_demultiplexer                                     ; --            ; qsys_timer_mm_interconnect_0_rsp_xbar_demux     ; --         ;
; IP_TOOL_NAME                        ; altera_merlin_demultiplexer                                     ; --            ; qsys_timer_mm_interconnect_0_rsp_xbar_demux_002 ; --         ;
; IP_TOOL_NAME                        ; altera_merlin_multiplexer                                       ; --            ; qsys_timer_mm_interconnect_0_rsp_xbar_mux       ; --         ;
; IP_TOOL_NAME                        ; altera_merlin_multiplexer                                       ; --            ; qsys_timer_mm_interconnect_0_rsp_xbar_mux_001   ; --         ;
; IP_TOOL_NAME                        ; altera_nios2_qsys                                               ; --            ; qsys_timer_nios2_qsys                           ; --         ;
; IP_TOOL_NAME                        ; altera_avalon_onchip_memory2                                    ; --            ; qsys_timer_onchip_ram                           ; --         ;
; IP_TOOL_NAME                        ; altera_avalon_pio                                               ; --            ; qsys_timer_pio_beep                             ; --         ;
; IP_TOOL_NAME                        ; altera_avalon_sysid_qsys                                        ; --            ; qsys_timer_sysid_qsys                           ; --         ;
; IP_TOOL_NAME                        ; altera_avalon_timer                                             ; --            ; qsys_timer_timer                                ; --         ;
; IP_TOOL_VERSION                     ; 13.1                                                            ; --            ; --                                              ; --         ;
; IP_TOOL_VERSION                     ; 13.1                                                            ; --            ; altera_avalon_sc_fifo                           ; --         ;
; IP_TOOL_VERSION                     ; 13.1                                                            ; --            ; altera_merlin_master_agent                      ; --         ;
; IP_TOOL_VERSION                     ; 13.1                                                            ; --            ; altera_merlin_master_translator                 ; --         ;
; IP_TOOL_VERSION                     ; 13.1                                                            ; --            ; altera_merlin_slave_agent                       ; --         ;
; IP_TOOL_VERSION                     ; 13.1                                                            ; --            ; altera_merlin_slave_translator                  ; --         ;
; IP_TOOL_VERSION                     ; 13.1                                                            ; --            ; altera_merlin_traffic_limiter                   ; --         ;
; IP_TOOL_VERSION                     ; 13.1                                                            ; --            ; altera_reset_controller                         ; --         ;
; IP_TOOL_VERSION                     ; 13.1                                                            ; --            ; qsys_timer                                      ; --         ;
; IP_TOOL_VERSION                     ; 13.1                                                            ; --            ; qsys_timer_irq_mapper                           ; --         ;
; IP_TOOL_VERSION                     ; 13.1                                                            ; --            ; qsys_timer_jtag_uart                            ; --         ;
; IP_TOOL_VERSION                     ; 13.1                                                            ; --            ; qsys_timer_mm_interconnect_0                    ; --         ;
; IP_TOOL_VERSION                     ; 13.1                                                            ; --            ; qsys_timer_mm_interconnect_0_addr_router        ; --         ;
; IP_TOOL_VERSION                     ; 13.1                                                            ; --            ; qsys_timer_mm_interconnect_0_addr_router_001    ; --         ;
; IP_TOOL_VERSION                     ; 13.1                                                            ; --            ; qsys_timer_mm_interconnect_0_cmd_xbar_demux     ; --         ;
; IP_TOOL_VERSION                     ; 13.1                                                            ; --            ; qsys_timer_mm_interconnect_0_cmd_xbar_demux_001 ; --         ;
; IP_TOOL_VERSION                     ; 13.1                                                            ; --            ; qsys_timer_mm_interconnect_0_cmd_xbar_mux       ; --         ;
; IP_TOOL_VERSION                     ; 13.1                                                            ; --            ; qsys_timer_mm_interconnect_0_cmd_xbar_mux_002   ; --         ;
; IP_TOOL_VERSION                     ; 13.1                                                            ; --            ; qsys_timer_mm_interconnect_0_id_router          ; --         ;
; IP_TOOL_VERSION                     ; 13.1                                                            ; --            ; qsys_timer_mm_interconnect_0_id_router_002      ; --         ;
; IP_TOOL_VERSION                     ; 13.1                                                            ; --            ; qsys_timer_mm_interconnect_0_rsp_xbar_demux     ; --         ;
; IP_TOOL_VERSION                     ; 13.1                                                            ; --            ; qsys_timer_mm_interconnect_0_rsp_xbar_demux_002 ; --         ;
; IP_TOOL_VERSION                     ; 13.1                                                            ; --            ; qsys_timer_mm_interconnect_0_rsp_xbar_mux       ; --         ;
; IP_TOOL_VERSION                     ; 13.1                                                            ; --            ; qsys_timer_mm_interconnect_0_rsp_xbar_mux_001   ; --         ;
; IP_TOOL_VERSION                     ; 13.1                                                            ; --            ; qsys_timer_nios2_qsys                           ; --         ;
; IP_TOOL_VERSION                     ; 13.1                                                            ; --            ; qsys_timer_onchip_ram                           ; --         ;
; IP_TOOL_VERSION                     ; 13.1                                                            ; --            ; qsys_timer_pio_beep                             ; --         ;
; IP_TOOL_VERSION                     ; 13.1                                                            ; --            ; qsys_timer_sysid_qsys                           ; --         ;
; IP_TOOL_VERSION                     ; 13.1                                                            ; --            ; qsys_timer_timer                                ; --         ;
; MAX_CORE_JUNCTION_TEMP              ; 85                                                              ; --            ; --                                              ; --         ;
; MIN_CORE_JUNCTION_TEMP              ; 0                                                               ; --            ; --                                              ; --         ;
; MISC_FILE                           ; ../qsys/hardware/qsys_timer/synthesis/../../qsys_timer.cmp      ; --            ; --                                              ; --         ;
; MISC_FILE                           ; ../qsys/hardware/qsys_timer/synthesis/../../qsys_timer.qsys     ; --            ; --                                              ; --         ;
; MISC_FILE                           ; ipcore/pll_inst.v                                               ; --            ; --                                              ; --         ;
; MISC_FILE                           ; ipcore/pll_bb.v                                                 ; --            ; --                                              ; --         ;
; MISC_FILE                           ; ipcore/pll.ppf                                                  ; --            ; --                                              ; --         ;
; OUTPUT_IO_TIMING_FAR_END_VMEAS      ; Half Signal Swing                                               ; --            ; --                                              ; --         ;
; OUTPUT_IO_TIMING_FAR_END_VMEAS      ; Half Signal Swing                                               ; --            ; --                                              ; --         ;
; OUTPUT_IO_TIMING_NEAR_END_VMEAS     ; Half Vccio                                                      ; --            ; --                                              ; --         ;
; OUTPUT_IO_TIMING_NEAR_END_VMEAS     ; Half Vccio                                                      ; --            ; --                                              ; --         ;
; PARTITION_COLOR                     ; 16764057                                                        ; --            ; --                                              ; Top        ;
; PARTITION_FITTER_PRESERVATION_LEVEL ; PLACEMENT_AND_ROUTING                                           ; --            ; --                                              ; Top        ;
; PARTITION_NETLIST_TYPE              ; SOURCE                                                          ; --            ; --                                              ; Top        ;
; POWER_BOARD_THERMAL_MODEL           ; None (CONSERVATIVE)                                             ; --            ; --                                              ; --         ;
; POWER_PRESET_COOLING_SOLUTION       ; 23 MM HEAT SINK WITH 200 LFPM AIRFLOW                           ; --            ; --                                              ; --         ;
; PROJECT_OUTPUT_DIRECTORY            ; output_files                                                    ; --            ; --                                              ; --         ;
; SLD_FILE                            ; ../qsys/hardware/qsys_timer/synthesis/qsys_timer.regmap         ; --            ; --                                              ; --         ;
; SLD_FILE                            ; ../qsys/hardware/qsys_timer/synthesis/qsys_timer.debuginfo      ; --            ; --                                              ; --         ;
; SLD_INFO                            ; QSYS_NAME qsys_timer HAS_SOPCINFO 1 GENERATION_ID 1548058212    ; --            ; qsys_timer                                      ; --         ;
; SOPCINFO_FILE                       ; ../qsys/hardware/qsys_timer/synthesis/../../qsys_timer.sopcinfo ; --            ; --                                              ; --         ;
; SYNTHESIS_ONLY_QIP                  ; On                                                              ; --            ; --                                              ; --         ;
+-------------------------------------+-----------------------------------------------------------------+---------------+-------------------------------------------------+------------+


+-------------------------------------------------------------------------------------------------------------------------------+
; Flow Elapsed Time                                                                                                             ;
+---------------------------+--------------+-------------------------+---------------------+------------------------------------+
; Module Name               ; Elapsed Time ; Average Processors Used ; Peak Virtual Memory ; Total CPU Time (on all processors) ;
+---------------------------+--------------+-------------------------+---------------------+------------------------------------+
; Analysis & Synthesis      ; 00:00:21     ; 1.0                     ; 653 MB              ; 00:00:21                           ;
; Fitter                    ; 00:00:21     ; 1.5                     ; 1215 MB             ; 00:00:20                           ;
; Assembler                 ; 00:00:02     ; 1.0                     ; 463 MB              ; 00:00:02                           ;
; TimeQuest Timing Analyzer ; 00:00:04     ; 1.0                     ; 562 MB              ; 00:00:05                           ;
; Total                     ; 00:00:48     ; --                      ; --                  ; 00:00:48                           ;
+---------------------------+--------------+-------------------------+---------------------+------------------------------------+


+----------------------------------------------------------------------------------------+
; Flow OS Summary                                                                        ;
+---------------------------+------------------+-----------+------------+----------------+
; Module Name               ; Machine Hostname ; OS Name   ; OS Version ; Processor type ;
+---------------------------+------------------+-----------+------------+----------------+
; Analysis & Synthesis      ; USER-20180403QA  ; Windows 7 ; 6.1        ; x86_64         ;
; Fitter                    ; USER-20180403QA  ; Windows 7 ; 6.1        ; x86_64         ;
; Assembler                 ; USER-20180403QA  ; Windows 7 ; 6.1        ; x86_64         ;
; TimeQuest Timing Analyzer ; USER-20180403QA  ; Windows 7 ; 6.1        ; x86_64         ;
+---------------------------+------------------+-----------+------------+----------------+


------------
; Flow Log ;
------------
quartus_map --read_settings_files=on --write_settings_files=off top_Timer -c top_Timer
quartus_fit --read_settings_files=off --write_settings_files=off top_Timer -c top_Timer
quartus_asm --read_settings_files=off --write_settings_files=off top_Timer -c top_Timer
quartus_sta top_Timer -c top_Timer



