
**** Build of configuration Nios II for project led ****

make all 
Info: Building D:/work/Pio_led/qsys/software/led_bsp/
make --no-print-directory -C D:/work/Pio_led/qsys/software/led_bsp/
[BSP build complete]
Info: Compiling hello_world.c to obj/default/hello_world.o
nios2-elf-gcc -xc -MP -MMD -c -ID:/work/Pio_led/qsys/software/led_bsp//HAL/inc -ID:/work/Pio_led/qsys/software/led_bsp/ -ID:/work/Pio_led/qsys/software/led_bsp//drivers/inc  -DSYSTEM_BUS_WIDTH=32 -pipe -D__hal__ -DALT_NO_C_PLUS_PLUS -DALT_NO_CLEAN_EXIT -D'exit(a)=_exit(a)' -DALT_NO_INSTRUCTION_EMULATION -DALT_USE_SMALL_DRIVERS -DSMALL_C_LIB -DALT_SINGLE_THREADED    -O0 -g -Wall   -mhw-div -mhw-mul -mno-hw-mulx  -o obj/default/hello_world.o hello_world.c
Info: Linking led.elf
nios2-elf-g++  -T'D:/work/Pio_led/qsys/software/led_bsp//linker.x' -msys-crt0='D:/work/Pio_led/qsys/software/led_bsp//obj/HAL/src/crt0.o' -msys-lib=hal_bsp -LD:/work/Pio_led/qsys/software/led_bsp/  -msmallc  -Wl,-Map=led.map   -O0 -g -Wall   -mhw-div -mhw-mul -mno-hw-mulx  -o led.elf obj/default/hello_world.o -lm 
nios2-elf-insert led.elf --thread_model hal --cpu_name nios2_qsys --qsys true --simulation_enabled false --id 0 --sidp 0x11820 --timestamp 1531920027 --stderr_dev jtag_uart --stdin_dev jtag_uart --stdout_dev jtag_uart --sopc_system_name led --quartus_project_dir "d:/work/Pio_led/qsys/hardware" --sopcinfo D:/work/Pio_led/qsys/hardware/led.sopcinfo
Info: (led.elf) 3940 Bytes program size (code + initialized data).
Info:           16 KBytes free for stack + heap.
Info: Creating led.objdump
nios2-elf-objdump --disassemble --syms --all-header --source led.elf >led.objdump
[led build complete]

**** Build Finished ****

**** Build of configuration Nios II for project led ****

make all 
Info: Building D:/work/Pio_led/qsys/software/led_bsp/
make --no-print-directory -C D:/work/Pio_led/qsys/software/led_bsp/
[BSP build complete]
[led build complete]

**** Build Finished ****

**** Build of configuration Nios II for project led ****

make all 
Info: Building D:/work/Pio_led/qsys/software/led_bsp/
make --no-print-directory -C D:/work/Pio_led/qsys/software/led_bsp/
[BSP build complete]
[led build complete]

**** Build Finished ****

**** Build of configuration Nios II for project led ****

make all 
Info: Building D:/work/Pio_led/qsys/software/led_bsp/
make --no-print-directory -C D:/work/Pio_led/qsys/software/led_bsp/
[BSP build complete]
[led build complete]

**** Build Finished ****

**** Build of configuration Nios II for project led ****

make all 
Info: Building D:/work/Pio_led/qsys/software/led_bsp/
make --no-print-directory -C D:/work/Pio_led/qsys/software/led_bsp/
[BSP build complete]
[led build complete]

**** Build Finished ****

**** Build of configuration Nios II for project led ****

make all 
Info: Building D:/work/Pio_led/qsys/software/led_bsp/
make --no-print-directory -C D:/work/Pio_led/qsys/software/led_bsp/
[BSP build complete]
[led build complete]

**** Build Finished ****

**** Build of configuration Nios II for project led ****

make all 
Info: Building D:/work/Pio_led/qsys/software/led_bsp/
make --no-print-directory -C D:/work/Pio_led/qsys/software/led_bsp/
[BSP build complete]
[led build complete]

**** Build Finished ****

**** Build of configuration Nios II for project led ****

make all 
Info: Building D:/work/Pio_led/qsys/software/led_bsp/
make --no-print-directory -C D:/work/Pio_led/qsys/software/led_bsp/
[BSP build complete]
[led build complete]

**** Build Finished ****

**** Build of configuration Nios II for project led ****

make all 
Info: Building D:/work/Pio_led/qsys/software/led_bsp/
make --no-print-directory -C D:/work/Pio_led/qsys/software/led_bsp/
[BSP build complete]
[led build complete]

**** Build Finished ****
